#
# A fatal error has been detected by the Java Runtime Environment:
#
#  EXCEPTION_ACCESS_VIOLATION (0xc0000005) at pc=0x00007ffab6c9f769, pid=10300, tid=404
#
# JRE version: OpenJDK Runtime Environment JBR-17.0.9+7-1087.9-nomod (17.0.9+7) (build 17.0.9+7-b1087.9)
# Java VM: OpenJDK 64-Bit Server VM JBR-17.0.9+7-1087.9-nomod (17.0.9+7-b1087.9, mixed mode, tiered, compressed oops, compressed class ptrs, g1 gc, windows-amd64)
# Problematic frame:
# V  [jvm.dll+0x30f769]  G1ParScanThreadState::trim_queue_to_threshold+0x3d9
#
# No core dump will be written. Minidumps are not enabled by default on client versions of Windows
#
# If you would like to submit a bug report, please visit:
#   https://youtrack.jetbrains.com/issues/JBR
#

---------------  S U M M A R Y ------------

Command Line: -agentlib:jdwp=transport=dt_socket,address=127.0.0.1:56407,suspend=y,server=n -javaagent:C:\Users\User\AppData\Local\JetBrains\IdeaIC2023.2\captureAgent\debugger-agent.jar -Dfile.encoding=UTF-8 com.sbs.SmartBillingSystem.SmartBillingSystemApplication

Host: Intel(R) Core(TM) i3-3220 CPU @ 3.30GHz, 4 cores, 7G,  Windows 10 , 64 bit Build 19041 (10.0.19041.3636)
Time: Tue Mar 19 23:48:13 2024 India Standard Time elapsed time: 9886.916346 seconds (0d 2h 44m 46s)

---------------  T H R E A D  ---------------

Current thread (0x000001faf619eb30):  GCTaskThread "GC Thread#3" [stack: 0x000000697fc00000,0x000000697fd00000] [id=404]

Stack: [0x000000697fc00000,0x000000697fd00000],  sp=0x000000697fcff720,  free space=1021k
Native frames: (J=compiled Java code, j=interpreted, Vv=VM code, C=native code)
V  [jvm.dll+0x30f769]  G1ParScanThreadState::trim_queue_to_threshold+0x3d9  (g1ParScanThreadState.cpp:296)
V  [jvm.dll+0x30f358]  G1ParScanThreadState::steal_and_trim_queue+0x288  (g1ParScanThreadState.cpp:304)
V  [jvm.dll+0x2e1ba4]  G1ParEvacuateFollowersClosure::do_void+0x1b4  (g1CollectedHeap.cpp:3133)
V  [jvm.dll+0x2e234a]  G1EvacuateRegionsBaseTask::evacuate_live_objects+0x9a  (g1CollectedHeap.cpp:3589)
V  [jvm.dll+0x2e2447]  G1EvacuateRegionsTask::evacuate_live_objects+0x17  (g1CollectedHeap.cpp:3654)
V  [jvm.dll+0x2e7aab]  G1EvacuateRegionsBaseTask::work+0xab  (g1CollectedHeap.cpp:3636)
V  [jvm.dll+0x86f66b]  GangWorker::loop+0x5b  (workgroup.cpp:260)
V  [jvm.dll+0x86f6b6]  GangWorker::run+0x16  (workgroup.cpp:227)
V  [jvm.dll+0x7f043a]  Thread::call_run+0x8a  (thread.cpp:405)
V  [jvm.dll+0x6871c5]  thread_native_entry+0x75  (os_windows.cpp:550)
C  [ucrtbase.dll+0x21bb2]
C  [KERNEL32.DLL+0x17344]
C  [ntdll.dll+0x526b1]


siginfo: EXCEPTION_ACCESS_VIOLATION (0xc0000005), reading address 0x0000000010000000


Registers:
RAX=0x0000000000000000, RBX=0x000000008681fb71, RCX=0x0000000000000014, RDX=0x0000000000000000
RSP=0x000000697fcff720, RBP=0x0000000000001ef5, RSI=0x000000008681fb70, RDI=0x000001fafb8284c0
R8 =0x000000008681fc18, R9 =0x0000000083312bd0, R10=0x0000000010000000, R11=0x0000000000000001
R12=0x0000000000000003, R13=0x000000697fcff880, R14=0x0000000000000000, R15=0x0000000000000000
RIP=0x00007ffab6c9f769, EFLAGS=0x0000000000010246


Register to memory mapping:

RIP=0x00007ffab6c9f769 jvm.dll::G1ParScanThreadState::trim_queue_to_threshold + 0x3d9
RAX=0x0 is NULL
RBX=0x000000008681fb71 is pointing into object: [Ljava.util.concurrent.ConcurrentHashMap$Node; 
{0x000000008681fb08} - klass: 'java/util/concurrent/ConcurrentHashMap$Node'[]
 - length: 32
RCX=0x0000000000000014 is an unknown value
RDX=0x0 is NULL
RSP=0x000000697fcff720 points into unknown readable memory: 0x0000000087b40000 | 00 00 b4 87 00 00 00 00
RBP=0x0000000000001ef5 is an unknown value
RSI=0x000000008681fb70 is pointing into object: [Ljava.util.concurrent.ConcurrentHashMap$Node; 
{0x000000008681fb08} - klass: 'java/util/concurrent/ConcurrentHashMap$Node'[]
 - length: 32
RDI=0x000001fafb8284c0 points into unknown readable memory: 0x00007ffab72f6c38 | 38 6c 2f b7 fa 7f 00 00
R8 =0x000000008681fc18 is an oop: java.util.concurrent.ConcurrentHashMap$Node 
{0x000000008681fc18} - klass: 'java/util/concurrent/ConcurrentHashMap$Node'
 - ---- fields (total size 4 words):
 - final 'hash' 'I' @12  1422388862 (54c7ee7e)
 - final 'key' 'Ljava/lang/Object;' @16  "org.hibernate.type.ParameterType.propertyName"{0x0000000083312bd0} (83312bd0)
 - volatile 'val' 'Ljava/lang/Object;' @20  "name"{0x000000008210adf8} (8210adf8)
 - volatile 'next' 'Ljava/util/concurrent/ConcurrentHashMap$Node;' @24  NULL (0)
R9 =0x0000000083312bd0 is an oop: java.lang.String 
{0x0000000083312bd0} - klass: 'java/lang/String'
 - string: "org.hibernate.type.ParameterType.propertyName"
R10=0x0000000010000000 is an unknown value
R11=0x0000000000000001 is an unknown value
R12=0x0000000000000003 is an unknown value
R13=0x000000697fcff880 points into unknown readable memory: 0x00007ffab72f03d8 | d8 03 2f b7 fa 7f 00 00
R14=0x0 is NULL
R15=0x0 is NULL


Top of Stack: (sp=0x000000697fcff720)
0x000000697fcff720:   0000000087b40000 0000000000000001
0x000000697fcff730:   0000000000000008 0000000000000001
0x000000697fcff740:   000000000000007d 000001fafb8284c0
0x000000697fcff750:   000000697e9fe800 0000000086b5b178
0x000000697fcff760:   000001fad7d1cc20 00007ffab6c9f358
0x000000697fcff770:   000018e300000000 000001fafb8284c0
0x000000697fcff780:   0000000000000008 0000000000000001
0x000000697fcff790:   000000697fcff800 00007ffab6c71ba4
0x000000697fcff7a0:   0000000086b5b179 00007ffab72f45c8
0x000000697fcff7b0:   000000697e9fe800 0000000000000000
0x000000697fcff7c0:   0000000000000004 00007ffab6c94037
0x000000697fcff7d0:   0000000000000000 0000000000000000
0x000000697fcff7e0:   0000006900000000 00007ffab718ebfe
0x000000697fcff7f0:   0000000000000000 0000000000000000
0x000000697fcff800:   000001faf16e37e0 000001faf641b150
0x000000697fcff810:   00000000000003d8 000001faf16e3bc8
0x000000697fcff820:   000000697e9fe800 0000000000000013
0x000000697fcff830:   0000000000000000 00007ffab6c7234a
0x000000697fcff840:   0000000000000003 000001fafb8284c0
0x000000697fcff850:   000001fafb8284c0 0000000000000000
0x000000697fcff860:   00007ffab72f7d00 0000000000000001
0x000000697fcff870:   00000017047b0ca6 00000f83ee595758
0x000000697fcff880:   00007ffab72f03d8 0000000000000000
0x000000697fcff890:   0000000000000000 0000000000000000
0x000000697fcff8a0:   000001fad7d1d620 000001fafb8284c0
0x000000697fcff8b0:   000001fad7d1cc20 000000697e9fe830
0x000000697fcff8c0:   0000000000000013 0000000000000000
0x000000697fcff8d0:   0000000000000000 0000000000000000
0x000000697fcff8e0:   000001faf16e37f0 00007ffab6c72447
0x000000697fcff8f0:   000001fafb8284c0 0000000000000000
0x000000697fcff900:   000001faf1681a20 000000697e9fe800
0x000000697fcff910:   0000000000000015 0000000000000013 

Instructions: (pc=0x00007ffab6c9f769)
0x00007ffab6c9f669:   ff 48 8d 53 fe 48 8b cf e8 6a f4 ff ff e9 35 fd
0x00007ffab6c9f679:   ff ff 0f 1f 44 00 00 48 8b 77 10 8b ae 80 00 00
0x00007ffab6c9f689:   00 8b cd 8b 86 00 01 00 00 2b c8 81 e1 ff ff 01
0x00007ffab6c9f699:   00 41 3b ce 0f 86 e9 02 00 00 ff cd 81 e5 ff ff
0x00007ffab6c9f6a9:   01 00 89 ae 80 00 00 00 e8 2a 9c 36 00 90 8b d5
0x00007ffab6c9f6b9:   8b 86 00 01 00 00 8b cd 48 8b 9e 80 01 00 00 2b
0x00007ffab6c9f6c9:   c8 81 e1 ff ff 01 00 81 f9 ff ff 01 00 48 8b 1c
0x00007ffab6c9f6d9:   eb 41 0f 44 cf 85 c9 75 3d 90 89 6c 24 50 48 8b
0x00007ffab6c9f6e9:   86 00 01 00 00 48 8b c8 48 c1 e9 20 ff c1 89 4c
0x00007ffab6c9f6f9:   24 54 3b e8 0f 85 77 02 00 00 48 c1 e1 20 48 0b
0x00007ffab6c9f709:   ca f0 48 0f b1 8e 00 01 00 00 0f 85 61 02 00 00
0x00007ffab6c9f719:   8b 86 00 01 00 00 f6 c3 01 0f 84 2f 01 00 00 8b
0x00007ffab6c9f729:   0d ca 6b 81 00 48 8d 73 ff 48 8b 47 08 44 8b 16
0x00007ffab6c9f739:   49 d3 e2 4c 03 15 ad 6b 81 00 8b 88 90 05 00 00
0x00007ffab6c9f749:   49 8b d2 48 8b 80 80 05 00 00 48 d3 ea 0f b7 14
0x00007ffab6c9f759:   50 0f b7 c2 66 c1 e8 08 84 c0 0f 88 17 ff ff ff
0x00007ffab6c9f769:   4d 8b 02 41 0f b6 c0 24 03 3c 03 75 1e 44 38 3d
0x00007ffab6c9f779:   e2 30 88 00 74 0f 41 0f b6 c0 24 07 3c 05 75 05
0x00007ffab6c9f789:   4d 8b c7 eb 17 49 83 e0 fc eb 11 4d 8b c8 48 8b
0x00007ffab6c9f799:   cf 4d 8b c2 e8 2e ef ff ff 4c 8b c0 8b 0d 4d 6b
0x00007ffab6c9f7a9:   81 00 49 8b d0 48 2b 15 3b 6b 81 00 48 d3 ea 89
0x00007ffab6c9f7b9:   16 49 8b d0 8b 0d 1d 39 88 00 48 33 d6 48 d3 ea
0x00007ffab6c9f7c9:   48 85 d2 0f 84 ae fe ff ff 48 8b 47 08 48 8b d6
0x00007ffab6c9f7d9:   8b 88 c0 01 00 00 48 8b 80 b0 01 00 00 48 d3 ea
0x00007ffab6c9f7e9:   48 8b 0c d0 8b 81 98 00 00 00 d1 e8 a8 01 0f 85
0x00007ffab6c9f7f9:   83 fe ff ff 48 8b 47 08 8b 88 90 05 00 00 48 8b
0x00007ffab6c9f809:   80 80 05 00 00 49 d3 e8 46 38 3c 40 0f 84 65 fe
0x00007ffab6c9f819:   ff ff 48 8b 47 60 48 c1 ee 09 48 8b 58 40 48 8b
0x00007ffab6c9f829:   48 38 48 03 de 48 2b d9 48 39 9f b0 01 00 00 0f
0x00007ffab6c9f839:   84 42 fe ff ff 48 8d 14 0b 48 8d 4f 18 e8 a5 40
0x00007ffab6c9f849:   00 00 48 89 9f b0 01 00 00 e9 29 fe ff ff f6 c3
0x00007ffab6c9f859:   03 0f 85 09 01 00 00 48 8b 47 08 4c 8b 13 49 8b 


Stack slot to memory mapping:
stack at sp + 0 slots: 0x0000000087b40000 is pointing into object: org.hibernate.annotations.common.reflection.java.generics.TypeUtils$1 
{0x0000000087b3fff8} - klass: 'org/hibernate/annotations/common/reflection/java/generics/TypeUtils$1'
 - ---- fields (total size 2 words):
stack at sp + 1 slots: 0x0000000000000001 is an unknown value
stack at sp + 2 slots: 0x0000000000000008 is an unknown value
stack at sp + 3 slots: 0x0000000000000001 is an unknown value
stack at sp + 4 slots: 0x000000000000007d is an unknown value
stack at sp + 5 slots: 0x000001fafb8284c0 points into unknown readable memory: 0x00007ffab72f6c38 | 38 6c 2f b7 fa 7f 00 00
stack at sp + 6 slots: 0x000000697e9fe800 points into unknown readable memory: 0x00007ffab72f16a0 | a0 16 2f b7 fa 7f 00 00
stack at sp + 7 slots: 0x0000000086b5b178 is pointing into object: org.hibernate.mapping.RootClass 
{0x0000000086b5b0a8} - klass: 'org/hibernate/mapping/RootClass'
 - ---- fields (total size 27 words):
 - private 'batchSize' 'I' @12  -1 (ffffffff)
 - private 'lazy' 'Z' @16  true
 - private 'dynamicInsert' 'Z' @17  false
 - private 'dynamicUpdate' 'Z' @18  false
 - private 'selectBeforeUpdate' 'Z' @19  false
 - private 'hasSubselectLoadableCollections' 'Z' @20  false
 - private 'customInsertCallable' 'Z' @21  false
 - private 'customUpdateCallable' 'Z' @22  false
 - private 'customDeleteCallable' 'Z' @23  false
 - private 'isCached' 'Z' @24  false
 - private final 'metadataBuildingContext' 'Lorg/hibernate/boot/spi/MetadataBuildingContext;' @28  a 'org/hibernate/boot/internal/MetadataBuildingContextRootImpl'{0x0000000086b5b630} (86b5b630)
 - private final 'contributor' 'Ljava/lang/String;' @32  "orm"{0x0000000083312b58} (83312b58)
 - private 'entityName' 'Ljava/lang/String;' @36  "com.sbs.SmartBillingSystem.Entity.Suppiler"{0x00000000828ee288} (828ee288)
 - private 'className' 'Ljava/lang/String;' @40  "com.sbs.SmartBillingSystem.Entity.Suppiler"{0x00000000828ee288} (828ee288)
 - private transient 'mappedClass' 'Ljava/lang/Class;' @44  a 'java/lang/Class'{0x0000000086b5aeb8} = 'com/sbs/SmartBillingSystem/Entity/Suppiler' (86b5aeb8)
 - private 'proxyInterfaceName' 'Ljava/lang/String;' @48  "com.sbs.SmartBillingSystem.Entity.Suppiler"{0x00000000828ee288} (828ee288)
 - private transient 'proxyInterface' 'Ljava/lang/Class;' @52  a 'java/lang/Class'{0x0000000086b5aeb8} = 'com/sbs/SmartBillingSystem/Entity/Suppiler' (86b5aeb8)
 - private 'jpaEntityName' 'Ljava/lang/String;' @56  "Suppiler"{0x00000000869bf608} (869bf608)
 - private 'discriminatorValue' 'Ljava/lang/String;' @60  "Suppiler"{0x00000000869bf608} (869bf608)
 - private final 'properties' 'Ljava/util/List;' @64  a 'java/util/ArrayList'{0x00000000869c6488} (869c6488)
 - private final 'declaredProperties' 'Ljava/util/List;' @68  a 'java/util/ArrayList'{0x00000000869c62b8} (869c62b8)
 - private final 'subclasses' 'Ljava/util/List;' @72  a 'java/util/ArrayList'{0x00000000869c62a0} (869c62a0)
 - private final 'subclassProperties' 'Ljava/util/List;' @76  a 'java/util/ArrayList'{0x00000000869c6288} (869c6288)
 - private final 'subclassTables' 'Ljava/util/List;' @80  a 'java/util/ArrayList'{0x00000000869c6270} (869c6270)
 - private 'metaAttributes' 'Ljava/util/Map;' @84  NULL (0)
 - private final 'joins' 'Ljava/util/List;' @88  a 'java/util/ArrayList'{0x00000000869c6258} (869c6258)
 - private final 'subclassJoins' 'Ljava/util/List;' @92  a 'java/util/ArrayList'{0x00000000869c6240} (869c6240)
 - private final 'filters' 'Ljava/util/List;' @96  a 'java/util/ArrayList'{0x00000000869c6228} (869c6228)
 - protected final 'synchronizedTables' 'Ljava/util/Set;' @100  a 'java/util/HashSet'{0x00000000869c61e8} (869c61e8)
 - private 'loaderName' 'Ljava/lang/String;' @104  NULL (0)
 - private 'isAbstract' 'Ljava/lang/Boolean;' @108  a 'java/lang/Boolean'{0x00000000821bc888} = false (821bc888)
 - private 'identifierMapper' 'Lorg/hibernate/mapping/Component;' @112  NULL (0)
 - private 'callbackDefinitions' 'Ljava/util/List;' @116  NULL (0)
 - private 'customSQLInsert' 'Ljava/lang/String;' @120  NULL (0)
 - private 'insertCheckStyle' 'Lorg/hibernate/engine/spi/ExecuteUpdateResultCheckStyle;' @124  NULL (0)
 - private 'customSQLUpdate' 'Ljava/lang/String;' @128  NULL (0)
 - private 'updateCheckStyle' 'Lorg/hibernate/engine/spi/ExecuteUpdateResultCheckStyle;' @132  NULL (0)
 - private 'customSQLDelete' 'Ljava/lang/String;' @136  NULL (0)
 - private 'deleteCheckStyle' 'Lorg/hibernate/engine/spi/ExecuteUpdateResultCheckStyle;' @140  NULL (0)
 - private 'superMappedSuperclass' 'Lorg/hibernate/mapping/MappedSuperclass;' @144  NULL (0)
 - private 'declaredIdentifierMapper' 'Lorg/hibernate/mapping/Component;' @148  NULL (0)
 - private 'optimisticLockStyle' 'Lorg/hibernate/engine/OptimisticLockStyle;' @152  a 'org/hibernate/engine/OptimisticLockStyle'{0x0000000083312f78} (83312f78)
 - private 'hasNaturalId' 'Ljava/lang/Boolean;' @156  NULL (0)
 - private 'polymorphic' 'Z' @25  false
 - private 'lazyPropertiesCacheable' 'Z' @26  true
 - private 'mutable' 'Z' @27  true
 - private 'nextSubclassId' 'I' @160  0
 - private 'embeddedIdentifier' 'Z' @164  false
 - private 'explicitPolymorphism' 'Z' @165  false
 - private 'forceDiscriminator' 'Z' @166  false
 - private 'discriminatorInsertable' 'Z' @167  true
 - private 'identifierProperty' 'Lorg/hibernate/mapping/Property;' @168  a 'org/hibernate/mapping/Property'{0x0000000086946960} (86946960)
 - private 'identifier' 'Lorg/hibernate/mapping/KeyValue;' @172  a 'org/hibernate/mapping/BasicValue'{0x00000000869469a0} (869469a0)
 - private 'version' 'Lorg/hibernate/mapping/Property;' @176  NULL (0)
 - private 'cacheConcurrencyStrategy' 'Ljava/lang/String;' @180  NULL (0)
 - private 'cacheRegionName' 'Ljava/lang/String;' @184  NULL (0)
 - private 'naturalIdCacheRegionName' 'Ljava/lang/String;' @188  NULL (0)
 - private 'discriminator' 'Lorg/hibernate/mapping/Value;' @192  NULL (0)
 - private 'entityPersisterClass' 'Ljava/lang/Class;' @196  NULL (0)
 - private 'where' 'Ljava/lang/String;' @200  NULL (0)
 - private 'table' 'Lorg/hibernate/mapping/Table;' @204  a 'org/hibernate/mapping/Table'{0x00000000869bed60} (869bed60)
 - private 'declaredIdentifierProperty' 'Lorg/hibernate/mapping/Property;' @208  a 'org/hibernate/mapping/Property'{0x0000000086946960} (86946960)
 - private 'declaredVersion' 'Lorg/hibernate/mapping/Property;' @212  NULL (0)


---------------  P R O C E S S  ---------------

Threads class SMR info:
_java_thread_list=0x000001faf8b3fbd0, length=25, elements={
0x000001faf1663260, 0x000001faf1664880, 0x000001faf152e570, 0x000001faf1687b40,
0x000001faf1688ea0, 0x000001faf168bc70, 0x000001faf1694480, 0x000001faf169a600,
0x000001faf169d420, 0x000001faf14a4d60, 0x000001faf1a3b5f0, 0x000001faf19be050,
0x000001faf19c0c70, 0x000001faf19fe9d0, 0x000001fafa0fa440, 0x000001fafa837090,
0x000001fafa831060, 0x000001fafa3cf8f0, 0x000001fafa3d35b0, 0x000001fafa3d0820,
0x000001fafa3d1750, 0x000001fafa3d3ac0, 0x000001fafb6d1660, 0x000001faf9c4ca50,
0x000001fafb6d34c0
}

Java Threads: ( => current thread )
  0x000001faf1663260 JavaThread "Reference Handler" daemon [_thread_blocked, id=7220, stack(0x000000697ea00000,0x000000697eb00000)]
  0x000001faf1664880 JavaThread "Finalizer" daemon [_thread_blocked, id=6284, stack(0x000000697eb00000,0x000000697ec00000)]
  0x000001faf152e570 JavaThread "Signal Dispatcher" daemon [_thread_blocked, id=9788, stack(0x000000697ec00000,0x000000697ed00000)]
  0x000001faf1687b40 JavaThread "Attach Listener" daemon [_thread_blocked, id=14260, stack(0x000000697ed00000,0x000000697ee00000)]
  0x000001faf1688ea0 JavaThread "Service Thread" daemon [_thread_blocked, id=9360, stack(0x000000697ee00000,0x000000697ef00000)]
  0x000001faf168bc70 JavaThread "Monitor Deflation Thread" daemon [_thread_blocked, id=4548, stack(0x000000697ef00000,0x000000697f000000)]
  0x000001faf1694480 JavaThread "C2 CompilerThread0" daemon [_thread_blocked, id=1076, stack(0x000000697f000000,0x000000697f100000)]
  0x000001faf169a600 JavaThread "C1 CompilerThread0" daemon [_thread_blocked, id=9344, stack(0x000000697f100000,0x000000697f200000)]
  0x000001faf169d420 JavaThread "Sweeper thread" daemon [_thread_blocked, id=3404, stack(0x000000697f200000,0x000000697f300000)]
  0x000001faf14a4d60 JavaThread "Common-Cleaner" daemon [_thread_blocked, id=13864, stack(0x000000697f300000,0x000000697f400000)]
  0x000001faf1a3b5f0 JavaThread "JDWP Transport Listener: dt_socket" daemon [_thread_blocked, id=13888, stack(0x000000697f400000,0x000000697f500000)]
  0x000001faf19be050 JavaThread "JDWP Event Helper Thread" daemon [_thread_blocked, id=5140, stack(0x000000697f500000,0x000000697f600000)]
  0x000001faf19c0c70 JavaThread "JDWP Command Reader" daemon [_thread_in_native, id=10128, stack(0x000000697f600000,0x000000697f700000)]
  0x000001faf19fe9d0 JavaThread "Notification Thread" daemon [_thread_blocked, id=1264, stack(0x000000697f700000,0x000000697f800000)]
  0x000001fafa0fa440 JavaThread "mysql-cj-abandoned-connection-cleanup" daemon [_thread_blocked, id=11964, stack(0x0000006900300000,0x0000006900400000)]
  0x000001fafa837090 JavaThread "Live Reload Server" daemon [_thread_in_native, id=13596, stack(0x0000006900900000,0x0000006900a00000)]
  0x000001fafa831060 JavaThread "DestroyJavaVM" [_thread_blocked, id=4136, stack(0x000000697e300000,0x000000697e400000)]
  0x000001fafa3cf8f0 JavaThread "Thread-83" [_thread_blocked, id=8924, stack(0x0000006900000000,0x0000006900100000)]
  0x000001fafa3d35b0 JavaThread "restartedMain" [_thread_blocked, id=17332, stack(0x0000006900700000,0x0000006900800000)]
  0x000001fafa3d0820 JavaThread "Catalina-utility-1" [_thread_blocked, id=14660, stack(0x0000006900200000,0x0000006900300000)]
  0x000001fafa3d1750 JavaThread "Catalina-utility-2" [_thread_blocked, id=3424, stack(0x0000006900500000,0x0000006900600000)]
  0x000001fafa3d3ac0 JavaThread "container-0" [_thread_blocked, id=13756, stack(0x0000006900600000,0x0000006900700000)]
  0x000001fafb6d1660 JavaThread "HikariPool-22 housekeeper" daemon [_thread_blocked, id=804, stack(0x0000006900800000,0x0000006900900000)]
  0x000001faf9c4ca50 JavaThread "C2 CompilerThread1" daemon [_thread_blocked, id=14704, stack(0x0000006900a00000,0x0000006900b00000)]
  0x000001fafb6d34c0 JavaThread "HikariPool-22 connection adder" daemon [_thread_blocked, id=16780, stack(0x0000006900b00000,0x0000006900c00000)]

Other Threads:
  0x000001faf1519210 VMThread "VM Thread" [stack: 0x000000697e900000,0x000000697ea00000] [id=3052]
  0x000001faf19d5460 WatcherThread [stack: 0x000000697f800000,0x000000697f900000] [id=12004]
  0x000001fad7d20b20 GCTaskThread "GC Thread#0" [stack: 0x000000697e400000,0x000000697e500000] [id=13224]
  0x000001faf6235400 GCTaskThread "GC Thread#1" [stack: 0x000000697fa00000,0x000000697fb00000] [id=9632]
  0x000001faf62356c0 GCTaskThread "GC Thread#2" [stack: 0x000000697fb00000,0x000000697fc00000] [id=14164]
=>0x000001faf619eb30 GCTaskThread "GC Thread#3" [stack: 0x000000697fc00000,0x000000697fd00000] [id=404]
  0x000001fad7d77070 ConcurrentGCThread "G1 Main Marker" [stack: 0x000000697e500000,0x000000697e600000] [id=9876]
  0x000001fad7d78230 ConcurrentGCThread "G1 Conc#0" [stack: 0x000000697e600000,0x000000697e700000] [id=13932]
  0x000001faf13744e0 ConcurrentGCThread "G1 Refine#0" [stack: 0x000000697e700000,0x000000697e800000] [id=3956]
  0x000001fad7dacd40 ConcurrentGCThread "G1 Service" [stack: 0x000000697e800000,0x000000697e900000] [id=860]

Threads with active compile tasks:
C2 CompilerThread0  9887351 22518   !   4       org.springframework.beans.factory.support.DefaultListableBeanFactory::doResolveDependency (534 bytes)
C2 CompilerThread1  9887351 22574       4       net.bytebuddy.description.method.ParameterList$ForTokens::get (101 bytes)

VM state: at safepoint (normal execution)

VM Mutex/Monitor currently owned by a thread:  ([mutex/lock_event])
[0x000001fad7d08380] Threads_lock - owner thread: 0x000001faf1519210
[0x000001fad7d06880] Heap_lock - owner thread: 0x000001fafa3d35b0

Heap address: 0x0000000081a00000, size: 2022 MB, Compressed Oops mode: 32-bit

CDS archive(s) not mapped
Compressed class space mapped at: 0x0000000100000000-0x0000000140000000, reserved size: 1073741824
Narrow klass base: 0x0000000000000000, Narrow klass shift: 3, Narrow klass range: 0x140000000

GC Precious Log:
 CPUs: 4 total, 4 available
 Memory: 8082M
 Large Page Support: Disabled
 NUMA Support: Disabled
 Compressed Oops: Enabled (32-bit)
 Heap Region Size: 1M
 Heap Min Capacity: 8M
 Heap Initial Capacity: 128M
 Heap Max Capacity: 2022M
 Pre-touch: Disabled
 Parallel Workers: 4
 Concurrent Workers: 1
 Concurrent Refinement Workers: 4
 Periodic GC: Disabled

Heap:
 garbage-first heap   total 160768K, used 130280K [0x0000000081a00000, 0x0000000100000000)
  region size 1024K, 79 young (80896K), 5 survivors (5120K)
 Metaspace       used 129679K, committed 130880K, reserved 1179648K
  class space    used 14975K, committed 15552K, reserved 1048576K

Heap Regions: E=young(eden), S=young(survivor), O=old, HS=humongous(starts), HC=humongous(continues), CS=collection set, F=free, OA=open archive, CA=closed archive, TAMS=top-at-mark-start (previous, next)
|   0|0x0000000081a00000, 0x0000000081b00000, 0x0000000081b00000|100%|HS|  |TAMS 0x0000000081b00000, 0x0000000081a00000| Untracked 
|   1|0x0000000081b00000, 0x0000000081c00000, 0x0000000081c00000|100%|HS|  |TAMS 0x0000000081c00000, 0x0000000081b00000| Untracked 
|   2|0x0000000081c00000, 0x0000000081d00000, 0x0000000081d00000|100%| O|  |TAMS 0x0000000081d00000, 0x0000000081c00000| Untracked 
|   3|0x0000000081d00000, 0x0000000081e00000, 0x0000000081e00000|100%| O|  |TAMS 0x0000000081e00000, 0x0000000081d00000| Untracked 
|   4|0x0000000081e00000, 0x0000000081f00000, 0x0000000081f00000|100%| O|  |TAMS 0x0000000081f00000, 0x0000000081e00000| Untracked 
|   5|0x0000000081f00000, 0x0000000082000000, 0x0000000082000000|100%| O|  |TAMS 0x0000000082000000, 0x0000000081f00000| Untracked 
|   6|0x0000000082000000, 0x0000000082100000, 0x0000000082100000|100%| O|  |TAMS 0x0000000082100000, 0x0000000082000000| Untracked 
|   7|0x0000000082100000, 0x00000000821fffa8, 0x0000000082200000| 99%| O|  |TAMS 0x00000000821fffa8, 0x0000000082100000| Untracked 
|   8|0x0000000082200000, 0x0000000082300000, 0x0000000082300000|100%| O|  |TAMS 0x0000000082300000, 0x0000000082200000| Untracked 
|   9|0x0000000082300000, 0x00000000823f93c8, 0x0000000082400000| 97%| O|  |TAMS 0x00000000823f93c8, 0x0000000082300000| Untracked 
|  10|0x0000000082400000, 0x00000000824fffc8, 0x0000000082500000| 99%| O|  |TAMS 0x00000000824fffc8, 0x0000000082400000| Untracked 
|  11|0x0000000082500000, 0x00000000825ffff0, 0x0000000082600000| 99%| O|  |TAMS 0x00000000825ffff0, 0x0000000082500000| Untracked 
|  12|0x0000000082600000, 0x00000000826ffff0, 0x0000000082700000| 99%| O|  |TAMS 0x00000000826ffff0, 0x0000000082600000| Untracked 
|  13|0x0000000082700000, 0x00000000827ffff8, 0x0000000082800000| 99%| O|  |TAMS 0x00000000827ffff8, 0x0000000082700000| Untracked 
|  14|0x0000000082800000, 0x00000000828fffb0, 0x0000000082900000| 99%| O|  |TAMS 0x00000000828fffb0, 0x0000000082800000| Untracked 
|  15|0x0000000082900000, 0x00000000829fe0d0, 0x0000000082a00000| 99%| O|  |TAMS 0x00000000829fe0d0, 0x0000000082900000| Untracked 
|  16|0x0000000082a00000, 0x0000000082b00000, 0x0000000082b00000|100%| O|  |TAMS 0x0000000082b00000, 0x0000000082a00000| Untracked 
|  17|0x0000000082b00000, 0x0000000082bfffe0, 0x0000000082c00000| 99%| O|  |TAMS 0x0000000082bfffe0, 0x0000000082b00000| Untracked 
|  18|0x0000000082c00000, 0x0000000082cfffc8, 0x0000000082d00000| 99%| O|  |TAMS 0x0000000082cfffc8, 0x0000000082c00000| Untracked 
|  19|0x0000000082d00000, 0x0000000082dfeee8, 0x0000000082e00000| 99%| O|  |TAMS 0x0000000082dfeee8, 0x0000000082d00000| Untracked 
|  20|0x0000000082e00000, 0x0000000082effff8, 0x0000000082f00000| 99%| O|  |TAMS 0x0000000082effff8, 0x0000000082e00000| Untracked 
|  21|0x0000000082f00000, 0x0000000082ffffe8, 0x0000000083000000| 99%| O|  |TAMS 0x0000000082ffffe8, 0x0000000082f00000| Untracked 
|  22|0x0000000083000000, 0x00000000830fffc0, 0x0000000083100000| 99%| O|  |TAMS 0x00000000830fffc0, 0x0000000083000000| Untracked 
|  23|0x0000000083100000, 0x00000000831ffff8, 0x0000000083200000| 99%| O|  |TAMS 0x00000000831ffff8, 0x0000000083100000| Untracked 
|  24|0x0000000083200000, 0x00000000832fffc0, 0x0000000083300000| 99%| O|  |TAMS 0x00000000832fffc0, 0x0000000083200000| Untracked 
|  25|0x0000000083300000, 0x0000000083400000, 0x0000000083400000|100%| O|  |TAMS 0x0000000083400000, 0x0000000083300000| Untracked 
|  26|0x0000000083400000, 0x00000000834fffb0, 0x0000000083500000| 99%| O|  |TAMS 0x00000000834fffb0, 0x0000000083400000| Untracked 
|  27|0x0000000083500000, 0x00000000835ffff8, 0x0000000083600000| 99%| O|  |TAMS 0x00000000835ffff8, 0x0000000083500000| Untracked 
|  28|0x0000000083600000, 0x00000000836fffa8, 0x0000000083700000| 99%| O|  |TAMS 0x00000000836fffa8, 0x0000000083600000| Untracked 
|  29|0x0000000083700000, 0x00000000837fffe8, 0x0000000083800000| 99%| O|  |TAMS 0x00000000837fffe8, 0x0000000083700000| Untracked 
|  30|0x0000000083800000, 0x00000000838ffff8, 0x0000000083900000| 99%| O|  |TAMS 0x00000000838ffff8, 0x0000000083800000| Untracked 
|  31|0x0000000083900000, 0x0000000083a00000, 0x0000000083a00000|100%| O|  |TAMS 0x0000000083a00000, 0x0000000083900000| Untracked 
|  32|0x0000000083a00000, 0x0000000083affff0, 0x0000000083b00000| 99%| O|  |TAMS 0x0000000083affff0, 0x0000000083a00000| Untracked 
|  33|0x0000000083b00000, 0x0000000083bfd7d8, 0x0000000083c00000| 99%| O|  |TAMS 0x0000000083bfd7d8, 0x0000000083b00000| Untracked 
|  34|0x0000000083c00000, 0x0000000083cffff0, 0x0000000083d00000| 99%| O|  |TAMS 0x0000000083cffff0, 0x0000000083c00000| Untracked 
|  35|0x0000000083d00000, 0x0000000083dfffc8, 0x0000000083e00000| 99%| O|  |TAMS 0x0000000083dfffc8, 0x0000000083d00000| Untracked 
|  36|0x0000000083e00000, 0x0000000083efffe8, 0x0000000083f00000| 99%| O|  |TAMS 0x0000000083efffe8, 0x0000000083e00000| Untracked 
|  37|0x0000000083f00000, 0x0000000083fffff8, 0x0000000084000000| 99%| O|  |TAMS 0x0000000083fffff8, 0x0000000083f00000| Untracked 
|  38|0x0000000084000000, 0x00000000840fffd0, 0x0000000084100000| 99%| O|  |TAMS 0x00000000840fffd0, 0x0000000084000000| Untracked 
|  39|0x0000000084100000, 0x00000000841fffd0, 0x0000000084200000| 99%| O|  |TAMS 0x00000000841fffd0, 0x0000000084100000| Untracked 
|  40|0x0000000084200000, 0x0000000084300000, 0x0000000084300000|100%| O|  |TAMS 0x0000000084300000, 0x0000000084200000| Untracked 
|  41|0x0000000084300000, 0x00000000843ffff0, 0x0000000084400000| 99%| O|  |TAMS 0x00000000843ffff0, 0x0000000084300000| Untracked 
|  42|0x0000000084400000, 0x00000000844ffff0, 0x0000000084500000| 99%| O|  |TAMS 0x00000000844ffff0, 0x0000000084400000| Untracked 
|  43|0x0000000084500000, 0x00000000845ffff8, 0x0000000084600000| 99%| O|  |TAMS 0x00000000845ffff8, 0x0000000084500000| Untracked 
|  44|0x0000000084600000, 0x00000000846ffff8, 0x0000000084700000| 99%| O|  |TAMS 0x0000000084600000, 0x0000000084600000| Untracked 
|  45|0x0000000084700000, 0x00000000847fffa0, 0x0000000084800000| 99%| O|  |TAMS 0x0000000084700000, 0x0000000084700000| Untracked 
|  46|0x0000000084800000, 0x00000000848ffff0, 0x0000000084900000| 99%| O|  |TAMS 0x0000000084800000, 0x0000000084800000| Untracked 
|  47|0x0000000084900000, 0x00000000849e6ff0, 0x0000000084a00000| 90%| O|  |TAMS 0x0000000084900000, 0x0000000084900000| Untracked 
|  48|0x0000000084a00000, 0x0000000084b00000, 0x0000000084b00000|100%|HS|  |TAMS 0x0000000084a00000, 0x0000000084a00000| Complete 
|  49|0x0000000084b00000, 0x0000000084c00000, 0x0000000084c00000|100%| O|  |TAMS 0x0000000084b00000, 0x0000000084b00000| Untracked 
|  50|0x0000000084c00000, 0x0000000084cffff8, 0x0000000084d00000| 99%| O|  |TAMS 0x0000000084c00000, 0x0000000084c00000| Untracked 
|  51|0x0000000084d00000, 0x0000000084de9e68, 0x0000000084e00000| 91%| O|  |TAMS 0x0000000084d00000, 0x0000000084d00000| Untracked 
|  52|0x0000000084e00000, 0x0000000084e00000, 0x0000000084f00000|  0%| F|  |TAMS 0x0000000084e00000, 0x0000000084e00000| Untracked 
|  53|0x0000000084f00000, 0x0000000084f00000, 0x0000000085000000|  0%| F|  |TAMS 0x0000000084f00000, 0x0000000084f00000| Untracked 
|  54|0x0000000085000000, 0x0000000085000000, 0x0000000085100000|  0%| F|  |TAMS 0x0000000085000000, 0x0000000085000000| Untracked 
|  55|0x0000000085100000, 0x0000000085100000, 0x0000000085200000|  0%| F|  |TAMS 0x0000000085100000, 0x0000000085100000| Untracked 
|  56|0x0000000085200000, 0x0000000085200000, 0x0000000085300000|  0%| F|  |TAMS 0x0000000085200000, 0x0000000085200000| Untracked 
|  57|0x0000000085300000, 0x0000000085300000, 0x0000000085400000|  0%| F|  |TAMS 0x0000000085300000, 0x0000000085300000| Untracked 
|  58|0x0000000085400000, 0x0000000085400000, 0x0000000085500000|  0%| F|  |TAMS 0x0000000085400000, 0x0000000085400000| Untracked 
|  59|0x0000000085500000, 0x0000000085500000, 0x0000000085600000|  0%| F|  |TAMS 0x0000000085500000, 0x0000000085500000| Untracked 
|  60|0x0000000085600000, 0x0000000085600000, 0x0000000085700000|  0%| F|  |TAMS 0x0000000085600000, 0x0000000085600000| Untracked 
|  61|0x0000000085700000, 0x0000000085700000, 0x0000000085800000|  0%| F|  |TAMS 0x0000000085700000, 0x0000000085700000| Untracked 
|  62|0x0000000085800000, 0x0000000085800000, 0x0000000085900000|  0%| F|  |TAMS 0x0000000085800000, 0x0000000085800000| Untracked 
|  63|0x0000000085900000, 0x0000000085900000, 0x0000000085a00000|  0%| F|  |TAMS 0x0000000085900000, 0x0000000085900000| Untracked 
|  64|0x0000000085a00000, 0x0000000085a00000, 0x0000000085b00000|  0%| F|  |TAMS 0x0000000085a00000, 0x0000000085a00000| Untracked 
|  65|0x0000000085b00000, 0x0000000085b00000, 0x0000000085c00000|  0%| F|  |TAMS 0x0000000085b00000, 0x0000000085b00000| Untracked 
|  66|0x0000000085c00000, 0x0000000085c00000, 0x0000000085d00000|  0%| F|  |TAMS 0x0000000085c00000, 0x0000000085c00000| Untracked 
|  67|0x0000000085d00000, 0x0000000085d00000, 0x0000000085e00000|  0%| F|  |TAMS 0x0000000085d00000, 0x0000000085d00000| Untracked 
|  68|0x0000000085e00000, 0x0000000085e00000, 0x0000000085f00000|  0%| F|  |TAMS 0x0000000085e00000, 0x0000000085e00000| Untracked 
|  69|0x0000000085f00000, 0x0000000085f00000, 0x0000000086000000|  0%| F|  |TAMS 0x0000000085f00000, 0x0000000085f00000| Untracked 
|  70|0x0000000086000000, 0x0000000086000000, 0x0000000086100000|  0%| F|  |TAMS 0x0000000086000000, 0x0000000086000000| Untracked 
|  71|0x0000000086100000, 0x0000000086100000, 0x0000000086200000|  0%| F|  |TAMS 0x0000000086100000, 0x0000000086100000| Untracked 
|  72|0x0000000086200000, 0x0000000086275d50, 0x0000000086300000| 46%| O|  |TAMS 0x0000000086200000, 0x0000000086200000| Untracked 
|  73|0x0000000086300000, 0x0000000086300000, 0x0000000086400000|  0%| F|  |TAMS 0x0000000086300000, 0x0000000086300000| Untracked 
|  74|0x0000000086400000, 0x0000000086400000, 0x0000000086500000|  0%| F|  |TAMS 0x0000000086400000, 0x0000000086400000| Untracked 
|  75|0x0000000086500000, 0x0000000086500000, 0x0000000086600000|  0%| F|  |TAMS 0x0000000086500000, 0x0000000086500000| Untracked 
|  76|0x0000000086600000, 0x0000000086600000, 0x0000000086700000|  0%| F|  |TAMS 0x0000000086600000, 0x0000000086600000| Untracked 
|  77|0x0000000086700000, 0x0000000086800000, 0x0000000086800000|100%| S|  |TAMS 0x0000000086700000, 0x0000000086700000| Complete 
|  78|0x0000000086800000, 0x0000000086900000, 0x0000000086900000|100%| S|  |TAMS 0x0000000086800000, 0x0000000086800000| Complete 
|  79|0x0000000086900000, 0x0000000086a00000, 0x0000000086a00000|100%| S|  |TAMS 0x0000000086900000, 0x0000000086900000| Complete 
|  80|0x0000000086a00000, 0x0000000086b00000, 0x0000000086b00000|100%| S|  |TAMS 0x0000000086a00000, 0x0000000086a00000| Complete 
|  81|0x0000000086b00000, 0x0000000086c00000, 0x0000000086c00000|100%| S|  |TAMS 0x0000000086b00000, 0x0000000086b00000| Complete 
|  82|0x0000000086c00000, 0x0000000086d00000, 0x0000000086d00000|100%| E|CS|TAMS 0x0000000086c00000, 0x0000000086c00000| Complete 
|  83|0x0000000086d00000, 0x0000000086e00000, 0x0000000086e00000|100%| E|CS|TAMS 0x0000000086d00000, 0x0000000086d00000| Complete 
|  84|0x0000000086e00000, 0x0000000086f00000, 0x0000000086f00000|100%| E|CS|TAMS 0x0000000086e00000, 0x0000000086e00000| Complete 
|  85|0x0000000086f00000, 0x0000000087000000, 0x0000000087000000|100%| E|CS|TAMS 0x0000000086f00000, 0x0000000086f00000| Complete 
|  86|0x0000000087000000, 0x0000000087100000, 0x0000000087100000|100%| E|CS|TAMS 0x0000000087000000, 0x0000000087000000| Complete 
|  87|0x0000000087100000, 0x0000000087200000, 0x0000000087200000|100%| E|CS|TAMS 0x0000000087100000, 0x0000000087100000| Complete 
|  88|0x0000000087200000, 0x0000000087300000, 0x0000000087300000|100%| E|CS|TAMS 0x0000000087200000, 0x0000000087200000| Complete 
|  89|0x0000000087300000, 0x0000000087400000, 0x0000000087400000|100%| E|CS|TAMS 0x0000000087300000, 0x0000000087300000| Complete 
|  90|0x0000000087400000, 0x0000000087500000, 0x0000000087500000|100%| E|CS|TAMS 0x0000000087400000, 0x0000000087400000| Complete 
|  91|0x0000000087500000, 0x0000000087600000, 0x0000000087600000|100%| E|CS|TAMS 0x0000000087500000, 0x0000000087500000| Complete 
|  92|0x0000000087600000, 0x0000000087700000, 0x0000000087700000|100%| E|CS|TAMS 0x0000000087600000, 0x0000000087600000| Complete 
|  93|0x0000000087700000, 0x0000000087800000, 0x0000000087800000|100%| E|CS|TAMS 0x0000000087700000, 0x0000000087700000| Complete 
|  94|0x0000000087800000, 0x0000000087900000, 0x0000000087900000|100%| E|CS|TAMS 0x0000000087800000, 0x0000000087800000| Complete 
|  95|0x0000000087900000, 0x0000000087a00000, 0x0000000087a00000|100%| E|CS|TAMS 0x0000000087900000, 0x0000000087900000| Complete 
|  96|0x0000000087a00000, 0x0000000087b00000, 0x0000000087b00000|100%| E|CS|TAMS 0x0000000087a00000, 0x0000000087a00000| Complete 
|  97|0x0000000087b00000, 0x0000000087c00000, 0x0000000087c00000|100%| E|CS|TAMS 0x0000000087b00000, 0x0000000087b00000| Complete 
|  98|0x0000000087c00000, 0x0000000087d00000, 0x0000000087d00000|100%| E|CS|TAMS 0x0000000087c00000, 0x0000000087c00000| Complete 
|  99|0x0000000087d00000, 0x0000000087e00000, 0x0000000087e00000|100%| E|CS|TAMS 0x0000000087d00000, 0x0000000087d00000| Complete 
| 100|0x0000000087e00000, 0x0000000087f00000, 0x0000000087f00000|100%| E|CS|TAMS 0x0000000087e00000, 0x0000000087e00000| Complete 
| 101|0x0000000087f00000, 0x0000000088000000, 0x0000000088000000|100%| E|CS|TAMS 0x0000000087f00000, 0x0000000087f00000| Complete 
| 102|0x0000000088000000, 0x0000000088100000, 0x0000000088100000|100%| E|CS|TAMS 0x0000000088000000, 0x0000000088000000| Complete 
| 103|0x0000000088100000, 0x0000000088200000, 0x0000000088200000|100%| E|CS|TAMS 0x0000000088100000, 0x0000000088100000| Complete 
| 104|0x0000000088200000, 0x0000000088300000, 0x0000000088300000|100%| E|CS|TAMS 0x0000000088200000, 0x0000000088200000| Complete 
| 105|0x0000000088300000, 0x0000000088400000, 0x0000000088400000|100%| E|CS|TAMS 0x0000000088300000, 0x0000000088300000| Complete 
| 106|0x0000000088400000, 0x0000000088500000, 0x0000000088500000|100%| E|CS|TAMS 0x0000000088400000, 0x0000000088400000| Complete 
| 107|0x0000000088500000, 0x0000000088600000, 0x0000000088600000|100%| E|CS|TAMS 0x0000000088500000, 0x0000000088500000| Complete 
| 108|0x0000000088600000, 0x0000000088700000, 0x0000000088700000|100%| E|CS|TAMS 0x0000000088600000, 0x0000000088600000| Complete 
| 109|0x0000000088700000, 0x0000000088800000, 0x0000000088800000|100%| E|CS|TAMS 0x0000000088700000, 0x0000000088700000| Complete 
| 110|0x0000000088800000, 0x0000000088900000, 0x0000000088900000|100%| E|CS|TAMS 0x0000000088800000, 0x0000000088800000| Complete 
| 111|0x0000000088900000, 0x0000000088a00000, 0x0000000088a00000|100%| E|CS|TAMS 0x0000000088900000, 0x0000000088900000| Complete 
| 112|0x0000000088a00000, 0x0000000088b00000, 0x0000000088b00000|100%| E|CS|TAMS 0x0000000088a00000, 0x0000000088a00000| Complete 
| 113|0x0000000088b00000, 0x0000000088c00000, 0x0000000088c00000|100%| E|CS|TAMS 0x0000000088b00000, 0x0000000088b00000| Complete 
| 114|0x0000000088c00000, 0x0000000088d00000, 0x0000000088d00000|100%| E|CS|TAMS 0x0000000088c00000, 0x0000000088c00000| Complete 
| 115|0x0000000088d00000, 0x0000000088e00000, 0x0000000088e00000|100%| E|CS|TAMS 0x0000000088d00000, 0x0000000088d00000| Complete 
| 116|0x0000000088e00000, 0x0000000088f00000, 0x0000000088f00000|100%| E|CS|TAMS 0x0000000088e00000, 0x0000000088e00000| Complete 
| 117|0x0000000088f00000, 0x0000000089000000, 0x0000000089000000|100%| E|CS|TAMS 0x0000000088f00000, 0x0000000088f00000| Complete 
| 118|0x0000000089000000, 0x0000000089100000, 0x0000000089100000|100%| E|CS|TAMS 0x0000000089000000, 0x0000000089000000| Complete 
| 119|0x0000000089100000, 0x0000000089200000, 0x0000000089200000|100%| E|CS|TAMS 0x0000000089100000, 0x0000000089100000| Complete 
| 120|0x0000000089200000, 0x0000000089300000, 0x0000000089300000|100%| E|CS|TAMS 0x0000000089200000, 0x0000000089200000| Complete 
| 121|0x0000000089300000, 0x0000000089400000, 0x0000000089400000|100%| E|CS|TAMS 0x0000000089300000, 0x0000000089300000| Complete 
| 122|0x0000000089400000, 0x0000000089500000, 0x0000000089500000|100%| E|CS|TAMS 0x0000000089400000, 0x0000000089400000| Complete 
| 123|0x0000000089500000, 0x0000000089600000, 0x0000000089600000|100%| E|CS|TAMS 0x0000000089500000, 0x0000000089500000| Complete 
| 124|0x0000000089600000, 0x0000000089700000, 0x0000000089700000|100%| E|CS|TAMS 0x0000000089600000, 0x0000000089600000| Complete 
| 125|0x0000000089700000, 0x0000000089800000, 0x0000000089800000|100%| E|CS|TAMS 0x0000000089700000, 0x0000000089700000| Complete 
| 126|0x0000000089800000, 0x0000000089900000, 0x0000000089900000|100%| E|CS|TAMS 0x0000000089800000, 0x0000000089800000| Complete 
| 127|0x0000000089900000, 0x0000000089a00000, 0x0000000089a00000|100%| E|CS|TAMS 0x0000000089900000, 0x0000000089900000| Complete 
| 128|0x0000000089a00000, 0x0000000089b00000, 0x0000000089b00000|100%| E|CS|TAMS 0x0000000089a00000, 0x0000000089a00000| Complete 
| 129|0x0000000089b00000, 0x0000000089c00000, 0x0000000089c00000|100%| E|CS|TAMS 0x0000000089b00000, 0x0000000089b00000| Complete 
| 130|0x0000000089c00000, 0x0000000089d00000, 0x0000000089d00000|100%| E|CS|TAMS 0x0000000089c00000, 0x0000000089c00000| Complete 
| 131|0x0000000089d00000, 0x0000000089e00000, 0x0000000089e00000|100%| E|CS|TAMS 0x0000000089d00000, 0x0000000089d00000| Complete 
| 132|0x0000000089e00000, 0x0000000089f00000, 0x0000000089f00000|100%| E|CS|TAMS 0x0000000089e00000, 0x0000000089e00000| Complete 
| 133|0x0000000089f00000, 0x000000008a000000, 0x000000008a000000|100%| E|CS|TAMS 0x0000000089f00000, 0x0000000089f00000| Complete 
| 134|0x000000008a000000, 0x000000008a100000, 0x000000008a100000|100%| E|CS|TAMS 0x000000008a000000, 0x000000008a000000| Complete 
| 135|0x000000008a100000, 0x000000008a200000, 0x000000008a200000|100%| E|CS|TAMS 0x000000008a100000, 0x000000008a100000| Complete 
| 136|0x000000008a200000, 0x000000008a300000, 0x000000008a300000|100%| E|CS|TAMS 0x000000008a200000, 0x000000008a200000| Complete 
| 137|0x000000008a300000, 0x000000008a400000, 0x000000008a400000|100%| O|  |TAMS 0x000000008a400000, 0x000000008a300000| Untracked 
| 138|0x000000008a400000, 0x000000008a500000, 0x000000008a500000|100%| E|CS|TAMS 0x000000008a400000, 0x000000008a400000| Complete 
| 139|0x000000008a500000, 0x000000008a600000, 0x000000008a600000|100%| E|CS|TAMS 0x000000008a500000, 0x000000008a500000| Complete 
| 140|0x000000008a600000, 0x000000008a700000, 0x000000008a700000|100%| E|CS|TAMS 0x000000008a600000, 0x000000008a600000| Complete 
| 141|0x000000008a700000, 0x000000008a800000, 0x000000008a800000|100%| E|CS|TAMS 0x000000008a700000, 0x000000008a700000| Complete 
| 142|0x000000008a800000, 0x000000008a900000, 0x000000008a900000|100%| E|CS|TAMS 0x000000008a800000, 0x000000008a800000| Complete 
| 143|0x000000008a900000, 0x000000008aa00000, 0x000000008aa00000|100%| E|CS|TAMS 0x000000008a900000, 0x000000008a900000| Complete 
| 144|0x000000008aa00000, 0x000000008ab00000, 0x000000008ab00000|100%| E|CS|TAMS 0x000000008aa00000, 0x000000008aa00000| Complete 
| 145|0x000000008ab00000, 0x000000008ac00000, 0x000000008ac00000|100%| E|CS|TAMS 0x000000008ab00000, 0x000000008ab00000| Complete 
| 146|0x000000008ac00000, 0x000000008ad00000, 0x000000008ad00000|100%| E|CS|TAMS 0x000000008ac00000, 0x000000008ac00000| Complete 
| 147|0x000000008ad00000, 0x000000008ae00000, 0x000000008ae00000|100%| E|CS|TAMS 0x000000008ad00000, 0x000000008ad00000| Complete 
| 148|0x000000008ae00000, 0x000000008af00000, 0x000000008af00000|100%| E|CS|TAMS 0x000000008ae00000, 0x000000008ae00000| Complete 
| 149|0x000000008af00000, 0x000000008b000000, 0x000000008b000000|100%| E|CS|TAMS 0x000000008af00000, 0x000000008af00000| Complete 
| 150|0x000000008b000000, 0x000000008b100000, 0x000000008b100000|100%| E|CS|TAMS 0x000000008b000000, 0x000000008b000000| Complete 
| 151|0x000000008b100000, 0x000000008b200000, 0x000000008b200000|100%| E|CS|TAMS 0x000000008b100000, 0x000000008b100000| Complete 
| 152|0x000000008b200000, 0x000000008b300000, 0x000000008b300000|100%| E|CS|TAMS 0x000000008b200000, 0x000000008b200000| Complete 
| 153|0x000000008b300000, 0x000000008b400000, 0x000000008b400000|100%| E|CS|TAMS 0x000000008b300000, 0x000000008b300000| Complete 
| 154|0x000000008b400000, 0x000000008b500000, 0x000000008b500000|100%| E|CS|TAMS 0x000000008b400000, 0x000000008b400000| Complete 
| 155|0x000000008b500000, 0x000000008b600000, 0x000000008b600000|100%| E|CS|TAMS 0x000000008b500000, 0x000000008b500000| Complete 
| 156|0x000000008b600000, 0x000000008b700000, 0x000000008b700000|100%| E|CS|TAMS 0x000000008b600000, 0x000000008b600000| Complete 

Card table byte_map: [0x000001faea8c0000,0x000001faeacc0000] _byte_map_base: 0x000001faea4b3000

Marking Bits (Prev, Next): (CMBitMap*) 0x000001fad7d66ac0, (CMBitMap*) 0x000001fad7d66a80
 Prev Bits: [0x000001faed060000, 0x000001faeeff8000)
 Next Bits: [0x000001faeb0c0000, 0x000001faed058000)

Polling page: 0x000001fad5cf0000

Metaspace:

Usage:
  Non-class:    112.02 MB used.
      Class:     14.62 MB used.
       Both:    126.64 MB used.

Virtual space:
  Non-class space:      128.00 MB reserved,     112.62 MB ( 88%) committed,  2 nodes.
      Class space:        1.00 GB reserved,      15.19 MB (  1%) committed,  1 nodes.
             Both:        1.12 GB reserved,     127.81 MB ( 11%) committed. 

Chunk freelists:
   Non-Class:  15.11 MB
       Class:  871.00 KB
        Both:  15.96 MB

MaxMetaspaceSize: unlimited
CompressedClassSpaceSize: 1.00 GB
Initial GC threshold: 21.00 MB
Current GC threshold: 212.19 MB
CDS: off
MetaspaceReclaimPolicy: balanced
 - commit_granule_bytes: 65536.
 - commit_granule_words: 8192.
 - virtual_space_node_default_size: 8388608.
 - enlarge_chunks_in_place: 1.
 - new_chunks_are_fully_committed: 0.
 - uncommit_free_chunks: 1.
 - use_allocation_guard: 0.
 - handle_deallocations: 1.


Internal statistics:

num_allocs_failed_limit: 14.
num_arena_births: 2188.
num_arena_deaths: 364.
num_vsnodes_births: 3.
num_vsnodes_deaths: 0.
num_space_committed: 2045.
num_space_uncommitted: 0.
num_chunks_returned_to_freelist: 421.
num_chunks_taken_from_freelist: 7446.
num_chunk_merges: 131.
num_chunk_splits: 4672.
num_chunks_enlarged: 2994.
num_inconsistent_stats: 0.

CodeHeap 'non-profiled nmethods': size=120000Kb used=20439Kb max_used=20439Kb free=99560Kb
 bounds [0x000001fae2f90000, 0x000001fae4390000, 0x000001faea4c0000]
CodeHeap 'profiled nmethods': size=120000Kb used=37682Kb max_used=37682Kb free=82317Kb
 bounds [0x000001fadb4c0000, 0x000001fadd990000, 0x000001fae29f0000]
CodeHeap 'non-nmethods': size=5760Kb used=1523Kb max_used=1609Kb free=4236Kb
 bounds [0x000001fae29f0000, 0x000001fae2c60000, 0x000001fae2f90000]
 total_blobs=18880 nmethods=18065 adapters=725
 compilation: enabled
              stopped_count=0, restarted_count=0
 full_count=0

Compilation events (20 events):
Event: 9885.859 Thread 0x000001faf169a600 22567       3       net.bytebuddy.description.type.TypeList$Generic$OfMethodExceptionTypes::get (20 bytes)
Event: 9885.859 Thread 0x000001faf169a600 nmethod 22567 0x000001fadd989790 code [0x000001fadd989980, 0x000001fadd98a0a8]
Event: 9885.859 Thread 0x000001faf169a600 22568       3       net.bytebuddy.description.type.TypeList$Generic$OfMethodExceptionTypes$TypeProjection::resolve (88 bytes)
Event: 9885.861 Thread 0x000001faf169a600 nmethod 22568 0x000001fadd98a310 code [0x000001fadd98a5e0, 0x000001fadd98b708]
Event: 9885.865 Thread 0x000001faf9c4ca50 nmethod 22557 0x000001fae4381a10 code [0x000001fae4381c00, 0x000001fae4382e18]
Event: 9885.865 Thread 0x000001faf9c4ca50 22558       4       net.bytebuddy.description.method.MethodDescription$TypeSubstituting::getDeclaredAnnotations (10 bytes)
Event: 9885.866 Thread 0x000001faf169a600 22569       3       java.net.InetAddress::validate (21 bytes)
Event: 9885.867 Thread 0x000001faf169a600 nmethod 22569 0x000001fadd98bc90 code [0x000001fadd98be80, 0x000001fadd98c308]
Event: 9885.879 Thread 0x000001faf9c4ca50 nmethod 22558 0x000001fae4383890 code [0x000001fae4383a40, 0x000001fae4383f38]
Event: 9885.879 Thread 0x000001faf9c4ca50 22570       4       net.bytebuddy.dynamic.DynamicType$Builder$AbstractBase::ignoreAlso (13 bytes)
Event: 9885.885 Thread 0x000001faf169a600 22571       3       java.net.SocketImpl::createPlatformSocketImpl (24 bytes)
Event: 9885.885 Thread 0x000001faf169a600 nmethod 22571 0x000001fadd98c510 code [0x000001fadd98c6c0, 0x000001fadd98c868]
Event: 9885.890 Thread 0x000001faf169a600 22572       3       java.nio.charset.CharsetEncoder::replaceWith (89 bytes)
Event: 9885.890 Thread 0x000001faf169a600 nmethod 22572 0x000001fadd98c910 code [0x000001fadd98cb60, 0x000001fadd98d3d8]
Event: 9885.896 Thread 0x000001faf9c4ca50 nmethod 22570 0x000001fae4384290 code [0x000001fae4384440, 0x000001fae4384d08]
Event: 9885.896 Thread 0x000001faf9c4ca50 22559       4       net.bytebuddy.description.method.MethodDescription$TypeSubstituting::getTypeVariables (33 bytes)
Event: 9885.905 Thread 0x000001faf9c4ca50 nmethod 22559 0x000001fae4385190 code [0x000001fae43853a0, 0x000001fae4385970]
Event: 9885.908 Thread 0x000001faf169a600 22573       3       net.bytebuddy.dynamic.scaffold.MethodRegistry$Default$Compiled$Entry::bind (71 bytes)
Event: 9885.909 Thread 0x000001faf9c4ca50 22574       4       net.bytebuddy.description.method.ParameterList$ForTokens::get (101 bytes)
Event: 9885.909 Thread 0x000001faf169a600 nmethod 22573 0x000001fadd98d710 code [0x000001fadd98d8e0, 0x000001fadd98dd58]

GC Heap History (20 events):
Event: 9271.037 GC heap after
{Heap after GC invocations=116 (full 18):
 garbage-first heap   total 160768K, used 56829K [0x0000000081a00000, 0x0000000100000000)
  region size 1024K, 5 young (5120K), 5 survivors (5120K)
 Metaspace       used 125424K, committed 126592K, reserved 1179648K
  class space    used 14677K, committed 15232K, reserved 1048576K
}
Event: 9271.723 GC heap before
{Heap before GC invocations=116 (full 18):
 garbage-first heap   total 160768K, used 130557K [0x0000000081a00000, 0x0000000100000000)
  region size 1024K, 77 young (78848K), 5 survivors (5120K)
 Metaspace       used 125952K, committed 127040K, reserved 1179648K
  class space    used 14705K, committed 15232K, reserved 1048576K
}
Event: 9271.733 GC heap after
{Heap after GC invocations=117 (full 18):
 garbage-first heap   total 160768K, used 59901K [0x0000000081a00000, 0x0000000100000000)
  region size 1024K, 8 young (8192K), 8 survivors (8192K)
 Metaspace       used 125952K, committed 127040K, reserved 1179648K
  class space    used 14705K, committed 15232K, reserved 1048576K
}
Event: 9453.438 GC heap before
{Heap before GC invocations=117 (full 18):
 garbage-first heap   total 160768K, used 130557K [0x0000000081a00000, 0x0000000100000000)
  region size 1024K, 77 young (78848K), 8 survivors (8192K)
 Metaspace       used 126426K, committed 127552K, reserved 1179648K
  class space    used 14739K, committed 15296K, reserved 1048576K
}
Event: 9453.449 GC heap after
{Heap after GC invocations=118 (full 18):
 garbage-first heap   total 160768K, used 61561K [0x0000000081a00000, 0x0000000100000000)
  region size 1024K, 7 young (7168K), 7 survivors (7168K)
 Metaspace       used 126426K, committed 127552K, reserved 1179648K
  class space    used 14739K, committed 15296K, reserved 1048576K
}
Event: 9761.159 GC heap before
{Heap before GC invocations=118 (full 18):
 garbage-first heap   total 160768K, used 126073K [0x0000000081a00000, 0x0000000100000000)
  region size 1024K, 71 young (72704K), 7 survivors (7168K)
 Metaspace       used 126449K, committed 127616K, reserved 1179648K
  class space    used 14740K, committed 15296K, reserved 1048576K
}
Event: 9761.265 GC heap after
{Heap after GC invocations=119 (full 19):
 garbage-first heap   total 160768K, used 52380K [0x0000000081a00000, 0x0000000100000000)
  region size 1024K, 0 young (0K), 0 survivors (0K)
 Metaspace       used 126446K, committed 127616K, reserved 1179648K
  class space    used 14739K, committed 15296K, reserved 1048576K
}
Event: 9762.421 GC heap before
{Heap before GC invocations=119 (full 19):
 garbage-first heap   total 160768K, used 129180K [0x0000000081a00000, 0x0000000100000000)
  region size 1024K, 75 young (76800K), 0 survivors (0K)
 Metaspace       used 126958K, committed 128064K, reserved 1179648K
  class space    used 14789K, committed 15360K, reserved 1048576K
}
Event: 9762.429 GC heap after
{Heap after GC invocations=120 (full 19):
 garbage-first heap   total 160768K, used 57817K [0x0000000081a00000, 0x0000000100000000)
  region size 1024K, 6 young (6144K), 6 survivors (6144K)
 Metaspace       used 126958K, committed 128064K, reserved 1179648K
  class space    used 14789K, committed 15360K, reserved 1048576K
}
Event: 9764.209 GC heap before
{Heap before GC invocations=120 (full 19):
 garbage-first heap   total 160768K, used 129497K [0x0000000081a00000, 0x0000000100000000)
  region size 1024K, 76 young (77824K), 6 survivors (6144K)
 Metaspace       used 127501K, committed 128576K, reserved 1179648K
  class space    used 14818K, committed 15360K, reserved 1048576K
}
Event: 9764.221 GC heap after
{Heap after GC invocations=121 (full 19):
 garbage-first heap   total 160768K, used 60833K [0x0000000081a00000, 0x0000000100000000)
  region size 1024K, 9 young (9216K), 9 survivors (9216K)
 Metaspace       used 127501K, committed 128576K, reserved 1179648K
  class space    used 14818K, committed 15360K, reserved 1048576K
}
Event: 9781.785 GC heap before
{Heap before GC invocations=121 (full 19):
 garbage-first heap   total 160768K, used 84385K [0x0000000081a00000, 0x0000000100000000)
  region size 1024K, 33 young (33792K), 9 survivors (9216K)
 Metaspace       used 127596K, committed 128704K, reserved 1179648K
  class space    used 14824K, committed 15360K, reserved 1048576K
}
Event: 9781.913 GC heap after
{Heap after GC invocations=122 (full 20):
 garbage-first heap   total 160768K, used 49012K [0x0000000081a00000, 0x0000000100000000)
  region size 1024K, 0 young (0K), 0 survivors (0K)
 Metaspace       used 127594K, committed 128704K, reserved 1179648K
  class space    used 14824K, committed 15360K, reserved 1048576K
}
Event: 9782.771 GC heap before
{Heap before GC invocations=122 (full 20):
 garbage-first heap   total 160768K, used 128884K [0x0000000081a00000, 0x0000000100000000)
  region size 1024K, 77 young (78848K), 0 survivors (0K)
 Metaspace       used 128077K, committed 129280K, reserved 1179648K
  class space    used 14873K, committed 15424K, reserved 1048576K
}
Event: 9782.779 GC heap after
{Heap after GC invocations=123 (full 20):
 garbage-first heap   total 160768K, used 54132K [0x0000000081a00000, 0x0000000100000000)
  region size 1024K, 5 young (5120K), 5 survivors (5120K)
 Metaspace       used 128077K, committed 129280K, reserved 1179648K
  class space    used 14873K, committed 15424K, reserved 1048576K
}
Event: 9784.651 GC heap before
{Heap before GC invocations=123 (full 20):
 garbage-first heap   total 160768K, used 128884K [0x0000000081a00000, 0x0000000100000000)
  region size 1024K, 78 young (79872K), 5 survivors (5120K)
 Metaspace       used 128546K, committed 129728K, reserved 1179648K
  class space    used 14899K, committed 15488K, reserved 1048576K
}
Event: 9784.663 GC heap after
{Heap after GC invocations=124 (full 20):
 garbage-first heap   total 160768K, used 57204K [0x0000000081a00000, 0x0000000100000000)
  region size 1024K, 8 young (8192K), 8 survivors (8192K)
 Metaspace       used 128546K, committed 129728K, reserved 1179648K
  class space    used 14899K, committed 15488K, reserved 1048576K
}
Event: 9884.269 GC heap before
{Heap before GC invocations=124 (full 20):
 garbage-first heap   total 160768K, used 111476K [0x0000000081a00000, 0x0000000100000000)
  region size 1024K, 63 young (64512K), 8 survivors (8192K)
 Metaspace       used 129173K, committed 130368K, reserved 1179648K
  class space    used 14927K, committed 15488K, reserved 1048576K
}
Event: 9884.413 GC heap after
{Heap after GC invocations=125 (full 21):
 garbage-first heap   total 160768K, used 53480K [0x0000000081a00000, 0x0000000100000000)
  region size 1024K, 0 young (0K), 0 survivors (0K)
 Metaspace       used 129171K, committed 130368K, reserved 1179648K
  class space    used 14927K, committed 15488K, reserved 1048576K
}
Event: 9885.939 GC heap before
{Heap before GC invocations=125 (full 21):
 garbage-first heap   total 160768K, used 129256K [0x0000000081a00000, 0x0000000100000000)
  region size 1024K, 74 young (75776K), 0 survivors (0K)
 Metaspace       used 129679K, committed 130880K, reserved 1179648K
  class space    used 14975K, committed 15552K, reserved 1048576K
}

Dll operation events (4 events):
Event: 0.248 Loaded shared library C:\Users\User\.jdks\jbrsdk-17.0.9\bin\java.dll
Event: 0.252 Loaded shared library C:\Users\User\.jdks\jbrsdk-17.0.9\bin\zip.dll
Event: 0.298 Loaded shared library C:\Users\User\.jdks\jbrsdk-17.0.9\bin\jsvml.dll
Event: 4.222 Loaded shared library C:\Users\User\.jdks\jbrsdk-17.0.9\bin\verify.dll

Deoptimization events (20 events):
Event: 9885.930 Thread 0x000001fafa3d35b0 DEOPT PACKING pc=0x000001fadc5f2b5c sp=0x00000069007fc8c0
Event: 9885.930 Thread 0x000001fafa3d35b0 DEOPT UNPACKING pc=0x000001fae2a47143 sp=0x00000069007fbee8 mode 1
Event: 9885.930 Thread 0x000001fafa3d35b0 DEOPT PACKING pc=0x000001fadb4dd69c sp=0x00000069007fcab0
Event: 9885.930 Thread 0x000001fafa3d35b0 DEOPT UNPACKING pc=0x000001fae2a47143 sp=0x00000069007fc0e8 mode 1
Event: 9885.930 Thread 0x000001fafa3d35b0 DEOPT PACKING pc=0x000001fadd42b494 sp=0x00000069007fccc0
Event: 9885.930 Thread 0x000001fafa3d35b0 DEOPT UNPACKING pc=0x000001fae2a47143 sp=0x00000069007fc2e0 mode 1
Event: 9885.930 Thread 0x000001fafa3d35b0 DEOPT PACKING pc=0x000001fadbb4e594 sp=0x00000069007fce90
Event: 9885.930 Thread 0x000001fafa3d35b0 DEOPT UNPACKING pc=0x000001fae2a47143 sp=0x00000069007fc360 mode 1
Event: 9885.930 Thread 0x000001fafa3d35b0 DEOPT PACKING pc=0x000001fadd240c34 sp=0x00000069007fcf20
Event: 9885.930 Thread 0x000001fafa3d35b0 DEOPT UNPACKING pc=0x000001fae2a47143 sp=0x00000069007fc570 mode 1
Event: 9885.931 Thread 0x000001fafa3d35b0 DEOPT PACKING pc=0x000001fadc5f2b5c sp=0x00000069007fc8c0
Event: 9885.931 Thread 0x000001fafa3d35b0 DEOPT UNPACKING pc=0x000001fae2a47143 sp=0x00000069007fbee8 mode 1
Event: 9885.931 Thread 0x000001fafa3d35b0 DEOPT PACKING pc=0x000001fadb4dd69c sp=0x00000069007fcab0
Event: 9885.931 Thread 0x000001fafa3d35b0 DEOPT UNPACKING pc=0x000001fae2a47143 sp=0x00000069007fc0e8 mode 1
Event: 9885.931 Thread 0x000001fafa3d35b0 DEOPT PACKING pc=0x000001fadd42b494 sp=0x00000069007fccc0
Event: 9885.931 Thread 0x000001fafa3d35b0 DEOPT UNPACKING pc=0x000001fae2a47143 sp=0x00000069007fc2e0 mode 1
Event: 9885.931 Thread 0x000001fafa3d35b0 DEOPT PACKING pc=0x000001fadbb4e594 sp=0x00000069007fce90
Event: 9885.931 Thread 0x000001fafa3d35b0 DEOPT UNPACKING pc=0x000001fae2a47143 sp=0x00000069007fc360 mode 1
Event: 9885.931 Thread 0x000001fafa3d35b0 DEOPT PACKING pc=0x000001fadd240c34 sp=0x00000069007fcf20
Event: 9885.931 Thread 0x000001fafa3d35b0 DEOPT UNPACKING pc=0x000001fae2a47143 sp=0x00000069007fc570 mode 1

Classes unloaded (20 events):
Event: 9175.206 Thread 0x000001faf1519210 Unloading class 0x0000000100e18800 'jdk/internal/reflect/GeneratedConstructorAccessor171'
Event: 9175.206 Thread 0x000001faf1519210 Unloading class 0x0000000100e20000 'org/apache/catalina/loader/JdbcLeakPrevention'
Event: 9175.206 Thread 0x000001faf1519210 Unloading class 0x0000000100dfd400 'jdk/internal/reflect/GeneratedSerializationConstructorAccessor32'
Event: 9175.206 Thread 0x000001faf1519210 Unloading class 0x0000000100dfcc00 'jdk/internal/reflect/GeneratedSerializationConstructorAccessor31'
Event: 9175.206 Thread 0x000001faf1519210 Unloading class 0x0000000100dfc800 'jdk/internal/reflect/GeneratedSerializationConstructorAccessor30'
Event: 9175.206 Thread 0x000001faf1519210 Unloading class 0x0000000100dfc400 'jdk/internal/reflect/GeneratedSerializationConstructorAccessor29'
Event: 9175.206 Thread 0x000001faf1519210 Unloading class 0x0000000100dfc000 'jdk/internal/reflect/GeneratedSerializationConstructorAccessor28'
Event: 9175.206 Thread 0x000001faf1519210 Unloading class 0x0000000100d50400 'jdk/internal/reflect/GeneratedSerializationConstructorAccessor27'
Event: 9175.206 Thread 0x000001faf1519210 Unloading class 0x0000000100d3b400 'jdk/internal/reflect/GeneratedSerializationConstructorAccessor26'
Event: 9175.206 Thread 0x000001faf1519210 Unloading class 0x0000000100d38c00 'jdk/internal/reflect/GeneratedConstructorAccessor91'
Event: 9175.206 Thread 0x000001faf1519210 Unloading class 0x0000000100d18400 'jdk/internal/reflect/GeneratedSerializationConstructorAccessor25'
Event: 9175.206 Thread 0x000001faf1519210 Unloading class 0x0000000100d0c000 'jdk/internal/reflect/GeneratedConstructorAccessor74'
Event: 9175.206 Thread 0x000001faf1519210 Unloading class 0x0000000100cf8400 'jdk/internal/reflect/GeneratedSerializationConstructorAccessor24'
Event: 9175.206 Thread 0x000001faf1519210 Unloading class 0x0000000100cec400 'jdk/internal/reflect/GeneratedConstructorAccessor69'
Event: 9175.206 Thread 0x000001faf1519210 Unloading class 0x0000000100c8cc00 'jdk/internal/reflect/GeneratedSerializationConstructorAccessor23'
Event: 9204.576 Thread 0x000001faf1519210 Unloading class 0x0000000100e98800 'org/apache/catalina/loader/JdbcLeakPrevention'
Event: 9270.249 Thread 0x000001faf1519210 Unloading class 0x0000000100ea8800 'org/apache/catalina/loader/JdbcLeakPrevention'
Event: 9761.199 Thread 0x000001faf1519210 Unloading class 0x0000000100ec8000 'org/apache/catalina/loader/JdbcLeakPrevention'
Event: 9781.826 Thread 0x000001faf1519210 Unloading class 0x0000000100edd800 'org/apache/catalina/loader/JdbcLeakPrevention'
Event: 9884.313 Thread 0x000001faf1519210 Unloading class 0x0000000100efc800 'org/apache/catalina/loader/JdbcLeakPrevention'

Classes redefined (0 events):
No events

Internal exceptions (20 events):
Event: 9784.332 Thread 0x000001fafb6d5d40 Exception <a 'java/io/FileNotFoundException'{0x0000000087c2eb28}> (0x0000000087c2eb28) 
thrown [s\src\hotspot\share\prims\jni.cpp, line 517]
Event: 9784.333 Thread 0x000001fafb6d5d40 Exception <a 'java/io/FileNotFoundException'{0x0000000087c39968}> (0x0000000087c39968) 
thrown [s\src\hotspot\share\prims\jni.cpp, line 517]
Event: 9820.844 Thread 0x000001fafb6d43f0 Exception <a 'java/io/FileNotFoundException'{0x0000000088fe4e60}> (0x0000000088fe4e60) 
thrown [s\src\hotspot\share\prims\jni.cpp, line 517]
Event: 9820.849 Thread 0x000001fafb6d43f0 Exception <a 'java/io/FileNotFoundException'{0x0000000088e16b80}> (0x0000000088e16b80) 
thrown [s\src\hotspot\share\prims\jni.cpp, line 517]
Event: 9823.272 Thread 0x000001fafb6d43f0 Exception <a 'java/io/FileNotFoundException'{0x0000000088effd28}> (0x0000000088effd28) 
thrown [s\src\hotspot\share\prims\jni.cpp, line 517]
Event: 9823.273 Thread 0x000001fafb6d43f0 Exception <a 'java/io/FileNotFoundException'{0x0000000088d0f110}> (0x0000000088d0f110) 
thrown [s\src\hotspot\share\prims\jni.cpp, line 517]
Event: 9884.231 Thread 0x000001fafa3cf8f0 Exception <a 'java/lang/NoSuchMethodError'{0x0000000088069d70}: static Lcom/sbs/SmartBillingSystem/SecurityConfiguration/CustomUserDetails;.<clinit>()V> (0x0000000088069d70) 
thrown [s\src\hotspot\share\prims\jni.cpp, line 1108]
Event: 9884.255 Thread 0x000001fafb6d2590 Exception <a 'java/lang/InterruptedException'{0x00000000880dac58}: sleep interrupted> (0x00000000880dac58) 
thrown [s\src\hotspot\share\prims\jvm.cpp, line 3067]
Event: 9884.552 Thread 0x000001fafa3d35b0 Exception <a 'sun/nio/fs/WindowsException'{0x000000008b6aa8c8}> (0x000000008b6aa8c8) 
thrown [s\src\hotspot\share\prims\jni.cpp, line 517]
Event: 9885.349 Thread 0x000001fafa3d35b0 Exception <a 'java/lang/NoClassDefFoundError'{0x00000000895c3d28}: org/flywaydb/core/Flyway> (0x00000000895c3d28) 
thrown [s\src\hotspot\share\oops\constantPool.cpp, line 835]
Event: 9885.349 Thread 0x000001fafa3d35b0 Exception <a 'java/lang/NoClassDefFoundError'{0x00000000895c4378}: liquibase/integration/spring/SpringLiquibase> (0x00000000895c4378) 
thrown [s\src\hotspot\share\oops\constantPool.cpp, line 835]
Event: 9885.355 Thread 0x000001fafa3d35b0 Exception <a 'java/lang/NoClassDefFoundError'{0x0000000089438a10}: org/jooq/DSLContext> (0x0000000089438a10) 
thrown [s\src\hotspot\share\oops\constantPool.cpp, line 835]
Event: 9885.356 Thread 0x000001fafa3d35b0 Exception <a 'java/lang/NoClassDefFoundError'{0x000000008944e510}: org/springframework/batch/core/repository/JobRepository> (0x000000008944e510) 
thrown [s\src\hotspot\share\oops\constantPool.cpp, line 835]
Event: 9885.356 Thread 0x000001fafa3d35b0 Exception <a 'java/lang/NoClassDefFoundError'{0x000000008944eb58}: org/quartz/Scheduler> (0x000000008944eb58) 
thrown [s\src\hotspot\share\oops\constantPool.cpp, line 835]
Event: 9885.356 Thread 0x000001fafa3d35b0 Exception <a 'java/lang/NoClassDefFoundError'{0x000000008944f1c8}: org/springframework/session/jdbc/JdbcIndexedSessionRepository> (0x000000008944f1c8) 
thrown [s\src\hotspot\share\oops\constantPool.cpp, line 835]
Event: 9885.500 Thread 0x000001fafa3d35b0 Exception <a 'sun/nio/fs/WindowsException'{0x00000000888fdc08}> (0x00000000888fdc08) 
thrown [s\src\hotspot\share\prims\jni.cpp, line 517]
Event: 9885.501 Thread 0x000001fafa3d35b0 Exception <a 'sun/nio/fs/WindowsException'{0x00000000888fe210}> (0x00000000888fe210) 
thrown [s\src\hotspot\share\prims\jni.cpp, line 517]
Event: 9885.501 Thread 0x000001fafa3d35b0 Exception <a 'sun/nio/fs/WindowsException'{0x00000000888fe8e8}> (0x00000000888fe8e8) 
thrown [s\src\hotspot\share\prims\jni.cpp, line 517]
Event: 9885.541 Thread 0x000001fafa3d35b0 Exception <a 'java/io/FileNotFoundException'{0x0000000088758cc8}> (0x0000000088758cc8) 
thrown [s\src\hotspot\share\prims\jni.cpp, line 517]
Event: 9885.628 Thread 0x000001fafa3d35b0 Exception <a 'java/lang/NoSuchMethodError'{0x00000000883ccb98}: static Lcom/sbs/SmartBillingSystem/SecurityConfiguration/CustomUserDetails;.<clinit>()V> (0x00000000883ccb98) 
thrown [s\src\hotspot\share\prims\jni.cpp, line 1108]

VM Operations (20 events):
Event: 9820.159 Executing VM operation: get/set locals done
Event: 9820.159 Executing VM operation: get/set locals
Event: 9820.159 Executing VM operation: get/set locals done
Event: 9820.159 Executing VM operation: get/set locals
Event: 9820.159 Executing VM operation: get/set locals done
Event: 9821.164 Executing VM operation: Cleanup
Event: 9821.164 Executing VM operation: Cleanup done
Event: 9822.171 Executing VM operation: Cleanup
Event: 9822.171 Executing VM operation: Cleanup done
Event: 9823.175 Executing VM operation: Cleanup
Event: 9823.175 Executing VM operation: Cleanup done
Event: 9826.198 Executing VM operation: Cleanup
Event: 9826.198 Executing VM operation: Cleanup done
Event: 9844.239 Executing VM operation: HandshakeAllThreads
Event: 9844.239 Executing VM operation: HandshakeAllThreads done
Event: 9884.269 Executing VM operation: G1CollectFull
Event: 9884.415 Executing VM operation: G1CollectFull done
Event: 9885.430 Executing VM operation: Cleanup
Event: 9885.431 Executing VM operation: Cleanup done
Event: 9885.938 Executing VM operation: G1CollectForAllocation

Events (20 events):
Event: 9885.709 loading class com/sbs/SmartBillingSystem/Entity/PurchaseOrder
Event: 9885.709 loading class com/sbs/SmartBillingSystem/Entity/PurchaseOrder done
Event: 9885.710 loading class com/sbs/SmartBillingSystem/Entity/Suppiler
Event: 9885.710 loading class com/sbs/SmartBillingSystem/Entity/Suppiler done
Event: 9885.710 loading class com/sbs/SmartBillingSystem/Entity/User
Event: 9885.710 loading class com/sbs/SmartBillingSystem/Entity/User done
Event: 9885.753 loading class org/hibernate/id/enhanced/SequenceStyleGenerator
Event: 9885.753 loading class org/hibernate/id/enhanced/SequenceStyleGenerator done
Event: 9885.753 loading class org/hibernate/id/enhanced/StandardNamingStrategy
Event: 9885.753 loading class org/hibernate/id/enhanced/StandardNamingStrategy done
Event: 9885.758 loading class jakarta/validation/ConstraintViolation
Event: 9885.758 loading class jakarta/validation/ConstraintViolation done
Event: 9885.759 loading class org/hibernate/cfg/beanvalidation/TypeSafeActivator
Event: 9885.759 loading class org/hibernate/cfg/beanvalidation/TypeSafeActivator done
Event: 9885.762 loading class javax/money/MonetaryAmount
Event: 9885.762 loading class javax/money/MonetaryAmount done
Event: 9885.762 loading class org/joda/time/ReadableInstant
Event: 9885.762 loading class org/joda/time/ReadableInstant done
Event: 9885.773 Thread 0x000001faf9c4ca50 Thread added: 0x000001faf9c4ca50
Event: 9885.832 Thread 0x000001fafb6d34c0 Thread added: 0x000001fafb6d34c0


Dynamic libraries:
0x00007ff6f37a0000 - 0x00007ff6f37aa000 	C:\Users\User\.jdks\jbrsdk-17.0.9\bin\java.exe
0x00007ffb099b0000 - 0x00007ffb09ba8000 	C:\WINDOWS\SYSTEM32\ntdll.dll
0x00007ffb07ad0000 - 0x00007ffb07b8d000 	C:\WINDOWS\System32\KERNEL32.DLL
0x00007ffb06fc0000 - 0x00007ffb072b6000 	C:\WINDOWS\System32\KERNELBASE.dll
0x00007ffb06ec0000 - 0x00007ffb06fc0000 	C:\WINDOWS\System32\ucrtbase.dll
0x00007ffadf120000 - 0x00007ffadf13b000 	C:\Users\User\.jdks\jbrsdk-17.0.9\bin\VCRUNTIME140.dll
0x00007ffaef9f0000 - 0x00007ffaefa07000 	C:\Users\User\.jdks\jbrsdk-17.0.9\bin\jli.dll
0x00007ffb07730000 - 0x00007ffb078ce000 	C:\WINDOWS\System32\USER32.dll
0x00007ffb06bf0000 - 0x00007ffb06c12000 	C:\WINDOWS\System32\win32u.dll
0x00007ffb09810000 - 0x00007ffb0983b000 	C:\WINDOWS\System32\GDI32.dll
0x00007ffafa570000 - 0x00007ffafa80a000 	C:\WINDOWS\WinSxS\amd64_microsoft.windows.common-controls_6595b64144ccf1df_6.0.19041.3636_none_60b6a03d71f818d5\COMCTL32.dll
0x00007ffb06a50000 - 0x00007ffb06b67000 	C:\WINDOWS\System32\gdi32full.dll
0x00007ffb08900000 - 0x00007ffb0899e000 	C:\WINDOWS\System32\msvcrt.dll
0x00007ffb06cc0000 - 0x00007ffb06d5d000 	C:\WINDOWS\System32\msvcp_win.dll
0x00007ffb08a30000 - 0x00007ffb08a62000 	C:\WINDOWS\System32\IMM32.DLL
0x00007ffaf1300000 - 0x00007ffaf130c000 	C:\Users\User\.jdks\jbrsdk-17.0.9\bin\vcruntime140_1.dll
0x00007ffad99a0000 - 0x00007ffad9a2d000 	C:\Users\User\.jdks\jbrsdk-17.0.9\bin\msvcp140.dll
0x00007ffab6990000 - 0x00007ffab7612000 	C:\Users\User\.jdks\jbrsdk-17.0.9\bin\server\jvm.dll
0x00007ffb07bb0000 - 0x00007ffb07c60000 	C:\WINDOWS\System32\ADVAPI32.dll
0x00007ffb08040000 - 0x00007ffb080e0000 	C:\WINDOWS\System32\sechost.dll
0x00007ffb078d0000 - 0x00007ffb079f5000 	C:\WINDOWS\System32\RPCRT4.dll
0x00007ffb07580000 - 0x00007ffb075a7000 	C:\WINDOWS\System32\bcrypt.dll
0x00007ffb07d10000 - 0x00007ffb07d19000 	C:\WINDOWS\System32\WSOCK32.dll
0x00007ffb09030000 - 0x00007ffb0909b000 	C:\WINDOWS\System32\WS2_32.dll
0x00007ffb07e20000 - 0x00007ffb07e2a000 	C:\WINDOWS\System32\VERSION.dll
0x00007ffafa370000 - 0x00007ffafa397000 	C:\WINDOWS\SYSTEM32\WINMM.dll
0x00007ffb06930000 - 0x00007ffb0697b000 	C:\WINDOWS\SYSTEM32\POWRPROF.dll
0x00007ffb06910000 - 0x00007ffb06922000 	C:\WINDOWS\SYSTEM32\UMPDC.dll
0x00007ffb04930000 - 0x00007ffb04942000 	C:\WINDOWS\SYSTEM32\kernel.appcore.dll
0x00007ffaef9e0000 - 0x00007ffaef9ea000 	C:\Users\User\.jdks\jbrsdk-17.0.9\bin\jimage.dll
0x00007ffaf0b20000 - 0x00007ffaf0d04000 	C:\WINDOWS\SYSTEM32\DBGHELP.DLL
0x00007ffaf43f0000 - 0x00007ffaf4424000 	C:\WINDOWS\SYSTEM32\dbgcore.DLL
0x00007ffb06c20000 - 0x00007ffb06ca2000 	C:\WINDOWS\System32\bcryptPrimitives.dll
0x00007ffb032c0000 - 0x00007ffb032fb000 	C:\Users\User\.jdks\jbrsdk-17.0.9\bin\jdwp.dll
0x00007ffb03280000 - 0x00007ffb0328e000 	C:\Users\User\.jdks\jbrsdk-17.0.9\bin\instrument.dll
0x00007ffae4aa0000 - 0x00007ffae4ac5000 	C:\Users\User\.jdks\jbrsdk-17.0.9\bin\java.dll
0x00007ffaf2e30000 - 0x00007ffaf2e48000 	C:\Users\User\.jdks\jbrsdk-17.0.9\bin\zip.dll
0x00007ffab7e00000 - 0x00007ffab7ed7000 	C:\Users\User\.jdks\jbrsdk-17.0.9\bin\jsvml.dll
0x00007ffb090a0000 - 0x00007ffb0980b000 	C:\WINDOWS\System32\SHELL32.dll
0x00007ffb04b30000 - 0x00007ffb052ce000 	C:\WINDOWS\SYSTEM32\windows.storage.dll
0x00007ffb08340000 - 0x00007ffb08693000 	C:\WINDOWS\System32\combase.dll
0x00007ffb063b0000 - 0x00007ffb063de000 	C:\WINDOWS\SYSTEM32\Wldp.dll
0x00007ffb080e0000 - 0x00007ffb081ad000 	C:\WINDOWS\System32\OLEAUT32.dll
0x00007ffb08850000 - 0x00007ffb088fd000 	C:\WINDOWS\System32\SHCORE.dll
0x00007ffb082e0000 - 0x00007ffb08335000 	C:\WINDOWS\System32\shlwapi.dll
0x00007ffb06980000 - 0x00007ffb069a5000 	C:\WINDOWS\SYSTEM32\profapi.dll
0x00007ffb02530000 - 0x00007ffb0253c000 	C:\Users\User\.jdks\jbrsdk-17.0.9\bin\dt_socket.dll
0x00007ffb05e10000 - 0x00007ffb05e4b000 	C:\WINDOWS\SYSTEM32\IPHLPAPI.DLL
0x00007ffaf0360000 - 0x00007ffaf0504000 	C:\WINDOWS\system32\mwtsp.dll
0x00007ffb081b0000 - 0x00007ffb082db000 	C:\WINDOWS\System32\ole32.dll
0x00007ffb00b60000 - 0x00007ffb00c6a000 	C:\WINDOWS\SYSTEM32\WINHTTP.dll
0x00007ffb06890000 - 0x00007ffb068c2000 	C:\WINDOWS\SYSTEM32\SspiCli.dll
0x00007ffb06110000 - 0x00007ffb0617a000 	C:\WINDOWS\system32\mswsock.dll
0x00007ffae6750000 - 0x00007ffae6769000 	C:\Users\User\.jdks\jbrsdk-17.0.9\bin\net.dll
0x00007ffadf190000 - 0x00007ffadf1a6000 	C:\Users\User\.jdks\jbrsdk-17.0.9\bin\nio.dll
0x00007ffb02c90000 - 0x00007ffb02c99000 	C:\Users\User\.jdks\jbrsdk-17.0.9\bin\management.dll
0x00007ffb02c80000 - 0x00007ffb02c8b000 	C:\Users\User\.jdks\jbrsdk-17.0.9\bin\management_ext.dll
0x00007ffb09960000 - 0x00007ffb09968000 	C:\WINDOWS\System32\PSAPI.DLL
0x00007ffaebc20000 - 0x00007ffaebc30000 	C:\Users\User\.jdks\jbrsdk-17.0.9\bin\verify.dll
0x00007ffb06300000 - 0x00007ffb06318000 	C:\WINDOWS\SYSTEM32\CRYPTSP.dll
0x00007ffb05a50000 - 0x00007ffb05a84000 	C:\WINDOWS\system32\rsaenh.dll
0x00007ffb068d0000 - 0x00007ffb068fe000 	C:\WINDOWS\SYSTEM32\USERENV.dll
0x00007ffb06320000 - 0x00007ffb0632c000 	C:\WINDOWS\SYSTEM32\CRYPTBASE.dll
0x00007ffb07e40000 - 0x00007ffb07e48000 	C:\WINDOWS\System32\NSI.dll
0x00007ffb01010000 - 0x00007ffb01027000 	C:\WINDOWS\SYSTEM32\dhcpcsvc6.DLL
0x00007ffb01740000 - 0x00007ffb0175d000 	C:\WINDOWS\SYSTEM32\dhcpcsvc.DLL
0x00007ffb05e50000 - 0x00007ffb05f1b000 	C:\WINDOWS\SYSTEM32\DNSAPI.dll
0x00007ffb02b90000 - 0x00007ffb02b9e000 	C:\Users\User\.jdks\jbrsdk-17.0.9\bin\sunmscapi.dll
0x00007ffb06d60000 - 0x00007ffb06ebd000 	C:\WINDOWS\System32\CRYPT32.dll
0x00007ffb06420000 - 0x00007ffb06448000 	C:\WINDOWS\SYSTEM32\ncrypt.dll
0x00007ffb063e0000 - 0x00007ffb0641b000 	C:\WINDOWS\SYSTEM32\NTASN1.dll
0x00007ffafd7f0000 - 0x00007ffafd7fa000 	C:\Windows\System32\rasadhlp.dll
0x00007ffafe840000 - 0x00007ffafe8c0000 	C:\WINDOWS\System32\fwpuclnt.dll
0x00007ffaf83c0000 - 0x00007ffaf83c7000 	C:\WINDOWS\system32\wshunix.dll
0x00007ffacdfe0000 - 0x00007fface17a000 	C:\Users\User\.jdks\jbrsdk-17.0.9\bin\awt.dll
0x00007ffafe590000 - 0x00007ffafe5d4000 	C:\Users\User\.jdks\jbrsdk-17.0.9\bin\nvdaControllerClient64.dll
0x00007ffb04640000 - 0x00007ffb0466f000 	C:\WINDOWS\SYSTEM32\dwmapi.dll
0x00007ffb04330000 - 0x00007ffb043c0000 	C:\WINDOWS\SYSTEM32\apphelp.dll
0x00007ffaee180000 - 0x00007ffaee197000 	C:\WINDOWS\system32\napinsp.dll
0x00007ffaee160000 - 0x00007ffaee17b000 	C:\WINDOWS\system32\pnrpnsp.dll
0x00007ffaf4c00000 - 0x00007ffaf4c15000 	C:\WINDOWS\system32\wshbth.dll
0x00007ffb01f00000 - 0x00007ffb01f1d000 	C:\WINDOWS\system32\NLAapi.dll
0x00007ffaee140000 - 0x00007ffaee152000 	C:\WINDOWS\System32\winrnr.dll

dbghelp: loaded successfully - version: 4.0.5 - missing functions: none
symbol engine: initialized successfully - sym options: 0x614 - pdb path: .;C:\Users\User\.jdks\jbrsdk-17.0.9\bin;C:\WINDOWS\SYSTEM32;C:\WINDOWS\WinSxS\amd64_microsoft.windows.common-controls_6595b64144ccf1df_6.0.19041.3636_none_60b6a03d71f818d5;C:\Users\User\.jdks\jbrsdk-17.0.9\bin\server

VM Arguments:
jvm_args: -agentlib:jdwp=transport=dt_socket,address=127.0.0.1:56407,suspend=y,server=n -javaagent:C:\Users\User\AppData\Local\JetBrains\IdeaIC2023.2\captureAgent\debugger-agent.jar -Dfile.encoding=UTF-8 
java_command: com.sbs.SmartBillingSystem.SmartBillingSystemApplication
java_class_path (initial): D:\Rettalore management system\Retail-Store-Management-System\target\classes;C:\Users\User\.m2\repository\org\springframework\boot\spring-boot-starter-mail\3.0.1\spring-boot-starter-mail-3.0.1.jar;C:\Users\User\.m2\repository\org\springframework\boot\spring-boot-starter\3.0.1\spring-boot-starter-3.0.1.jar;C:\Users\User\.m2\repository\org\springframework\boot\spring-boot-starter-logging\3.0.1\spring-boot-starter-logging-3.0.1.jar;C:\Users\User\.m2\repository\ch\qos\logback\logback-classic\1.4.5\logback-classic-1.4.5.jar;C:\Users\User\.m2\repository\ch\qos\logback\logback-core\1.4.5\logback-core-1.4.5.jar;C:\Users\User\.m2\repository\org\apache\logging\log4j\log4j-to-slf4j\2.19.0\log4j-to-slf4j-2.19.0.jar;C:\Users\User\.m2\repository\org\apache\logging\log4j\log4j-api\2.19.0\log4j-api-2.19.0.jar;C:\Users\User\.m2\repository\org\slf4j\jul-to-slf4j\2.0.6\jul-to-slf4j-2.0.6.jar;C:\Users\User\.m2\repository\jakarta\annotation\jakarta.annotation-api\2.1.1\jakarta.annotation-api-2.1.1.jar;C:\Users\User\.m2\repository\org\yaml\snakeyaml\1.33\snakeyaml-1.33.jar;C:\Users\User\.m2\repository\org\springframework\spring-context-support\6.0.3\spring-context-support-6.0.3.jar;C:\Users\User\.m2\repository\org\springframework\spring-beans\6.0.3\spring-beans-6.0.3.jar;C:\Users\User\.m2\repository\org\springframework\spring-context\6.0.3\spring-context-6.0.3.jar;C:\Users\User\.m2\repository\org\eclipse\angus\jakarta.mail\1.0.0\jakarta.mail-1.0.0.jar;C:\Users\User\.m2\repository\jakarta\activation\jakarta.activation-api\2.1.0\jakarta.activation-api-2.1.0.jar;C:\Users\User\.m2\repository\org\eclipse\angus\angus-activation\1.0.0\angus-activation-1.0.0.jar;C:\Users\User\.m2\repository\com\sun\mail\javax.mail\1.6.2\javax.mail-1.6.2.jar;C:\Users\User\.m2\repository\javax\activation\activation\1.1\activation-1.1.jar;C:\Users\User\.m2\repository\org\springframework\boot\spring-boot-starter-thymeleaf\3.0.1\spring-boot-starter-thymeleaf-3.0.1.jar;C:\Users\User\.m2\re
Launcher Type: SUN_STANDARD

[Global flags]
     intx CICompilerCount                          = 3                                         {product} {ergonomic}
     uint ConcGCThreads                            = 1                                         {product} {ergonomic}
     uint G1ConcRefinementThreads                  = 4                                         {product} {ergonomic}
   size_t G1HeapRegionSize                         = 1048576                                   {product} {ergonomic}
    uintx GCDrainStackTargetSize                   = 64                                        {product} {ergonomic}
   size_t InitialHeapSize                          = 134217728                                 {product} {ergonomic}
   size_t MarkStackSize                            = 4194304                                   {product} {ergonomic}
   size_t MaxHeapSize                              = 2120220672                                {product} {ergonomic}
   size_t MaxNewSize                               = 1271922688                                {product} {ergonomic}
   size_t MinHeapDeltaBytes                        = 1048576                                   {product} {ergonomic}
   size_t MinHeapSize                              = 8388608                                   {product} {ergonomic}
    uintx NonNMethodCodeHeapSize                   = 5832780                                {pd product} {ergonomic}
    uintx NonProfiledCodeHeapSize                  = 122912730                              {pd product} {ergonomic}
    uintx ProfiledCodeHeapSize                     = 122912730                              {pd product} {ergonomic}
    uintx ReservedCodeCacheSize                    = 251658240                              {pd product} {ergonomic}
     bool SegmentedCodeCache                       = true                                      {product} {ergonomic}
   size_t SoftMaxHeapSize                          = 2120220672                             {manageable} {ergonomic}
     bool UseCompressedClassPointers               = true                           {product lp64_product} {ergonomic}
     bool UseCompressedOops                        = true                           {product lp64_product} {ergonomic}
     bool UseG1GC                                  = true                                      {product} {ergonomic}
     bool UseLargePagesIndividualAllocation        = false                                  {pd product} {ergonomic}

Logging:
Log output configuration:
 #0: stdout all=warning uptime,level,tags
 #1: stderr all=off uptime,level,tags

Environment Variables:
JAVA_HOME=C:\Program Files\Java\jdk-15.0.2
CLASSPATH=C:\mysql-connector-java-8.0.29.jar;.;
PATH=C:\WINDOWS\system32;C:\WINDOWS;C:\WINDOWS\system32\Wbem;C:\Program Files\Common Files\Oracle\Java\javapath;C:\Program Files\Java\jdk-15.0.2\bin;C:\Program Files\Git\cmd;C:\ProgramData\Microsoft VS Code\bin;C:\Users\User\AppData\Local\Microsoft\WindowsApps;%IntelliJ IDEA Community Edition%;
USERNAME=User
OS=Windows_NT
PROCESSOR_IDENTIFIER=Intel64 Family 6 Model 58 Stepping 9, GenuineIntel
TMP=C:\Users\User\AppData\Local\Temp
TEMP=C:\Users\User\AppData\Local\Temp



Periodic native trim disabled

JNI global refs:
JNI global refs: 455, weak refs: 20702

JNI global refs memory usage: 9931, weak refs: 209009

OOME stack traces (most recent first):
Classloader memory used:
Loader jdk.internal.loader.ClassLoaders$AppClassLoader                                 : 9316K
Loader bootstrap                                                                       : 3602K
Loader org.springframework.boot.devtools.restart.classloader.RestartClassLoader        : 2930K
Loader jdk.internal.reflect.DelegatingClassLoader                                      : 255K
Loader jdk.internal.loader.ClassLoaders$PlatformClassLoader                            : 103K
Loader org.springframework.boot.web.embedded.tomcat.TomcatEmbeddedWebappClassLoader    : 741B
Loader net.bytebuddy.utility.dispatcher.JavaDispatcher$DynamicClassLoader              : 285B

Classes loaded by more than one classloader:
Class com.sbs.SmartBillingSystem.SmartBillingSystemApplication                        : loaded 23 times (x 69B)
Class com.sbs.SmartBillingSystem.SecurityConfiguration.SecurtyConfig$$SpringCGLIB$$1  : loaded 22 times (x 85B)
Class com.sbs.SmartBillingSystem.SecurityConfiguration.SecurtyConfig$$SpringCGLIB$$2  : loaded 22 times (x 85B)
Class com.sbs.SmartBillingSystem.Services.EmailService                                : loaded 22 times (x 68B)
Class com.sbs.SmartBillingSystem.SecurityConfiguration.SecurtyConfig                  : loaded 22 times (x 71B)
Class com.sbs.SmartBillingSystem.controllers.ctr_master                               : loaded 22 times (x 78B)
Class com.sbs.SmartBillingSystem.SecurityConfiguration.SecurtyConfig$$SpringCGLIB$$0  : loaded 22 times (x 77B)
Class org.springframework.security.config.annotation.web.configuration.WebSecurityConfiguration$$SpringCGLIB$$0: loaded 22 times (x 85B)
Class com.sbs.SmartBillingSystem.Repository.CategoryRepo                              : loaded 22 times (x 68B)
Class com.sbs.SmartBillingSystem.Services.ServiceImpl.EmailServiceImpl                : loaded 22 times (x 74B)
Class com.sbs.SmartBillingSystem.Repository.ProductRepo                               : loaded 22 times (x 68B)
Class com.sbs.SmartBillingSystem.Services.ServiceImpl.DataImportServiceImpl           : loaded 22 times (x 74B)
Class com.sbs.SmartBillingSystem.SmartBillingSystemApplication$$SpringCGLIB$$0        : loaded 22 times (x 75B)
Class com.sbs.SmartBillingSystem.Entity.User                                          : loaded 22 times (x 88B)
Class com.sbs.SmartBillingSystem.controllers.GridRestController                       : loaded 22 times (x 72B)
Class com.sbs.SmartBillingSystem.Repository.UserRepo                                  : loaded 22 times (x 68B)
Class com.sbs.SmartBillingSystem.controllers.ctr                                      : loaded 22 times (x 89B)
Class com.sbs.SmartBillingSystem.Repository.AttendenceRepo                            : loaded 22 times (x 68B)
Class com.sbs.SmartBillingSystem.Entity.Bill                                          : loaded 22 times (x 93B)
Class com.sbs.SmartBillingSystem.Repository.CompanyRepo                               : loaded 22 times (x 68B)
Class com.sbs.SmartBillingSystem.Services.InvoiceService                              : loaded 22 times (x 68B)
Class com.sbs.SmartBillingSystem.SecurityConfiguration.UserDetailsServiceImpl         : loaded 22 times (x 74B)
Class com.sbs.SmartBillingSystem.SecurityConfiguration.MyConfigSetting$$SpringCGLIB$$0: loaded 22 times (x 91B)
Class com.sbs.SmartBillingSystem.SecurityConfiguration.MyConfigSetting$$SpringCGLIB$$1: loaded 22 times (x 85B)
Class com.sbs.SmartBillingSystem.SecurityConfiguration.MyConfigSetting$$SpringCGLIB$$2: loaded 22 times (x 85B)
Class com.sbs.SmartBillingSystem.Entity.Branch                                        : loaded 22 times (x 82B)
Class com.sbs.SmartBillingSystem.Services.ServiceImpl.ReportDataServiceImpl           : loaded 22 times (x 74B)
Class com.sbs.SmartBillingSystem.Entity.Brand                                         : loaded 22 times (x 76B)
Class com.sbs.SmartBillingSystem.Services.ReportDataService                           : loaded 22 times (x 68B)
Class com.sbs.SmartBillingSystem.Entity.Attendence                                    : loaded 22 times (x 78B)
Class com.sbs.SmartBillingSystem.Entity.Designation                                   : loaded 22 times (x 76B)
Class com.sbs.SmartBillingSystem.Entity.PurchaseOrder                                 : loaded 22 times (x 92B)
Class com.sbs.SmartBillingSystem.Entity.BillDetails                                   : loaded 22 times (x 86B)
Class com.sbs.SmartBillingSystem.Repository.PurchaseOrderRepo                         : loaded 22 times (x 68B)
Class com.sbs.SmartBillingSystem.Repository.BillRepo                                  : loaded 22 times (x 68B)
Class com.sbs.SmartBillingSystem.Repository.BillDetailRepo                            : loaded 22 times (x 68B)
Class com.sbs.SmartBillingSystem.Repository.SupplierRepo                              : loaded 22 times (x 68B)
Class com.sbs.SmartBillingSystem.Entity.Customer                                      : loaded 22 times (x 82B)
Class com.sbs.SmartBillingSystem.controllers.GridViewController                       : loaded 22 times (x 75B)
Class com.sbs.SmartBillingSystem.Entity.Suppiler                                      : loaded 22 times (x 84B)
Class com.sbs.SmartBillingSystem.controllers.emailctr                                 : loaded 22 times (x 69B)
Class com.sbs.SmartBillingSystem.Repository.DesignationRepo                           : loaded 22 times (x 68B)
Class com.sbs.SmartBillingSystem.Repository.BranchRepo                                : loaded 22 times (x 68B)
Class com.sbs.SmartBillingSystem.Entity.MonthMaster                                   : loaded 22 times (x 80B)
Class com.sbs.SmartBillingSystem.controllers.restCtr                                  : loaded 22 times (x 69B)
Class com.sbs.SmartBillingSystem.Repository.ChallanRepo                               : loaded 22 times (x 68B)
Class com.sbs.SmartBillingSystem.Helper.InvoiveHelper2                                : loaded 22 times (x 69B)
Class com.sbs.SmartBillingSystem.SecurityConfiguration.MyConfigSetting                : loaded 22 times (x 85B)
Class com.sbs.SmartBillingSystem.Services.ServiceImpl.InvoiceServiceImp               : loaded 22 times (x 82B)
Class com.sbs.SmartBillingSystem.Repository.CustomerRepo                              : loaded 22 times (x 68B)
Class com.sbs.SmartBillingSystem.Helper.EmailHelper                                   : loaded 22 times (x 69B)
Class com.sbs.SmartBillingSystem.Services.DataImportService                           : loaded 22 times (x 68B)
Class com.sbs.SmartBillingSystem.Entity.Category                                      : loaded 22 times (x 76B)
Class com.sbs.SmartBillingSystem.Entity.Challan                                       : loaded 22 times (x 88B)
Class com.sbs.SmartBillingSystem.controllers.ctrService                               : loaded 22 times (x 76B)
Class com.sbs.SmartBillingSystem.Entity.Company                                       : loaded 22 times (x 82B)
Class com.sbs.SmartBillingSystem.Repository.BrandRepo                                 : loaded 22 times (x 68B)
Class com.sbs.SmartBillingSystem.Entity.Product                                       : loaded 22 times (x 109B)
Class com.sbs.SmartBillingSystem.Entity.serializedObject.DesObjChallanProduct         : loaded 21 times (x 74B)
Class com.sbs.SmartBillingSystem.Entity.serializedObject.DesObjBillProduct            : loaded 21 times (x 74B)
Class com.sbs.SmartBillingSystem.SecurityConfiguration.CustomUserDetails              : loaded 14 times (x 86B)
Class org.apache.catalina.loader.JdbcLeakPrevention                                   : loaded 2 times (x 70B)


---------------  S Y S T E M  ---------------

OS:
 Windows 10 , 64 bit Build 19041 (10.0.19041.3636)
OS uptime: 2 days 3:33 hours

CPU: total 4 (initial active 4) (2 cores per cpu, 2 threads per core) family 6 model 58 stepping 9 microcode 0x21, cx8, cmov, fxsr, ht, mmx, sse, sse2, sse3, ssse3, sse4.1, sse4.2, popcnt, tsc, tscinvbit, avx, erms, clmul, vzeroupper, clflush
Processor Information for all 4 processors :
  Max Mhz: 3300, Current Mhz: 3300, Mhz Limit: 3300

Memory: 4k page, system-wide physical 8082M (906M free)
TotalPageFile size 11154M (AvailPageFile size 1649M)
current process WorkingSet (physical memory assigned to process): 485M, peak: 572M
current process commit charge ("private bytes"): 540M, peak: 711M

vm_info: OpenJDK 64-Bit Server VM (17.0.9+7-b1087.9) for windows-amd64 JRE (17.0.9+7-b1087.9), built on 2023-12-05 by "builduser" with MS VC++ 16.10 / 16.11 (VS2019)

END.
