#
# A fatal error has been detected by the Java Runtime Environment:
#
#  EXCEPTION_ACCESS_VIOLATION (0xc0000005) at pc=0x00007ffac3710e60, pid=4132, tid=7336
#
# JRE version: OpenJDK Runtime Environment JBR-17.0.9+7-1087.9-nomod (17.0.9+7) (build 17.0.9+7-b1087.9)
# Java VM: OpenJDK 64-Bit Server VM JBR-17.0.9+7-1087.9-nomod (17.0.9+7-b1087.9, mixed mode, tiered, compressed oops, compressed class ptrs, g1 gc, windows-amd64)
# Problematic frame:
# V  [jvm.dll+0x370e60]  IndexSetIterator::advance_and_next+0x80
#
# No core dump will be written. Minidumps are not enabled by default on client versions of Windows
#
# If you would like to submit a bug report, please visit:
#   https://youtrack.jetbrains.com/issues/JBR
#

---------------  S U M M A R Y ------------

Command Line: -agentlib:jdwp=transport=dt_socket,address=127.0.0.1:52370,suspend=y,server=n -javaagent:C:\Users\User\AppData\Local\JetBrains\IdeaIC2023.2\captureAgent\debugger-agent.jar -Dfile.encoding=UTF-8 com.sbs.SmartBillingSystem.SmartBillingSystemApplication

Host: Intel(R) Core(TM) i3-3220 CPU @ 3.30GHz, 4 cores, 7G,  Windows 10 , 64 bit Build 19041 (10.0.19041.3636)
Time: Mon Mar 18 21:28:10 2024 India Standard Time elapsed time: 464.806237 seconds (0d 0h 7m 44s)

---------------  T H R E A D  ---------------

Current thread (0x00000263ab23e010):  JavaThread "C2 CompilerThread1" daemon [_thread_in_native, id=7336, stack(0x00000090b3d00000,0x00000090b3e00000)]


Current CompileTask:
C2: 464806 9393       4       java.util.function.BiPredicate$$Lambda$112/0x0000000100165e80::test (16 bytes)

Stack: [0x00000090b3d00000,0x00000090b3e00000],  sp=0x00000090b3dfbd50,  free space=1007k
Native frames: (J=compiled Java code, j=interpreted, Vv=VM code, C=native code)
V  [jvm.dll+0x370e60]  IndexSetIterator::advance_and_next+0x80  (indexSet.cpp:427)
V  [jvm.dll+0x36a0b8]  PhaseIFG::Compute_Effective_Degree+0xf8  (ifg.cpp:102)
V  [jvm.dll+0x1be668]  PhaseChaitin::Register_Allocate+0x6c8  (chaitin.cpp:563)
V  [jvm.dll+0x21dbb9]  Compile::Code_Gen+0x3b9  (compile.cpp:2746)
V  [jvm.dll+0x21ce81]  Compile::Compile+0xe61  (compile.cpp:836)
V  [jvm.dll+0x1a66dd]  C2Compiler::compile_method+0xad  (c2compiler.cpp:110)
V  [jvm.dll+0x22cd28]  CompileBroker::invoke_compiler_on_method+0x878  (compileBroker.cpp:2357)
V  [jvm.dll+0x22ae60]  CompileBroker::compiler_thread_loop+0x2d0  (compileBroker.cpp:2015)
V  [jvm.dll+0x7f6087]  JavaThread::run+0x147  (thread.cpp:1299)
V  [jvm.dll+0x7f043a]  Thread::call_run+0x8a  (thread.cpp:405)
V  [jvm.dll+0x6871c5]  thread_native_entry+0x75  (os_windows.cpp:550)
C  [ucrtbase.dll+0x21bb2]
C  [KERNEL32.DLL+0x17344]
C  [ntdll.dll+0x526b1]


siginfo: EXCEPTION_ACCESS_VIOLATION (0xc0000005), reading address 0x00007ff2c3f33158


Registers:
RAX=0x0000000000000000, RBX=0x00000090b3dfbda0, RCX=0x0000000000000000, RDX=0x00007ff2c3f33158
RSP=0x00000090b3dfbd50, RBP=0x00000090b3dfbec0, RSI=0x00007ffac3f33158, RDI=0x000000000000003d
R8 =0x0000000000002000, R9 =0x0000000000000004, R10=0x0000000000000003, R11=0x00000263b4d0d780
R12=0x0000000000000000, R13=0x0000000000000000, R14=0x0000000000001ffd, R15=0x0000000000001ffd
RIP=0x00007ffac3710e60, EFLAGS=0x0000000000010246


Register to memory mapping:

RIP=0x00007ffac3710e60 jvm.dll::IndexSetIterator::advance_and_next + 0x80
RAX=0x0 is NULL
RBX=0x00000090b3dfbda0 is pointing into the stack for thread: 0x00000263ab23e010
RCX=0x0 is NULL
RDX=0x00007ff2c3f33158 is an unknown value
RSP=0x00000090b3dfbd50 is pointing into the stack for thread: 0x00000263ab23e010
RBP=0x00000090b3dfbec0 is pointing into the stack for thread: 0x00000263ab23e010
RSI=0x00007ffac3f33158 jvm.dll::IndexSet::_empty_block + 0x0
RDI=0x000000000000003d is an unknown value
R8 =0x0000000000002000 is an unknown value
R9 =0x0000000000000004 is an unknown value
R10=0x0000000000000003 is an unknown value
R11=0x00000263b4d0d780 points into unknown readable memory: 0x000000000000007f | 7f 00 00 00 00 00 00 00
R12=0x0 is NULL
R13=0x0 is NULL
R14=0x0000000000001ffd is an unknown value
R15=0x0000000000001ffd is an unknown value


Top of Stack: (sp=0x00000090b3dfbd50)
0x00000090b3dfbd50:   000000000000b48e 00007ffac3710fb4
0x00000090b3dfbd60:   00000263a71b32e0 00000263aaefbc00
0x00000090b3dfbd70:   0000000000000024 00007ffac370a0b8
0x00000090b3dfbd80:   0000000000000001 0000000000000021
0x00000090b3dfbd90:   000000000000b48e 000000000000b48e
0x00000090b3dfbda0:   0000000000000000 0000000100002006
0x00000090b3dfbdb0:   0000009e00000021 00007ff2c3f33158
0x00000090b3dfbdc0:   00000263b3760b18 00000263b0141e70
0x00000090b3dfbdd0:   00000000000003d8 00000263a3479b90
0x00000090b3dfbde0:   00000263a3479b80 00000263a3479f68
0x00000090b3dfbdf0:   00000090b3dfbf00 00007ffac355e668
0x00000090b3dfbe00:   00000090b3dfc250 00000090b3dfc330
0x00000090b3dfbe10:   0000000000000000 00000263a3479b80
0x00000090b3dfbe20:   00007ffac3cecf00 0000000000000000
0x00000090b3dfbe30:   0000026300000006 00000263a3479b80
0x00000090b3dfbe40:   00000263b4fe1ee0 00000263b4fe4b90
0x00000090b3dfbe50:   00000263b4fe9ec8 0000000006e53868
0x00000090b3dfbe60:   0000000000000000 0000000000000000
0x00000090b3dfbe70:   00000263a71b32e0 0000000000000000
0x00000090b3dfbe80:   0000000000000001 00007ffac3cde038
0x00000090b3dfbe90:   0000000000000000 00000090b3dfeba0
0x00000090b3dfbea0:   0000000000000000 00007ffac3cde038
0x00000090b3dfbeb0:   000000000001a000 00000263a71b32e0
0x00000090b3dfbec0:   000000000000000c 00000090b3dfeba0
0x00000090b3dfbed0:   00000263b0002050 0000000000009a01
0x00000090b3dfbee0:   00000263b5223050 000000000000b48f
0x00000090b3dfbef0:   00000090b3dfbe30 00000263a3479b90
0x00000090b3dfbf00:   00007ffac3cde008 000000000000000d
0x00000090b3dfbf10:   00000090b3dfeba0 00000090b3dfc250
0x00000090b3dfbf20:   00000000000067fe 00000263a71b32e0
0x00000090b3dfbf30:   00007ffa0000000a 00000090b3dfeba0
0x00000090b3dfbf40:   00000263b1eb7960 0000000000000000 

Instructions: (pc=0x00007ffac3710e60)
0x00007ffac3710d60:   48 8b a8 80 00 00 00 48 8b 8d d0 08 00 00 48 85
0x00007ffac3710d70:   c9 75 0c e8 e8 0b 00 00 48 8b 8d d0 08 00 00 48
0x00007ffac3710d80:   8b 01 0f 57 c0 48 89 85 d0 08 00 00 0f 11 01 0f
0x00007ffac3710d90:   11 41 10 41 0f 10 06 0f 11 01 41 0f 10 4e 10 0f
0x00007ffac3710da0:   11 49 10 48 8b 43 08 48 89 0c 06 ff c7 ba 50 00
0x00007ffac3710db0:   00 00 3b bb 90 00 00 00 0f 82 62 ff ff ff 4c 8b
0x00007ffac3710dc0:   74 24 60 4c 8b 6c 24 58 4c 8b 64 24 50 48 8b c3
0x00007ffac3710dd0:   48 83 c4 20 41 5f 5f 5e 5d 5b c3 cc cc cc cc cc
0x00007ffac3710de0:   40 53 48 83 ec 20 8b 51 0c 48 8b d9 83 fa 04 73
0x00007ffac3710df0:   2a 4c 8b 59 18 66 66 66 0f 1f 84 00 00 00 00 00
0x00007ffac3710e00:   44 8b d2 44 8d 4a 01 4b 83 3c d3 00 0f 85 8f 00
0x00007ffac3710e10:   00 00 41 8b d1 41 83 f9 04 72 e5 48 89 74 24 30
0x00007ffac3710e20:   48 89 7c 24 38 8b 79 10 3b 79 14 73 62 48 8d 35
0x00007ffac3710e30:   24 23 82 00 0f 1f 40 00 0f 1f 84 00 00 00 00 00
0x00007ffac3710e40:   48 8b 43 20 8b cf 48 8b 14 c8 48 3b d6 74 39 33
0x00007ffac3710e50:   c0 48 89 53 18 33 c9 66 0f 1f 84 00 00 00 00 00
0x00007ffac3710e60:   48 83 3c 11 00 44 8d 48 01 75 6f 48 83 c1 08 41
0x00007ffac3710e70:   8b c1 41 83 f9 04 72 e8 48 8b 4b 28 48 85 c9 74
0x00007ffac3710e80:   07 8b d7 e8 58 01 00 00 ff c7 3b 7b 14 72 b1 48
0x00007ffac3710e90:   8b 74 24 30 33 c0 48 8b 7c 24 38 48 83 c4 20 5b
0x00007ffac3710ea0:   c3 8b 41 10 44 8d 04 82 41 c1 e0 06 41 81 c0 00
0x00007ffac3710eb0:   ff ff ff 44 89 41 08 4b 8b 14 d3 48 0f bc c2 44
0x00007ffac3710ec0:   89 49 0c 8b c8 48 d3 ea 48 ff ca 41 03 c0 48 89
0x00007ffac3710ed0:   13 89 43 08 48 83 c4 20 5b c3 48 8b 74 24 30 44
0x00007ffac3710ee0:   8d 04 b8 8b c8 8d 47 01 48 8b 7c 24 38 41 c1 e0
0x00007ffac3710ef0:   06 44 89 43 08 48 8b 14 ca 89 43 10 48 0f bc c2
0x00007ffac3710f00:   44 89 4b 0c 8b c8 48 d3 ea 48 ff ca 41 03 c0 48
0x00007ffac3710f10:   89 13 89 43 08 48 83 c4 20 5b c3 cc cc cc cc cc
0x00007ffac3710f20:   40 53 48 83 ec 20 65 48 8b 04 25 58 00 00 00 8b
0x00007ffac3710f30:   0d c3 0d 87 00 48 8b 1c c8 b8 50 00 00 00 80 3c
0x00007ffac3710f40:   18 00 75 05 e8 cf c6 52 00 b8 20 00 00 00 48 8b
0x00007ffac3710f50:   04 18 48 8b 88 e0 04 00 00 48 8b 99 80 00 00 00 


Stack slot to memory mapping:
stack at sp + 0 slots: 0x000000000000b48e is an unknown value
stack at sp + 1 slots: 0x00007ffac3710fb4 jvm.dll::IndexSet::alloc_block_containing + 0x14
stack at sp + 2 slots: 0x00000263a71b32e0 points into unknown readable memory: 0x0000026300000006 | 06 00 00 00 63 02 00 00
stack at sp + 3 slots: 0x00000263aaefbc00 points into unknown readable memory: 0x00000263aaefbc10 | 10 bc ef aa 63 02 00 00
stack at sp + 4 slots: 0x0000000000000024 is an unknown value
stack at sp + 5 slots: 0x00007ffac370a0b8 jvm.dll::PhaseIFG::Compute_Effective_Degree + 0xf8
stack at sp + 6 slots: 0x0000000000000001 is an unknown value
stack at sp + 7 slots: 0x0000000000000021 is an unknown value


---------------  P R O C E S S  ---------------

Threads class SMR info:
_java_thread_list=0x00000263a4826a20, length=25, elements={
0x000002639dc9ade0, 0x000002639dca8750, 0x000002639dcac890, 0x00000263a2031320,
0x00000263a20341f0, 0x00000263a2034bb0, 0x00000263a2041b00, 0x00000263a20b66b0,
0x00000263a20c3470, 0x000002639dc21c00, 0x00000263a2399100, 0x00000263a239e3a0,
0x00000263a239e8a0, 0x00000263a23a6fb0, 0x00000263a4551810, 0x00000263a454f4a0,
0x00000263a5846650, 0x00000263a5845c30, 0x00000263ab23e010, 0x00000263a5848ed0,
0x00000263a584ad30, 0x00000263a5847a90, 0x00000263a5849e00, 0x00000263a58484b0,
0x00000263a5846140
}

Java Threads: ( => current thread )
  0x000002639dc9ade0 JavaThread "Reference Handler" daemon [_thread_blocked, id=12312, stack(0x00000090b3300000,0x00000090b3400000)]
  0x000002639dca8750 JavaThread "Finalizer" daemon [_thread_blocked, id=4912, stack(0x00000090b3400000,0x00000090b3500000)]
  0x000002639dcac890 JavaThread "Signal Dispatcher" daemon [_thread_blocked, id=5008, stack(0x00000090b3500000,0x00000090b3600000)]
  0x00000263a2031320 JavaThread "Attach Listener" daemon [_thread_blocked, id=7944, stack(0x00000090b3600000,0x00000090b3700000)]
  0x00000263a20341f0 JavaThread "Service Thread" daemon [_thread_blocked, id=8072, stack(0x00000090b3700000,0x00000090b3800000)]
  0x00000263a2034bb0 JavaThread "Monitor Deflation Thread" daemon [_thread_blocked, id=7268, stack(0x00000090b3800000,0x00000090b3900000)]
  0x00000263a2041b00 JavaThread "C2 CompilerThread0" daemon [_thread_in_native, id=7928, stack(0x00000090b3900000,0x00000090b3a00000)]
  0x00000263a20b66b0 JavaThread "C1 CompilerThread0" daemon [_thread_blocked, id=10464, stack(0x00000090b3a00000,0x00000090b3b00000)]
  0x00000263a20c3470 JavaThread "Sweeper thread" daemon [_thread_blocked, id=12208, stack(0x00000090b3b00000,0x00000090b3c00000)]
  0x000002639dc21c00 JavaThread "Common-Cleaner" daemon [_thread_blocked, id=7924, stack(0x00000090b3c00000,0x00000090b3d00000)]
  0x00000263a2399100 JavaThread "JDWP Transport Listener: dt_socket" daemon [_thread_blocked, id=3256, stack(0x00000090b3e00000,0x00000090b3f00000)]
  0x00000263a239e3a0 JavaThread "JDWP Event Helper Thread" daemon [_thread_blocked, id=2220, stack(0x00000090b3f00000,0x00000090b4000000)]
  0x00000263a239e8a0 JavaThread "JDWP Command Reader" daemon [_thread_in_native, id=9264, stack(0x00000090b4000000,0x00000090b4100000)]
  0x00000263a23a6fb0 JavaThread "Notification Thread" daemon [_thread_blocked, id=2432, stack(0x00000090b4100000,0x00000090b4200000)]
  0x00000263a4551810 JavaThread "mysql-cj-abandoned-connection-cleanup" daemon [_thread_blocked, id=1020, stack(0x00000090b4c00000,0x00000090b4d00000)]
  0x00000263a454f4a0 JavaThread "Live Reload Server" daemon [_thread_in_native, id=11460, stack(0x00000090b5100000,0x00000090b5200000)]
  0x00000263a5846650 JavaThread "DestroyJavaVM" [_thread_blocked, id=11936, stack(0x00000090b2c00000,0x00000090b2d00000)]
  0x00000263a5845c30 JavaThread "Thread-5" [_thread_blocked, id=11540, stack(0x00000090b2a00000,0x00000090b2b00000)]
=>0x00000263ab23e010 JavaThread "C2 CompilerThread1" daemon [_thread_in_native, id=7336, stack(0x00000090b3d00000,0x00000090b3e00000)]
  0x00000263a5848ed0 JavaThread "restartedMain" [_thread_in_native, id=11420, stack(0x00000090b4700000,0x00000090b4800000)]
  0x00000263a584ad30 JavaThread "Catalina-utility-1" [_thread_blocked, id=7824, stack(0x00000090b4600000,0x00000090b4700000)]
  0x00000263a5847a90 JavaThread "Catalina-utility-2" [_thread_blocked, id=6924, stack(0x00000090b4800000,0x00000090b4900000)]
  0x00000263a5849e00 JavaThread "container-0" [_thread_blocked, id=3552, stack(0x00000090b4900000,0x00000090b4a00000)]
  0x00000263a58484b0 JavaThread "HikariPool-2 housekeeper" daemon [_thread_blocked, id=12480, stack(0x00000090b4a00000,0x00000090b4b00000)]
  0x00000263a5846140 JavaThread "HikariPool-2 connection adder" daemon [_thread_blocked, id=11884, stack(0x00000090b4b00000,0x00000090b4c00000)]

Other Threads:
  0x000002639dc9fbf0 VMThread "VM Thread" [stack: 0x00000090b3200000,0x00000090b3300000] [id=11868]
  0x00000263a23a7490 WatcherThread [stack: 0x00000090b4200000,0x00000090b4300000] [id=2008]
  0x0000026382577d90 GCTaskThread "GC Thread#0" [stack: 0x00000090b2d00000,0x00000090b2e00000] [id=11076]
  0x00000263a2b78f70 GCTaskThread "GC Thread#1" [stack: 0x00000090b4300000,0x00000090b4400000] [id=13108]
  0x00000263a2dee9d0 GCTaskThread "GC Thread#2" [stack: 0x00000090b4400000,0x00000090b4500000] [id=5132]
  0x00000263a29a2020 GCTaskThread "GC Thread#3" [stack: 0x00000090b4500000,0x00000090b4600000] [id=12628]
  0x00000263825888b0 ConcurrentGCThread "G1 Main Marker" [stack: 0x00000090b2e00000,0x00000090b2f00000] [id=5552]
  0x00000263825892d0 ConcurrentGCThread "G1 Conc#0" [stack: 0x00000090b2f00000,0x00000090b3000000] [id=3284]
  0x000002639daf40e0 ConcurrentGCThread "G1 Refine#0" [stack: 0x00000090b3000000,0x00000090b3100000] [id=724]
  0x000002639daf4b10 ConcurrentGCThread "G1 Service" [stack: 0x00000090b3100000,0x00000090b3200000] [id=8452]

Threads with active compile tasks:
C2 CompilerThread0   465242 10820       4       org.springframework.boot.context.properties.source.SystemEnvironmentPropertyMapper$$Lambda$111/0x0000000100195ae8::test (16 bytes)
C2 CompilerThread1   465243 9393       4       java.util.function.BiPredicate$$Lambda$112/0x0000000100165e80::test (16 bytes)

VM state: not at safepoint (normal execution)

VM Mutex/Monitor currently owned by a thread: None

Heap address: 0x0000000081a00000, size: 2022 MB, Compressed Oops mode: 32-bit

CDS archive(s) not mapped
Compressed class space mapped at: 0x0000000100000000-0x0000000140000000, reserved size: 1073741824
Narrow klass base: 0x0000000000000000, Narrow klass shift: 3, Narrow klass range: 0x140000000

GC Precious Log:
 CPUs: 4 total, 4 available
 Memory: 8082M
 Large Page Support: Disabled
 NUMA Support: Disabled
 Compressed Oops: Enabled (32-bit)
 Heap Region Size: 1M
 Heap Min Capacity: 8M
 Heap Initial Capacity: 128M
 Heap Max Capacity: 2022M
 Pre-touch: Disabled
 Parallel Workers: 4
 Concurrent Workers: 1
 Concurrent Refinement Workers: 4
 Periodic GC: Disabled

Heap:
 garbage-first heap   total 160768K, used 108255K [0x0000000081a00000, 0x0000000100000000)
  region size 1024K, 62 young (63488K), 7 survivors (7168K)
 Metaspace       used 98054K, committed 98624K, reserved 1179648K
  class space    used 12615K, committed 12864K, reserved 1048576K

Heap Regions: E=young(eden), S=young(survivor), O=old, HS=humongous(starts), HC=humongous(continues), CS=collection set, F=free, OA=open archive, CA=closed archive, TAMS=top-at-mark-start (previous, next)
|   0|0x0000000081a00000, 0x0000000081b00000, 0x0000000081b00000|100%|HS|  |TAMS 0x0000000081b00000, 0x0000000081a00000| Complete 
|   1|0x0000000081b00000, 0x0000000081c00000, 0x0000000081c00000|100%|HS|  |TAMS 0x0000000081c00000, 0x0000000081b00000| Complete 
|   2|0x0000000081c00000, 0x0000000081d00000, 0x0000000081d00000|100%| O|  |TAMS 0x0000000081d00000, 0x0000000081c00000| Untracked 
|   3|0x0000000081d00000, 0x0000000081e00000, 0x0000000081e00000|100%| O|  |TAMS 0x0000000081e00000, 0x0000000081d00000| Untracked 
|   4|0x0000000081e00000, 0x0000000081efb3a8, 0x0000000081f00000| 98%| O|  |TAMS 0x0000000081efb3a8, 0x0000000081e00000| Untracked 
|   5|0x0000000081f00000, 0x0000000081ffffa0, 0x0000000082000000| 99%| O|  |TAMS 0x0000000081ffffa0, 0x0000000081f00000| Untracked 
|   6|0x0000000082000000, 0x0000000082100000, 0x0000000082100000|100%| O|  |TAMS 0x0000000082100000, 0x0000000082000000| Untracked 
|   7|0x0000000082100000, 0x0000000082200000, 0x0000000082200000|100%| O|  |TAMS 0x0000000082200000, 0x0000000082100000| Untracked 
|   8|0x0000000082200000, 0x0000000082300000, 0x0000000082300000|100%| O|  |TAMS 0x0000000082300000, 0x0000000082200000| Untracked 
|   9|0x0000000082300000, 0x00000000823ff7a8, 0x0000000082400000| 99%| O|  |TAMS 0x00000000823ff7a8, 0x0000000082300000| Untracked 
|  10|0x0000000082400000, 0x00000000824fffb8, 0x0000000082500000| 99%| O|  |TAMS 0x00000000824fffb8, 0x0000000082400000| Untracked 
|  11|0x0000000082500000, 0x00000000825ffff8, 0x0000000082600000| 99%| O|  |TAMS 0x00000000825ffff8, 0x0000000082500000| Untracked 
|  12|0x0000000082600000, 0x00000000826ffff8, 0x0000000082700000| 99%| O|  |TAMS 0x00000000826ffff8, 0x0000000082600000| Untracked 
|  13|0x0000000082700000, 0x00000000827fffe8, 0x0000000082800000| 99%| O|  |TAMS 0x00000000827fffe8, 0x0000000082700000| Untracked 
|  14|0x0000000082800000, 0x00000000828fffe0, 0x0000000082900000| 99%| O|  |TAMS 0x00000000828fffe0, 0x0000000082800000| Untracked 
|  15|0x0000000082900000, 0x00000000829fffe8, 0x0000000082a00000| 99%| O|  |TAMS 0x00000000829fffe8, 0x0000000082900000| Untracked 
|  16|0x0000000082a00000, 0x0000000082affff8, 0x0000000082b00000| 99%| O|  |TAMS 0x0000000082affff8, 0x0000000082a00000| Untracked 
|  17|0x0000000082b00000, 0x0000000082c00000, 0x0000000082c00000|100%| O|  |TAMS 0x0000000082c00000, 0x0000000082b00000| Untracked 
|  18|0x0000000082c00000, 0x0000000082cffff8, 0x0000000082d00000| 99%| O|  |TAMS 0x0000000082cffff8, 0x0000000082c00000| Untracked 
|  19|0x0000000082d00000, 0x0000000082dffff8, 0x0000000082e00000| 99%| O|  |TAMS 0x0000000082dffff8, 0x0000000082d00000| Untracked 
|  20|0x0000000082e00000, 0x0000000082efca70, 0x0000000082f00000| 98%| O|  |TAMS 0x0000000082efca70, 0x0000000082e00000| Untracked 
|  21|0x0000000082f00000, 0x0000000082ffffe8, 0x0000000083000000| 99%| O|  |TAMS 0x0000000082ffffe8, 0x0000000082f00000| Untracked 
|  22|0x0000000083000000, 0x00000000830ffff0, 0x0000000083100000| 99%| O|  |TAMS 0x00000000830ffff0, 0x0000000083000000| Untracked 
|  23|0x0000000083100000, 0x00000000831fec60, 0x0000000083200000| 99%| O|  |TAMS 0x00000000831fec60, 0x0000000083100000| Untracked 
|  24|0x0000000083200000, 0x0000000083300000, 0x0000000083300000|100%| O|  |TAMS 0x0000000083300000, 0x0000000083200000| Untracked 
|  25|0x0000000083300000, 0x00000000833ffff8, 0x0000000083400000| 99%| O|  |TAMS 0x00000000833ffff8, 0x0000000083300000| Untracked 
|  26|0x0000000083400000, 0x00000000834fe288, 0x0000000083500000| 99%| O|  |TAMS 0x00000000834fe288, 0x0000000083400000| Untracked 
|  27|0x0000000083500000, 0x0000000083600000, 0x0000000083600000|100%| O|  |TAMS 0x0000000083600000, 0x0000000083500000| Untracked 
|  28|0x0000000083600000, 0x0000000083700000, 0x0000000083700000|100%| O|  |TAMS 0x0000000083700000, 0x0000000083600000| Untracked 
|  29|0x0000000083700000, 0x0000000083800000, 0x0000000083800000|100%| O|  |TAMS 0x0000000083800000, 0x0000000083700000| Untracked 
|  30|0x0000000083800000, 0x00000000838ffff0, 0x0000000083900000| 99%| O|  |TAMS 0x00000000838ffff0, 0x0000000083800000| Untracked 
|  31|0x0000000083900000, 0x00000000839ffff0, 0x0000000083a00000| 99%| O|  |TAMS 0x00000000839ffff0, 0x0000000083900000| Untracked 
|  32|0x0000000083a00000, 0x0000000083b00000, 0x0000000083b00000|100%| O|  |TAMS 0x0000000083b00000, 0x0000000083a00000| Untracked 
|  33|0x0000000083b00000, 0x0000000083bfffd8, 0x0000000083c00000| 99%| O|  |TAMS 0x0000000083bfffd8, 0x0000000083b00000| Untracked 
|  34|0x0000000083c00000, 0x0000000083cffe78, 0x0000000083d00000| 99%| O|  |TAMS 0x0000000083cffe78, 0x0000000083c00000| Untracked 
|  35|0x0000000083d00000, 0x0000000083e00000, 0x0000000083e00000|100%| O|  |TAMS 0x0000000083e00000, 0x0000000083d00000| Untracked 
|  36|0x0000000083e00000, 0x0000000083f00000, 0x0000000083f00000|100%| O|  |TAMS 0x0000000083f00000, 0x0000000083e00000| Untracked 
|  37|0x0000000083f00000, 0x0000000083fffff8, 0x0000000084000000| 99%| O|  |TAMS 0x0000000083fffff8, 0x0000000083f00000| Untracked 
|  38|0x0000000084000000, 0x00000000840ffff8, 0x0000000084100000| 99%| O|  |TAMS 0x00000000840ffff8, 0x0000000084000000| Untracked 
|  39|0x0000000084100000, 0x00000000841ffce0, 0x0000000084200000| 99%| O|  |TAMS 0x00000000841ffce0, 0x0000000084100000| Untracked 
|  40|0x0000000084200000, 0x00000000842f9848, 0x0000000084300000| 97%| O|  |TAMS 0x00000000842f9848, 0x0000000084200000| Untracked 
|  41|0x0000000084300000, 0x00000000843fffe8, 0x0000000084400000| 99%| O|  |TAMS 0x00000000843fffe8, 0x0000000084300000| Untracked 
|  42|0x0000000084400000, 0x0000000084500000, 0x0000000084500000|100%| O|  |TAMS 0x0000000084500000, 0x0000000084400000| Untracked 
|  43|0x0000000084500000, 0x000000008457f4c0, 0x0000000084600000| 49%| O|  |TAMS 0x000000008457f4c0, 0x0000000084500000| Untracked 
|  44|0x0000000084600000, 0x00000000846fffe8, 0x0000000084700000| 99%| O|  |TAMS 0x00000000846fffe8, 0x0000000084600000| Untracked 
|  45|0x0000000084700000, 0x00000000847c7fa8, 0x0000000084800000| 78%| O|  |TAMS 0x00000000847c7fa8, 0x0000000084700000| Untracked 
|  46|0x0000000084800000, 0x0000000084800000, 0x0000000084900000|  0%| F|  |TAMS 0x0000000084800000, 0x0000000084800000| Untracked 
|  47|0x0000000084900000, 0x0000000084900000, 0x0000000084a00000|  0%| F|  |TAMS 0x0000000084900000, 0x0000000084900000| Untracked 
|  48|0x0000000084a00000, 0x0000000084a00000, 0x0000000084b00000|  0%| F|  |TAMS 0x0000000084a00000, 0x0000000084a00000| Untracked 
|  49|0x0000000084b00000, 0x0000000084b00000, 0x0000000084c00000|  0%| F|  |TAMS 0x0000000084b00000, 0x0000000084b00000| Untracked 
|  50|0x0000000084c00000, 0x0000000084c00000, 0x0000000084d00000|  0%| F|  |TAMS 0x0000000084c00000, 0x0000000084c00000| Untracked 
|  51|0x0000000084d00000, 0x0000000084d00000, 0x0000000084e00000|  0%| F|  |TAMS 0x0000000084d00000, 0x0000000084d00000| Untracked 
|  52|0x0000000084e00000, 0x0000000084e00000, 0x0000000084f00000|  0%| F|  |TAMS 0x0000000084e00000, 0x0000000084e00000| Untracked 
|  53|0x0000000084f00000, 0x0000000084f00000, 0x0000000085000000|  0%| F|  |TAMS 0x0000000084f00000, 0x0000000084f00000| Untracked 
|  54|0x0000000085000000, 0x0000000085000000, 0x0000000085100000|  0%| F|  |TAMS 0x0000000085000000, 0x0000000085000000| Untracked 
|  55|0x0000000085100000, 0x0000000085100000, 0x0000000085200000|  0%| F|  |TAMS 0x0000000085100000, 0x0000000085100000| Untracked 
|  56|0x0000000085200000, 0x0000000085200000, 0x0000000085300000|  0%| F|  |TAMS 0x0000000085200000, 0x0000000085200000| Untracked 
|  57|0x0000000085300000, 0x0000000085300000, 0x0000000085400000|  0%| F|  |TAMS 0x0000000085300000, 0x0000000085300000| Untracked 
|  58|0x0000000085400000, 0x0000000085400000, 0x0000000085500000|  0%| F|  |TAMS 0x0000000085400000, 0x0000000085400000| Untracked 
|  59|0x0000000085500000, 0x0000000085500000, 0x0000000085600000|  0%| F|  |TAMS 0x0000000085500000, 0x0000000085500000| Untracked 
|  60|0x0000000085600000, 0x0000000085600000, 0x0000000085700000|  0%| F|  |TAMS 0x0000000085600000, 0x0000000085600000| Untracked 
|  61|0x0000000085700000, 0x0000000085700000, 0x0000000085800000|  0%| F|  |TAMS 0x0000000085700000, 0x0000000085700000| Untracked 
|  62|0x0000000085800000, 0x0000000085800000, 0x0000000085900000|  0%| F|  |TAMS 0x0000000085800000, 0x0000000085800000| Untracked 
|  63|0x0000000085900000, 0x0000000085900000, 0x0000000085a00000|  0%| F|  |TAMS 0x0000000085900000, 0x0000000085900000| Untracked 
|  64|0x0000000085a00000, 0x0000000085a00000, 0x0000000085b00000|  0%| F|  |TAMS 0x0000000085a00000, 0x0000000085a00000| Untracked 
|  65|0x0000000085b00000, 0x0000000085b00000, 0x0000000085c00000|  0%| F|  |TAMS 0x0000000085b00000, 0x0000000085b00000| Untracked 
|  66|0x0000000085c00000, 0x0000000085c00000, 0x0000000085d00000|  0%| F|  |TAMS 0x0000000085c00000, 0x0000000085c00000| Untracked 
|  67|0x0000000085d00000, 0x0000000085d00000, 0x0000000085e00000|  0%| F|  |TAMS 0x0000000085d00000, 0x0000000085d00000| Untracked 
|  68|0x0000000085e00000, 0x0000000085e00000, 0x0000000085f00000|  0%| F|  |TAMS 0x0000000085e00000, 0x0000000085e00000| Untracked 
|  69|0x0000000085f00000, 0x0000000085f00000, 0x0000000086000000|  0%| F|  |TAMS 0x0000000085f00000, 0x0000000085f00000| Untracked 
|  70|0x0000000086000000, 0x0000000086000000, 0x0000000086100000|  0%| F|  |TAMS 0x0000000086000000, 0x0000000086000000| Untracked 
|  71|0x0000000086100000, 0x0000000086100000, 0x0000000086200000|  0%| F|  |TAMS 0x0000000086100000, 0x0000000086100000| Untracked 
|  72|0x0000000086200000, 0x0000000086200000, 0x0000000086300000|  0%| F|  |TAMS 0x0000000086200000, 0x0000000086200000| Untracked 
|  73|0x0000000086300000, 0x0000000086300000, 0x0000000086400000|  0%| F|  |TAMS 0x0000000086300000, 0x0000000086300000| Untracked 
|  74|0x0000000086400000, 0x0000000086400000, 0x0000000086500000|  0%| F|  |TAMS 0x0000000086400000, 0x0000000086400000| Untracked 
|  75|0x0000000086500000, 0x0000000086500000, 0x0000000086600000|  0%| F|  |TAMS 0x0000000086500000, 0x0000000086500000| Untracked 
|  76|0x0000000086600000, 0x0000000086600000, 0x0000000086700000|  0%| F|  |TAMS 0x0000000086600000, 0x0000000086600000| Untracked 
|  77|0x0000000086700000, 0x0000000086700000, 0x0000000086800000|  0%| F|  |TAMS 0x0000000086700000, 0x0000000086700000| Untracked 
|  78|0x0000000086800000, 0x0000000086800000, 0x0000000086900000|  0%| F|  |TAMS 0x0000000086800000, 0x0000000086800000| Untracked 
|  79|0x0000000086900000, 0x0000000086900000, 0x0000000086a00000|  0%| F|  |TAMS 0x0000000086900000, 0x0000000086900000| Untracked 
|  80|0x0000000086a00000, 0x0000000086a00000, 0x0000000086b00000|  0%| F|  |TAMS 0x0000000086a00000, 0x0000000086a00000| Untracked 
|  81|0x0000000086b00000, 0x0000000086b00000, 0x0000000086c00000|  0%| F|  |TAMS 0x0000000086b00000, 0x0000000086b00000| Untracked 
|  82|0x0000000086c00000, 0x0000000086c00000, 0x0000000086d00000|  0%| F|  |TAMS 0x0000000086c00000, 0x0000000086c00000| Untracked 
|  83|0x0000000086d00000, 0x0000000086d00000, 0x0000000086e00000|  0%| F|  |TAMS 0x0000000086d00000, 0x0000000086d00000| Untracked 
|  84|0x0000000086e00000, 0x0000000086e00000, 0x0000000086f00000|  0%| F|  |TAMS 0x0000000086e00000, 0x0000000086e00000| Untracked 
|  85|0x0000000086f00000, 0x0000000086f22748, 0x0000000087000000| 13%| S|CS|TAMS 0x0000000086f00000, 0x0000000086f00000| Complete 
|  86|0x0000000087000000, 0x0000000087100000, 0x0000000087100000|100%| S|CS|TAMS 0x0000000087000000, 0x0000000087000000| Complete 
|  87|0x0000000087100000, 0x0000000087200000, 0x0000000087200000|100%| S|CS|TAMS 0x0000000087100000, 0x0000000087100000| Complete 
|  88|0x0000000087200000, 0x0000000087300000, 0x0000000087300000|100%| S|CS|TAMS 0x0000000087200000, 0x0000000087200000| Complete 
|  89|0x0000000087300000, 0x0000000087400000, 0x0000000087400000|100%| S|CS|TAMS 0x0000000087300000, 0x0000000087300000| Complete 
|  90|0x0000000087400000, 0x0000000087500000, 0x0000000087500000|100%| S|CS|TAMS 0x0000000087400000, 0x0000000087400000| Complete 
|  91|0x0000000087500000, 0x0000000087600000, 0x0000000087600000|100%| S|CS|TAMS 0x0000000087500000, 0x0000000087500000| Complete 
|  92|0x0000000087600000, 0x00000000876609e8, 0x0000000087700000| 37%| O|  |TAMS 0x00000000876609e8, 0x0000000087600000| Untracked 
|  93|0x0000000087700000, 0x0000000087700000, 0x0000000087800000|  0%| F|  |TAMS 0x0000000087700000, 0x0000000087700000| Untracked 
|  94|0x0000000087800000, 0x0000000087800000, 0x0000000087900000|  0%| F|  |TAMS 0x0000000087800000, 0x0000000087800000| Untracked 
|  95|0x0000000087900000, 0x0000000087900000, 0x0000000087a00000|  0%| F|  |TAMS 0x0000000087900000, 0x0000000087900000| Untracked 
|  96|0x0000000087a00000, 0x0000000087a00000, 0x0000000087b00000|  0%| F|  |TAMS 0x0000000087a00000, 0x0000000087a00000| Untracked 
|  97|0x0000000087b00000, 0x0000000087b00000, 0x0000000087c00000|  0%| F|  |TAMS 0x0000000087b00000, 0x0000000087b00000| Untracked 
|  98|0x0000000087c00000, 0x0000000087c00000, 0x0000000087d00000|  0%| F|  |TAMS 0x0000000087c00000, 0x0000000087c00000| Untracked 
|  99|0x0000000087d00000, 0x0000000087d00000, 0x0000000087e00000|  0%| F|  |TAMS 0x0000000087d00000, 0x0000000087d00000| Untracked 
| 100|0x0000000087e00000, 0x0000000087e00000, 0x0000000087f00000|  0%| F|  |TAMS 0x0000000087e00000, 0x0000000087e00000| Untracked 
| 101|0x0000000087f00000, 0x0000000087f00000, 0x0000000088000000|  0%| F|  |TAMS 0x0000000087f00000, 0x0000000087f00000| Untracked 
| 102|0x0000000088000000, 0x0000000088100000, 0x0000000088100000|100%| E|  |TAMS 0x0000000088000000, 0x0000000088000000| Complete 
| 103|0x0000000088100000, 0x0000000088200000, 0x0000000088200000|100%| E|CS|TAMS 0x0000000088100000, 0x0000000088100000| Complete 
| 104|0x0000000088200000, 0x0000000088300000, 0x0000000088300000|100%| E|CS|TAMS 0x0000000088200000, 0x0000000088200000| Complete 
| 105|0x0000000088300000, 0x0000000088400000, 0x0000000088400000|100%| E|CS|TAMS 0x0000000088300000, 0x0000000088300000| Complete 
| 106|0x0000000088400000, 0x0000000088500000, 0x0000000088500000|100%| E|CS|TAMS 0x0000000088400000, 0x0000000088400000| Complete 
| 107|0x0000000088500000, 0x0000000088600000, 0x0000000088600000|100%| E|CS|TAMS 0x0000000088500000, 0x0000000088500000| Complete 
| 108|0x0000000088600000, 0x0000000088700000, 0x0000000088700000|100%| E|CS|TAMS 0x0000000088600000, 0x0000000088600000| Complete 
| 109|0x0000000088700000, 0x0000000088800000, 0x0000000088800000|100%| E|CS|TAMS 0x0000000088700000, 0x0000000088700000| Complete 
| 110|0x0000000088800000, 0x0000000088900000, 0x0000000088900000|100%| E|CS|TAMS 0x0000000088800000, 0x0000000088800000| Complete 
| 111|0x0000000088900000, 0x0000000088a00000, 0x0000000088a00000|100%| E|CS|TAMS 0x0000000088900000, 0x0000000088900000| Complete 
| 112|0x0000000088a00000, 0x0000000088b00000, 0x0000000088b00000|100%| E|CS|TAMS 0x0000000088a00000, 0x0000000088a00000| Complete 
| 113|0x0000000088b00000, 0x0000000088c00000, 0x0000000088c00000|100%| E|CS|TAMS 0x0000000088b00000, 0x0000000088b00000| Complete 
| 114|0x0000000088c00000, 0x0000000088d00000, 0x0000000088d00000|100%| E|CS|TAMS 0x0000000088c00000, 0x0000000088c00000| Complete 
| 115|0x0000000088d00000, 0x0000000088e00000, 0x0000000088e00000|100%| E|CS|TAMS 0x0000000088d00000, 0x0000000088d00000| Complete 
| 116|0x0000000088e00000, 0x0000000088f00000, 0x0000000088f00000|100%| E|CS|TAMS 0x0000000088e00000, 0x0000000088e00000| Complete 
| 117|0x0000000088f00000, 0x0000000089000000, 0x0000000089000000|100%| E|CS|TAMS 0x0000000088f00000, 0x0000000088f00000| Complete 
| 118|0x0000000089000000, 0x0000000089100000, 0x0000000089100000|100%| E|CS|TAMS 0x0000000089000000, 0x0000000089000000| Complete 
| 119|0x0000000089100000, 0x0000000089200000, 0x0000000089200000|100%| E|CS|TAMS 0x0000000089100000, 0x0000000089100000| Complete 
| 120|0x0000000089200000, 0x0000000089300000, 0x0000000089300000|100%| E|CS|TAMS 0x0000000089200000, 0x0000000089200000| Complete 
| 121|0x0000000089300000, 0x0000000089400000, 0x0000000089400000|100%| E|CS|TAMS 0x0000000089300000, 0x0000000089300000| Complete 
| 122|0x0000000089400000, 0x0000000089500000, 0x0000000089500000|100%| E|CS|TAMS 0x0000000089400000, 0x0000000089400000| Complete 
| 123|0x0000000089500000, 0x0000000089600000, 0x0000000089600000|100%| E|CS|TAMS 0x0000000089500000, 0x0000000089500000| Complete 
| 124|0x0000000089600000, 0x0000000089700000, 0x0000000089700000|100%| E|CS|TAMS 0x0000000089600000, 0x0000000089600000| Complete 
| 125|0x0000000089700000, 0x0000000089800000, 0x0000000089800000|100%| E|CS|TAMS 0x0000000089700000, 0x0000000089700000| Complete 
| 126|0x0000000089800000, 0x0000000089900000, 0x0000000089900000|100%| E|CS|TAMS 0x0000000089800000, 0x0000000089800000| Complete 
| 127|0x0000000089900000, 0x0000000089a00000, 0x0000000089a00000|100%| E|CS|TAMS 0x0000000089900000, 0x0000000089900000| Complete 
| 128|0x0000000089a00000, 0x0000000089b00000, 0x0000000089b00000|100%| E|CS|TAMS 0x0000000089a00000, 0x0000000089a00000| Complete 
| 129|0x0000000089b00000, 0x0000000089c00000, 0x0000000089c00000|100%| E|CS|TAMS 0x0000000089b00000, 0x0000000089b00000| Complete 
| 130|0x0000000089c00000, 0x0000000089d00000, 0x0000000089d00000|100%| E|CS|TAMS 0x0000000089c00000, 0x0000000089c00000| Complete 
| 131|0x0000000089d00000, 0x0000000089e00000, 0x0000000089e00000|100%| E|CS|TAMS 0x0000000089d00000, 0x0000000089d00000| Complete 
| 132|0x0000000089e00000, 0x0000000089f00000, 0x0000000089f00000|100%| E|CS|TAMS 0x0000000089e00000, 0x0000000089e00000| Complete 
| 133|0x0000000089f00000, 0x000000008a000000, 0x000000008a000000|100%| E|CS|TAMS 0x0000000089f00000, 0x0000000089f00000| Complete 
| 134|0x000000008a000000, 0x000000008a100000, 0x000000008a100000|100%| E|CS|TAMS 0x000000008a000000, 0x000000008a000000| Complete 
| 135|0x000000008a100000, 0x000000008a200000, 0x000000008a200000|100%| E|CS|TAMS 0x000000008a100000, 0x000000008a100000| Complete 
| 136|0x000000008a200000, 0x000000008a300000, 0x000000008a300000|100%| E|CS|TAMS 0x000000008a200000, 0x000000008a200000| Complete 
| 137|0x000000008a300000, 0x000000008a400000, 0x000000008a400000|100%| E|CS|TAMS 0x000000008a300000, 0x000000008a300000| Complete 
| 138|0x000000008a400000, 0x000000008a500000, 0x000000008a500000|100%| E|CS|TAMS 0x000000008a400000, 0x000000008a400000| Complete 
| 139|0x000000008a500000, 0x000000008a600000, 0x000000008a600000|100%| E|CS|TAMS 0x000000008a500000, 0x000000008a500000| Complete 
| 140|0x000000008a600000, 0x000000008a700000, 0x000000008a700000|100%| E|CS|TAMS 0x000000008a600000, 0x000000008a600000| Complete 
| 141|0x000000008a700000, 0x000000008a800000, 0x000000008a800000|100%| E|CS|TAMS 0x000000008a700000, 0x000000008a700000| Complete 
| 142|0x000000008a800000, 0x000000008a900000, 0x000000008a900000|100%| E|CS|TAMS 0x000000008a800000, 0x000000008a800000| Complete 
| 143|0x000000008a900000, 0x000000008aa00000, 0x000000008aa00000|100%| E|CS|TAMS 0x000000008a900000, 0x000000008a900000| Complete 
| 144|0x000000008aa00000, 0x000000008ab00000, 0x000000008ab00000|100%| E|CS|TAMS 0x000000008aa00000, 0x000000008aa00000| Complete 
| 145|0x000000008ab00000, 0x000000008ac00000, 0x000000008ac00000|100%| E|CS|TAMS 0x000000008ab00000, 0x000000008ab00000| Complete 
| 146|0x000000008ac00000, 0x000000008ad00000, 0x000000008ad00000|100%| E|CS|TAMS 0x000000008ac00000, 0x000000008ac00000| Complete 
| 147|0x000000008ad00000, 0x000000008ae00000, 0x000000008ae00000|100%| E|CS|TAMS 0x000000008ad00000, 0x000000008ad00000| Complete 
| 148|0x000000008ae00000, 0x000000008af00000, 0x000000008af00000|100%| E|CS|TAMS 0x000000008ae00000, 0x000000008ae00000| Complete 
| 149|0x000000008af00000, 0x000000008b000000, 0x000000008b000000|100%| E|CS|TAMS 0x000000008af00000, 0x000000008af00000| Complete 
| 150|0x000000008b000000, 0x000000008b100000, 0x000000008b100000|100%| E|CS|TAMS 0x000000008b000000, 0x000000008b000000| Complete 
| 151|0x000000008b100000, 0x000000008b200000, 0x000000008b200000|100%| E|CS|TAMS 0x000000008b100000, 0x000000008b100000| Complete 
| 152|0x000000008b200000, 0x000000008b300000, 0x000000008b300000|100%| E|CS|TAMS 0x000000008b200000, 0x000000008b200000| Complete 
| 153|0x000000008b300000, 0x000000008b400000, 0x000000008b400000|100%| E|CS|TAMS 0x000000008b300000, 0x000000008b300000| Complete 
| 154|0x000000008b400000, 0x000000008b500000, 0x000000008b500000|100%| E|CS|TAMS 0x000000008b400000, 0x000000008b400000| Complete 
| 155|0x000000008b500000, 0x000000008b600000, 0x000000008b600000|100%| E|CS|TAMS 0x000000008b500000, 0x000000008b500000| Complete 
| 156|0x000000008b600000, 0x000000008b700000, 0x000000008b700000|100%| E|CS|TAMS 0x000000008b600000, 0x000000008b600000| Complete 

Card table byte_map: [0x0000026396ee0000,0x00000263972e0000] _byte_map_base: 0x0000026396ad3000

Marking Bits (Prev, Next): (CMBitMap*) 0x00000263825782c0, (CMBitMap*) 0x0000026382578300
 Prev Bits: [0x00000263976e0000, 0x0000026399678000)
 Next Bits: [0x0000026399680000, 0x000002639b618000)

Polling page: 0x0000026382350000

Metaspace:

Usage:
  Non-class:     83.44 MB used.
      Class:     12.32 MB used.
       Both:     95.76 MB used.

Virtual space:
  Non-class space:      128.00 MB reserved,      83.75 MB ( 65%) committed,  2 nodes.
      Class space:        1.00 GB reserved,      12.56 MB (  1%) committed,  1 nodes.
             Both:        1.12 GB reserved,      96.31 MB (  8%) committed. 

Chunk freelists:
   Non-Class:  11.41 MB
       Class:  3.38 MB
        Both:  14.79 MB

MaxMetaspaceSize: unlimited
CompressedClassSpaceSize: 1.00 GB
Initial GC threshold: 21.00 MB
Current GC threshold: 158.12 MB
CDS: off
MetaspaceReclaimPolicy: balanced
 - commit_granule_bytes: 65536.
 - commit_granule_words: 8192.
 - virtual_space_node_default_size: 8388608.
 - enlarge_chunks_in_place: 1.
 - new_chunks_are_fully_committed: 0.
 - uncommit_free_chunks: 1.
 - use_allocation_guard: 0.
 - handle_deallocations: 1.


Internal statistics:

num_allocs_failed_limit: 8.
num_arena_births: 942.
num_arena_deaths: 8.
num_vsnodes_births: 3.
num_vsnodes_deaths: 0.
num_space_committed: 1541.
num_space_uncommitted: 0.
num_chunks_returned_to_freelist: 16.
num_chunks_taken_from_freelist: 4072.
num_chunk_merges: 7.
num_chunk_splits: 2920.
num_chunks_enlarged: 2244.
num_inconsistent_stats: 0.

CodeHeap 'non-profiled nmethods': size=120000Kb used=6452Kb max_used=6452Kb free=113547Kb
 bounds [0x000002638ef90000, 0x000002638f5e0000, 0x00000263964c0000]
CodeHeap 'profiled nmethods': size=120000Kb used=18703Kb max_used=18703Kb free=101296Kb
 bounds [0x00000263874c0000, 0x0000026388710000, 0x000002638e9f0000]
CodeHeap 'non-nmethods': size=5760Kb used=1472Kb max_used=1532Kb free=4287Kb
 bounds [0x000002638e9f0000, 0x000002638ec60000, 0x000002638ef90000]
 total_blobs=10084 nmethods=9332 adapters=663
 compilation: enabled
              stopped_count=0, restarted_count=0
 full_count=0

Compilation events (20 events):
Event: 463.908 Thread 0x00000263a20b66b0 10771       2       org.springframework.data.util.TypeDiscoverer::getActualType (38 bytes)
Event: 463.908 Thread 0x00000263a20b66b0 nmethod 10771 0x00000263886aa810 code [0x00000263886aaa40, 0x00000263886aadf8]
Event: 463.910 Thread 0x00000263a20b66b0 10773       2       org.springframework.data.mapping.model.Property::<init> (182 bytes)
Event: 463.915 Thread 0x00000263a20b66b0 nmethod 10773 0x00000263886ab010 code [0x00000263886ab460, 0x00000263886ad0e8]
Event: 463.915 Thread 0x00000263a20b66b0 10776       2       org.springframework.data.util.Optionals::firstNonEmpty (50 bytes)
Event: 463.916 Thread 0x00000263a20b66b0 nmethod 10776 0x00000263886ae210 code [0x00000263886ae460, 0x00000263886ae9f8]
Event: 463.916 Thread 0x00000263a20b66b0 10777       2       org.springframework.data.util.Streamable$$Lambda$1020/0x00000001008cd538::iterator (8 bytes)
Event: 463.916 Thread 0x00000263a20b66b0 nmethod 10777 0x00000263886aee90 code [0x00000263886af040, 0x00000263886af388]
Event: 463.916 Thread 0x00000263a20b66b0 10778       2       org.springframework.data.util.Streamable::lambda$of$0 (10 bytes)
Event: 463.916 Thread 0x00000263a20b66b0 nmethod 10778 0x00000263886af510 code [0x00000263886af6c0, 0x00000263886af9e8]
Event: 463.916 Thread 0x00000263a20b66b0 10779       2       org.springframework.data.mapping.model.Property$$Lambda$1018/0x00000001008cd0a8::get (12 bytes)
Event: 463.917 Thread 0x00000263a20b66b0 nmethod 10779 0x00000263886afb90 code [0x00000263886afd60, 0x00000263886b0098]
Event: 463.917 Thread 0x00000263a20b66b0 10780       2       org.springframework.data.mapping.model.Property::lambda$withFieldOrDescriptor$11 (9 bytes)
Event: 463.918 Thread 0x00000263a20b66b0 nmethod 10780 0x00000263886b0290 code [0x00000263886b0460, 0x00000263886b0778]
Event: 463.918 Thread 0x00000263a20b66b0 10774       2       org.springframework.data.util.Optionals::isAnyPresent (21 bytes)
Event: 463.918 Thread 0x00000263a20b66b0 nmethod 10774 0x00000263886b0910 code [0x00000263886b0b00, 0x00000263886b0de8]
Event: 463.918 Thread 0x00000263a20b66b0 10775       2       org.springframework.data.util.TypeDiscoverer$$Lambda$1023/0x00000001008cdd70::apply (12 bytes)
Event: 463.919 Thread 0x00000263a20b66b0 nmethod 10775 0x00000263886b1090 code [0x00000263886b1240, 0x00000263886b13a8]
Event: 463.919 Thread 0x00000263a20b66b0 10781       1       org.hibernate.internal.AbstractSharedSessionContract::getHibernateFlushMode (5 bytes)
Event: 463.919 Thread 0x00000263a20b66b0 nmethod 10781 0x000002638f5bcb90 code [0x000002638f5bcd20, 0x000002638f5bcdf8]

GC Heap History (20 events):
Event: 23.975 GC heap before
{Heap before GC invocations=39 (full 0):
 garbage-first heap   total 78848K, used 65506K [0x0000000081a00000, 0x0000000100000000)
  region size 1024K, 26 young (26624K), 1 survivors (1024K)
 Metaspace       used 75423K, committed 75840K, reserved 1179648K
  class space    used 9919K, committed 10112K, reserved 1048576K
}
Event: 23.978 GC heap after
{Heap after GC invocations=40 (full 0):
 garbage-first heap   total 78848K, used 41388K [0x0000000081a00000, 0x0000000100000000)
  region size 1024K, 2 young (2048K), 2 survivors (2048K)
 Metaspace       used 75423K, committed 75840K, reserved 1179648K
  class space    used 9919K, committed 10112K, reserved 1048576K
}
Event: 25.959 GC heap before
{Heap before GC invocations=41 (full 0):
 garbage-first heap   total 78848K, used 64940K [0x0000000081a00000, 0x0000000100000000)
  region size 1024K, 26 young (26624K), 2 survivors (2048K)
 Metaspace       used 77830K, committed 78272K, reserved 1179648K
  class space    used 10281K, committed 10496K, reserved 1048576K
}
Event: 25.965 GC heap after
{Heap after GC invocations=42 (full 0):
 garbage-first heap   total 78848K, used 43416K [0x0000000081a00000, 0x0000000100000000)
  region size 1024K, 4 young (4096K), 4 survivors (4096K)
 Metaspace       used 77830K, committed 78272K, reserved 1179648K
  class space    used 10281K, committed 10496K, reserved 1048576K
}
Event: 25.972 GC heap before
{Heap before GC invocations=42 (full 0):
 garbage-first heap   total 78848K, used 44440K [0x0000000081a00000, 0x0000000100000000)
  region size 1024K, 5 young (5120K), 4 survivors (4096K)
 Metaspace       used 77830K, committed 78272K, reserved 1179648K
  class space    used 10281K, committed 10496K, reserved 1048576K
}
Event: 25.980 GC heap after
{Heap after GC invocations=43 (full 0):
 garbage-first heap   total 78848K, used 43266K [0x0000000081a00000, 0x0000000100000000)
  region size 1024K, 1 young (1024K), 1 survivors (1024K)
 Metaspace       used 77830K, committed 78272K, reserved 1179648K
  class space    used 10281K, committed 10496K, reserved 1048576K
}
Event: 35.705 GC heap before
{Heap before GC invocations=43 (full 0):
 garbage-first heap   total 78848K, used 63746K [0x0000000081a00000, 0x0000000100000000)
  region size 1024K, 22 young (22528K), 1 survivors (1024K)
 Metaspace       used 79113K, committed 79616K, reserved 1179648K
  class space    used 10432K, committed 10688K, reserved 1048576K
}
Event: 35.708 GC heap after
{Heap after GC invocations=44 (full 0):
 garbage-first heap   total 78848K, used 43946K [0x0000000081a00000, 0x0000000100000000)
  region size 1024K, 1 young (1024K), 1 survivors (1024K)
 Metaspace       used 79113K, committed 79616K, reserved 1179648K
  class space    used 10432K, committed 10688K, reserved 1048576K
}
Event: 41.647 GC heap before
{Heap before GC invocations=45 (full 0):
 garbage-first heap   total 78848K, used 65450K [0x0000000081a00000, 0x0000000100000000)
  region size 1024K, 23 young (23552K), 1 survivors (1024K)
 Metaspace       used 83012K, committed 83520K, reserved 1179648K
  class space    used 10963K, committed 11200K, reserved 1048576K
}
Event: 41.653 GC heap after
{Heap after GC invocations=46 (full 0):
 garbage-first heap   total 78848K, used 46557K [0x0000000081a00000, 0x0000000100000000)
  region size 1024K, 3 young (3072K), 3 survivors (3072K)
 Metaspace       used 83012K, committed 83520K, reserved 1179648K
  class space    used 10963K, committed 11200K, reserved 1048576K
}
Event: 41.655 GC heap before
{Heap before GC invocations=46 (full 0):
 garbage-first heap   total 78848K, used 47581K [0x0000000081a00000, 0x0000000100000000)
  region size 1024K, 4 young (4096K), 3 survivors (3072K)
 Metaspace       used 83012K, committed 83520K, reserved 1179648K
  class space    used 10963K, committed 11200K, reserved 1048576K
}
Event: 41.661 GC heap after
{Heap after GC invocations=47 (full 0):
 garbage-first heap   total 78848K, used 46893K [0x0000000081a00000, 0x0000000100000000)
  region size 1024K, 1 young (1024K), 1 survivors (1024K)
 Metaspace       used 83012K, committed 83520K, reserved 1179648K
  class space    used 10963K, committed 11200K, reserved 1048576K
}
Event: 45.525 GC heap before
{Heap before GC invocations=47 (full 0):
 garbage-first heap   total 78848K, used 63277K [0x0000000081a00000, 0x0000000100000000)
  region size 1024K, 18 young (18432K), 1 survivors (1024K)
 Metaspace       used 85467K, committed 86016K, reserved 1179648K
  class space    used 11273K, committed 11520K, reserved 1048576K
}
Event: 45.531 GC heap after
{Heap after GC invocations=48 (full 0):
 garbage-first heap   total 236544K, used 48286K [0x0000000081a00000, 0x0000000100000000)
  region size 1024K, 2 young (2048K), 2 survivors (2048K)
 Metaspace       used 85467K, committed 86016K, reserved 1179648K
  class space    used 11273K, committed 11520K, reserved 1048576K
}
Event: 459.686 GC heap before
{Heap before GC invocations=49 (full 0):
 garbage-first heap   total 167936K, used 122014K [0x0000000081a00000, 0x0000000100000000)
  region size 1024K, 76 young (77824K), 2 survivors (2048K)
 Metaspace       used 95965K, committed 96512K, reserved 1179648K
  class space    used 12500K, committed 12736K, reserved 1048576K
}
Event: 459.772 GC heap after
{Heap after GC invocations=50 (full 1):
 garbage-first heap   total 160768K, used 46677K [0x0000000081a00000, 0x0000000100000000)
  region size 1024K, 0 young (0K), 0 survivors (0K)
 Metaspace       used 95958K, committed 96512K, reserved 1179648K
  class space    used 12497K, committed 12736K, reserved 1048576K
}
Event: 461.426 GC heap before
{Heap before GC invocations=50 (full 1):
 garbage-first heap   total 160768K, used 94805K [0x0000000081a00000, 0x0000000100000000)
  region size 1024K, 49 young (50176K), 0 survivors (0K)
 Metaspace       used 96569K, committed 97152K, reserved 1179648K
  class space    used 12535K, committed 12800K, reserved 1048576K
}
Event: 461.433 GC heap after
{Heap after GC invocations=51 (full 1):
 garbage-first heap   total 160768K, used 50592K [0x0000000081a00000, 0x0000000100000000)
  region size 1024K, 4 young (4096K), 4 survivors (4096K)
 Metaspace       used 96569K, committed 97152K, reserved 1179648K
  class space    used 12535K, committed 12800K, reserved 1048576K
}
Event: 463.720 GC heap before
{Heap before GC invocations=52 (full 1):
 garbage-first heap   total 160768K, used 113056K [0x0000000081a00000, 0x0000000100000000)
  region size 1024K, 64 young (65536K), 4 survivors (4096K)
 Metaspace       used 97644K, committed 98240K, reserved 1179648K
  class space    used 12597K, committed 12864K, reserved 1048576K
}
Event: 463.729 GC heap after
{Heap after GC invocations=53 (full 1):
 garbage-first heap   total 160768K, used 52959K [0x0000000081a00000, 0x0000000100000000)
  region size 1024K, 7 young (7168K), 7 survivors (7168K)
 Metaspace       used 97644K, committed 98240K, reserved 1179648K
  class space    used 12597K, committed 12864K, reserved 1048576K
}

Dll operation events (4 events):
Event: 0.080 Loaded shared library C:\Users\User\.jdks\jbrsdk-17.0.9\bin\java.dll
Event: 0.087 Loaded shared library C:\Users\User\.jdks\jbrsdk-17.0.9\bin\zip.dll
Event: 0.167 Loaded shared library C:\Users\User\.jdks\jbrsdk-17.0.9\bin\jsvml.dll
Event: 4.536 Loaded shared library C:\Users\User\.jdks\jbrsdk-17.0.9\bin\verify.dll

Deoptimization events (20 events):
Event: 463.875 Thread 0x00000263a5848ed0 DEOPT PACKING pc=0x00000263885341f4 sp=0x00000090b47fbb10
Event: 463.875 Thread 0x00000263a5848ed0 DEOPT UNPACKING pc=0x000002638ea47143 sp=0x00000090b47fb078 mode 1
Event: 463.896 Thread 0x00000263a5848ed0 DEOPT PACKING pc=0x0000026387548bf4 sp=0x00000090b47fc040
Event: 463.896 Thread 0x00000263a5848ed0 DEOPT UNPACKING pc=0x000002638ea47143 sp=0x00000090b47fb568 mode 1
Event: 463.896 Thread 0x00000263a5848ed0 DEOPT PACKING pc=0x000002638f2ef550 sp=0x00000090b47fc120
Event: 463.896 Thread 0x00000263a5848ed0 DEOPT UNPACKING pc=0x000002638ea47143 sp=0x00000090b47fb5a0 mode 1
Event: 463.896 Thread 0x00000263a5848ed0 DEOPT PACKING pc=0x000002638759dcdc sp=0x00000090b47fc150
Event: 463.896 Thread 0x00000263a5848ed0 DEOPT UNPACKING pc=0x000002638ea47143 sp=0x00000090b47fb630 mode 1
Event: 463.928 Thread 0x00000263a5848ed0 DEOPT PACKING pc=0x00000263879bead1 sp=0x00000090b47f9480
Event: 463.928 Thread 0x00000263a5848ed0 DEOPT UNPACKING pc=0x000002638ea47143 sp=0x00000090b47f8968 mode 1
Event: 463.928 Thread 0x00000263a5848ed0 DEOPT PACKING pc=0x00000263879bd014 sp=0x00000090b47f9520
Event: 463.928 Thread 0x00000263a5848ed0 DEOPT UNPACKING pc=0x000002638ea47143 sp=0x00000090b47f8ad0 mode 1
Event: 463.928 Thread 0x00000263a5848ed0 DEOPT PACKING pc=0x0000026387ab954c sp=0x00000090b47f9690
Event: 463.928 Thread 0x00000263a5848ed0 DEOPT UNPACKING pc=0x000002638ea47143 sp=0x00000090b47f8c60 mode 1
Event: 463.928 Thread 0x00000263a5848ed0 DEOPT PACKING pc=0x00000263879bead1 sp=0x00000090b47f9480
Event: 463.928 Thread 0x00000263a5848ed0 DEOPT UNPACKING pc=0x000002638ea47143 sp=0x00000090b47f8968 mode 1
Event: 463.928 Thread 0x00000263a5848ed0 DEOPT PACKING pc=0x00000263879bd014 sp=0x00000090b47f9520
Event: 463.928 Thread 0x00000263a5848ed0 DEOPT UNPACKING pc=0x000002638ea47143 sp=0x00000090b47f8ad0 mode 1
Event: 463.928 Thread 0x00000263a5848ed0 DEOPT PACKING pc=0x0000026387ab954c sp=0x00000090b47f9690
Event: 463.928 Thread 0x00000263a5848ed0 DEOPT UNPACKING pc=0x000002638ea47143 sp=0x00000090b47f8c60 mode 1

Classes unloaded (4 events):
Event: 459.720 Thread 0x000002639dc9fbf0 Unloading class 0x0000000100b3d000 'java/lang/invoke/LambdaForm$DMH+0x0000000100b3d000'
Event: 459.720 Thread 0x000002639dc9fbf0 Unloading class 0x0000000100b3cc00 'java/lang/invoke/LambdaForm$DMH+0x0000000100b3cc00'
Event: 459.720 Thread 0x000002639dc9fbf0 Unloading class 0x0000000100b3c800 'java/lang/invoke/LambdaForm$DMH+0x0000000100b3c800'
Event: 459.720 Thread 0x000002639dc9fbf0 Unloading class 0x0000000100b3c400 'java/lang/invoke/LambdaForm$DMH+0x0000000100b3c400'

Classes redefined (0 events):
No events

Internal exceptions (20 events):
Event: 459.592 Thread 0x00000263a454f9b0 Exception <a 'java/lang/InterruptedException'{0x0000000087559018}: sleep interrupted> (0x0000000087559018) 
thrown [s\src\hotspot\share\prims\jvm.cpp, line 3067]
Event: 459.803 Thread 0x00000263a5848ed0 Exception <a 'sun/nio/fs/WindowsException'{0x000000008b69d2d0}> (0x000000008b69d2d0) 
thrown [s\src\hotspot\share\prims\jni.cpp, line 517]
Event: 461.088 Thread 0x00000263a5848ed0 Exception <a 'java/lang/NoClassDefFoundError'{0x00000000896a2c08}: org/flywaydb/core/Flyway> (0x00000000896a2c08) 
thrown [s\src\hotspot\share\oops\constantPool.cpp, line 835]
Event: 461.088 Thread 0x00000263a5848ed0 Exception <a 'java/lang/NoClassDefFoundError'{0x00000000896a3258}: liquibase/integration/spring/SpringLiquibase> (0x00000000896a3258) 
thrown [s\src\hotspot\share\oops\constantPool.cpp, line 835]
Event: 461.097 Thread 0x00000263a5848ed0 Exception <a 'java/lang/NoClassDefFoundError'{0x00000000895191f8}: org/jooq/DSLContext> (0x00000000895191f8) 
thrown [s\src\hotspot\share\oops\constantPool.cpp, line 835]
Event: 461.099 Thread 0x00000263a5848ed0 Exception <a 'java/lang/NoClassDefFoundError'{0x000000008952f2a0}: org/springframework/batch/core/repository/JobRepository> (0x000000008952f2a0) 
thrown [s\src\hotspot\share\oops\constantPool.cpp, line 835]
Event: 461.099 Thread 0x00000263a5848ed0 Exception <a 'java/lang/NoClassDefFoundError'{0x000000008952f8e8}: org/quartz/Scheduler> (0x000000008952f8e8) 
thrown [s\src\hotspot\share\oops\constantPool.cpp, line 835]
Event: 461.099 Thread 0x00000263a5848ed0 Exception <a 'java/lang/NoClassDefFoundError'{0x000000008952ff58}: org/springframework/session/jdbc/JdbcIndexedSessionRepository> (0x000000008952ff58) 
thrown [s\src\hotspot\share\oops\constantPool.cpp, line 835]
Event: 461.149 Thread 0x00000263a5848ed0 Implicit null exception at 0x000002638f3a33aa to 0x000002638f3a4cd4
Event: 461.329 Thread 0x00000263a5848ed0 Exception <a 'sun/nio/fs/WindowsException'{0x0000000088833c58}> (0x0000000088833c58) 
thrown [s\src\hotspot\share\prims\jni.cpp, line 517]
Event: 461.330 Thread 0x00000263a5848ed0 Exception <a 'sun/nio/fs/WindowsException'{0x0000000088834260}> (0x0000000088834260) 
thrown [s\src\hotspot\share\prims\jni.cpp, line 517]
Event: 461.331 Thread 0x00000263a5848ed0 Exception <a 'sun/nio/fs/WindowsException'{0x0000000088834938}> (0x0000000088834938) 
thrown [s\src\hotspot\share\prims\jni.cpp, line 517]
Event: 461.389 Thread 0x00000263a5848ed0 Exception <a 'java/io/FileNotFoundException'{0x000000008888ee38}> (0x000000008888ee38) 
thrown [s\src\hotspot\share\prims\jni.cpp, line 517]
Event: 461.671 Thread 0x00000263a5848ed0 Exception <a 'java/lang/NoSuchMethodError'{0x000000008b4e4df8}: static Lcom/sbs/SmartBillingSystem/SecurityConfiguration/CustomUserDetails;.<clinit>()V> (0x000000008b4e4df8) 
thrown [s\src\hotspot\share\prims\jni.cpp, line 1108]
Event: 461.852 Thread 0x00000263a5848ed0 Implicit null exception at 0x000002638f01f893 to 0x000002638f01ff58
Event: 463.501 Thread 0x00000263a5848ed0 Exception <a 'java/lang/reflect/InvocationTargetException'{0x0000000088fbb490}> (0x0000000088fbb490) 
thrown [s\src\hotspot\share\runtime\reflection.cpp, line 1127]
Event: 463.746 Thread 0x00000263a5848ed0 Exception <a 'java/lang/reflect/InvocationTargetException'{0x000000008b4ec870}> (0x000000008b4ec870) 
thrown [s\src\hotspot\share\runtime\reflection.cpp, line 1127]
Event: 463.845 Thread 0x00000263a5848ed0 Exception <a 'java/lang/reflect/InvocationTargetException'{0x000000008a691de8}> (0x000000008a691de8) 
thrown [s\src\hotspot\share\runtime\reflection.cpp, line 1127]
Event: 463.849 Thread 0x00000263a5848ed0 Exception <a 'java/lang/reflect/InvocationTargetException'{0x000000008a6a1c00}> (0x000000008a6a1c00) 
thrown [s\src\hotspot\share\runtime\reflection.cpp, line 1127]
Event: 463.896 Thread 0x00000263a5848ed0 Exception <a 'java/lang/reflect/InvocationTargetException'{0x0000000089f1bd70}> (0x0000000089f1bd70) 
thrown [s\src\hotspot\share\runtime\reflection.cpp, line 1127]

VM Operations (20 events):
Event: 454.733 Executing VM operation: ThreadDump
Event: 454.733 Executing VM operation: ThreadDump done
Event: 455.747 Executing VM operation: Cleanup
Event: 455.747 Executing VM operation: Cleanup done
Event: 459.680 Executing VM operation: G1CollectFull
Event: 459.772 Executing VM operation: G1CollectFull done
Event: 460.678 Executing VM operation: ICBufferFull
Event: 460.678 Executing VM operation: ICBufferFull done
Event: 461.426 Executing VM operation: G1TryInitiateConcMark
Event: 461.434 Executing VM operation: G1TryInitiateConcMark done
Event: 461.586 Executing VM operation: G1PauseRemark
Event: 461.594 Executing VM operation: G1PauseRemark done
Event: 461.644 Executing VM operation: G1PauseCleanup
Event: 461.644 Executing VM operation: G1PauseCleanup done
Event: 462.470 Executing VM operation: ICBufferFull
Event: 462.588 Executing VM operation: ICBufferFull done
Event: 463.592 Executing VM operation: Cleanup
Event: 463.592 Executing VM operation: Cleanup done
Event: 463.720 Executing VM operation: G1CollectForAllocation
Event: 463.729 Executing VM operation: G1CollectForAllocation done

Events (20 events):
Event: 462.940 loading class com/sbs/SmartBillingSystem/Entity/User_
Event: 462.940 loading class com/sbs/SmartBillingSystem/Entity/User_ done
Event: 462.941 loading class com/sbs/SmartBillingSystem/Entity/Attendence_
Event: 462.941 loading class com/sbs/SmartBillingSystem/Entity/Attendence_ done
Event: 462.942 loading class com/sbs/SmartBillingSystem/Entity/Brand_
Event: 462.942 loading class com/sbs/SmartBillingSystem/Entity/Brand_ done
Event: 462.942 loading class com/sbs/SmartBillingSystem/Entity/Category_
Event: 462.942 loading class com/sbs/SmartBillingSystem/Entity/Category_ done
Event: 462.943 loading class com/sbs/SmartBillingSystem/Entity/Customer_
Event: 462.943 loading class com/sbs/SmartBillingSystem/Entity/Customer_ done
Event: 462.944 loading class com/sbs/SmartBillingSystem/Entity/Branch_
Event: 462.944 loading class com/sbs/SmartBillingSystem/Entity/Branch_ done
Event: 462.945 loading class com/sbs/SmartBillingSystem/Entity/Suppiler_
Event: 462.945 loading class com/sbs/SmartBillingSystem/Entity/Suppiler_ done
Event: 462.946 loading class com/sbs/SmartBillingSystem/Entity/Designation_
Event: 462.946 loading class com/sbs/SmartBillingSystem/Entity/Designation_ done
Event: 462.947 loading class com/sbs/SmartBillingSystem/Entity/Company_
Event: 462.947 loading class com/sbs/SmartBillingSystem/Entity/Company_ done
Event: 462.949 loading class com/sbs/SmartBillingSystem/Entity/PurchaseOrder_
Event: 462.949 loading class com/sbs/SmartBillingSystem/Entity/PurchaseOrder_ done


Dynamic libraries:
0x00007ff64d3d0000 - 0x00007ff64d3da000 	C:\Users\User\.jdks\jbrsdk-17.0.9\bin\java.exe
0x00007ffb099b0000 - 0x00007ffb09ba8000 	C:\WINDOWS\SYSTEM32\ntdll.dll
0x00007ffb07ad0000 - 0x00007ffb07b8d000 	C:\WINDOWS\System32\KERNEL32.DLL
0x00007ffb06fc0000 - 0x00007ffb072b6000 	C:\WINDOWS\System32\KERNELBASE.dll
0x00007ffb06ec0000 - 0x00007ffb06fc0000 	C:\WINDOWS\System32\ucrtbase.dll
0x00007ffaf82e0000 - 0x00007ffaf82fb000 	C:\Users\User\.jdks\jbrsdk-17.0.9\bin\VCRUNTIME140.dll
0x00007ffaf8300000 - 0x00007ffaf8317000 	C:\Users\User\.jdks\jbrsdk-17.0.9\bin\jli.dll
0x00007ffafa570000 - 0x00007ffafa80a000 	C:\WINDOWS\WinSxS\amd64_microsoft.windows.common-controls_6595b64144ccf1df_6.0.19041.3636_none_60b6a03d71f818d5\COMCTL32.dll
0x00007ffb08900000 - 0x00007ffb0899e000 	C:\WINDOWS\System32\msvcrt.dll
0x00007ffb09810000 - 0x00007ffb0983b000 	C:\WINDOWS\System32\GDI32.dll
0x00007ffb06bf0000 - 0x00007ffb06c12000 	C:\WINDOWS\System32\win32u.dll
0x00007ffb06a50000 - 0x00007ffb06b67000 	C:\WINDOWS\System32\gdi32full.dll
0x00007ffb06cc0000 - 0x00007ffb06d5d000 	C:\WINDOWS\System32\msvcp_win.dll
0x00007ffb07730000 - 0x00007ffb078ce000 	C:\WINDOWS\System32\USER32.dll
0x00007ffb08a30000 - 0x00007ffb08a62000 	C:\WINDOWS\System32\IMM32.DLL
0x00007ffaf82d0000 - 0x00007ffaf82dc000 	C:\Users\User\.jdks\jbrsdk-17.0.9\bin\vcruntime140_1.dll
0x00007ffaf8240000 - 0x00007ffaf82cd000 	C:\Users\User\.jdks\jbrsdk-17.0.9\bin\msvcp140.dll
0x00007ffac33a0000 - 0x00007ffac4022000 	C:\Users\User\.jdks\jbrsdk-17.0.9\bin\server\jvm.dll
0x00007ffb07bb0000 - 0x00007ffb07c60000 	C:\WINDOWS\System32\ADVAPI32.dll
0x00007ffb08040000 - 0x00007ffb080e0000 	C:\WINDOWS\System32\sechost.dll
0x00007ffb078d0000 - 0x00007ffb079f5000 	C:\WINDOWS\System32\RPCRT4.dll
0x00007ffb07580000 - 0x00007ffb075a7000 	C:\WINDOWS\System32\bcrypt.dll
0x00007ffb07d10000 - 0x00007ffb07d19000 	C:\WINDOWS\System32\WSOCK32.dll
0x00007ffb09030000 - 0x00007ffb0909b000 	C:\WINDOWS\System32\WS2_32.dll
0x00007ffb07e20000 - 0x00007ffb07e2a000 	C:\WINDOWS\System32\VERSION.dll
0x00007ffb06930000 - 0x00007ffb0697b000 	C:\WINDOWS\SYSTEM32\POWRPROF.dll
0x00007ffafa370000 - 0x00007ffafa397000 	C:\WINDOWS\SYSTEM32\WINMM.dll
0x00007ffb06910000 - 0x00007ffb06922000 	C:\WINDOWS\SYSTEM32\UMPDC.dll
0x00007ffb04930000 - 0x00007ffb04942000 	C:\WINDOWS\SYSTEM32\kernel.appcore.dll
0x00007ffadfe30000 - 0x00007ffadfe3a000 	C:\Users\User\.jdks\jbrsdk-17.0.9\bin\jimage.dll
0x00007ffaf0b20000 - 0x00007ffaf0d04000 	C:\WINDOWS\SYSTEM32\DBGHELP.DLL
0x00007ffaf43f0000 - 0x00007ffaf4424000 	C:\WINDOWS\SYSTEM32\dbgcore.DLL
0x00007ffb06c20000 - 0x00007ffb06ca2000 	C:\WINDOWS\System32\bcryptPrimitives.dll
0x00007ffaf94a0000 - 0x00007ffaf94db000 	C:\Users\User\.jdks\jbrsdk-17.0.9\bin\jdwp.dll
0x00007ffb02900000 - 0x00007ffb0290e000 	C:\Users\User\.jdks\jbrsdk-17.0.9\bin\instrument.dll
0x00007ffada820000 - 0x00007ffada845000 	C:\Users\User\.jdks\jbrsdk-17.0.9\bin\java.dll
0x00007ffada800000 - 0x00007ffada818000 	C:\Users\User\.jdks\jbrsdk-17.0.9\bin\zip.dll
0x00007ffad1ec0000 - 0x00007ffad1f97000 	C:\Users\User\.jdks\jbrsdk-17.0.9\bin\jsvml.dll
0x00007ffb090a0000 - 0x00007ffb0980b000 	C:\WINDOWS\System32\SHELL32.dll
0x00007ffb04b30000 - 0x00007ffb052ce000 	C:\WINDOWS\SYSTEM32\windows.storage.dll
0x00007ffb08340000 - 0x00007ffb08693000 	C:\WINDOWS\System32\combase.dll
0x00007ffb063b0000 - 0x00007ffb063de000 	C:\WINDOWS\SYSTEM32\Wldp.dll
0x00007ffb080e0000 - 0x00007ffb081ad000 	C:\WINDOWS\System32\OLEAUT32.dll
0x00007ffb08850000 - 0x00007ffb088fd000 	C:\WINDOWS\System32\SHCORE.dll
0x00007ffb082e0000 - 0x00007ffb08335000 	C:\WINDOWS\System32\shlwapi.dll
0x00007ffb06980000 - 0x00007ffb069a5000 	C:\WINDOWS\SYSTEM32\profapi.dll
0x00007ffb028e0000 - 0x00007ffb028ec000 	C:\Users\User\.jdks\jbrsdk-17.0.9\bin\dt_socket.dll
0x00007ffb05e10000 - 0x00007ffb05e4b000 	C:\WINDOWS\SYSTEM32\IPHLPAPI.DLL
0x00007ffaf0360000 - 0x00007ffaf0504000 	C:\WINDOWS\system32\mwtsp.dll
0x00007ffb081b0000 - 0x00007ffb082db000 	C:\WINDOWS\System32\ole32.dll
0x00007ffb00b60000 - 0x00007ffb00c6a000 	C:\WINDOWS\SYSTEM32\WINHTTP.dll
0x00007ffb06890000 - 0x00007ffb068c2000 	C:\WINDOWS\SYSTEM32\SspiCli.dll
0x00007ffb06110000 - 0x00007ffb0617a000 	C:\WINDOWS\system32\mswsock.dll
0x00007ffada790000 - 0x00007ffada7a9000 	C:\Users\User\.jdks\jbrsdk-17.0.9\bin\net.dll
0x00007ffad27b0000 - 0x00007ffad27c6000 	C:\Users\User\.jdks\jbrsdk-17.0.9\bin\nio.dll
0x00007ffb028d0000 - 0x00007ffb028d9000 	C:\Users\User\.jdks\jbrsdk-17.0.9\bin\management.dll
0x00007ffaffd70000 - 0x00007ffaffd7b000 	C:\Users\User\.jdks\jbrsdk-17.0.9\bin\management_ext.dll
0x00007ffb09960000 - 0x00007ffb09968000 	C:\WINDOWS\System32\PSAPI.DLL
0x00007ffada7f0000 - 0x00007ffada800000 	C:\Users\User\.jdks\jbrsdk-17.0.9\bin\verify.dll
0x00007ffb06300000 - 0x00007ffb06318000 	C:\WINDOWS\SYSTEM32\CRYPTSP.dll
0x00007ffb05a50000 - 0x00007ffb05a84000 	C:\WINDOWS\system32\rsaenh.dll
0x00007ffb068d0000 - 0x00007ffb068fe000 	C:\WINDOWS\SYSTEM32\USERENV.dll
0x00007ffb06320000 - 0x00007ffb0632c000 	C:\WINDOWS\SYSTEM32\CRYPTBASE.dll
0x00007ffb07e40000 - 0x00007ffb07e48000 	C:\WINDOWS\System32\NSI.dll
0x00007ffb01010000 - 0x00007ffb01027000 	C:\WINDOWS\SYSTEM32\dhcpcsvc6.DLL
0x00007ffb01740000 - 0x00007ffb0175d000 	C:\WINDOWS\SYSTEM32\dhcpcsvc.DLL
0x00007ffb05e50000 - 0x00007ffb05f1b000 	C:\WINDOWS\SYSTEM32\DNSAPI.dll
0x00007ffaf9cf0000 - 0x00007ffaf9cfe000 	C:\Users\User\.jdks\jbrsdk-17.0.9\bin\sunmscapi.dll
0x00007ffb06d60000 - 0x00007ffb06ebd000 	C:\WINDOWS\System32\CRYPT32.dll
0x00007ffb06420000 - 0x00007ffb06448000 	C:\WINDOWS\SYSTEM32\ncrypt.dll
0x00007ffb063e0000 - 0x00007ffb0641b000 	C:\WINDOWS\SYSTEM32\NTASN1.dll
0x00007ffafd7f0000 - 0x00007ffafd7fa000 	C:\Windows\System32\rasadhlp.dll
0x00007ffafe840000 - 0x00007ffafe8c0000 	C:\WINDOWS\System32\fwpuclnt.dll
0x00007ffaf5d70000 - 0x00007ffaf5d77000 	C:\WINDOWS\system32\wshunix.dll
0x00007ffadf120000 - 0x00007ffadf2ba000 	C:\Users\User\.jdks\jbrsdk-17.0.9\bin\awt.dll
0x00007ffb04640000 - 0x00007ffb0466f000 	C:\WINDOWS\SYSTEM32\dwmapi.dll
0x00007ffaf8e30000 - 0x00007ffaf8e74000 	C:\Users\User\.jdks\jbrsdk-17.0.9\bin\nvdaControllerClient64.dll
0x00007ffb04330000 - 0x00007ffb043c0000 	C:\WINDOWS\SYSTEM32\apphelp.dll
0x00007ffaee180000 - 0x00007ffaee197000 	C:\WINDOWS\system32\napinsp.dll
0x00007ffaee160000 - 0x00007ffaee17b000 	C:\WINDOWS\system32\pnrpnsp.dll
0x00007ffaf4c00000 - 0x00007ffaf4c15000 	C:\WINDOWS\system32\wshbth.dll
0x00007ffb01f00000 - 0x00007ffb01f1d000 	C:\WINDOWS\system32\NLAapi.dll
0x00007ffaee140000 - 0x00007ffaee152000 	C:\WINDOWS\System32\winrnr.dll

dbghelp: loaded successfully - version: 4.0.5 - missing functions: none
symbol engine: initialized successfully - sym options: 0x614 - pdb path: .;C:\Users\User\.jdks\jbrsdk-17.0.9\bin;C:\WINDOWS\SYSTEM32;C:\WINDOWS\WinSxS\amd64_microsoft.windows.common-controls_6595b64144ccf1df_6.0.19041.3636_none_60b6a03d71f818d5;C:\Users\User\.jdks\jbrsdk-17.0.9\bin\server

VM Arguments:
jvm_args: -agentlib:jdwp=transport=dt_socket,address=127.0.0.1:52370,suspend=y,server=n -javaagent:C:\Users\User\AppData\Local\JetBrains\IdeaIC2023.2\captureAgent\debugger-agent.jar -Dfile.encoding=UTF-8 
java_command: com.sbs.SmartBillingSystem.SmartBillingSystemApplication
java_class_path (initial): D:\Rettalore management system\Retail-Store-Management-System\target\classes;C:\Users\User\.m2\repository\org\springframework\boot\spring-boot-starter-mail\3.0.1\spring-boot-starter-mail-3.0.1.jar;C:\Users\User\.m2\repository\org\springframework\boot\spring-boot-starter\3.0.1\spring-boot-starter-3.0.1.jar;C:\Users\User\.m2\repository\org\springframework\boot\spring-boot-starter-logging\3.0.1\spring-boot-starter-logging-3.0.1.jar;C:\Users\User\.m2\repository\ch\qos\logback\logback-classic\1.4.5\logback-classic-1.4.5.jar;C:\Users\User\.m2\repository\ch\qos\logback\logback-core\1.4.5\logback-core-1.4.5.jar;C:\Users\User\.m2\repository\org\apache\logging\log4j\log4j-to-slf4j\2.19.0\log4j-to-slf4j-2.19.0.jar;C:\Users\User\.m2\repository\org\apache\logging\log4j\log4j-api\2.19.0\log4j-api-2.19.0.jar;C:\Users\User\.m2\repository\org\slf4j\jul-to-slf4j\2.0.6\jul-to-slf4j-2.0.6.jar;C:\Users\User\.m2\repository\jakarta\annotation\jakarta.annotation-api\2.1.1\jakarta.annotation-api-2.1.1.jar;C:\Users\User\.m2\repository\org\yaml\snakeyaml\1.33\snakeyaml-1.33.jar;C:\Users\User\.m2\repository\org\springframework\spring-context-support\6.0.3\spring-context-support-6.0.3.jar;C:\Users\User\.m2\repository\org\springframework\spring-beans\6.0.3\spring-beans-6.0.3.jar;C:\Users\User\.m2\repository\org\springframework\spring-context\6.0.3\spring-context-6.0.3.jar;C:\Users\User\.m2\repository\org\eclipse\angus\jakarta.mail\1.0.0\jakarta.mail-1.0.0.jar;C:\Users\User\.m2\repository\jakarta\activation\jakarta.activation-api\2.1.0\jakarta.activation-api-2.1.0.jar;C:\Users\User\.m2\repository\org\eclipse\angus\angus-activation\1.0.0\angus-activation-1.0.0.jar;C:\Users\User\.m2\repository\com\sun\mail\javax.mail\1.6.2\javax.mail-1.6.2.jar;C:\Users\User\.m2\repository\javax\activation\activation\1.1\activation-1.1.jar;C:\Users\User\.m2\repository\org\springframework\boot\spring-boot-starter-thymeleaf\3.0.1\spring-boot-starter-thymeleaf-3.0.1.jar;C:\Users\User\.m2\re
Launcher Type: SUN_STANDARD

[Global flags]
     intx CICompilerCount                          = 3                                         {product} {ergonomic}
     uint ConcGCThreads                            = 1                                         {product} {ergonomic}
     uint G1ConcRefinementThreads                  = 4                                         {product} {ergonomic}
   size_t G1HeapRegionSize                         = 1048576                                   {product} {ergonomic}
    uintx GCDrainStackTargetSize                   = 64                                        {product} {ergonomic}
   size_t InitialHeapSize                          = 134217728                                 {product} {ergonomic}
   size_t MarkStackSize                            = 4194304                                   {product} {ergonomic}
   size_t MaxHeapSize                              = 2120220672                                {product} {ergonomic}
   size_t MaxNewSize                               = 1271922688                                {product} {ergonomic}
   size_t MinHeapDeltaBytes                        = 1048576                                   {product} {ergonomic}
   size_t MinHeapSize                              = 8388608                                   {product} {ergonomic}
    uintx NonNMethodCodeHeapSize                   = 5832780                                {pd product} {ergonomic}
    uintx NonProfiledCodeHeapSize                  = 122912730                              {pd product} {ergonomic}
    uintx ProfiledCodeHeapSize                     = 122912730                              {pd product} {ergonomic}
    uintx ReservedCodeCacheSize                    = 251658240                              {pd product} {ergonomic}
     bool SegmentedCodeCache                       = true                                      {product} {ergonomic}
   size_t SoftMaxHeapSize                          = 2120220672                             {manageable} {ergonomic}
     bool UseCompressedClassPointers               = true                           {product lp64_product} {ergonomic}
     bool UseCompressedOops                        = true                           {product lp64_product} {ergonomic}
     bool UseG1GC                                  = true                                      {product} {ergonomic}
     bool UseLargePagesIndividualAllocation        = false                                  {pd product} {ergonomic}

Logging:
Log output configuration:
 #0: stdout all=warning uptime,level,tags
 #1: stderr all=off uptime,level,tags

Environment Variables:
JAVA_HOME=C:\Program Files\Java\jdk-15.0.2
CLASSPATH=C:\mysql-connector-java-8.0.29.jar;.;
PATH=C:\WINDOWS\system32;C:\WINDOWS;C:\WINDOWS\system32\Wbem;C:\Program Files\Common Files\Oracle\Java\javapath;C:\Program Files\Java\jdk-15.0.2\bin;C:\Program Files\Git\cmd;C:\ProgramData\Microsoft VS Code\bin;C:\Users\User\AppData\Local\Microsoft\WindowsApps;%IntelliJ IDEA Community Edition%;
USERNAME=User
OS=Windows_NT
PROCESSOR_IDENTIFIER=Intel64 Family 6 Model 58 Stepping 9, GenuineIntel
TMP=C:\Users\User\AppData\Local\Temp
TEMP=C:\Users\User\AppData\Local\Temp



Periodic native trim disabled

JNI global refs:
JNI global refs: 94, weak refs: 14262

JNI global refs memory usage: 4723, weak refs: 143129

OOME stack traces (most recent first):
Classloader memory used:
Loader jdk.internal.loader.ClassLoaders$AppClassLoader                                 : 8414K
Loader bootstrap                                                                       : 3408K
Loader org.springframework.boot.devtools.restart.classloader.RestartClassLoader        : 277K
Loader jdk.internal.loader.ClassLoaders$PlatformClassLoader                            : 102272B
Loader jdk.internal.reflect.DelegatingClassLoader                                      : 56724B
Loader org.springframework.boot.web.embedded.tomcat.TomcatEmbeddedWebappClassLoader    : 396B
Loader net.bytebuddy.utility.dispatcher.JavaDispatcher$DynamicClassLoader              : 285B

Classes loaded by more than one classloader:
Class com.sbs.SmartBillingSystem.SmartBillingSystemApplication                        : loaded 3 times (x 69B)
Class com.sbs.SmartBillingSystem.SecurityConfiguration.SecurtyConfig$$SpringCGLIB$$1  : loaded 2 times (x 85B)
Class com.sbs.SmartBillingSystem.SecurityConfiguration.SecurtyConfig$$SpringCGLIB$$2  : loaded 2 times (x 85B)
Class com.sbs.SmartBillingSystem.Services.EmailService                                : loaded 2 times (x 68B)
Class com.sbs.SmartBillingSystem.controllers.ctr_master                               : loaded 2 times (x 78B)
Class com.sbs.SmartBillingSystem.SecurityConfiguration.SecurtyConfig$$SpringCGLIB$$0  : loaded 2 times (x 77B)
Class org.springframework.security.config.annotation.web.configuration.WebSecurityConfiguration$$SpringCGLIB$$0: loaded 2 times (x 85B)
Class com.sbs.SmartBillingSystem.Repository.CategoryRepo                              : loaded 2 times (x 68B)
Class com.sbs.SmartBillingSystem.Services.ServiceImpl.EmailServiceImpl                : loaded 2 times (x 74B)
Class com.sbs.SmartBillingSystem.Repository.ProductRepo                               : loaded 2 times (x 68B)
Class com.sbs.SmartBillingSystem.Entity.serializedObject.DesObjChallanProduct         : loaded 2 times (x 74B)
Class com.sbs.SmartBillingSystem.SmartBillingSystemApplication$$SpringCGLIB$$0        : loaded 2 times (x 75B)
Class com.sbs.SmartBillingSystem.Entity.User                                          : loaded 2 times (x 88B)
Class com.sbs.SmartBillingSystem.controllers.GridRestController                       : loaded 2 times (x 72B)
Class com.sbs.SmartBillingSystem.Entity.serializedObject.DesObjBillProduct            : loaded 2 times (x 74B)
Class com.sbs.SmartBillingSystem.controllers.ctr                                      : loaded 2 times (x 89B)
Class com.sbs.SmartBillingSystem.Repository.AttendenceRepo                            : loaded 2 times (x 68B)
Class com.sbs.SmartBillingSystem.Entity.Bill                                          : loaded 2 times (x 93B)
Class com.sbs.SmartBillingSystem.Repository.CompanyRepo                               : loaded 2 times (x 68B)
Class com.sbs.SmartBillingSystem.Services.InvoiceService                              : loaded 2 times (x 68B)
Class com.sbs.SmartBillingSystem.SecurityConfiguration.UserDetailsServiceImpl         : loaded 2 times (x 74B)
Class com.sbs.SmartBillingSystem.SecurityConfiguration.MyConfigSetting$$SpringCGLIB$$0: loaded 2 times (x 91B)
Class com.sbs.SmartBillingSystem.SecurityConfiguration.MyConfigSetting$$SpringCGLIB$$1: loaded 2 times (x 85B)
Class com.sbs.SmartBillingSystem.SecurityConfiguration.MyConfigSetting$$SpringCGLIB$$2: loaded 2 times (x 85B)
Class com.sbs.SmartBillingSystem.Entity.Branch                                        : loaded 2 times (x 82B)
Class com.sbs.SmartBillingSystem.Services.ServiceImpl.ReportDataServiceImpl           : loaded 2 times (x 74B)
Class com.sbs.SmartBillingSystem.Entity.Brand                                         : loaded 2 times (x 76B)
Class com.sbs.SmartBillingSystem.Services.ReportDataService                           : loaded 2 times (x 68B)
Class com.sbs.SmartBillingSystem.Entity.Attendence                                    : loaded 2 times (x 78B)
Class com.sbs.SmartBillingSystem.Entity.Designation                                   : loaded 2 times (x 76B)
Class com.sbs.SmartBillingSystem.Entity.PurchaseOrder                                 : loaded 2 times (x 92B)
Class com.sbs.SmartBillingSystem.Entity.BillDetails                                   : loaded 2 times (x 86B)
Class com.sbs.SmartBillingSystem.Repository.PurchaseOrderRepo                         : loaded 2 times (x 68B)
Class com.sbs.SmartBillingSystem.Repository.BillRepo                                  : loaded 2 times (x 68B)
Class com.sbs.SmartBillingSystem.Repository.BillDetailRepo                            : loaded 2 times (x 68B)
Class com.sbs.SmartBillingSystem.Repository.SupplierRepo                              : loaded 2 times (x 68B)
Class com.sbs.SmartBillingSystem.Entity.Customer                                      : loaded 2 times (x 82B)
Class com.sbs.SmartBillingSystem.controllers.GridViewController                       : loaded 2 times (x 75B)
Class com.sbs.SmartBillingSystem.Entity.Suppiler                                      : loaded 2 times (x 84B)
Class com.sbs.SmartBillingSystem.controllers.emailctr                                 : loaded 2 times (x 69B)
Class com.sbs.SmartBillingSystem.Repository.DesignationRepo                           : loaded 2 times (x 68B)
Class com.sbs.SmartBillingSystem.Repository.BranchRepo                                : loaded 2 times (x 68B)
Class com.sbs.SmartBillingSystem.Entity.MonthMaster                                   : loaded 2 times (x 80B)
Class com.sbs.SmartBillingSystem.controllers.restCtr                                  : loaded 2 times (x 69B)
Class com.sbs.SmartBillingSystem.Repository.ChallanRepo                               : loaded 2 times (x 68B)
Class com.sbs.SmartBillingSystem.Helper.InvoiveHelper2                                : loaded 2 times (x 69B)
Class com.sbs.SmartBillingSystem.SecurityConfiguration.MyConfigSetting                : loaded 2 times (x 85B)
Class com.sbs.SmartBillingSystem.Services.ServiceImpl.InvoiceServiceImp               : loaded 2 times (x 80B)
Class com.sbs.SmartBillingSystem.Repository.CustomerRepo                              : loaded 2 times (x 68B)
Class com.sbs.SmartBillingSystem.Helper.EmailHelper                                   : loaded 2 times (x 69B)
Class com.sbs.SmartBillingSystem.Services.DataImportService                           : loaded 2 times (x 68B)
Class com.sbs.SmartBillingSystem.Entity.Category                                      : loaded 2 times (x 76B)
Class com.sbs.SmartBillingSystem.Entity.Challan                                       : loaded 2 times (x 88B)
Class com.sbs.SmartBillingSystem.controllers.ctrService                               : loaded 2 times (x 76B)
Class com.sbs.SmartBillingSystem.Entity.Company                                       : loaded 2 times (x 82B)
Class com.sbs.SmartBillingSystem.Repository.BrandRepo                                 : loaded 2 times (x 68B)
Class com.sbs.SmartBillingSystem.Repository.UserRepo                                  : loaded 2 times (x 68B)
Class com.sbs.SmartBillingSystem.Services.ServiceImpl.DataImportServiceImpl           : loaded 2 times (x 74B)
Class com.sbs.SmartBillingSystem.SecurityConfiguration.CustomUserDetails              : loaded 2 times (x 86B)
Class com.sbs.SmartBillingSystem.SecurityConfiguration.SecurtyConfig                  : loaded 2 times (x 71B)
Class com.sbs.SmartBillingSystem.Entity.Product                                       : loaded 2 times (x 109B)


---------------  S Y S T E M  ---------------

OS:
 Windows 10 , 64 bit Build 19041 (10.0.19041.3636)
OS uptime: 1 days 1:13 hours

CPU: total 4 (initial active 4) (2 cores per cpu, 2 threads per core) family 6 model 58 stepping 9 microcode 0x21, cx8, cmov, fxsr, ht, mmx, sse, sse2, sse3, ssse3, sse4.1, sse4.2, popcnt, tsc, tscinvbit, avx, erms, clmul, vzeroupper, clflush
Processor Information for all 4 processors :
  Max Mhz: 3300, Current Mhz: 3300, Mhz Limit: 3300

Memory: 4k page, system-wide physical 8082M (650M free)
TotalPageFile size 11154M (AvailPageFile size 2078M)
current process WorkingSet (physical memory assigned to process): 544M, peak: 546M
current process commit charge ("private bytes"): 580M, peak: 583M

vm_info: OpenJDK 64-Bit Server VM (17.0.9+7-b1087.9) for windows-amd64 JRE (17.0.9+7-b1087.9), built on 2023-12-05 by "builduser" with MS VC++ 16.10 / 16.11 (VS2019)

END.
