#
# A fatal error has been detected by the Java Runtime Environment:
#
#  EXCEPTION_ACCESS_VIOLATION (0xc0000005) at pc=0x00007ffacd8dcac8, pid=612, tid=10108
#
# JRE version: OpenJDK Runtime Environment Temurin-17.0.10+7 (17.0.10+7) (build 17.0.10+7)
# Java VM: OpenJDK 64-Bit Server VM Temurin-17.0.10+7 (17.0.10+7, mixed mode, tiered, compressed oops, compressed class ptrs, parallel gc, windows-amd64)
# Problematic frame:
# V  [jvm.dll+0xcac8]
#
# No core dump will be written. Minidumps are not enabled by default on client versions of Windows
#
# If you would like to submit a bug report, please visit:
#   https://github.com/adoptium/adoptium-support/issues
#

---------------  S U M M A R Y ------------

Command Line: --add-modules=ALL-SYSTEM --add-opens=java.base/java.util=ALL-UNNAMED --add-opens=java.base/java.lang=ALL-UNNAMED --add-opens=java.base/sun.nio.fs=ALL-UNNAMED -Declipse.application=org.eclipse.jdt.ls.core.id1 -Dosgi.bundles.defaultStartLevel=4 -Declipse.product=org.eclipse.jdt.ls.core.product -Djava.import.generatesMetadataFilesAtProjectRoot=false -DDetectVMInstallationsJob.disabled=true -Dfile.encoding=utf8 -XX:+UseParallelGC -XX:GCTimeRatio=4 -XX:AdaptiveSizePolicyWeight=90 -Dsun.zip.disableMemoryMapping=true -Xmx1G -Xms100m -Xlog:disable -javaagent:c:\Users\User\.vscode\extensions\redhat.java-1.28.1-win32-x64\lombok\lombok-1.18.31.jar -XX:+HeapDumpOnOutOfMemoryError -XX:HeapDumpPath=c:\Users\User\AppData\Roaming\Code\User\workspaceStorage\fa6277eb2518f508ced274ced3ce914a\redhat.java -Daether.dependencyCollector.impl=bf c:\Users\User\.vscode\extensions\redhat.java-1.28.1-win32-x64\server\plugins\org.eclipse.equinox.launcher_1.6.700.v20231214-2017.jar -configuration c:\Users\User\AppData\Roaming\Code\User\globalStorage\redhat.java\1.28.1\config_win -data c:\Users\User\AppData\Roaming\Code\User\workspaceStorage\fa6277eb2518f508ced274ced3ce914a\redhat.java\jdt_ws --stdio

Host: Intel(R) Core(TM) i3-3220 CPU @ 3.30GHz, 4 cores, 7G,  Windows 10 , 64 bit Build 19041 (10.0.19041.3636)
Time: Mon Mar 18 20:59:43 2024 India Standard Time elapsed time: 945.276533 seconds (0d 0h 15m 45s)

---------------  T H R E A D  ---------------

Current thread (0x00000297fa199960):  GCTaskThread "GC Thread#0" [stack: 0x000000a64a300000,0x000000a64a400000] [id=10108]

Stack: [0x000000a64a300000,0x000000a64a400000],  sp=0x000000a64a3ff408,  free space=1021k
Native frames: (J=compiled Java code, j=interpreted, Vv=VM code, C=native code)
V  [jvm.dll+0xcac8]


siginfo: EXCEPTION_ACCESS_VIOLATION (0xc0000005), reading address 0x0000000000000290


Registers:
RAX=0x0000000000000001, RBX=0x00000000c6b47d30, RCX=0x0000000000000003, RDX=0x00000000c6b47d30
RSP=0x000000a64a3ff408, RBP=0x000000a64a3ff500, RSI=0x00000000c6b47d14, RDI=0x00000297fa232910
R8 =0x0000000000000288, R9 =0x0000000000035a3e, R10=0x0000000000000047, R11=0x0000000000000003
R12=0x000000a64a4ff328, R13=0x0000000000000010, R14=0x0000000100060e40, R15=0x00000000c6b47cf0
RIP=0x00007ffacd8dcac8, EFLAGS=0x0000000000010206


Register to memory mapping:

RIP=0x00007ffacd8dcac8 jvm.dll
RAX=0x0000000000000001 is an unknown value
RBX=0x00000000c6b47d30 is pointing into object: org.eclipse.m2e.core.internal.project.registry.MavenRequiredCapability 
{0x00000000c6b47d18} - klass: 'org/eclipse/m2e/core/internal/project/registry/MavenRequiredCapability'
 - ---- fields (total size 4 words):
 - private final 'versionlessKey' 'Lorg/eclipse/m2e/core/internal/project/registry/VersionlessKey;' @12  a 'org/eclipse/m2e/core/internal/project/registry/VersionlessKey'{0x00000000c6b47c08} (c6b47c08)
 - private final 'optional' 'Z' @16  false
 - private final 'resolved' 'Z' @17  true
 - private final 'versionRange' 'Ljava/lang/String;' @20  "6.0.3"{0x00000000c34b4da8} (c34b4da8)
 - private final 'scope' 'Ljava/lang/String;' @24  "compile"{0x00000000c6b25828} (c6b25828)
RCX=0x0000000000000003 is an unknown value
RDX=0x00000000c6b47d30 is pointing into object: org.eclipse.m2e.core.internal.project.registry.MavenRequiredCapability 
{0x00000000c6b47d18} - klass: 'org/eclipse/m2e/core/internal/project/registry/MavenRequiredCapability'
 - ---- fields (total size 4 words):
 - private final 'versionlessKey' 'Lorg/eclipse/m2e/core/internal/project/registry/VersionlessKey;' @12  a 'org/eclipse/m2e/core/internal/project/registry/VersionlessKey'{0x00000000c6b47c08} (c6b47c08)
 - private final 'optional' 'Z' @16  false
 - private final 'resolved' 'Z' @17  true
 - private final 'versionRange' 'Ljava/lang/String;' @20  "6.0.3"{0x00000000c34b4da8} (c34b4da8)
 - private final 'scope' 'Ljava/lang/String;' @24  "compile"{0x00000000c6b25828} (c6b25828)
RSP=0x000000a64a3ff408 points into unknown readable memory: 0x00007ffacdf80cc2 | c2 0c f8 cd fa 7f 00 00
RBP=0x000000a64a3ff500 points into unknown readable memory: 0x00007fface281158 | 58 11 28 ce fa 7f 00 00
RSI=0x00000000c6b47d14 is pointing into object: java.util.LinkedHashMap$Entry 
{0x00000000c6b47cf0} - klass: 'java/util/LinkedHashMap$Entry'
 - ---- fields (total size 5 words):
 - final 'hash' 'I' @12  1870408328 (6f7c2a88)
 - final 'key' 'Ljava/lang/Object;' @16  a 'org/eclipse/m2e/core/internal/project/registry/MavenRequiredCapability'{0x00000000c6b47d18} (c6b47d18)
 - 'value' 'Ljava/lang/Object;' @20  
[error occurred during error reporting (printing register info), id 0xc0000005, EXCEPTION_ACCESS_VIOLATION (0xc0000005) at pc=0x00007ffacdf39a83]

Top of Stack: (sp=0x000000a64a3ff408)
0x000000a64a3ff408:   00007ffacdf80cc2 00000000c6b47cf0
0x000000a64a3ff418:   0000000000000005 000000a64a3ff500
0x000000a64a3ff428:   00007ffacdf7fad9 00000297fa232910
0x000000a64a3ff438:   00007ffacdf7e572 00000000c6b47d30
0x000000a64a3ff448:   0000000100632800 00000000c66ccca0
0x000000a64a3ff458:   00007ffacdf7f81f 0000000100060e38
0x000000a64a3ff468:   00007ffacdf7edee 00000000c6b47d04
0x000000a64a3ff478:   00007ffacdf8035e 00000000c6b41700
0x000000a64a3ff488:   00000000c0c00cb0 0000000000000000
0x000000a64a3ff498:   00007fface3fc7a0 000000000000c96c
0x000000a64a3ff4a8:   00007ffacdf806a4 00007fface281158
0x000000a64a3ff4b8:   00000297fa232910 00007fface1ebb90
0x000000a64a3ff4c8:   000000000000c96c 0000000000000000
0x000000a64a3ff4d8:   00007ffa00000000 00000297fa232910
0x000000a64a3ff4e8:   00007ffacdf7e581 00000000c0c188c8
0x000000a64a3ff4f8:   00007ffacdf7e500 00007fface281158
0x000000a64a3ff508:   00000297fa1864f0 0000000100000003
0x000000a64a3ff518:   00000297fa232910 0000000000000000
0x000000a64a3ff528:   0000000000000000 0000000000000000
0x000000a64a3ff538:   00000000c0d6b448 00007fface3fc7a0
0x000000a64a3ff548:   000000000000000c 00000297fa232910
0x000000a64a3ff558:   00007ffacdf88de1 000000000000000c
0x000000a64a3ff568:   00007fface281158 00000297fa232910
0x000000a64a3ff578:   00007fface281158 00000000c0d5f438
0x000000a64a3ff588:   00007ffa00002800 00007fface281158
0x000000a64a3ff598:   00000297fa1864f0 0000000000000003
0x000000a64a3ff5a8:   00000297fa232910 0000000000000020
0x000000a64a3ff5b8:   00000297fefce980 000000a64a4ff2e8
0x000000a64a3ff5c8:   000000a64a4ff1e0 0000000000000000
0x000000a64a3ff5d8:   00007ffacdf89cfa 0000000000000005
0x000000a64a3ff5e8:   000000a64a3ff660 00000000c0bdd2f0
0x000000a64a3ff5f8:   0000000000000001 000000a64a4ff580 

Instructions: (pc=0x00007ffacd8dcac8)
0x00007ffacd8dc9c8:   48 83 c4 20 5e c3 cc cc 48 8b 01 c3 cc cc cc cc
0x00007ffacd8dc9d8:   cc cc cc cc cc cc cc cc 4c 8b 01 4c 8b c9 48 8b
0x00007ffacd8dc9e8:   0d e3 60 b6 00 ba 44 60 08 00 e9 d9 f1 ff ff cc
0x00007ffacd8dc9f8:   cc cc cc cc cc cc cc cc 48 89 5c 24 08 57 48 83
0x00007ffacd8dca08:   ec 20 48 8b 39 48 8b d9 48 85 3d 01 4a bb 00 75
0x00007ffacd8dca18:   0e 48 8b c7 48 8b 5c 24 30 48 83 c4 20 5f c3 48
0x00007ffacd8dca28:   8b cf e8 41 98 85 00 48 8b d0 48 85 c0 74 20 48
0x00007ffacd8dca38:   8b c7 f0 48 0f b1 13 74 16 48 85 05 d0 49 bb 00
0x00007ffacd8dca48:   74 0d 48 8b c8 f0 48 0f b1 13 48 3b c1 75 ea 48
0x00007ffacd8dca58:   8b 5c 24 30 48 8b c2 48 83 c4 20 5f c3 cc cc cc
0x00007ffacd8dca68:   cc cc cc cc cc cc cc cc 4c 8b 01 4c 8b c9 48 8b
0x00007ffacd8dca78:   0d 53 60 b6 00 ba 64 60 08 00 e9 49 f1 ff ff cc
0x00007ffacd8dca88:   cc cc cc cc cc cc cc cc 8b 05 62 a8 b0 00 c3 cc
0x00007ffacd8dca98:   cc cc cc cc cc cc cc cc 0f b6 05 db 68 b7 00 48
0x00007ffacd8dcaa8:   8b d1 84 c0 74 16 44 8b 41 08 8b 0d 40 a8 b0 00
0x00007ffacd8dcab8:   49 d3 e0 4c 03 05 2e a8 b0 00 eb 04 4c 8b 41 08
0x00007ffacd8dcac8:   45 8b 50 08 45 85 d2 7e 0e 41 f6 c2 01 75 53 41
0x00007ffacd8dcad8:   c1 fa 03 41 8b c2 c3 79 49 84 c0 b9 10 00 00 00
0x00007ffacd8dcae8:   8b 05 46 b7 b0 00 41 b8 0c 00 00 00 41 0f 45 c8
0x00007ffacd8dcaf8:   ff c8 4c 63 c8 48 63 14 11 41 8b ca 83 e1 3f 48
0x00007ffacd8dcb08:   d3 e2 41 8b ca 48 c1 f9 10 0f b6 c1 49 8d 0c 11
0x00007ffacd8dcb18:   49 f7 d1 48 03 c1 49 c1 e9 03 48 c1 e8 03 41 23
0x00007ffacd8dcb28:   c1 c3 49 8b 00 49 8b c8 48 ff a0 00 01 00 00 cc
0x00007ffacd8dcb38:   cc cc cc cc cc cc cc cc 8b 44 24 30 45 03 c9 44
0x00007ffacd8dcb48:   2b 4c 24 28 83 c0 0b 44 03 ca 45 03 c8 41 03 c1
0x00007ffacd8dcb58:   c3 cc cc cc cc cc cc cc 4c 8b ca 48 8b d1 45 8b
0x00007ffacd8dcb68:   41 08 45 85 c0 7e 0e 41 f6 c0 01 75 56 41 c1 f8
0x00007ffacd8dcb78:   03 41 8b c0 c3 79 4c 80 3d fc 67 b7 00 00 b8 0c
0x00007ffacd8dcb88:   00 00 00 b9 10 00 00 00 0f 45 c8 8b 05 9b b6 b0
0x00007ffacd8dcb98:   00 ff c8 4c 63 c8 48 63 14 11 41 8b c8 83 e1 3f
0x00007ffacd8dcba8:   48 d3 e2 41 8b c8 48 c1 f9 10 0f b6 c1 49 8d 0c
0x00007ffacd8dcbb8:   11 49 f7 d1 48 03 c1 49 c1 e9 03 48 c1 e8 03 41 


Stack slot to memory mapping:
stack at sp + 0 slots: 0x00007ffacdf80cc2 jvm.dll
stack at sp + 1 slots: 0x00000000c6b47cf0 is an oop: java.util.LinkedHashMap$Entry 
{0x00000000c6b47cf0} - klass: 'java/util/LinkedHashMap$Entry'
 - ---- fields (total size 5 words):
 - final 'hash' 'I' @12  1870408328 (6f7c2a88)
 - final 'key' 'Ljava/lang/Object;' @16  a 'org/eclipse/m2e/core/internal/project/registry/MavenRequiredCapability'{0x00000000c6b47d18} (c6b47d18)
 - 'value' 'Ljava/lang/Object;' @20  
[error occurred during error reporting (inspecting top of stack), id 0xc0000005, EXCEPTION_ACCESS_VIOLATION (0xc0000005) at pc=0x00007ffacdf39a83]


---------------  P R O C E S S  ---------------

Threads class SMR info:
_java_thread_list=0x00000297ae561010, length=32, elements={
0x00000297fa186a30, 0x00000297fa2387c0, 0x00000297fa2397d0, 0x00000297fefeb270,
0x00000297fefec000, 0x00000297fefed530, 0x00000297fefefa50, 0x00000297feff82b0,
0x00000297ff011b10, 0x0000029793230860, 0x000002979330dc40, 0x00000297934eb540,
0x0000029793c61020, 0x0000029794007390, 0x0000029794007870, 0x0000029793fd2ea0,
0x0000029794577740, 0x0000029793bb7e10, 0x0000029793bb8320, 0x0000029793bb8830,
0x0000029793bb73f0, 0x0000029793bb5fb0, 0x0000029796611150, 0x000002979660f800,
0x0000029796611b70, 0x000002979660f2f0, 0x000002979660fd10, 0x0000029793bb5080,
0x0000029793bb5590, 0x0000029793bb5aa0, 0x0000029796612aa0, 0x000002979633d5e0
}

Java Threads: ( => current thread )
  0x00000297fa186a30 JavaThread "main" [_thread_blocked, id=12136, stack(0x000000a64a200000,0x000000a64a300000)]
  0x00000297fa2387c0 JavaThread "Reference Handler" daemon [_thread_blocked, id=7328, stack(0x000000a64a500000,0x000000a64a600000)]
  0x00000297fa2397d0 JavaThread "Finalizer" daemon [_thread_blocked, id=9056, stack(0x000000a64a600000,0x000000a64a700000)]
  0x00000297fefeb270 JavaThread "Signal Dispatcher" daemon [_thread_blocked, id=12768, stack(0x000000a64a700000,0x000000a64a800000)]
  0x00000297fefec000 JavaThread "Attach Listener" daemon [_thread_blocked, id=5592, stack(0x000000a64a800000,0x000000a64a900000)]
  0x00000297fefed530 JavaThread "Service Thread" daemon [_thread_blocked, id=9940, stack(0x000000a64a900000,0x000000a64aa00000)]
  0x00000297fefefa50 JavaThread "Monitor Deflation Thread" daemon [_thread_blocked, id=9268, stack(0x000000a64aa00000,0x000000a64ab00000)]
  0x00000297feff82b0 JavaThread "C2 CompilerThread0" daemon [_thread_blocked, id=1220, stack(0x000000a64ab00000,0x000000a64ac00000)]
  0x00000297ff011b10 JavaThread "C1 CompilerThread0" daemon [_thread_blocked, id=884, stack(0x000000a64ac00000,0x000000a64ad00000)]
  0x0000029793230860 JavaThread "Sweeper thread" daemon [_thread_blocked, id=4360, stack(0x000000a64ad00000,0x000000a64ae00000)]
  0x000002979330dc40 JavaThread "Common-Cleaner" daemon [_thread_blocked, id=3676, stack(0x000000a64ae00000,0x000000a64af00000)]
  0x00000297934eb540 JavaThread "Notification Thread" daemon [_thread_blocked, id=12536, stack(0x000000a64af00000,0x000000a64b000000)]
  0x0000029793c61020 JavaThread "Active Thread: Equinox Container: e824db9a-4701-4c2d-9d71-40cfea61e841" [_thread_blocked, id=10632, stack(0x000000a64b400000,0x000000a64b500000)]
  0x0000029794007390 JavaThread "Framework Event Dispatcher: Equinox Container: e824db9a-4701-4c2d-9d71-40cfea61e841" daemon [_thread_blocked, id=10252, stack(0x000000a64b600000,0x000000a64b700000)]
  0x0000029794007870 JavaThread "Start Level: Equinox Container: e824db9a-4701-4c2d-9d71-40cfea61e841" daemon [_thread_blocked, id=9556, stack(0x000000a64b700000,0x000000a64b800000)]
  0x0000029793fd2ea0 JavaThread "Bundle File Closer" daemon [_thread_blocked, id=12812, stack(0x000000a64b500000,0x000000a64b600000)]
  0x0000029794577740 JavaThread "SCR Component Actor" daemon [_thread_blocked, id=5648, stack(0x000000a649f00000,0x000000a64a000000)]
  0x0000029793bb7e10 JavaThread "Worker-JM" [_thread_blocked, id=7196, stack(0x000000a64a100000,0x000000a64a200000)]
  0x0000029793bb8320 JavaThread "Worker-0" [_thread_blocked, id=10488, stack(0x000000a64ba00000,0x000000a64bb00000)]
  0x0000029793bb8830 JavaThread "Java indexing" daemon [_thread_blocked, id=3992, stack(0x000000a64bd00000,0x000000a64be00000)]
  0x0000029793bb73f0 JavaThread "JNA Cleaner" daemon [_thread_blocked, id=7288, stack(0x000000a64bc00000,0x000000a64bd00000)]
  0x0000029793bb5fb0 JavaThread "pool-2-thread-1" [_thread_blocked, id=5344, stack(0x000000a64c100000,0x000000a64c200000)]
  0x0000029796611150 JavaThread "WorkspaceEventsHandler" [_thread_blocked, id=10860, stack(0x000000a64c200000,0x000000a64c300000)]
  0x000002979660f800 JavaThread "pool-1-thread-1" [_thread_in_native, id=8240, stack(0x000000a64c300000,0x000000a64c400000)]
  0x0000029796611b70 JavaThread "Worker-10" [_thread_blocked, id=10080, stack(0x000000a64c500000,0x000000a64c600000)]
  0x000002979660f2f0 JavaThread "Worker-12" [_thread_blocked, id=6460, stack(0x000000a64b800000,0x000000a64b900000)]
  0x000002979660fd10 JavaThread "ForkJoinPool.commonPool-worker-6" daemon [_thread_blocked, id=5084, stack(0x000000a64bf00000,0x000000a64c000000)]
  0x0000029793bb5080 JavaThread "ForkJoinPool.commonPool-worker-7" daemon [_thread_blocked, id=10956, stack(0x000000a64a000000,0x000000a64a100000)]
  0x0000029793bb5590 JavaThread "ForkJoinPool.commonPool-worker-8" daemon [_thread_blocked, id=12524, stack(0x000000a64b900000,0x000000a64ba00000)]
  0x0000029793bb5aa0 JavaThread "Worker-14" [_thread_blocked, id=9068, stack(0x000000a64bb00000,0x000000a64bc00000)]
  0x0000029796612aa0 JavaThread "Worker-15" [_thread_blocked, id=5984, stack(0x000000a64be00000,0x000000a64bf00000)]
  0x000002979633d5e0 JavaThread "C2 CompilerThread1" daemon [_thread_blocked, id=7264, stack(0x000000a64c000000,0x000000a64c100000)]

Other Threads:
  0x00000297fefb5920 VMThread "VM Thread" [stack: 0x000000a64a400000,0x000000a64a500000] [id=13252]
  0x00000297934eba20 WatcherThread [stack: 0x000000a64b000000,0x000000a64b100000] [id=11448]
=>0x00000297fa199960 GCTaskThread "GC Thread#0" [stack: 0x000000a64a300000,0x000000a64a400000] [id=10108]
  0x0000029793da9e50 GCTaskThread "GC Thread#1" [stack: 0x000000a64b100000,0x000000a64b200000] [id=5548]
  0x0000029793daa110 GCTaskThread "GC Thread#2" [stack: 0x000000a64b200000,0x000000a64b300000] [id=7368]
  0x0000029793ffa010 GCTaskThread "GC Thread#3" [stack: 0x000000a64b300000,0x000000a64b400000] [id=7336]

Threads with active compile tasks:
C2 CompilerThread0   945329 21597       4       org.eclipse.jdt.internal.compiler.parser.SourceTypeConverter::convert (787 bytes)
C2 CompilerThread1   945329 21629   !   4       org.eclipse.jdt.core.dom.DefaultCommentMapper::storeTrailingComments (794 bytes)

VM state: at safepoint (normal execution)

VM Mutex/Monitor currently owned by a thread:  ([mutex/lock_event])
[0x00000297fa181bd0] Threads_lock - owner thread: 0x00000297fefb5920
[0x00000297fa181c60] Heap_lock - owner thread: 0x0000029793bb5590

Heap address: 0x00000000c0000000, size: 1024 MB, Compressed Oops mode: 32-bit

CDS archive(s) not mapped
Compressed class space mapped at: 0x0000000100000000-0x0000000140000000, reserved size: 1073741824
Narrow klass base: 0x0000000000000000, Narrow klass shift: 3, Narrow klass range: 0x140000000

GC Precious Log:
 CPUs: 4 total, 4 available
 Memory: 8082M
 Large Page Support: Disabled
 NUMA Support: Disabled
 Compressed Oops: Enabled (32-bit)
 Alignments: Space 512K, Generation 512K, Heap 2M
 Heap Min Capacity: 100M
 Heap Initial Capacity: 100M
 Heap Max Capacity: 1G
 Pre-touch: Disabled
 Parallel Workers: 4

Heap:
 PSYoungGen      total 9728K, used 317K [0x00000000eab00000, 0x00000000ebf80000, 0x0000000100000000)
  eden space 9216K, 0% used [0x00000000eab00000,0x00000000eab00000,0x00000000eb400000)
  from space 512K, 62% used [0x00000000ebf00000,0x00000000ebf4f620,0x00000000ebf80000)
  to   space 4096K, 0% used [0x00000000eb780000,0x00000000eb780000,0x00000000ebb80000)
 ParOldGen       total 221696K, used 218676K [0x00000000c0000000, 0x00000000cd880000, 0x00000000eab00000)
  object space 221696K, 98% used [0x00000000c0000000,0x00000000cd58d040,0x00000000cd880000)
 Metaspace       used 92064K, committed 93632K, reserved 1179648K
  class space    used 9340K, committed 10048K, reserved 1048576K

Card table byte_map: [0x00000297f9b50000,0x00000297f9d60000] _byte_map_base: 0x00000297f9550000

Marking Bits: (ParMarkBitMap*) 0x00007fface46d7d0
 Begin Bits: [0x00000297fce20000, 0x00000297fde20000)
 End Bits:   [0x00000297fde20000, 0x00000297fee20000)

Polling page: 0x00000297f9940000

Metaspace:

Usage:
  Non-class:     80.79 MB used.
      Class:      9.12 MB used.
       Both:     89.91 MB used.

Virtual space:
  Non-class space:      128.00 MB reserved,      81.62 MB ( 64%) committed,  2 nodes.
      Class space:        1.00 GB reserved,       9.81 MB ( <1%) committed,  1 nodes.
             Both:        1.12 GB reserved,      91.44 MB (  8%) committed. 

Chunk freelists:
   Non-Class:  13.51 MB
       Class:  6.19 MB
        Both:  19.71 MB

MaxMetaspaceSize: unlimited
CompressedClassSpaceSize: 1.00 GB
Initial GC threshold: 21.00 MB
Current GC threshold: 152.44 MB
CDS: off
MetaspaceReclaimPolicy: balanced
 - commit_granule_bytes: 65536.
 - commit_granule_words: 8192.
 - virtual_space_node_default_size: 8388608.
 - enlarge_chunks_in_place: 1.
 - new_chunks_are_fully_committed: 0.
 - uncommit_free_chunks: 1.
 - use_allocation_guard: 0.
 - handle_deallocations: 1.


Internal statistics:

num_allocs_failed_limit: 9.
num_arena_births: 1204.
num_arena_deaths: 120.
num_vsnodes_births: 3.
num_vsnodes_deaths: 0.
num_space_committed: 1467.
num_space_uncommitted: 4.
num_chunks_returned_to_freelist: 182.
num_chunks_taken_from_freelist: 5050.
num_chunk_merges: 56.
num_chunk_splits: 3149.
num_chunks_enlarged: 1857.
num_inconsistent_stats: 0.

CodeHeap 'non-profiled nmethods': size=120000Kb used=18598Kb max_used=18598Kb free=101401Kb
 bounds [0x0000029787ad0000, 0x0000029788d00000, 0x000002978f000000]
CodeHeap 'profiled nmethods': size=120000Kb used=37524Kb max_used=37524Kb free=82475Kb
 bounds [0x0000029780000000, 0x00000297824b0000, 0x0000029787530000]
CodeHeap 'non-nmethods': size=5760Kb used=1439Kb max_used=1507Kb free=4320Kb
 bounds [0x0000029787530000, 0x00000297877a0000, 0x0000029787ad0000]
 total_blobs=17527 nmethods=16731 adapters=706
 compilation: enabled
              stopped_count=0, restarted_count=0
 full_count=0

Compilation events (20 events):
Event: 944.940 Thread 0x00000297ff011b10 21632       3       org.eclipse.jdt.internal.core.search.SubTypeSearchJob$$Lambda$804/0x0000000100899a80::accept (8 bytes)
Event: 944.940 Thread 0x00000297ff011b10 nmethod 21632 0x0000029780489910 code [0x0000029780489ac0, 0x0000029780489da8]
Event: 944.955 Thread 0x00000297ff011b10 21633       3       org.eclipse.jdt.internal.core.JavaElement::getChildrenOfType (62 bytes)
Event: 944.955 Thread 0x00000297ff011b10 nmethod 21633 0x00000297824a2f10 code [0x00000297824a3120, 0x00000297824a3a38]
Event: 944.964 Thread 0x00000297ff011b10 21634   !   3       org.eclipse.jdt.internal.core.JavaProjectElementInfo::getProjectCache (291 bytes)
Event: 944.966 Thread 0x00000297ff011b10 nmethod 21634 0x00000297824a3e10 code [0x00000297824a4160, 0x00000297824a5af8]
Event: 944.996 Thread 0x000002979633d5e0 nmethod 21598% 0x0000029788ce1e90 code [0x0000029788ce2260, 0x0000029788ce8880]
Event: 944.996 Thread 0x000002979633d5e0 21629   !   4       org.eclipse.jdt.core.dom.DefaultCommentMapper::storeTrailingComments (794 bytes)
Event: 945.026 Thread 0x00000297ff011b10 21635       3       java.util.stream.Streams$ConcatSpliterator::characteristics (56 bytes)
Event: 945.026 Thread 0x00000297ff011b10 nmethod 21635 0x00000297824a6610 code [0x00000297824a67e0, 0x00000297824a6c28]
Event: 945.026 Thread 0x00000297ff011b10 21636       3       java.util.stream.SpinedBuffer::capacity (38 bytes)
Event: 945.026 Thread 0x00000297ff011b10 nmethod 21636 0x00000297824a6d90 code [0x00000297824a6f40, 0x00000297824a7138]
Event: 945.059 Thread 0x00000297feff82b0 nmethod 21546 0x0000029788cead10 code [0x0000029788ceb280, 0x0000029788cf2d40]
Event: 945.059 Thread 0x00000297feff82b0 21605       4       org.eclipse.jdt.internal.compiler.codegen.StackMapFrameCodeStream::addDefinitelyAssignedVariables (86 bytes)
Event: 945.064 Thread 0x00000297feff82b0 nmethod 21605 0x0000029788cf9190 code [0x0000029788cf9340, 0x0000029788cf9668]
Event: 945.065 Thread 0x00000297feff82b0 21597       4       org.eclipse.jdt.internal.compiler.parser.SourceTypeConverter::convert (787 bytes)
Event: 945.071 Thread 0x00000297ff011b10 21638       3       org.eclipse.jdt.internal.core.hierarchy.HierarchyResolver::rememberAllTypes (320 bytes)
Event: 945.073 Thread 0x00000297ff011b10 nmethod 21638 0x00000297824a7290 code [0x00000297824a76c0, 0x00000297824a98a8]
Event: 945.074 Thread 0x00000297ff011b10 21639       3       org.eclipse.jdt.internal.core.hierarchy.HierarchyResolver::rememberWithMemberTypes (69 bytes)
Event: 945.074 Thread 0x00000297ff011b10 nmethod 21639 0x00000297824aa590 code [0x00000297824aa780, 0x00000297824aabb8]

GC Heap History (20 events):
Event: 944.740 GC heap after
{Heap after GC invocations=1220 (full 17):
 PSYoungGen      total 13824K, used 4606K [0x00000000eab00000, 0x00000000ec900000, 0x0000000100000000)
  eden space 9216K, 0% used [0x00000000eab00000,0x00000000eab00000,0x00000000eb400000)
  from space 4608K, 99% used [0x00000000eb400000,0x00000000eb87fb60,0x00000000eb880000)
  to   space 10752K, 0% used [0x00000000ebe80000,0x00000000ebe80000,0x00000000ec900000)
 ParOldGen       total 221696K, used 200242K [0x00000000c0000000, 0x00000000cd880000, 0x00000000eab00000)
  object space 221696K, 90% used [0x00000000c0000000,0x00000000cc38c978,0x00000000cd880000)
 Metaspace       used 92037K, committed 93632K, reserved 1179648K
  class space    used 9340K, committed 10048K, reserved 1048576K
}
Event: 944.776 GC heap before
{Heap before GC invocations=1221 (full 17):
 PSYoungGen      total 13824K, used 13822K [0x00000000eab00000, 0x00000000ec900000, 0x0000000100000000)
  eden space 9216K, 100% used [0x00000000eab00000,0x00000000eb400000,0x00000000eb400000)
  from space 4608K, 99% used [0x00000000eb400000,0x00000000eb87fb60,0x00000000eb880000)
  to   space 10752K, 0% used [0x00000000ebe80000,0x00000000ebe80000,0x00000000ec900000)
 ParOldGen       total 221696K, used 200242K [0x00000000c0000000, 0x00000000cd880000, 0x00000000eab00000)
  object space 221696K, 90% used [0x00000000c0000000,0x00000000cc38c978,0x00000000cd880000)
 Metaspace       used 92037K, committed 93632K, reserved 1179648K
  class space    used 9340K, committed 10048K, reserved 1048576K
}
Event: 944.778 GC heap after
{Heap after GC invocations=1221 (full 17):
 PSYoungGen      total 10240K, used 873K [0x00000000eab00000, 0x00000000ebf80000, 0x0000000100000000)
  eden space 9216K, 0% used [0x00000000eab00000,0x00000000eab00000,0x00000000eb400000)
  from space 1024K, 85% used [0x00000000ebe80000,0x00000000ebf5a400,0x00000000ebf80000)
  to   space 4096K, 0% used [0x00000000eb780000,0x00000000eb780000,0x00000000ebb80000)
 ParOldGen       total 221696K, used 200586K [0x00000000c0000000, 0x00000000cd880000, 0x00000000eab00000)
  object space 221696K, 90% used [0x00000000c0000000,0x00000000cc3e2978,0x00000000cd880000)
 Metaspace       used 92037K, committed 93632K, reserved 1179648K
  class space    used 9340K, committed 10048K, reserved 1048576K
}
Event: 944.811 GC heap before
{Heap before GC invocations=1222 (full 17):
 PSYoungGen      total 10240K, used 10089K [0x00000000eab00000, 0x00000000ebf80000, 0x0000000100000000)
  eden space 9216K, 100% used [0x00000000eab00000,0x00000000eb400000,0x00000000eb400000)
  from space 1024K, 85% used [0x00000000ebe80000,0x00000000ebf5a400,0x00000000ebf80000)
  to   space 4096K, 0% used [0x00000000eb780000,0x00000000eb780000,0x00000000ebb80000)
 ParOldGen       total 221696K, used 200586K [0x00000000c0000000, 0x00000000cd880000, 0x00000000eab00000)
  object space 221696K, 90% used [0x00000000c0000000,0x00000000cc3e2978,0x00000000cd880000)
 Metaspace       used 92050K, committed 93632K, reserved 1179648K
  class space    used 9340K, committed 10048K, reserved 1048576K
}
Event: 944.814 GC heap after
{Heap after GC invocations=1222 (full 17):
 PSYoungGen      total 13312K, used 537K [0x00000000eab00000, 0x00000000ebf00000, 0x0000000100000000)
  eden space 9216K, 0% used [0x00000000eab00000,0x00000000eab00000,0x00000000eb400000)
  from space 4096K, 13% used [0x00000000eb780000,0x00000000eb806410,0x00000000ebb80000)
  to   space 1536K, 0% used [0x00000000ebd80000,0x00000000ebd80000,0x00000000ebf00000)
 ParOldGen       total 221696K, used 200731K [0x00000000c0000000, 0x00000000cd880000, 0x00000000eab00000)
  object space 221696K, 90% used [0x00000000c0000000,0x00000000cc406d78,0x00000000cd880000)
 Metaspace       used 92050K, committed 93632K, reserved 1179648K
  class space    used 9340K, committed 10048K, reserved 1048576K
}
Event: 944.853 GC heap before
{Heap before GC invocations=1223 (full 17):
 PSYoungGen      total 13312K, used 9753K [0x00000000eab00000, 0x00000000ebf00000, 0x0000000100000000)
  eden space 9216K, 100% used [0x00000000eab00000,0x00000000eb400000,0x00000000eb400000)
  from space 4096K, 13% used [0x00000000eb780000,0x00000000eb806410,0x00000000ebb80000)
  to   space 1536K, 0% used [0x00000000ebd80000,0x00000000ebd80000,0x00000000ebf00000)
 ParOldGen       total 221696K, used 200731K [0x00000000c0000000, 0x00000000cd880000, 0x00000000eab00000)
  object space 221696K, 90% used [0x00000000c0000000,0x00000000cc406d78,0x00000000cd880000)
 Metaspace       used 92052K, committed 93632K, reserved 1179648K
  class space    used 9340K, committed 10048K, reserved 1048576K
}
Event: 944.857 GC heap after
{Heap after GC invocations=1223 (full 17):
 PSYoungGen      total 10752K, used 1534K [0x00000000eab00000, 0x00000000ebf00000, 0x0000000100000000)
  eden space 9216K, 0% used [0x00000000eab00000,0x00000000eab00000,0x00000000eb400000)
  from space 1536K, 99% used [0x00000000ebd80000,0x00000000ebeffbd8,0x00000000ebf00000)
  to   space 2048K, 0% used [0x00000000ebb00000,0x00000000ebb00000,0x00000000ebd00000)
 ParOldGen       total 221696K, used 201212K [0x00000000c0000000, 0x00000000cd880000, 0x00000000eab00000)
  object space 221696K, 90% used [0x00000000c0000000,0x00000000cc47f198,0x00000000cd880000)
 Metaspace       used 92052K, committed 93632K, reserved 1179648K
  class space    used 9340K, committed 10048K, reserved 1048576K
}
Event: 944.897 GC heap before
{Heap before GC invocations=1224 (full 17):
 PSYoungGen      total 10752K, used 10750K [0x00000000eab00000, 0x00000000ebf00000, 0x0000000100000000)
  eden space 9216K, 100% used [0x00000000eab00000,0x00000000eb400000,0x00000000eb400000)
  from space 1536K, 99% used [0x00000000ebd80000,0x00000000ebeffbd8,0x00000000ebf00000)
  to   space 2048K, 0% used [0x00000000ebb00000,0x00000000ebb00000,0x00000000ebd00000)
 ParOldGen       total 221696K, used 201212K [0x00000000c0000000, 0x00000000cd880000, 0x00000000eab00000)
  object space 221696K, 90% used [0x00000000c0000000,0x00000000cc47f198,0x00000000cd880000)
 Metaspace       used 92058K, committed 93632K, reserved 1179648K
  class space    used 9340K, committed 10048K, reserved 1048576K
}
Event: 944.903 GC heap after
{Heap after GC invocations=1224 (full 17):
 PSYoungGen      total 11264K, used 2020K [0x00000000eab00000, 0x00000000ec700000, 0x0000000100000000)
  eden space 9216K, 0% used [0x00000000eab00000,0x00000000eab00000,0x00000000eb400000)
  from space 2048K, 98% used [0x00000000ebb00000,0x00000000ebcf9290,0x00000000ebd00000)
  to   space 9728K, 0% used [0x00000000ebd80000,0x00000000ebd80000,0x00000000ec700000)
 ParOldGen       total 221696K, used 207347K [0x00000000c0000000, 0x00000000cd880000, 0x00000000eab00000)
  object space 221696K, 93% used [0x00000000c0000000,0x00000000cca7cda0,0x00000000cd880000)
 Metaspace       used 92058K, committed 93632K, reserved 1179648K
  class space    used 9340K, committed 10048K, reserved 1048576K
}
Event: 944.941 GC heap before
{Heap before GC invocations=1225 (full 17):
 PSYoungGen      total 11264K, used 11236K [0x00000000eab00000, 0x00000000ec700000, 0x0000000100000000)
  eden space 9216K, 100% used [0x00000000eab00000,0x00000000eb400000,0x00000000eb400000)
  from space 2048K, 98% used [0x00000000ebb00000,0x00000000ebcf9290,0x00000000ebd00000)
  to   space 9728K, 0% used [0x00000000ebd80000,0x00000000ebd80000,0x00000000ec700000)
 ParOldGen       total 221696K, used 207347K [0x00000000c0000000, 0x00000000cd880000, 0x00000000eab00000)
  object space 221696K, 93% used [0x00000000c0000000,0x00000000cca7cda0,0x00000000cd880000)
 Metaspace       used 92058K, committed 93632K, reserved 1179648K
  class space    used 9340K, committed 10048K, reserved 1048576K
}
Event: 944.942 GC heap after
{Heap after GC invocations=1225 (full 17):
 PSYoungGen      total 9728K, used 201K [0x00000000eab00000, 0x00000000ebe00000, 0x0000000100000000)
  eden space 9216K, 0% used [0x00000000eab00000,0x00000000eab00000,0x00000000eb400000)
  from space 512K, 39% used [0x00000000ebd80000,0x00000000ebdb2400,0x00000000ebe00000)
  to   space 3584K, 0% used [0x00000000eb700000,0x00000000eb700000,0x00000000eba80000)
 ParOldGen       total 221696K, used 207766K [0x00000000c0000000, 0x00000000cd880000, 0x00000000eab00000)
  object space 221696K, 93% used [0x00000000c0000000,0x00000000ccae59b0,0x00000000cd880000)
 Metaspace       used 92058K, committed 93632K, reserved 1179648K
  class space    used 9340K, committed 10048K, reserved 1048576K
}
Event: 944.967 GC heap before
{Heap before GC invocations=1226 (full 17):
 PSYoungGen      total 9728K, used 9417K [0x00000000eab00000, 0x00000000ebe00000, 0x0000000100000000)
  eden space 9216K, 100% used [0x00000000eab00000,0x00000000eb400000,0x00000000eb400000)
  from space 512K, 39% used [0x00000000ebd80000,0x00000000ebdb2400,0x00000000ebe00000)
  to   space 3584K, 0% used [0x00000000eb700000,0x00000000eb700000,0x00000000eba80000)
 ParOldGen       total 221696K, used 207766K [0x00000000c0000000, 0x00000000cd880000, 0x00000000eab00000)
  object space 221696K, 93% used [0x00000000c0000000,0x00000000ccae59b0,0x00000000cd880000)
 Metaspace       used 92058K, committed 93632K, reserved 1179648K
  class space    used 9340K, committed 10048K, reserved 1048576K
}
Event: 944.968 GC heap after
{Heap after GC invocations=1226 (full 17):
 PSYoungGen      total 12800K, used 233K [0x00000000eab00000, 0x00000000ebe00000, 0x0000000100000000)
  eden space 9216K, 0% used [0x00000000eab00000,0x00000000eab00000,0x00000000eb400000)
  from space 3584K, 6% used [0x00000000eb700000,0x00000000eb73a400,0x00000000eba80000)
  to   space 1024K, 0% used [0x00000000ebd00000,0x00000000ebd00000,0x00000000ebe00000)
 ParOldGen       total 221696K, used 207895K [0x00000000c0000000, 0x00000000cd880000, 0x00000000eab00000)
  object space 221696K, 93% used [0x00000000c0000000,0x00000000ccb05db0,0x00000000cd880000)
 Metaspace       used 92058K, committed 93632K, reserved 1179648K
  class space    used 9340K, committed 10048K, reserved 1048576K
}
Event: 945.004 GC heap before
{Heap before GC invocations=1227 (full 17):
 PSYoungGen      total 12800K, used 9449K [0x00000000eab00000, 0x00000000ebe00000, 0x0000000100000000)
  eden space 9216K, 100% used [0x00000000eab00000,0x00000000eb400000,0x00000000eb400000)
  from space 3584K, 6% used [0x00000000eb700000,0x00000000eb73a400,0x00000000eba80000)
  to   space 1024K, 0% used [0x00000000ebd00000,0x00000000ebd00000,0x00000000ebe00000)
 ParOldGen       total 221696K, used 207895K [0x00000000c0000000, 0x00000000cd880000, 0x00000000eab00000)
  object space 221696K, 93% used [0x00000000c0000000,0x00000000ccb05db0,0x00000000cd880000)
 Metaspace       used 92058K, committed 93632K, reserved 1179648K
  class space    used 9340K, committed 10048K, reserved 1048576K
}
Event: 945.012 GC heap after
{Heap after GC invocations=1227 (full 17):
 PSYoungGen      total 10240K, used 996K [0x00000000eab00000, 0x00000000ec200000, 0x0000000100000000)
  eden space 9216K, 0% used [0x00000000eab00000,0x00000000eab00000,0x00000000eb400000)
  from space 1024K, 97% used [0x00000000ebd00000,0x00000000ebdf9290,0x00000000ebe00000)
  to   space 7168K, 0% used [0x00000000eb400000,0x00000000eb400000,0x00000000ebb00000)
 ParOldGen       total 221696K, used 212839K [0x00000000c0000000, 0x00000000cd880000, 0x00000000eab00000)
  object space 221696K, 96% used [0x00000000c0000000,0x00000000ccfd9db0,0x00000000cd880000)
 Metaspace       used 92058K, committed 93632K, reserved 1179648K
  class space    used 9340K, committed 10048K, reserved 1048576K
}
Event: 945.049 GC heap before
{Heap before GC invocations=1228 (full 17):
 PSYoungGen      total 10240K, used 10212K [0x00000000eab00000, 0x00000000ec200000, 0x0000000100000000)
  eden space 9216K, 100% used [0x00000000eab00000,0x00000000eb400000,0x00000000eb400000)
  from space 1024K, 97% used [0x00000000ebd00000,0x00000000ebdf9290,0x00000000ebe00000)
  to   space 7168K, 0% used [0x00000000eb400000,0x00000000eb400000,0x00000000ebb00000)
 ParOldGen       total 221696K, used 212839K [0x00000000c0000000, 0x00000000cd880000, 0x00000000eab00000)
  object space 221696K, 96% used [0x00000000c0000000,0x00000000ccfd9db0,0x00000000cd880000)
 Metaspace       used 92059K, committed 93632K, reserved 1179648K
  class space    used 9340K, committed 10048K, reserved 1048576K
}
Event: 945.057 GC heap after
{Heap after GC invocations=1228 (full 17):
 PSYoungGen      total 16384K, used 7166K [0x00000000eab00000, 0x00000000eca00000, 0x0000000100000000)
  eden space 9216K, 0% used [0x00000000eab00000,0x00000000eab00000,0x00000000eb400000)
  from space 7168K, 99% used [0x00000000eb400000,0x00000000ebaffb60,0x00000000ebb00000)
  to   space 11264K, 0% used [0x00000000ebf00000,0x00000000ebf00000,0x00000000eca00000)
 ParOldGen       total 221696K, used 215540K [0x00000000c0000000, 0x00000000cd880000, 0x00000000eab00000)
  object space 221696K, 97% used [0x00000000c0000000,0x00000000cd27d040,0x00000000cd880000)
 Metaspace       used 92059K, committed 93632K, reserved 1179648K
  class space    used 9340K, committed 10048K, reserved 1048576K
}
Event: 945.080 GC heap before
{Heap before GC invocations=1229 (full 17):
 PSYoungGen      total 16384K, used 16334K [0x00000000eab00000, 0x00000000eca00000, 0x0000000100000000)
  eden space 9216K, 99% used [0x00000000eab00000,0x00000000eb3f3ca8,0x00000000eb400000)
  from space 7168K, 99% used [0x00000000eb400000,0x00000000ebaffb60,0x00000000ebb00000)
  to   space 11264K, 0% used [0x00000000ebf00000,0x00000000ebf00000,0x00000000eca00000)
 ParOldGen       total 221696K, used 215540K [0x00000000c0000000, 0x00000000cd880000, 0x00000000eab00000)
  object space 221696K, 97% used [0x00000000c0000000,0x00000000cd27d040,0x00000000cd880000)
 Metaspace       used 92064K, committed 93632K, reserved 1179648K
  class space    used 9340K, committed 10048K, reserved 1048576K
}
Event: 945.084 GC heap after
{Heap after GC invocations=1229 (full 17):
 PSYoungGen      total 9728K, used 317K [0x00000000eab00000, 0x00000000ebf80000, 0x0000000100000000)
  eden space 9216K, 0% used [0x00000000eab00000,0x00000000eab00000,0x00000000eb400000)
  from space 512K, 62% used [0x00000000ebf00000,0x00000000ebf4f620,0x00000000ebf80000)
  to   space 4096K, 0% used [0x00000000eb780000,0x00000000eb780000,0x00000000ebb80000)
 ParOldGen       total 221696K, used 218676K [0x00000000c0000000, 0x00000000cd880000, 0x00000000eab00000)
  object space 221696K, 98% used [0x00000000c0000000,0x00000000cd58d040,0x00000000cd880000)
 Metaspace       used 92064K, committed 93632K, reserved 1179648K
  class space    used 9340K, committed 10048K, reserved 1048576K
}
Event: 945.084 GC heap before
{Heap before GC invocations=1230 (full 18):
 PSYoungGen      total 9728K, used 317K [0x00000000eab00000, 0x00000000ebf80000, 0x0000000100000000)
  eden space 9216K, 0% used [0x00000000eab00000,0x00000000eab00000,0x00000000eb400000)
  from space 512K, 62% used [0x00000000ebf00000,0x00000000ebf4f620,0x00000000ebf80000)
  to   space 4096K, 0% used [0x00000000eb780000,0x00000000eb780000,0x00000000ebb80000)
 ParOldGen       total 221696K, used 218676K [0x00000000c0000000, 0x00000000cd880000, 0x00000000eab00000)
  object space 221696K, 98% used [0x00000000c0000000,0x00000000cd58d040,0x00000000cd880000)
 Metaspace       used 92064K, committed 93632K, reserved 1179648K
  class space    used 9340K, committed 10048K, reserved 1048576K
}

Dll operation events (12 events):
Event: 5.602 Loaded shared library c:\Users\User\.vscode\extensions\redhat.java-1.28.1-win32-x64\jre\17.0.10-win32-x86_64\bin\java.dll
Event: 9.923 Loaded shared library c:\Users\User\.vscode\extensions\redhat.java-1.28.1-win32-x64\jre\17.0.10-win32-x86_64\bin\zip.dll
Event: 10.200 Loaded shared library C:\Users\User\.vscode\extensions\redhat.java-1.28.1-win32-x64\jre\17.0.10-win32-x86_64\bin\instrument.dll
Event: 10.500 Loaded shared library C:\Users\User\.vscode\extensions\redhat.java-1.28.1-win32-x64\jre\17.0.10-win32-x86_64\bin\net.dll
Event: 10.746 Loaded shared library C:\Users\User\.vscode\extensions\redhat.java-1.28.1-win32-x64\jre\17.0.10-win32-x86_64\bin\nio.dll
Event: 11.135 Loaded shared library C:\Users\User\.vscode\extensions\redhat.java-1.28.1-win32-x64\jre\17.0.10-win32-x86_64\bin\zip.dll
Event: 11.668 Loaded shared library C:\Users\User\.vscode\extensions\redhat.java-1.28.1-win32-x64\jre\17.0.10-win32-x86_64\bin\jimage.dll
Event: 12.939 Loaded shared library c:\Users\User\.vscode\extensions\redhat.java-1.28.1-win32-x64\jre\17.0.10-win32-x86_64\bin\verify.dll
Event: 25.866 Loaded shared library C:\Users\User\AppData\Roaming\Code\User\globalStorage\redhat.java\1.28.1\config_win\org.eclipse.equinox.launcher\org.eclipse.equinox.launcher.win32.win32.x86_64_1.2.900.v20240129-1338\eclipse_11900.dll
Event: 74.446 Loaded shared library C:\Users\User\AppData\Local\Temp\jna-2645995\jna8434192760586579666.dll
Event: 76.326 Loaded shared library C:\Users\User\.vscode\extensions\redhat.java-1.28.1-win32-x64\jre\17.0.10-win32-x86_64\bin\sunmscapi.dll
Event: 82.022 Loaded shared library C:\Users\User\.vscode\extensions\redhat.java-1.28.1-win32-x64\jre\17.0.10-win32-x86_64\bin\extnet.dll

Deoptimization events (20 events):
Event: 943.638 Thread 0x000002979660fd10 DEOPT PACKING pc=0x00000297801854be sp=0x000000a64bffe740
Event: 943.638 Thread 0x000002979660fd10 DEOPT UNPACKING pc=0x0000029787586e43 sp=0x000000a64bffdcc8 mode 0
Event: 943.651 Thread 0x0000029793bb5590 DEOPT PACKING pc=0x00000297801854be sp=0x000000a64b9fe780
Event: 943.651 Thread 0x0000029793bb5590 DEOPT UNPACKING pc=0x0000029787586e43 sp=0x000000a64b9fdd08 mode 0
Event: 943.658 Thread 0x0000029793bb5590 DEOPT PACKING pc=0x00000297801854be sp=0x000000a64b9fe780
Event: 943.658 Thread 0x0000029793bb5590 DEOPT UNPACKING pc=0x0000029787586e43 sp=0x000000a64b9fdd08 mode 0
Event: 944.222 Thread 0x0000029793bb5080 Uncommon trap: trap_request=0xffffffde fr.pc=0x0000029788639e84 relative=0x0000000000000244
Event: 944.222 Thread 0x0000029793bb5080 Uncommon trap: reason=class_check action=maybe_recompile pc=0x0000029788639e84 method=org.eclipse.jdt.internal.compiler.parser.Parser.checkComment()V @ 29 c2
Event: 944.222 Thread 0x0000029793bb5080 DEOPT PACKING pc=0x0000029788639e84 sp=0x000000a64a0fdc40
Event: 944.222 Thread 0x0000029793bb5080 DEOPT UNPACKING pc=0x00000297875866a3 sp=0x000000a64a0fdbc0 mode 2
Event: 944.569 Thread 0x0000029793bb5080 DEOPT PACKING pc=0x000002978148c1ad sp=0x000000a64a0fd650
Event: 944.569 Thread 0x0000029793bb5080 DEOPT UNPACKING pc=0x0000029787586e43 sp=0x000000a64a0fcad8 mode 0
Event: 944.714 Thread 0x0000029793bb8320 Uncommon trap: trap_request=0xffffffd6 fr.pc=0x0000029788cdf9e4 relative=0x00000000000012a4
Event: 944.714 Thread 0x0000029793bb8320 Uncommon trap: reason=array_check action=maybe_recompile pc=0x0000029788cdf9e4 method=java.util.TimSort.mergeHi(IIII)V @ 250 c2
Event: 944.714 Thread 0x0000029793bb8320 DEOPT PACKING pc=0x0000029788cdf9e4 sp=0x000000a64bafdef0
Event: 944.714 Thread 0x0000029793bb8320 DEOPT UNPACKING pc=0x00000297875866a3 sp=0x000000a64bafdeb8 mode 2
Event: 944.714 Thread 0x0000029793bb8320 Uncommon trap: trap_request=0xffffffd6 fr.pc=0x0000029788cdf9e4 relative=0x00000000000012a4
Event: 944.714 Thread 0x0000029793bb8320 Uncommon trap: reason=array_check action=maybe_recompile pc=0x0000029788cdf9e4 method=java.util.TimSort.mergeHi(IIII)V @ 250 c2
Event: 944.714 Thread 0x0000029793bb8320 DEOPT PACKING pc=0x0000029788cdf9e4 sp=0x000000a64bafdef0
Event: 944.714 Thread 0x0000029793bb8320 DEOPT UNPACKING pc=0x00000297875866a3 sp=0x000000a64bafdeb8 mode 2

Classes unloaded (20 events):
Event: 944.001 Thread 0x00000297fefb5920 Unloading class 0x000000010030bc00 'java/lang/invoke/LambdaForm$MH+0x000000010030bc00'
Event: 944.001 Thread 0x00000297fefb5920 Unloading class 0x0000000100307000 'java/lang/invoke/LambdaForm$DMH+0x0000000100307000'
Event: 944.001 Thread 0x00000297fefb5920 Unloading class 0x0000000100306800 'java/lang/invoke/LambdaForm$DMH+0x0000000100306800'
Event: 944.001 Thread 0x00000297fefb5920 Unloading class 0x0000000100306000 'java/lang/invoke/LambdaForm$DMH+0x0000000100306000'
Event: 944.001 Thread 0x00000297fefb5920 Unloading class 0x0000000100302c00 'java/lang/invoke/LambdaForm$DMH+0x0000000100302c00'
Event: 944.001 Thread 0x00000297fefb5920 Unloading class 0x0000000100302400 'java/lang/invoke/LambdaForm$MH+0x0000000100302400'
Event: 944.001 Thread 0x00000297fefb5920 Unloading class 0x0000000100301800 'java/lang/invoke/LambdaForm$MH+0x0000000100301800'
Event: 944.001 Thread 0x00000297fefb5920 Unloading class 0x0000000100301400 'java/lang/invoke/LambdaForm$MH+0x0000000100301400'
Event: 944.001 Thread 0x00000297fefb5920 Unloading class 0x0000000100301000 'java/lang/invoke/LambdaForm$MH+0x0000000100301000'
Event: 944.001 Thread 0x00000297fefb5920 Unloading class 0x0000000100300800 'java/lang/invoke/LambdaForm$MH+0x0000000100300800'
Event: 944.001 Thread 0x00000297fefb5920 Unloading class 0x00000001002dfc00 'java/lang/invoke/LambdaForm$MH+0x00000001002dfc00'
Event: 944.001 Thread 0x00000297fefb5920 Unloading class 0x00000001002adc00 'java/lang/invoke/LambdaForm$MH+0x00000001002adc00'
Event: 944.001 Thread 0x00000297fefb5920 Unloading class 0x00000001002ad800 'java/lang/invoke/LambdaForm$MH+0x00000001002ad800'
Event: 944.001 Thread 0x00000297fefb5920 Unloading class 0x00000001002ad400 'java/lang/invoke/LambdaForm$MH+0x00000001002ad400'
Event: 944.001 Thread 0x00000297fefb5920 Unloading class 0x00000001002ad000 'java/lang/invoke/LambdaForm$MH+0x00000001002ad000'
Event: 944.001 Thread 0x00000297fefb5920 Unloading class 0x00000001002acc00 'java/lang/invoke/LambdaForm$MH+0x00000001002acc00'
Event: 944.001 Thread 0x00000297fefb5920 Unloading class 0x00000001002ac800 'java/lang/invoke/LambdaForm$MH+0x00000001002ac800'
Event: 944.001 Thread 0x00000297fefb5920 Unloading class 0x00000001002ac400 'java/lang/invoke/LambdaForm$MH+0x00000001002ac400'
Event: 944.001 Thread 0x00000297fefb5920 Unloading class 0x00000001002ac000 'java/lang/invoke/LambdaForm$MH+0x00000001002ac000'
Event: 944.001 Thread 0x00000297fefb5920 Unloading class 0x000000010024dc00 'java/lang/invoke/LambdaForm$MH+0x000000010024dc00'

Classes redefined (0 events):
No events

Internal exceptions (20 events):
Event: 826.465 Thread 0x000002979660c050 Exception <a 'sun/nio/fs/WindowsException'{0x00000000eab94928}> (0x00000000eab94928) 
thrown [s\src\hotspot\share\prims\jni.cpp, line 516]
Event: 826.465 Thread 0x000002979660c050 Exception <a 'sun/nio/fs/WindowsException'{0x00000000eab95280}> (0x00000000eab95280) 
thrown [s\src\hotspot\share\prims\jni.cpp, line 516]
Event: 826.578 Thread 0x000002979660c050 Exception <a 'sun/nio/fs/WindowsException'{0x00000000eac35390}> (0x00000000eac35390) 
thrown [s\src\hotspot\share\prims\jni.cpp, line 516]
Event: 826.590 Thread 0x000002979660c050 Exception <a 'sun/nio/fs/WindowsException'{0x00000000eac3ddc8}> (0x00000000eac3ddc8) 
thrown [s\src\hotspot\share\prims\jni.cpp, line 516]
Event: 826.593 Thread 0x000002979660c050 Exception <a 'sun/nio/fs/WindowsException'{0x00000000eac45680}> (0x00000000eac45680) 
thrown [s\src\hotspot\share\prims\jni.cpp, line 516]
Event: 826.872 Thread 0x000002979660c050 Exception <a 'sun/nio/fs/WindowsException'{0x00000000eab8ccc0}> (0x00000000eab8ccc0) 
thrown [s\src\hotspot\share\prims\jni.cpp, line 516]
Event: 832.953 Thread 0x0000029793bb8830 Exception <a 'sun/nio/fs/WindowsException'{0x00000000eadf4f08}> (0x00000000eadf4f08) 
thrown [s\src\hotspot\share\prims\jni.cpp, line 516]
Event: 889.102 Thread 0x000002979660f800 Implicit null exception at 0x000002978801d2cc to 0x000002978801d50d
Event: 891.064 Thread 0x0000029793bb8830 Exception <a 'sun/nio/fs/WindowsException'{0x00000000eab14090}> (0x00000000eab14090) 
thrown [s\src\hotspot\share\prims\jni.cpp, line 516]
Event: 891.086 Thread 0x0000029793bb8830 Implicit null exception at 0x0000029787c9c69f to 0x0000029787c9cda0
Event: 891.462 Thread 0x0000029793bb8830 Exception <a 'sun/nio/fs/WindowsException'{0x00000000eacb7720}> (0x00000000eacb7720) 
thrown [s\src\hotspot\share\prims\jni.cpp, line 516]
Event: 891.552 Thread 0x0000029793bb8830 Exception <a 'sun/nio/fs/WindowsException'{0x00000000eab8ade8}> (0x00000000eab8ade8) 
thrown [s\src\hotspot\share\prims\jni.cpp, line 516]
Event: 891.565 Thread 0x000002979660fd10 Exception <a 'java/lang/NoSuchMethodError'{0x00000000ead79118}: 'java.lang.Object java.lang.invoke.DirectMethodHandle$Holder.invokeStatic(java.lang.Object, int, java.lang.Object)'> (0x00000000ead79118) 
thrown [s\src\hotspot\share\interpreter\linkResolver.cpp, line 759]
Event: 891.997 Thread 0x0000029793bb8830 Exception <a 'sun/nio/fs/WindowsException'{0x00000000eabf1ce0}> (0x00000000eabf1ce0) 
thrown [s\src\hotspot\share\prims\jni.cpp, line 516]
Event: 892.048 Thread 0x0000029793bb8830 Exception <a 'sun/nio/fs/WindowsException'{0x00000000eaead900}> (0x00000000eaead900) 
thrown [s\src\hotspot\share\prims\jni.cpp, line 516]
Event: 892.370 Thread 0x0000029793bb8830 Exception <a 'sun/nio/fs/WindowsException'{0x00000000eae21500}> (0x00000000eae21500) 
thrown [s\src\hotspot\share\prims\jni.cpp, line 516]
Event: 895.631 Thread 0x0000029793bb5590 Implicit null exception at 0x0000029788237618 to 0x000002978823779c
Event: 906.676 Thread 0x0000029793bb5080 Implicit null exception at 0x0000029788c33357 to 0x0000029788c33dc8
Event: 943.412 Thread 0x000002979660f800 Exception <a 'java/lang/ClassNotFoundException'{0x00000000eaee0cc0}: sun/util/logging/resources/spi/loggingProvider> (0x00000000eaee0cc0) 
thrown [s\src\hotspot\share\classfile\systemDictionary.cpp, line 256]
Event: 943.413 Thread 0x000002979660f800 Implicit null exception at 0x0000029788873417 to 0x0000029788873c00

VM Operations (20 events):
Event: 944.701 Executing VM operation: ParallelGCFailedAllocation done
Event: 944.734 Executing VM operation: ParallelGCFailedAllocation
Event: 944.740 Executing VM operation: ParallelGCFailedAllocation done
Event: 944.776 Executing VM operation: ParallelGCFailedAllocation
Event: 944.778 Executing VM operation: ParallelGCFailedAllocation done
Event: 944.811 Executing VM operation: ParallelGCFailedAllocation
Event: 944.814 Executing VM operation: ParallelGCFailedAllocation done
Event: 944.853 Executing VM operation: ParallelGCFailedAllocation
Event: 944.857 Executing VM operation: ParallelGCFailedAllocation done
Event: 944.897 Executing VM operation: ParallelGCFailedAllocation
Event: 944.903 Executing VM operation: ParallelGCFailedAllocation done
Event: 944.941 Executing VM operation: ParallelGCFailedAllocation
Event: 944.942 Executing VM operation: ParallelGCFailedAllocation done
Event: 944.967 Executing VM operation: ParallelGCFailedAllocation
Event: 944.968 Executing VM operation: ParallelGCFailedAllocation done
Event: 945.004 Executing VM operation: ParallelGCFailedAllocation
Event: 945.012 Executing VM operation: ParallelGCFailedAllocation done
Event: 945.049 Executing VM operation: ParallelGCFailedAllocation
Event: 945.057 Executing VM operation: ParallelGCFailedAllocation done
Event: 945.079 Executing VM operation: ParallelGCFailedAllocation

Events (20 events):
Event: 890.384 Thread 0x0000029793230860 flushing nmethod 0x0000029781f79690
Event: 890.384 Thread 0x0000029793230860 flushing nmethod 0x0000029781f9c390
Event: 890.385 Thread 0x0000029793230860 flushing nmethod 0x000002978205f290
Event: 890.387 Thread 0x0000029793230860 flushing nmethod 0x00000297823af310
Event: 890.810 Thread 0x0000029796339b70 Thread exited: 0x0000029796339b70
Event: 891.308 Thread 0x000002979633c0a0 Thread added: 0x000002979633c0a0
Event: 891.560 Thread 0x000002979633c0a0 Thread exited: 0x000002979633c0a0
Event: 896.010 Thread 0x0000029796339b70 Thread added: 0x0000029796339b70
Event: 896.315 Thread 0x0000029796339b70 Thread exited: 0x0000029796339b70
Event: 898.256 Thread 0x0000029796339b70 Thread added: 0x0000029796339b70
Event: 898.633 Thread 0x0000029796339b70 Thread exited: 0x0000029796339b70
Event: 898.910 Thread 0x0000029793bb5aa0 Thread added: 0x0000029793bb5aa0
Event: 899.009 Thread 0x0000029796339b70 Thread added: 0x0000029796339b70
Event: 901.143 Thread 0x0000029796339b70 Thread exited: 0x0000029796339b70
Event: 901.243 Thread 0x0000029796612aa0 Thread added: 0x0000029796612aa0
Event: 942.811 Thread 0x000002979633a0c0 Thread added: 0x000002979633a0c0
Event: 943.030 Thread 0x000002979633a0c0 Thread exited: 0x000002979633a0c0
Event: 943.560 Thread 0x000002979633a0c0 Thread added: 0x000002979633a0c0
Event: 944.193 Thread 0x000002979633a0c0 Thread exited: 0x000002979633a0c0
Event: 944.593 Thread 0x000002979633d5e0 Thread added: 0x000002979633d5e0


Dynamic libraries:
0x00007ff715c70000 - 0x00007ff715c7e000 	c:\Users\User\.vscode\extensions\redhat.java-1.28.1-win32-x64\jre\17.0.10-win32-x86_64\bin\java.exe
0x00007ffb099b0000 - 0x00007ffb09ba8000 	C:\WINDOWS\SYSTEM32\ntdll.dll
0x00007ffb07ad0000 - 0x00007ffb07b8d000 	C:\WINDOWS\System32\KERNEL32.DLL
0x00007ffb06fc0000 - 0x00007ffb072b6000 	C:\WINDOWS\System32\KERNELBASE.dll
0x00007ffb06ec0000 - 0x00007ffb06fc0000 	C:\WINDOWS\System32\ucrtbase.dll
0x00007ffad2570000 - 0x00007ffad2587000 	c:\Users\User\.vscode\extensions\redhat.java-1.28.1-win32-x64\jre\17.0.10-win32-x86_64\bin\jli.dll
0x00007ffad23f0000 - 0x00007ffad240b000 	c:\Users\User\.vscode\extensions\redhat.java-1.28.1-win32-x64\jre\17.0.10-win32-x86_64\bin\VCRUNTIME140.dll
0x00007ffb07730000 - 0x00007ffb078ce000 	C:\WINDOWS\System32\USER32.dll
0x00007ffb06bf0000 - 0x00007ffb06c12000 	C:\WINDOWS\System32\win32u.dll
0x00007ffb09810000 - 0x00007ffb0983b000 	C:\WINDOWS\System32\GDI32.dll
0x00007ffb06a50000 - 0x00007ffb06b67000 	C:\WINDOWS\System32\gdi32full.dll
0x00007ffb06cc0000 - 0x00007ffb06d5d000 	C:\WINDOWS\System32\msvcp_win.dll
0x00007ffafa570000 - 0x00007ffafa80a000 	C:\WINDOWS\WinSxS\amd64_microsoft.windows.common-controls_6595b64144ccf1df_6.0.19041.3636_none_60b6a03d71f818d5\COMCTL32.dll
0x00007ffb08900000 - 0x00007ffb0899e000 	C:\WINDOWS\System32\msvcrt.dll
0x00007ffb08a30000 - 0x00007ffb08a62000 	C:\WINDOWS\System32\IMM32.DLL
0x00007ffaf4c80000 - 0x00007ffaf4c8c000 	c:\Users\User\.vscode\extensions\redhat.java-1.28.1-win32-x64\jre\17.0.10-win32-x86_64\bin\vcruntime140_1.dll
0x00007ffad1c80000 - 0x00007ffad1d0d000 	c:\Users\User\.vscode\extensions\redhat.java-1.28.1-win32-x64\jre\17.0.10-win32-x86_64\bin\msvcp140.dll
0x00007ffacd8d0000 - 0x00007fface532000 	c:\Users\User\.vscode\extensions\redhat.java-1.28.1-win32-x64\jre\17.0.10-win32-x86_64\bin\server\jvm.dll
0x00007ffb07bb0000 - 0x00007ffb07c60000 	C:\WINDOWS\System32\ADVAPI32.dll
0x00007ffb08040000 - 0x00007ffb080e0000 	C:\WINDOWS\System32\sechost.dll
0x00007ffb078d0000 - 0x00007ffb079f5000 	C:\WINDOWS\System32\RPCRT4.dll
0x00007ffb07580000 - 0x00007ffb075a7000 	C:\WINDOWS\System32\bcrypt.dll
0x00007ffb07d10000 - 0x00007ffb07d19000 	C:\WINDOWS\System32\WSOCK32.dll
0x00007ffb09030000 - 0x00007ffb0909b000 	C:\WINDOWS\System32\WS2_32.dll
0x00007ffb07e20000 - 0x00007ffb07e2a000 	C:\WINDOWS\System32\VERSION.dll
0x00007ffb06930000 - 0x00007ffb0697b000 	C:\WINDOWS\SYSTEM32\POWRPROF.dll
0x00007ffafa370000 - 0x00007ffafa397000 	C:\WINDOWS\SYSTEM32\WINMM.dll
0x00007ffb06910000 - 0x00007ffb06922000 	C:\WINDOWS\SYSTEM32\UMPDC.dll
0x00007ffb04930000 - 0x00007ffb04942000 	C:\WINDOWS\SYSTEM32\kernel.appcore.dll
0x00007ffaf32d0000 - 0x00007ffaf32da000 	c:\Users\User\.vscode\extensions\redhat.java-1.28.1-win32-x64\jre\17.0.10-win32-x86_64\bin\jimage.dll
0x00007ffaf0b20000 - 0x00007ffaf0d04000 	C:\WINDOWS\SYSTEM32\DBGHELP.DLL
0x00007ffaf43f0000 - 0x00007ffaf4424000 	C:\WINDOWS\SYSTEM32\dbgcore.DLL
0x00007ffb06c20000 - 0x00007ffb06ca2000 	C:\WINDOWS\System32\bcryptPrimitives.dll
0x00007ffaf2eb0000 - 0x00007ffaf2ebe000 	c:\Users\User\.vscode\extensions\redhat.java-1.28.1-win32-x64\jre\17.0.10-win32-x86_64\bin\instrument.dll
0x00007ffadfec0000 - 0x00007ffadfee5000 	c:\Users\User\.vscode\extensions\redhat.java-1.28.1-win32-x64\jre\17.0.10-win32-x86_64\bin\java.dll
0x00007ffad1c60000 - 0x00007ffad1c78000 	c:\Users\User\.vscode\extensions\redhat.java-1.28.1-win32-x64\jre\17.0.10-win32-x86_64\bin\zip.dll
0x00007ffb090a0000 - 0x00007ffb0980b000 	C:\WINDOWS\System32\SHELL32.dll
0x00007ffb04b30000 - 0x00007ffb052ce000 	C:\WINDOWS\SYSTEM32\windows.storage.dll
0x00007ffb08340000 - 0x00007ffb08693000 	C:\WINDOWS\System32\combase.dll
0x00007ffb063b0000 - 0x00007ffb063de000 	C:\WINDOWS\SYSTEM32\Wldp.dll
0x00007ffb080e0000 - 0x00007ffb081ad000 	C:\WINDOWS\System32\OLEAUT32.dll
0x00007ffb08850000 - 0x00007ffb088fd000 	C:\WINDOWS\System32\SHCORE.dll
0x00007ffb082e0000 - 0x00007ffb08335000 	C:\WINDOWS\System32\shlwapi.dll
0x00007ffb06980000 - 0x00007ffb069a5000 	C:\WINDOWS\SYSTEM32\profapi.dll
0x00007ffadfe00000 - 0x00007ffadfe19000 	C:\Users\User\.vscode\extensions\redhat.java-1.28.1-win32-x64\jre\17.0.10-win32-x86_64\bin\net.dll
0x00007ffb00b60000 - 0x00007ffb00c6a000 	C:\WINDOWS\SYSTEM32\WINHTTP.dll
0x00007ffaf0360000 - 0x00007ffaf0504000 	C:\WINDOWS\system32\mwtsp.dll
0x00007ffb081b0000 - 0x00007ffb082db000 	C:\WINDOWS\System32\ole32.dll
0x00007ffb06890000 - 0x00007ffb068c2000 	C:\WINDOWS\SYSTEM32\SspiCli.dll
0x00007ffb06110000 - 0x00007ffb0617a000 	C:\WINDOWS\system32\mswsock.dll
0x00007ffad9910000 - 0x00007ffad9926000 	C:\Users\User\.vscode\extensions\redhat.java-1.28.1-win32-x64\jre\17.0.10-win32-x86_64\bin\nio.dll
0x00007ffaf2e30000 - 0x00007ffaf2e40000 	c:\Users\User\.vscode\extensions\redhat.java-1.28.1-win32-x64\jre\17.0.10-win32-x86_64\bin\verify.dll
0x00007ffad2160000 - 0x00007ffad219e000 	C:\Users\User\AppData\Roaming\Code\User\globalStorage\redhat.java\1.28.1\config_win\org.eclipse.equinox.launcher\org.eclipse.equinox.launcher.win32.win32.x86_64_1.2.900.v20240129-1338\eclipse_11900.dll
0x00007ffb06300000 - 0x00007ffb06318000 	C:\WINDOWS\SYSTEM32\CRYPTSP.dll
0x00007ffb05a50000 - 0x00007ffb05a84000 	C:\WINDOWS\system32\rsaenh.dll
0x00007ffb068d0000 - 0x00007ffb068fe000 	C:\WINDOWS\SYSTEM32\USERENV.dll
0x00007ffb06320000 - 0x00007ffb0632c000 	C:\WINDOWS\SYSTEM32\CRYPTBASE.dll
0x00007ffb05e10000 - 0x00007ffb05e4b000 	C:\WINDOWS\SYSTEM32\IPHLPAPI.DLL
0x00007ffb07e40000 - 0x00007ffb07e48000 	C:\WINDOWS\System32\NSI.dll
0x00007ffb01010000 - 0x00007ffb01027000 	C:\WINDOWS\SYSTEM32\dhcpcsvc6.DLL
0x00007ffb01740000 - 0x00007ffb0175d000 	C:\WINDOWS\SYSTEM32\dhcpcsvc.DLL
0x00007ffb05e50000 - 0x00007ffb05f1b000 	C:\WINDOWS\SYSTEM32\DNSAPI.dll
0x00007ffad1d80000 - 0x00007ffad1dc5000 	C:\Users\User\AppData\Local\Temp\jna-2645995\jna8434192760586579666.dll
0x00007ffb09960000 - 0x00007ffb09968000 	C:\WINDOWS\System32\PSAPI.DLL
0x00007ffaf1300000 - 0x00007ffaf130e000 	C:\Users\User\.vscode\extensions\redhat.java-1.28.1-win32-x64\jre\17.0.10-win32-x86_64\bin\sunmscapi.dll
0x00007ffb06d60000 - 0x00007ffb06ebd000 	C:\WINDOWS\System32\CRYPT32.dll
0x00007ffb06420000 - 0x00007ffb06448000 	C:\WINDOWS\SYSTEM32\ncrypt.dll
0x00007ffb063e0000 - 0x00007ffb0641b000 	C:\WINDOWS\SYSTEM32\NTASN1.dll
0x00007ffafd7f0000 - 0x00007ffafd7fa000 	C:\Windows\System32\rasadhlp.dll
0x00007ffafe840000 - 0x00007ffafe8c0000 	C:\WINDOWS\System32\fwpuclnt.dll
0x00007ffaef300000 - 0x00007ffaef309000 	C:\Users\User\.vscode\extensions\redhat.java-1.28.1-win32-x64\jre\17.0.10-win32-x86_64\bin\extnet.dll
0x00007ffb05b70000 - 0x00007ffb05ba3000 	C:\WINDOWS\SYSTEM32\ntmarta.dll

dbghelp: loaded successfully - version: 4.0.5 - missing functions: none
symbol engine: initialized successfully - sym options: 0x614 - pdb path: .;c:\Users\User\.vscode\extensions\redhat.java-1.28.1-win32-x64\jre\17.0.10-win32-x86_64\bin;C:\WINDOWS\SYSTEM32;C:\WINDOWS\WinSxS\amd64_microsoft.windows.common-controls_6595b64144ccf1df_6.0.19041.3636_none_60b6a03d71f818d5;c:\Users\User\.vscode\extensions\redhat.java-1.28.1-win32-x64\jre\17.0.10-win32-x86_64\bin\server;C:\Users\User\AppData\Roaming\Code\User\globalStorage\redhat.java\1.28.1\config_win\org.eclipse.equinox.launcher\org.eclipse.equinox.launcher.win32.win32.x86_64_1.2.900.v20240129-1338;C:\Users\User\AppData\Local\Temp\jna-2645995

VM Arguments:
jvm_args: --add-modules=ALL-SYSTEM --add-opens=java.base/java.util=ALL-UNNAMED --add-opens=java.base/java.lang=ALL-UNNAMED --add-opens=java.base/sun.nio.fs=ALL-UNNAMED -Declipse.application=org.eclipse.jdt.ls.core.id1 -Dosgi.bundles.defaultStartLevel=4 -Declipse.product=org.eclipse.jdt.ls.core.product -Djava.import.generatesMetadataFilesAtProjectRoot=false -DDetectVMInstallationsJob.disabled=true -Dfile.encoding=utf8 -XX:+UseParallelGC -XX:GCTimeRatio=4 -XX:AdaptiveSizePolicyWeight=90 -Dsun.zip.disableMemoryMapping=true -Xmx1G -Xms100m -Xlog:disable -javaagent:c:\Users\User\.vscode\extensions\redhat.java-1.28.1-win32-x64\lombok\lombok-1.18.31.jar -XX:+HeapDumpOnOutOfMemoryError -XX:HeapDumpPath=c:\Users\User\AppData\Roaming\Code\User\workspaceStorage\fa6277eb2518f508ced274ced3ce914a\redhat.java -Daether.dependencyCollector.impl=bf 
java_command: c:\Users\User\.vscode\extensions\redhat.java-1.28.1-win32-x64\server\plugins\org.eclipse.equinox.launcher_1.6.700.v20231214-2017.jar -configuration c:\Users\User\AppData\Roaming\Code\User\globalStorage\redhat.java\1.28.1\config_win -data c:\Users\User\AppData\Roaming\Code\User\workspaceStorage\fa6277eb2518f508ced274ced3ce914a\redhat.java\jdt_ws --stdio
java_class_path (initial): c:\Users\User\.vscode\extensions\redhat.java-1.28.1-win32-x64\server\plugins\org.eclipse.equinox.launcher_1.6.700.v20231214-2017.jar
Launcher Type: SUN_STANDARD

[Global flags]
    uintx AdaptiveSizePolicyWeight                 = 90                                        {product} {command line}
     intx CICompilerCount                          = 3                                         {product} {ergonomic}
    uintx GCTimeRatio                              = 4                                         {product} {command line}
     bool HeapDumpOnOutOfMemoryError               = true                                   {manageable} {command line}
    ccstr HeapDumpPath                             = c:\Users\User\AppData\Roaming\Code\User\workspaceStorage\fa6277eb2518f508ced274ced3ce914a\redhat.java         {manageable} {command line}
   size_t InitialHeapSize                          = 104857600                                 {product} {command line}
   size_t MaxHeapSize                              = 1073741824                                {product} {command line}
   size_t MaxNewSize                               = 357564416                                 {product} {ergonomic}
   size_t MinHeapDeltaBytes                        = 524288                                    {product} {ergonomic}
   size_t MinHeapSize                              = 104857600                                 {product} {command line}
   size_t NewSize                                  = 34603008                                  {product} {ergonomic}
    uintx NonNMethodCodeHeapSize                   = 5832780                                {pd product} {ergonomic}
    uintx NonProfiledCodeHeapSize                  = 122912730                              {pd product} {ergonomic}
   size_t OldSize                                  = 70254592                                  {product} {ergonomic}
    uintx ProfiledCodeHeapSize                     = 122912730                              {pd product} {ergonomic}
    uintx ReservedCodeCacheSize                    = 251658240                              {pd product} {ergonomic}
     bool SegmentedCodeCache                       = true                                      {product} {ergonomic}
   size_t SoftMaxHeapSize                          = 1073741824                             {manageable} {ergonomic}
     bool UseCompressedClassPointers               = true                           {product lp64_product} {ergonomic}
     bool UseCompressedOops                        = true                           {product lp64_product} {ergonomic}
     bool UseLargePagesIndividualAllocation        = false                                  {pd product} {ergonomic}
     bool UseParallelGC                            = true                                      {product} {command line}

Logging:
Log output configuration:
 #0: stdout all=off uptime,level,tags
 #1: stderr all=off uptime,level,tags

Environment Variables:
JAVA_HOME=C:\Program Files\Java\jdk-15.0.2
CLASSPATH=C:\mysql-connector-java-8.0.29.jar;.;
PATH=C:\WINDOWS\system32;C:\WINDOWS;C:\WINDOWS\system32\Wbem;C:\Program Files\Common Files\Oracle\Java\javapath;C:\Program Files\Java\jdk-15.0.2\bin;C:\Program Files\Git\cmd;C:\ProgramData\Microsoft VS Code\bin;C:\Users\User\AppData\Local\Microsoft\WindowsApps;%IntelliJ IDEA Community Edition%;
USERNAME=User
OS=Windows_NT
PROCESSOR_IDENTIFIER=Intel64 Family 6 Model 58 Stepping 9, GenuineIntel
TMP=C:\Users\User\AppData\Local\Temp
TEMP=C:\Users\User\AppData\Local\Temp



Periodic native trim disabled


---------------  S Y S T E M  ---------------

OS:
 Windows 10 , 64 bit Build 19041 (10.0.19041.3636)
OS uptime: 1 days 0:45 hours

CPU: total 4 (initial active 4) (2 cores per cpu, 2 threads per core) family 6 model 58 stepping 9 microcode 0x21, cx8, cmov, fxsr, ht, mmx, sse, sse2, sse3, ssse3, sse4.1, sse4.2, popcnt, tsc, tscinvbit, avx, erms, clmul, vzeroupper, clflush
Processor Information for all 4 processors :
  Max Mhz: 3300, Current Mhz: 3300, Mhz Limit: 3300

Memory: 4k page, system-wide physical 8082M (676M free)
TotalPageFile size 11154M (AvailPageFile size 3248M)
current process WorkingSet (physical memory assigned to process): 529M, peak: 538M
current process commit charge ("private bytes"): 543M, peak: 573M

vm_info: OpenJDK 64-Bit Server VM (17.0.10+7) for windows-amd64 JRE (17.0.10+7), built on Jan 16 2024 23:25:11 by "admin" with MS VC++ 16.10 / 16.11 (VS2019)

END.
