#
# A fatal error has been detected by the Java Runtime Environment:
#
#  EXCEPTION_ACCESS_VIOLATION (0xc0000005) at pc=0x00007ff83f60a285, pid=10324, tid=10116
#
# JRE version: OpenJDK Runtime Environment JBR-17.0.9+7-1087.9-nomod (17.0.9+7) (build 17.0.9+7-b1087.9)
# Java VM: OpenJDK 64-Bit Server VM JBR-17.0.9+7-1087.9-nomod (17.0.9+7-b1087.9, mixed mode, tiered, compressed oops, compressed class ptrs, g1 gc, windows-amd64)
# Problematic frame:
# V  [jvm.dll+0x36a285]  PhaseIFG::SquareUp+0x125
#
# No core dump will be written. Minidumps are not enabled by default on client versions of Windows
#
# If you would like to submit a bug report, please visit:
#   https://youtrack.jetbrains.com/issues/JBR
#

---------------  S U M M A R Y ------------

Command Line: -agentlib:jdwp=transport=dt_socket,address=127.0.0.1:65164,suspend=y,server=n -javaagent:C:\Users\User\AppData\Local\JetBrains\IdeaIC2023.2\captureAgent\debugger-agent.jar -Dfile.encoding=UTF-8 com.sbs.SmartBillingSystem.SmartBillingSystemApplication

Host: Intel(R) Core(TM) i3-3220 CPU @ 3.30GHz, 4 cores, 7G,  Windows 10 , 64 bit Build 19041 (10.0.19041.3031)
Time: Wed Feb  7 23:18:04 2024 India Standard Time elapsed time: 729.337980 seconds (0d 0h 12m 9s)

---------------  T H R E A D  ---------------

Current thread (0x000001abc2df1a70):  JavaThread "C2 CompilerThread1" daemon [_thread_in_native, id=10116, stack(0x0000009927900000,0x0000009927a00000)]


Current CompileTask:
C2: 729338 10984   !   4       org.springframework.util.ReflectionUtils::getDeclaredMethods (183 bytes)

Stack: [0x0000009927900000,0x0000009927a00000],  sp=0x00000099279fb950,  free space=1006k
Native frames: (J=compiled Java code, j=interpreted, Vv=VM code, C=native code)
V  [jvm.dll+0x36a285]  PhaseIFG::SquareUp+0x125  (ifg.cpp:90)
V  [jvm.dll+0x1be65f]  PhaseChaitin::Register_Allocate+0x6bf  (chaitin.cpp:559)
V  [jvm.dll+0x21dbb9]  Compile::Code_Gen+0x3b9  (compile.cpp:2746)
V  [jvm.dll+0x21ce81]  Compile::Compile+0xe61  (compile.cpp:836)
V  [jvm.dll+0x1a66dd]  C2Compiler::compile_method+0xad  (c2compiler.cpp:110)
V  [jvm.dll+0x22cd28]  CompileBroker::invoke_compiler_on_method+0x878  (compileBroker.cpp:2357)
V  [jvm.dll+0x22ae60]  CompileBroker::compiler_thread_loop+0x2d0  (compileBroker.cpp:2015)
V  [jvm.dll+0x7f6087]  JavaThread::run+0x147  (thread.cpp:1299)
V  [jvm.dll+0x7f043a]  Thread::call_run+0x8a  (thread.cpp:405)
V  [jvm.dll+0x6871c5]  thread_native_entry+0x75  (os_windows.cpp:550)
C  [ucrtbase.dll+0x21bb2]
C  [KERNEL32.DLL+0x17614]
C  [ntdll.dll+0x526f1]


siginfo: EXCEPTION_ACCESS_VIOLATION (0xc0000005), reading address 0x00007ff03fe33158


Registers:
RAX=0x000001abc022bc00, RBX=0x000001abbac602f0, RCX=0x0000000000000000, RDX=0x0000000000000000
RSP=0x00000099279fb950, RBP=0x00000099279fba80, RSI=0x000000000000203c, RDI=0x000000000000203c
R8 =0x1000000000000000, R9 =0x00007ff03fe33158, R10=0x0000000000000003, R11=0x000001abc3a41280
R12=0x0000000000000000, R13=0x000001abbf88d588, R14=0x000000000000003c, R15=0x00007ff83fe33158
RIP=0x00007ff83f60a285, EFLAGS=0x0000000000010246


Register to memory mapping:

RIP=0x00007ff83f60a285 jvm.dll::PhaseIFG::SquareUp + 0x125
RAX=0x000001abc022bc00 points into unknown readable memory: 0x00007ff83fe33158 | 58 31 e3 3f f8 7f 00 00
RBX=0x000001abbac602f0 points into unknown readable memory: 0x0000001400000014 | 14 00 00 00 14 00 00 00
RCX=0x0 is NULL
RDX=0x0 is NULL
RSP=0x00000099279fb950 is pointing into the stack for thread: 0x000001abc2df1a70
RBP=0x00000099279fba80 is pointing into the stack for thread: 0x000001abc2df1a70
RSI=0x000000000000203c is an unknown value
RDI=0x000000000000203c is an unknown value
R8 =0x1000000000000000 is an unknown value
R9 =0x00007ff03fe33158 is an unknown value
R10=0x0000000000000003 is an unknown value
R11=0x000001abc3a41280 points into unknown readable memory: 0x07fffc0000000000 | 00 00 00 00 00 fc ff 07
R12=0x0 is NULL
R13=0x000001abbf88d588 points into unknown readable memory: 0x9000030066307e5b | 5b 7e 30 66 00 03 00 90
R14=0x000000000000003c is an unknown value
R15=0x00007ff83fe33158 jvm.dll::IndexSet::_empty_block + 0x0


Top of Stack: (sp=0x00000099279fb950)
0x00000099279fb950:   000001abbac60250 000000000000203c
0x00000099279fb960:   000001abc06d1100 0000000000000000
0x00000099279fb970:   0000000000000000 0000000400000cd1
0x00000099279fb980:   000000140000000d 000001abc3a44820
0x00000099279fb990:   000001abc37ee480 000001abbad225d0
0x00000099279fb9a0:   000001abbf88d1b0 0000000000000000
0x00000099279fb9b0:   00000099279fbac0 00007ff83f45e65f
0x00000099279fb9c0:   00000099279fbe10 00000099279fbef0
0x00000099279fb9d0:   00000000000003d8 000001abbf88d1a0
0x00000099279fb9e0:   0000000000000000 00007ff89ab3fde6
0x00000099279fb9f0:   0000000000000006 000001abbf88d1a0
0x00000099279fba00:   000001abc3a7aee0 000001abc3a7e850
0x00000099279fba10:   000001abc3a82ec8 0000000000a5f768
0x00000099279fba20:   0000000000000000 0000000000000000
0x00000099279fba30:   0000000000000000 0000000000000000
0x00000099279fba40:   0000000000000000 00007ff83fbde038
0x00000099279fba50:   0000000000000000 00000099279fe760
0x00000099279fba60:   0000000000000000 00007ff83fbde038
0x00000099279fba70:   0000000000000000 000000000000014c
0x00000099279fba80:   000001ab0000000c 00000099279fe760
0x00000099279fba90:   000001abbabe0050 0000000000000000
0x00000099279fbaa0:   000001abc471e050 0000000000002953
0x00000099279fbab0:   00000099279fb9f0 000001abbf88d1b0
0x00000099279fbac0:   00007ff83fbde008 000000000000000d
0x00000099279fbad0:   00000099279fe760 00000099279fbe10
0x00000099279fbae0:   0000000000002c36 000001abc06d11b0
0x00000099279fbaf0:   00007ff80000000a 00000099279fe760
0x00000099279fbb00:   000001abc3740090 0000000000000000
0x00000099279fbb10:   000001abc6eff660 000001abc1390980
0x00000099279fbb20:   000001abc1393cc0 000001abc2e6fb80
0x00000099279fbb30:   00000099279fbd70 00000099279fbf10
0x00000099279fbb40:   0000000000002953 00000099279fb9f0 

Instructions: (pc=0x00007ff83f60a285)
0x00007ff83f60a185:   10 4c 89 70 18 4c 89 78 20 4c 8d 3d c3 8f 82 00
0x00007ff83f60a195:   66 66 66 0f 1f 84 00 00 00 00 00 8b f7 4c 8d 04
0x00007ff83f60a1a5:   b6 49 c1 e0 05 4c 03 45 10 45 39 20 0f 84 f7 00
0x00007ff83f60a1b5:   00 00 44 89 64 24 28 49 8b d4 48 89 54 24 20 44
0x00007ff83f60a1c5:   8b f6 48 c7 44 24 2c 04 00 00 00 41 83 e6 3f 41
0x00007ff83f60a1d5:   8b 40 04 89 44 24 34 4c 89 64 24 38 49 8b 40 08
0x00007ff83f60a1e5:   48 89 44 24 40 4c 89 44 24 48 90 48 85 d2 74 1d
0x00007ff83f60a1f5:   48 0f bc c2 8b c8 48 d3 ea 8b 4c 24 28 48 ff ca
0x00007ff83f60a205:   03 c8 48 89 54 24 20 89 4c 24 28 eb 26 83 7c 24
0x00007ff83f60a215:   2c 04 72 0e 8b 44 24 34 39 44 24 30 0f 83 87 00
0x00007ff83f60a225:   00 00 48 8d 4c 24 20 e8 af 6b 00 00 48 8b 54 24
0x00007ff83f60a235:   20 8b c8 85 c9 74 72 8b c1 48 8d 1c 80 48 c1 e3
0x00007ff83f60a245:   05 48 03 5d 10 85 ff 74 a2 48 8b 43 08 48 8b ce
0x00007ff83f60a255:   48 c1 e9 08 4c 8b 0c c8 4d 3b cf 75 0d 8b d7 48
0x00007ff83f60a265:   8b cb e8 34 6d 00 00 4c 8b c8 49 8b ce 41 b8 01
0x00007ff83f60a275:   00 00 00 49 d3 e0 48 8b ce 48 c1 e9 06 83 e1 03
0x00007ff83f60a285:   49 8b 14 c9 48 8b c2 49 0b c0 49 89 04 c9 49 85
0x00007ff83f60a295:   d0 74 0a 48 8b 54 24 20 e9 4e ff ff ff ff 03 48
0x00007ff83f60a2a5:   8b 54 24 20 e9 42 ff ff ff ff c7 3b 7d 28 0f 82
0x00007ff83f60a2b5:   e7 fe ff ff 4c 8b bc 24 88 00 00 00 4c 8b b4 24
0x00007ff83f60a2c5:   80 00 00 00 48 8b 74 24 78 48 8b 5c 24 70 c6 45
0x00007ff83f60a2d5:   18 01 48 83 c4 50 41 5c 5f 5d c3 c6 41 18 01 48
0x00007ff83f60a2e5:   83 c4 50 41 5c 5f 5d c3 cc cc cc 4c 8b dc 49 89
0x00007ff83f60a2f5:   6b 20 56 57 41 56 48 83 ec 50 41 8b c0 48 8b e9
0x00007ff83f60a305:   8b f2 4c 8d 14 80 49 c1 e2 05 48 8d 3c b6 4c 03
0x00007ff83f60a315:   51 10 48 c1 e7 05 48 03 79 10 41 83 3a 00 0f 84
0x00007ff83f60a325:   79 01 00 00 33 d2 4d 89 63 10 49 89 53 b8 4c 8d
0x00007ff83f60a335:   25 1e 8e 82 00 89 54 24 28 44 8b c2 49 c7 43 c4
0x00007ff83f60a345:   04 00 00 00 41 8b 42 04 89 44 24 34 4d 89 7b 18
0x00007ff83f60a355:   44 8b fe 49 89 53 d0 41 83 e7 3f 49 8b 42 08 49
0x00007ff83f60a365:   89 43 d8 4d 89 53 e0 49 89 5b 08 48 85 d2 74 1b
0x00007ff83f60a375:   48 0f bc c2 8b c8 48 d3 ea 48 ff ca 44 03 c0 48 


Stack slot to memory mapping:
stack at sp + 0 slots: 0x000001abbac60250 points into unknown readable memory: 0x0000002100000016 | 16 00 00 00 21 00 00 00
stack at sp + 1 slots: 0x000000000000203c is an unknown value
stack at sp + 2 slots: 0x000001abc06d1100 points into unknown readable memory: 0x0000159600001061 | 61 10 00 00 96 15 00 00
stack at sp + 3 slots: 0x0 is NULL
stack at sp + 4 slots: 0x0 is NULL
stack at sp + 5 slots: 0x0000000400000cd1 is an unknown value
stack at sp + 6 slots: 0x000000140000000d is an unknown value
stack at sp + 7 slots: 0x000001abc3a44820 points into unknown readable memory: 0x0000000000000000 | 00 00 00 00 00 00 00 00


---------------  P R O C E S S  ---------------

Threads class SMR info:
_java_thread_list=0x000001abc0248e30, length=36, elements={
0x000001abb9f23a40, 0x000001abb9f247d0, 0x000001abba0a5c10, 0x000001abba0b23e0,
0x000001abba0b4dc0, 0x000001abba0b5690, 0x000001abba0c59d0, 0x000001abba0c72f0,
0x000001abb9f5af70, 0x000001abb9ec7b10, 0x000001abba39dcb0, 0x000001abba3a2f50,
0x000001abba3a3450, 0x000001abba3a6140, 0x000001abc140ef10, 0x000001abc140f420,
0x000001abc140c690, 0x000001abc0de7500, 0x000001abc0de65d0, 0x000001abc0de9d80,
0x000001abc0de7a10, 0x000001abc0de8e50, 0x000001abc2df1a70, 0x000001abc0de6ff0,
0x000001abc140ea00, 0x000001abc140d5c0, 0x000001abc1410350, 0x000001abc140b760,
0x000001abc140dfe0, 0x000001abc140f930, 0x000001abc1410860, 0x000001abc1410d70,
0x000001abc140a320, 0x000001abc140bc70, 0x000001abc140a830, 0x000001abc140ad40
}

Java Threads: ( => current thread )
  0x000001abb9f23a40 JavaThread "Reference Handler" daemon [_thread_blocked, id=6588, stack(0x0000009928100000,0x0000009928200000)]
  0x000001abb9f247d0 JavaThread "Finalizer" daemon [_thread_blocked, id=6012, stack(0x0000009928200000,0x0000009928300000)]
  0x000001abba0a5c10 JavaThread "Signal Dispatcher" daemon [_thread_blocked, id=13908, stack(0x0000009928300000,0x0000009928400000)]
  0x000001abba0b23e0 JavaThread "Attach Listener" daemon [_thread_blocked, id=8296, stack(0x0000009928400000,0x0000009928500000)]
  0x000001abba0b4dc0 JavaThread "Service Thread" daemon [_thread_blocked, id=10860, stack(0x0000009928500000,0x0000009928600000)]
  0x000001abba0b5690 JavaThread "Monitor Deflation Thread" daemon [_thread_blocked, id=1288, stack(0x0000009928600000,0x0000009928700000)]
  0x000001abba0c59d0 JavaThread "C2 CompilerThread0" daemon [_thread_blocked, id=1204, stack(0x0000009928700000,0x0000009928800000)]
  0x000001abba0c72f0 JavaThread "C1 CompilerThread0" daemon [_thread_blocked, id=13948, stack(0x0000009928800000,0x0000009928900000)]
  0x000001abb9f5af70 JavaThread "Sweeper thread" daemon [_thread_blocked, id=11732, stack(0x0000009928900000,0x0000009928a00000)]
  0x000001abb9ec7b10 JavaThread "Common-Cleaner" daemon [_thread_blocked, id=8576, stack(0x0000009928a00000,0x0000009928b00000)]
  0x000001abba39dcb0 JavaThread "JDWP Transport Listener: dt_socket" daemon [_thread_blocked, id=2620, stack(0x0000009928b00000,0x0000009928c00000)]
  0x000001abba3a2f50 JavaThread "JDWP Event Helper Thread" daemon [_thread_blocked, id=12064, stack(0x0000009928c00000,0x0000009928d00000)]
  0x000001abba3a3450 JavaThread "JDWP Command Reader" daemon [_thread_in_native, id=6800, stack(0x0000009928d00000,0x0000009928e00000)]
  0x000001abba3a6140 JavaThread "Notification Thread" daemon [_thread_blocked, id=4928, stack(0x0000009928e00000,0x0000009928f00000)]
  0x000001abc140ef10 JavaThread "mysql-cj-abandoned-connection-cleanup" daemon [_thread_blocked, id=9648, stack(0x0000009929900000,0x0000009929a00000)]
  0x000001abc140f420 JavaThread "Live Reload Server" daemon [_thread_in_native, id=12532, stack(0x000000992a000000,0x000000992a100000)]
  0x000001abc140c690 JavaThread "DestroyJavaVM" [_thread_blocked, id=14124, stack(0x0000009927a00000,0x0000009927b00000)]
  0x000001abc0de7500 JavaThread "Catalina-utility-1" [_thread_blocked, id=10460, stack(0x0000009929400000,0x0000009929500000)]
  0x000001abc0de65d0 JavaThread "Catalina-utility-2" [_thread_blocked, id=13036, stack(0x0000009929500000,0x0000009929600000)]
  0x000001abc0de9d80 JavaThread "container-0" [_thread_blocked, id=8776, stack(0x0000009929600000,0x0000009929700000)]
  0x000001abc0de7a10 JavaThread "HikariPool-2 housekeeper" daemon [_thread_blocked, id=6620, stack(0x0000009929700000,0x0000009929800000)]
  0x000001abc0de8e50 JavaThread "HikariPool-2 connection adder" daemon [_thread_blocked, id=11368, stack(0x0000009929800000,0x0000009929900000)]
=>0x000001abc2df1a70 JavaThread "C2 CompilerThread1" daemon [_thread_in_native, id=10116, stack(0x0000009927900000,0x0000009927a00000)]
  0x000001abc0de6ff0 JavaThread "File Watcher" daemon [_thread_blocked, id=13232, stack(0x0000009929a00000,0x0000009929b00000)]
  0x000001abc140ea00 JavaThread "http-nio-8080-exec-1" daemon [_thread_blocked, id=3296, stack(0x0000009929b00000,0x0000009929c00000)]
  0x000001abc140d5c0 JavaThread "http-nio-8080-exec-2" daemon [_thread_blocked, id=8644, stack(0x0000009929c00000,0x0000009929d00000)]
  0x000001abc1410350 JavaThread "http-nio-8080-exec-3" daemon [_thread_blocked, id=12488, stack(0x0000009929d00000,0x0000009929e00000)]
  0x000001abc140b760 JavaThread "http-nio-8080-exec-4" daemon [_thread_blocked, id=4324, stack(0x0000009929e00000,0x0000009929f00000)]
  0x000001abc140dfe0 JavaThread "http-nio-8080-exec-5" daemon [_thread_blocked, id=8448, stack(0x0000009929f00000,0x000000992a000000)]
  0x000001abc140f930 JavaThread "http-nio-8080-exec-6" daemon [_thread_blocked, id=11316, stack(0x000000992a100000,0x000000992a200000)]
  0x000001abc1410860 JavaThread "http-nio-8080-exec-7" daemon [_thread_blocked, id=12164, stack(0x000000992a200000,0x000000992a300000)]
  0x000001abc1410d70 JavaThread "http-nio-8080-exec-8" daemon [_thread_blocked, id=12172, stack(0x000000992a300000,0x000000992a400000)]
  0x000001abc140a320 JavaThread "http-nio-8080-exec-9" daemon [_thread_blocked, id=14888, stack(0x000000992a400000,0x000000992a500000)]
  0x000001abc140bc70 JavaThread "http-nio-8080-exec-10" daemon [_thread_blocked, id=14692, stack(0x000000992a500000,0x000000992a600000)]
  0x000001abc140a830 JavaThread "http-nio-8080-Poller" daemon [_thread_in_native, id=8648, stack(0x000000992a600000,0x000000992a700000)]
  0x000001abc140ad40 JavaThread "http-nio-8080-Acceptor" daemon [_thread_in_native, id=5260, stack(0x000000992a700000,0x000000992a800000)]

Other Threads:
  0x000001abb9f1ff00 VMThread "VM Thread" [stack: 0x0000009928000000,0x0000009928100000] [id=6252]
  0x000001abba3a9e70 WatcherThread [stack: 0x0000009928f00000,0x0000009929000000] [id=8864]
  0x000001aba0784f60 GCTaskThread "GC Thread#0" [stack: 0x0000009927b00000,0x0000009927c00000] [id=10888]
  0x000001abba409290 GCTaskThread "GC Thread#1" [stack: 0x0000009929000000,0x0000009929100000] [id=14932]
  0x000001abbf523310 GCTaskThread "GC Thread#2" [stack: 0x0000009929100000,0x0000009929200000] [id=3332]
  0x000001abbf604330 GCTaskThread "GC Thread#3" [stack: 0x0000009929200000,0x0000009929300000] [id=4736]
  0x000001aba0795980 ConcurrentGCThread "G1 Main Marker" [stack: 0x0000009927c00000,0x0000009927d00000] [id=14504]
  0x000001aba0796a50 ConcurrentGCThread "G1 Conc#0" [stack: 0x0000009927d00000,0x0000009927e00000] [id=8616]
  0x000001aba07ddab0 ConcurrentGCThread "G1 Refine#0" [stack: 0x0000009927e00000,0x0000009927f00000] [id=4624]
  0x000001aba07de3f0 ConcurrentGCThread "G1 Service" [stack: 0x0000009927f00000,0x0000009928000000] [id=816]

Threads with active compile tasks:
C2 CompilerThread1   729733 10984   !   4       org.springframework.util.ReflectionUtils::getDeclaredMethods (183 bytes)

VM state: not at safepoint (normal execution)

VM Mutex/Monitor currently owned by a thread: None

Heap address: 0x0000000081a00000, size: 2022 MB, Compressed Oops mode: 32-bit

CDS archive(s) not mapped
Compressed class space mapped at: 0x0000000100000000-0x0000000140000000, reserved size: 1073741824
Narrow klass base: 0x0000000000000000, Narrow klass shift: 3, Narrow klass range: 0x140000000

GC Precious Log:
 CPUs: 4 total, 4 available
 Memory: 8082M
 Large Page Support: Disabled
 NUMA Support: Disabled
 Compressed Oops: Enabled (32-bit)
 Heap Region Size: 1M
 Heap Min Capacity: 8M
 Heap Initial Capacity: 128M
 Heap Max Capacity: 2022M
 Pre-touch: Disabled
 Parallel Workers: 4
 Concurrent Workers: 1
 Concurrent Refinement Workers: 4
 Periodic GC: Disabled

Heap:
 garbage-first heap   total 80896K, used 46286K [0x0000000081a00000, 0x0000000100000000)
  region size 1024K, 12 young (12288K), 3 survivors (3072K)
 Metaspace       used 88104K, committed 88640K, reserved 1179648K
  class space    used 11402K, committed 11648K, reserved 1048576K

Heap Regions: E=young(eden), S=young(survivor), O=old, HS=humongous(starts), HC=humongous(continues), CS=collection set, F=free, OA=open archive, CA=closed archive, TAMS=top-at-mark-start (previous, next)
|   0|0x0000000081a00000, 0x0000000081b00000, 0x0000000081b00000|100%|HS|  |TAMS 0x0000000081b00000, 0x0000000081a00000| Complete 
|   1|0x0000000081b00000, 0x0000000081c00000, 0x0000000081c00000|100%| O|  |TAMS 0x0000000081c00000, 0x0000000081b00000| Untracked 
|   2|0x0000000081c00000, 0x0000000081cf2418, 0x0000000081d00000| 94%| O|  |TAMS 0x0000000081cf2418, 0x0000000081c00000| Untracked 
|   3|0x0000000081d00000, 0x0000000081e00000, 0x0000000081e00000|100%| O|  |TAMS 0x0000000081e00000, 0x0000000081d00000| Untracked 
|   4|0x0000000081e00000, 0x0000000081f00000, 0x0000000081f00000|100%| O|  |TAMS 0x0000000081f00000, 0x0000000081e00000| Untracked 
|   5|0x0000000081f00000, 0x0000000081ffffa0, 0x0000000082000000| 99%| O|  |TAMS 0x0000000081ffffa0, 0x0000000081f00000| Untracked 
|   6|0x0000000082000000, 0x00000000820ffff8, 0x0000000082100000| 99%| O|  |TAMS 0x00000000820ffff8, 0x0000000082000000| Untracked 
|   7|0x0000000082100000, 0x00000000821fffd0, 0x0000000082200000| 99%| O|  |TAMS 0x00000000821fffd0, 0x0000000082100000| Untracked 
|   8|0x0000000082200000, 0x00000000822ffff8, 0x0000000082300000| 99%| O|  |TAMS 0x00000000822ffff8, 0x0000000082200000| Untracked 
|   9|0x0000000082300000, 0x00000000823ffff8, 0x0000000082400000| 99%| O|  |TAMS 0x00000000823ffff8, 0x0000000082300000| Untracked 
|  10|0x0000000082400000, 0x00000000824fffe0, 0x0000000082500000| 99%| O|  |TAMS 0x00000000824fffe0, 0x0000000082400000| Untracked 
|  11|0x0000000082500000, 0x00000000825ffff8, 0x0000000082600000| 99%| O|  |TAMS 0x00000000825ffff8, 0x0000000082500000| Untracked 
|  12|0x0000000082600000, 0x00000000826ffff8, 0x0000000082700000| 99%| O|  |TAMS 0x00000000826ffff8, 0x0000000082600000| Untracked 
|  13|0x0000000082700000, 0x00000000827fffe8, 0x0000000082800000| 99%| O|  |TAMS 0x00000000827fffe8, 0x0000000082700000| Untracked 
|  14|0x0000000082800000, 0x0000000082900000, 0x0000000082900000|100%| O|  |TAMS 0x0000000082900000, 0x0000000082800000| Untracked 
|  15|0x0000000082900000, 0x00000000829fff98, 0x0000000082a00000| 99%| O|  |TAMS 0x00000000829fff98, 0x0000000082900000| Untracked 
|  16|0x0000000082a00000, 0x0000000082affff0, 0x0000000082b00000| 99%| O|  |TAMS 0x0000000082affff0, 0x0000000082a00000| Untracked 
|  17|0x0000000082b00000, 0x0000000082bffaf8, 0x0000000082c00000| 99%| O|  |TAMS 0x0000000082bffaf8, 0x0000000082b00000| Untracked 
|  18|0x0000000082c00000, 0x0000000082cffff8, 0x0000000082d00000| 99%| O|  |TAMS 0x0000000082cffff8, 0x0000000082c00000| Untracked 
|  19|0x0000000082d00000, 0x0000000082dfffe8, 0x0000000082e00000| 99%| O|  |TAMS 0x0000000082dfffe8, 0x0000000082d00000| Untracked 
|  20|0x0000000082e00000, 0x0000000082effff8, 0x0000000082f00000| 99%| O|  |TAMS 0x0000000082effff8, 0x0000000082e00000| Untracked 
|  21|0x0000000082f00000, 0x0000000082fffff0, 0x0000000083000000| 99%| O|  |TAMS 0x0000000082fffff0, 0x0000000082f00000| Untracked 
|  22|0x0000000083000000, 0x00000000830ffff0, 0x0000000083100000| 99%| O|  |TAMS 0x00000000830ffff0, 0x0000000083000000| Untracked 
|  23|0x0000000083100000, 0x00000000831fffe8, 0x0000000083200000| 99%| O|  |TAMS 0x00000000831fffe8, 0x0000000083100000| Untracked 
|  24|0x0000000083200000, 0x00000000832ffb30, 0x0000000083300000| 99%| O|  |TAMS 0x00000000832ffb30, 0x0000000083200000| Untracked 
|  25|0x0000000083300000, 0x00000000833ff870, 0x0000000083400000| 99%| O|  |TAMS 0x00000000833ff870, 0x0000000083300000| Untracked 
|  26|0x0000000083400000, 0x0000000083500000, 0x0000000083500000|100%| O|  |TAMS 0x0000000083500000, 0x0000000083400000| Untracked 
|  27|0x0000000083500000, 0x00000000835f4a38, 0x0000000083600000| 95%| O|  |TAMS 0x00000000835f4a38, 0x0000000083500000| Untracked 
|  28|0x0000000083600000, 0x0000000083644a80, 0x0000000083700000| 26%| O|  |TAMS 0x0000000083644a80, 0x0000000083600000| Untracked 
|  29|0x0000000083700000, 0x00000000837273c0, 0x0000000083800000| 15%| O|  |TAMS 0x00000000837273c0, 0x0000000083700000| Untracked 
|  30|0x0000000083800000, 0x0000000083900000, 0x0000000083900000|100%| O|  |TAMS 0x0000000083900000, 0x0000000083800000| Untracked 
|  31|0x0000000083900000, 0x0000000083a00000, 0x0000000083a00000|100%| O|  |TAMS 0x0000000083a00000, 0x0000000083900000| Untracked 
|  32|0x0000000083a00000, 0x0000000083b00000, 0x0000000083b00000|100%| O|  |TAMS 0x0000000083b00000, 0x0000000083a00000| Untracked 
|  33|0x0000000083b00000, 0x0000000083c00000, 0x0000000083c00000|100%| O|  |TAMS 0x0000000083c00000, 0x0000000083b00000| Untracked 
|  34|0x0000000083c00000, 0x0000000083d00000, 0x0000000083d00000|100%| O|  |TAMS 0x0000000083c5bc00, 0x0000000083c00000| Untracked 
|  35|0x0000000083d00000, 0x0000000083e00000, 0x0000000083e00000|100%| O|  |TAMS 0x0000000083e00000, 0x0000000083d00000| Untracked 
|  36|0x0000000083e00000, 0x0000000083f00000, 0x0000000083f00000|100%| O|  |TAMS 0x0000000083f00000, 0x0000000083e00000| Untracked 
|  37|0x0000000083f00000, 0x0000000083f37200, 0x0000000084000000| 21%| O|  |TAMS 0x0000000083f00000, 0x0000000083f00000| Untracked 
|  38|0x0000000084000000, 0x0000000084000000, 0x0000000084100000|  0%| F|  |TAMS 0x0000000084000000, 0x0000000084000000| Untracked 
|  39|0x0000000084100000, 0x0000000084100000, 0x0000000084200000|  0%| F|  |TAMS 0x0000000084100000, 0x0000000084100000| Untracked 
|  40|0x0000000084200000, 0x0000000084200000, 0x0000000084300000|  0%| F|  |TAMS 0x0000000084200000, 0x0000000084200000| Untracked 
|  41|0x0000000084300000, 0x0000000084300000, 0x0000000084400000|  0%| F|  |TAMS 0x0000000084300000, 0x0000000084300000| Untracked 
|  42|0x0000000084400000, 0x0000000084400000, 0x0000000084500000|  0%| F|  |TAMS 0x0000000084400000, 0x0000000084400000| Untracked 
|  43|0x0000000084500000, 0x0000000084500000, 0x0000000084600000|  0%| F|  |TAMS 0x0000000084500000, 0x0000000084500000| Untracked 
|  44|0x0000000084600000, 0x0000000084600000, 0x0000000084700000|  0%| F|  |TAMS 0x0000000084600000, 0x0000000084600000| Untracked 
|  45|0x0000000084700000, 0x0000000084700000, 0x0000000084800000|  0%| F|  |TAMS 0x0000000084700000, 0x0000000084700000| Untracked 
|  46|0x0000000084800000, 0x00000000848ab058, 0x0000000084900000| 66%| S|CS|TAMS 0x0000000084800000, 0x0000000084800000| Complete 
|  47|0x0000000084900000, 0x0000000084a00000, 0x0000000084a00000|100%| S|CS|TAMS 0x0000000084900000, 0x0000000084900000| Complete 
|  48|0x0000000084a00000, 0x0000000084b00000, 0x0000000084b00000|100%| S|CS|TAMS 0x0000000084a00000, 0x0000000084a00000| Complete 
|  49|0x0000000084b00000, 0x0000000084b00000, 0x0000000084c00000|  0%| F|  |TAMS 0x0000000084b00000, 0x0000000084b00000| Untracked 
|  50|0x0000000084c00000, 0x0000000084c00000, 0x0000000084d00000|  0%| F|  |TAMS 0x0000000084c00000, 0x0000000084c00000| Untracked 
|  51|0x0000000084d00000, 0x0000000084d00000, 0x0000000084e00000|  0%| F|  |TAMS 0x0000000084d00000, 0x0000000084d00000| Untracked 
|  52|0x0000000084e00000, 0x0000000084e00000, 0x0000000084f00000|  0%| F|  |TAMS 0x0000000084e00000, 0x0000000084e00000| Untracked 
|  53|0x0000000084f00000, 0x0000000084f00000, 0x0000000085000000|  0%| F|  |TAMS 0x0000000084f00000, 0x0000000084f00000| Untracked 
|  54|0x0000000085000000, 0x0000000085000000, 0x0000000085100000|  0%| F|  |TAMS 0x0000000085000000, 0x0000000085000000| Untracked 
|  55|0x0000000085100000, 0x0000000085100000, 0x0000000085200000|  0%| F|  |TAMS 0x0000000085100000, 0x0000000085100000| Untracked 
|  56|0x0000000085200000, 0x0000000085200000, 0x0000000085300000|  0%| F|  |TAMS 0x0000000085200000, 0x0000000085200000| Untracked 
|  57|0x0000000085300000, 0x0000000085300000, 0x0000000085400000|  0%| F|  |TAMS 0x0000000085300000, 0x0000000085300000| Untracked 
|  58|0x0000000085400000, 0x0000000085400000, 0x0000000085500000|  0%| F|  |TAMS 0x0000000085400000, 0x0000000085400000| Untracked 
|  59|0x0000000085500000, 0x0000000085500000, 0x0000000085600000|  0%| F|  |TAMS 0x0000000085500000, 0x0000000085500000| Untracked 
|  60|0x0000000085600000, 0x0000000085600000, 0x0000000085700000|  0%| F|  |TAMS 0x0000000085600000, 0x0000000085600000| Untracked 
|  61|0x0000000085700000, 0x0000000085700000, 0x0000000085800000|  0%| F|  |TAMS 0x0000000085700000, 0x0000000085700000| Untracked 
|  62|0x0000000085800000, 0x0000000085800000, 0x0000000085900000|  0%| F|  |TAMS 0x0000000085800000, 0x0000000085800000| Untracked 
|  63|0x0000000085900000, 0x0000000085900000, 0x0000000085a00000|  0%| F|  |TAMS 0x0000000085900000, 0x0000000085900000| Untracked 
|  64|0x0000000085a00000, 0x0000000085a00000, 0x0000000085b00000|  0%| F|  |TAMS 0x0000000085a00000, 0x0000000085a00000| Untracked 
|  65|0x0000000085b00000, 0x0000000085b00000, 0x0000000085c00000|  0%| F|  |TAMS 0x0000000085b00000, 0x0000000085b00000| Untracked 
|  66|0x0000000085c00000, 0x0000000085c00000, 0x0000000085d00000|  0%| F|  |TAMS 0x0000000085c00000, 0x0000000085c00000| Untracked 
|  67|0x0000000085d00000, 0x0000000085d00000, 0x0000000085e00000|  0%| F|  |TAMS 0x0000000085d00000, 0x0000000085d00000| Untracked 
|  68|0x0000000085e00000, 0x0000000085e00000, 0x0000000085f00000|  0%| F|  |TAMS 0x0000000085e00000, 0x0000000085e00000| Untracked 
|  69|0x0000000085f00000, 0x0000000085f00000, 0x0000000086000000|  0%| F|  |TAMS 0x0000000085f00000, 0x0000000085f00000| Untracked 
|  70|0x0000000086000000, 0x00000000860304e8, 0x0000000086100000| 18%| E|  |TAMS 0x0000000086000000, 0x0000000086000000| Complete 
|  71|0x0000000086100000, 0x0000000086200000, 0x0000000086200000|100%| E|CS|TAMS 0x0000000086100000, 0x0000000086100000| Complete 
|  72|0x0000000086200000, 0x0000000086300000, 0x0000000086300000|100%| E|CS|TAMS 0x0000000086200000, 0x0000000086200000| Complete 
|  73|0x0000000086300000, 0x0000000086400000, 0x0000000086400000|100%| E|CS|TAMS 0x0000000086300000, 0x0000000086300000| Complete 
|  74|0x0000000086400000, 0x0000000086500000, 0x0000000086500000|100%| E|  |TAMS 0x0000000086400000, 0x0000000086400000| Complete 
| 114|0x0000000088c00000, 0x0000000088d00000, 0x0000000088d00000|100%| E|CS|TAMS 0x0000000088c00000, 0x0000000088c00000| Complete 
| 115|0x0000000088d00000, 0x0000000088e00000, 0x0000000088e00000|100%| E|CS|TAMS 0x0000000088d00000, 0x0000000088d00000| Complete 
| 116|0x0000000088e00000, 0x0000000088f00000, 0x0000000088f00000|100%| E|CS|TAMS 0x0000000088e00000, 0x0000000088e00000| Complete 
| 127|0x0000000089900000, 0x0000000089a00000, 0x0000000089a00000|100%| E|CS|TAMS 0x0000000089900000, 0x0000000089900000| Complete 

Card table byte_map: [0x000001abb32f0000,0x000001abb36f0000] _byte_map_base: 0x000001abb2ee3000

Marking Bits (Prev, Next): (CMBitMap*) 0x000001aba0785390, (CMBitMap*) 0x000001aba07853d0
 Prev Bits: [0x000001abb3af0000, 0x000001abb5a88000)
 Next Bits: [0x000001abb5a90000, 0x000001abb7a28000)

Polling page: 0x000001ab9e6e0000

Metaspace:

Usage:
  Non-class:     74.90 MB used.
      Class:     11.14 MB used.
       Both:     86.04 MB used.

Virtual space:
  Non-class space:      128.00 MB reserved,      75.19 MB ( 59%) committed,  2 nodes.
      Class space:        1.00 GB reserved,      11.38 MB (  1%) committed,  1 nodes.
             Both:        1.12 GB reserved,      86.56 MB (  8%) committed. 

Chunk freelists:
   Non-Class:  4.52 MB
       Class:  4.64 MB
        Both:  9.15 MB

MaxMetaspaceSize: unlimited
CompressedClassSpaceSize: 1.00 GB
Initial GC threshold: 21.00 MB
Current GC threshold: 144.31 MB
CDS: off
MetaspaceReclaimPolicy: balanced
 - commit_granule_bytes: 65536.
 - commit_granule_words: 8192.
 - virtual_space_node_default_size: 8388608.
 - enlarge_chunks_in_place: 1.
 - new_chunks_are_fully_committed: 0.
 - uncommit_free_chunks: 1.
 - use_allocation_guard: 0.
 - handle_deallocations: 1.


Internal statistics:

num_allocs_failed_limit: 6.
num_arena_births: 898.
num_arena_deaths: 0.
num_vsnodes_births: 3.
num_vsnodes_deaths: 0.
num_space_committed: 1385.
num_space_uncommitted: 0.
num_chunks_returned_to_freelist: 6.
num_chunks_taken_from_freelist: 3792.
num_chunk_merges: 3.
num_chunk_splits: 2744.
num_chunks_enlarged: 2156.
num_inconsistent_stats: 0.

CodeHeap 'non-profiled nmethods': size=120000Kb used=7312Kb max_used=7312Kb free=112687Kb
 bounds [0x000001abab9c0000, 0x000001abac0f0000, 0x000001abb2ef0000]
CodeHeap 'profiled nmethods': size=120000Kb used=19890Kb max_used=19893Kb free=100109Kb
 bounds [0x000001aba3ef0000, 0x000001aba5260000, 0x000001abab420000]
CodeHeap 'non-nmethods': size=5760Kb used=1418Kb max_used=1480Kb free=4341Kb
 bounds [0x000001abab420000, 0x000001abab690000, 0x000001abab9c0000]
 total_blobs=10254 nmethods=9570 adapters=595
 compilation: enabled
              stopped_count=0, restarted_count=0
 full_count=0

Compilation events (20 events):
Event: 728.415 Thread 0x000001abba0c72f0 11059       3       org.hibernate.internal.SessionImpl::pulseTransactionCoordinator (5 bytes)
Event: 728.415 Thread 0x000001abba0c72f0 nmethod 11059 0x000001aba524bc10 code [0x000001aba524bda0, 0x000001aba524bee8]
Event: 728.510 Thread 0x000001abba0c72f0 11060       3       org.springframework.core.ResolvableType::getComponentType (93 bytes)
Event: 728.511 Thread 0x000001abba0c72f0 nmethod 11060 0x000001aba524bf90 code [0x000001aba524c1e0, 0x000001aba524cca8]
Event: 728.512 Thread 0x000001abba0c72f0 11061       3       org.springframework.beans.AbstractNestablePropertyAccessor::getPropertyHandler (24 bytes)
Event: 728.513 Thread 0x000001abba0c72f0 nmethod 11061 0x000001aba524cf90 code [0x000001aba524d1c0, 0x000001aba524d908]
Event: 728.513 Thread 0x000001abba0c72f0 11062       3       org.springframework.beans.factory.support.AbstractAutowireCapableBeanFactory::convertForProperty (55 bytes)
Event: 728.514 Thread 0x000001abba0c72f0 nmethod 11062 0x000001aba524dc90 code [0x000001aba524dea0, 0x000001aba524e488]
Event: 728.516 Thread 0x000001abba0c72f0 11063       1       org.springframework.data.repository.core.support.DefaultRepositoryMetadata::getDomainTypeInformation (5 bytes)
Event: 728.516 Thread 0x000001abba0c72f0 nmethod 11063 0x000001abac0be490 code [0x000001abac0be620, 0x000001abac0be6f8]
Event: 728.516 Thread 0x000001abba0c72f0 11064       3       org.springframework.aop.framework.AdvisedSupport::isInterfaceProxied (44 bytes)
Event: 728.517 Thread 0x000001abba0c72f0 nmethod 11064 0x000001aba524e710 code [0x000001aba524e900, 0x000001aba524eeb8]
Event: 728.564 Thread 0x000001abba0c72f0 11066       3       java.util.Iterator::forEachRemaining (30 bytes)
Event: 728.565 Thread 0x000001abba0c72f0 nmethod 11066 0x000001aba524f090 code [0x000001aba524f280, 0x000001aba524f7d8]
Event: 728.568 Thread 0x000001abba0c72f0 11067       1       org.springframework.beans.AbstractPropertyAccessor::isExtractOldValueForEditor (5 bytes)
Event: 728.568 Thread 0x000001abba0c72f0 nmethod 11067 0x000001abac0be790 code [0x000001abac0be920, 0x000001abac0be9f8]
Event: 728.569 Thread 0x000001abba0c72f0 11068       3       org.springframework.data.util.ClassTypeInformation::from (17 bytes)
Event: 728.570 Thread 0x000001abba0c72f0 nmethod 11068 0x000001aba524f990 code [0x000001aba524fb60, 0x000001aba524feb8]
Event: 728.570 Thread 0x000001abba0c72f0 11069       3       org.springframework.data.repository.core.support.RepositoryComposition::<init> (37 bytes)
Event: 728.571 Thread 0x000001abba0c72f0 nmethod 11069 0x000001aba5250010 code [0x000001aba52501c0, 0x000001aba52505c8]

GC Heap History (20 events):
Event: 605.861 GC heap before
{Heap before GC invocations=68 (full 0):
 garbage-first heap   total 65536K, used 53821K [0x0000000081a00000, 0x0000000100000000)
  region size 1024K, 19 young (19456K), 1 survivors (1024K)
 Metaspace       used 85833K, committed 86400K, reserved 1179648K
  class space    used 11262K, committed 11520K, reserved 1048576K
}
Event: 605.862 GC heap after
{Heap after GC invocations=69 (full 0):
 garbage-first heap   total 65536K, used 36367K [0x0000000081a00000, 0x0000000100000000)
  region size 1024K, 1 young (1024K), 1 survivors (1024K)
 Metaspace       used 85833K, committed 86400K, reserved 1179648K
  class space    used 11262K, committed 11520K, reserved 1048576K
}
Event: 705.421 GC heap before
{Heap before GC invocations=70 (full 0):
 garbage-first heap   total 65536K, used 54799K [0x0000000081a00000, 0x0000000100000000)
  region size 1024K, 19 young (19456K), 1 survivors (1024K)
 Metaspace       used 85877K, committed 86400K, reserved 1179648K
  class space    used 11262K, committed 11520K, reserved 1048576K
}
Event: 705.424 GC heap after
{Heap after GC invocations=71 (full 0):
 garbage-first heap   total 65536K, used 36385K [0x0000000081a00000, 0x0000000100000000)
  region size 1024K, 1 young (1024K), 1 survivors (1024K)
 Metaspace       used 85877K, committed 86400K, reserved 1179648K
  class space    used 11262K, committed 11520K, reserved 1048576K
}
Event: 722.012 GC heap before
{Heap before GC invocations=71 (full 0):
 garbage-first heap   total 65536K, used 40481K [0x0000000081a00000, 0x0000000100000000)
  region size 1024K, 6 young (6144K), 1 survivors (1024K)
 Metaspace       used 86148K, committed 86592K, reserved 1179648K
  class space    used 11305K, committed 11520K, reserved 1048576K
}
Event: 722.089 GC heap after
{Heap after GC invocations=72 (full 1):
 garbage-first heap   total 65536K, used 31046K [0x0000000081a00000, 0x0000000100000000)
  region size 1024K, 0 young (0K), 0 survivors (0K)
 Metaspace       used 86148K, committed 86592K, reserved 1179648K
  class space    used 11305K, committed 11520K, reserved 1048576K
}
Event: 723.075 GC heap before
{Heap before GC invocations=72 (full 1):
 garbage-first heap   total 65536K, used 53574K [0x0000000081a00000, 0x0000000100000000)
  region size 1024K, 23 young (23552K), 0 survivors (0K)
 Metaspace       used 86436K, committed 86976K, reserved 1179648K
  class space    used 11321K, committed 11584K, reserved 1048576K
}
Event: 723.079 GC heap after
{Heap after GC invocations=73 (full 1):
 garbage-first heap   total 65536K, used 33147K [0x0000000081a00000, 0x0000000100000000)
  region size 1024K, 3 young (3072K), 3 survivors (3072K)
 Metaspace       used 86436K, committed 86976K, reserved 1179648K
  class space    used 11321K, committed 11584K, reserved 1048576K
}
Event: 724.789 GC heap before
{Heap before GC invocations=74 (full 1):
 garbage-first heap   total 65536K, used 52603K [0x0000000081a00000, 0x0000000100000000)
  region size 1024K, 22 young (22528K), 3 survivors (3072K)
 Metaspace       used 86804K, committed 87360K, reserved 1179648K
  class space    used 11341K, committed 11584K, reserved 1048576K
}
Event: 724.794 GC heap after
{Heap after GC invocations=75 (full 1):
 garbage-first heap   total 65536K, used 34296K [0x0000000081a00000, 0x0000000100000000)
  region size 1024K, 2 young (2048K), 2 survivors (2048K)
 Metaspace       used 86804K, committed 87360K, reserved 1179648K
  class space    used 11341K, committed 11584K, reserved 1048576K
}
Event: 725.789 GC heap before
{Heap before GC invocations=75 (full 1):
 garbage-first heap   total 65536K, used 51704K [0x0000000081a00000, 0x0000000100000000)
  region size 1024K, 20 young (20480K), 2 survivors (2048K)
 Metaspace       used 87176K, committed 87744K, reserved 1179648K
  class space    used 11358K, committed 11648K, reserved 1048576K
}
Event: 725.793 GC heap after
{Heap after GC invocations=76 (full 1):
 garbage-first heap   total 65536K, used 35803K [0x0000000081a00000, 0x0000000100000000)
  region size 1024K, 3 young (3072K), 3 survivors (3072K)
 Metaspace       used 87176K, committed 87744K, reserved 1179648K
  class space    used 11358K, committed 11648K, reserved 1048576K
}
Event: 726.489 GC heap before
{Heap before GC invocations=77 (full 1):
 garbage-first heap   total 68608K, used 51163K [0x0000000081a00000, 0x0000000100000000)
  region size 1024K, 19 young (19456K), 3 survivors (3072K)
 Metaspace       used 87522K, committed 88128K, reserved 1179648K
  class space    used 11369K, committed 11648K, reserved 1048576K
}
Event: 726.493 GC heap after
{Heap after GC invocations=78 (full 1):
 garbage-first heap   total 68608K, used 36575K [0x0000000081a00000, 0x0000000100000000)
  region size 1024K, 3 young (3072K), 3 survivors (3072K)
 Metaspace       used 87522K, committed 88128K, reserved 1179648K
  class space    used 11369K, committed 11648K, reserved 1048576K
}
Event: 726.887 GC heap before
{Heap before GC invocations=78 (full 1):
 garbage-first heap   total 68608K, used 55007K [0x0000000081a00000, 0x0000000100000000)
  region size 1024K, 21 young (21504K), 3 survivors (3072K)
 Metaspace       used 87723K, committed 88320K, reserved 1179648K
  class space    used 11385K, committed 11648K, reserved 1048576K
}
Event: 726.891 GC heap after
{Heap after GC invocations=79 (full 1):
 garbage-first heap   total 68608K, used 37209K [0x0000000081a00000, 0x0000000100000000)
  region size 1024K, 2 young (2048K), 2 survivors (2048K)
 Metaspace       used 87723K, committed 88320K, reserved 1179648K
  class space    used 11385K, committed 11648K, reserved 1048576K
}
Event: 727.896 GC heap before
{Heap before GC invocations=80 (full 1):
 garbage-first heap   total 78848K, used 54617K [0x0000000081a00000, 0x0000000100000000)
  region size 1024K, 19 young (19456K), 2 survivors (2048K)
 Metaspace       used 87914K, committed 88512K, reserved 1179648K
  class space    used 11395K, committed 11648K, reserved 1048576K
}
Event: 727.899 GC heap after
{Heap after GC invocations=81 (full 1):
 garbage-first heap   total 78848K, used 37722K [0x0000000081a00000, 0x0000000100000000)
  region size 1024K, 3 young (3072K), 3 survivors (3072K)
 Metaspace       used 87914K, committed 88512K, reserved 1179648K
  class space    used 11395K, committed 11648K, reserved 1048576K
}
Event: 728.574 GC heap before
{Heap before GC invocations=81 (full 1):
 garbage-first heap   total 78848K, used 63322K [0x0000000081a00000, 0x0000000100000000)
  region size 1024K, 28 young (28672K), 3 survivors (3072K)
 Metaspace       used 88064K, committed 88640K, reserved 1179648K
  class space    used 11400K, committed 11648K, reserved 1048576K
}
Event: 728.581 GC heap after
{Heap after GC invocations=82 (full 1):
 garbage-first heap   total 78848K, used 39118K [0x0000000081a00000, 0x0000000100000000)
  region size 1024K, 3 young (3072K), 3 survivors (3072K)
 Metaspace       used 88064K, committed 88640K, reserved 1179648K
  class space    used 11400K, committed 11648K, reserved 1048576K
}

Dll operation events (4 events):
Event: 0.276 Loaded shared library C:\Users\User\.jdks\jbrsdk-17.0.9\bin\java.dll
Event: 0.280 Loaded shared library C:\Users\User\.jdks\jbrsdk-17.0.9\bin\zip.dll
Event: 0.317 Loaded shared library C:\Users\User\.jdks\jbrsdk-17.0.9\bin\jsvml.dll
Event: 7.046 Loaded shared library C:\Users\User\.jdks\jbrsdk-17.0.9\bin\verify.dll

Deoptimization events (20 events):
Event: 728.393 Thread 0x000001abc0de8940 DEOPT PACKING pc=0x000001aba51865e4 sp=0x00000099293fcd10
Event: 728.393 Thread 0x000001abc0de8940 DEOPT UNPACKING pc=0x000001abab477143 sp=0x00000099293fc1e0 mode 1
Event: 728.393 Thread 0x000001abc0de8940 DEOPT PACKING pc=0x000001aba51865e4 sp=0x00000099293fdc10
Event: 728.393 Thread 0x000001abc0de8940 DEOPT UNPACKING pc=0x000001abab477143 sp=0x00000099293fd0e0 mode 1
Event: 728.395 Thread 0x000001abc0de8940 DEOPT PACKING pc=0x000001aba51865e4 sp=0x00000099293fdc10
Event: 728.395 Thread 0x000001abc0de8940 DEOPT UNPACKING pc=0x000001abab477143 sp=0x00000099293fd0e0 mode 1
Event: 728.402 Thread 0x000001abc0de8940 DEOPT PACKING pc=0x000001aba42e85ac sp=0x00000099293f9b10
Event: 728.402 Thread 0x000001abc0de8940 DEOPT UNPACKING pc=0x000001abab477143 sp=0x00000099293f9078 mode 1
Event: 728.403 Thread 0x000001abc0de8940 DEOPT PACKING pc=0x000001aba42e85ac sp=0x00000099293f94f0
Event: 728.403 Thread 0x000001abc0de8940 DEOPT UNPACKING pc=0x000001abab477143 sp=0x00000099293f8a58 mode 1
Event: 728.404 Thread 0x000001abc0de8940 DEOPT PACKING pc=0x000001aba51865e4 sp=0x00000099293fc140
Event: 728.404 Thread 0x000001abc0de8940 DEOPT UNPACKING pc=0x000001abab477143 sp=0x00000099293fb610 mode 1
Event: 728.404 Thread 0x000001abc0de8940 DEOPT PACKING pc=0x000001aba51865e4 sp=0x00000099293fdc10
Event: 728.404 Thread 0x000001abc0de8940 DEOPT UNPACKING pc=0x000001abab477143 sp=0x00000099293fd0e0 mode 1
Event: 728.406 Thread 0x000001abc0de8940 DEOPT PACKING pc=0x000001aba42e85ac sp=0x00000099293fc4a0
Event: 728.406 Thread 0x000001abc0de8940 DEOPT UNPACKING pc=0x000001abab477143 sp=0x00000099293fba08 mode 1
Event: 728.407 Thread 0x000001abc0de8940 DEOPT PACKING pc=0x000001aba42e85ac sp=0x00000099293fbe80
Event: 728.407 Thread 0x000001abc0de8940 DEOPT UNPACKING pc=0x000001abab477143 sp=0x00000099293fb3e8 mode 1
Event: 728.408 Thread 0x000001abc0de8940 DEOPT PACKING pc=0x000001aba51865e4 sp=0x00000099293fdc10
Event: 728.408 Thread 0x000001abc0de8940 DEOPT UNPACKING pc=0x000001abab477143 sp=0x00000099293fd0e0 mode 1

Classes unloaded (0 events):
No events

Classes redefined (0 events):
No events

Internal exceptions (20 events):
Event: 722.154 Thread 0x000001abc0de8940 Exception <a 'sun/nio/fs/WindowsException'{0x0000000089984c50}> (0x0000000089984c50) 
thrown [s\src\hotspot\share\prims\jni.cpp, line 517]
Event: 723.254 Thread 0x000001abc0de8940 Implicit null exception at 0x000001ababd3d9e8 to 0x000001ababd3f110
Event: 723.254 Thread 0x000001abc0de8940 Implicit null exception at 0x000001ababd425eb to 0x000001ababd42698
Event: 723.651 Thread 0x000001abc0de8940 Exception <a 'java/lang/NoClassDefFoundError'{0x0000000085267b38}: org/flywaydb/core/Flyway> (0x0000000085267b38) 
thrown [s\src\hotspot\share\oops\constantPool.cpp, line 835]
Event: 723.651 Thread 0x000001abc0de8940 Exception <a 'java/lang/NoClassDefFoundError'{0x0000000085268188}: liquibase/integration/spring/SpringLiquibase> (0x0000000085268188) 
thrown [s\src\hotspot\share\oops\constantPool.cpp, line 835]
Event: 723.659 Thread 0x000001abc0de8940 Exception <a 'java/lang/NoClassDefFoundError'{0x00000000852d6ed0}: org/jooq/DSLContext> (0x00000000852d6ed0) 
thrown [s\src\hotspot\share\oops\constantPool.cpp, line 835]
Event: 723.659 Thread 0x000001abc0de8940 Exception <a 'java/lang/NoClassDefFoundError'{0x00000000852eba98}: org/springframework/batch/core/repository/JobRepository> (0x00000000852eba98) 
thrown [s\src\hotspot\share\oops\constantPool.cpp, line 835]
Event: 723.660 Thread 0x000001abc0de8940 Exception <a 'java/lang/NoClassDefFoundError'{0x00000000852ec0e0}: org/quartz/Scheduler> (0x00000000852ec0e0) 
thrown [s\src\hotspot\share\oops\constantPool.cpp, line 835]
Event: 723.660 Thread 0x000001abc0de8940 Exception <a 'java/lang/NoClassDefFoundError'{0x00000000852ec750}: org/springframework/session/jdbc/JdbcIndexedSessionRepository> (0x00000000852ec750) 
thrown [s\src\hotspot\share\oops\constantPool.cpp, line 835]
Event: 723.694 Thread 0x000001abc0de8940 Implicit null exception at 0x000001ababd9692a to 0x000001ababd9828b
Event: 724.050 Thread 0x000001abc0de8940 Exception <a 'sun/nio/fs/WindowsException'{0x0000000084b02410}> (0x0000000084b02410) 
thrown [s\src\hotspot\share\prims\jni.cpp, line 517]
Event: 724.075 Thread 0x000001abc0de8940 Exception <a 'sun/nio/fs/WindowsException'{0x0000000084b02a18}> (0x0000000084b02a18) 
thrown [s\src\hotspot\share\prims\jni.cpp, line 517]
Event: 724.076 Thread 0x000001abc0de8940 Exception <a 'sun/nio/fs/WindowsException'{0x0000000084b030f0}> (0x0000000084b030f0) 
thrown [s\src\hotspot\share\prims\jni.cpp, line 517]
Event: 724.131 Thread 0x000001abc0de8940 Exception <a 'java/io/FileNotFoundException'{0x0000000084b3ec18}> (0x0000000084b3ec18) 
thrown [s\src\hotspot\share\prims\jni.cpp, line 517]
Event: 724.206 Thread 0x000001abc0de8940 Exception <a 'java/lang/NoSuchMethodError'{0x000000008492c608}: static Lcom/sbs/SmartBillingSystem/SecurityConfiguration/CustomUserDetails;.<clinit>()V> (0x000000008492c608) 
thrown [s\src\hotspot\share\prims\jni.cpp, line 1108]
Event: 724.915 Thread 0x000001abc0de8940 Implicit null exception at 0x000001ababa86913 to 0x000001ababa87040
Event: 726.769 Thread 0x000001abc0de8940 Exception <a 'java/lang/reflect/InvocationTargetException'{0x0000000084ec9090}> (0x0000000084ec9090) 
thrown [s\src\hotspot\share\runtime\reflection.cpp, line 1127]
Event: 726.900 Thread 0x000001abc0de8940 Exception <a 'java/lang/reflect/InvocationTargetException'{0x0000000088ea0198}> (0x0000000088ea0198) 
thrown [s\src\hotspot\share\runtime\reflection.cpp, line 1127]
Event: 727.777 Thread 0x000001abc0de8940 Exception <a 'java/io/FileNotFoundException'{0x00000000856e4410}> (0x00000000856e4410) 
thrown [s\src\hotspot\share\prims\jni.cpp, line 517]
Event: 727.778 Thread 0x000001abc0de8940 Exception <a 'java/io/FileNotFoundException'{0x00000000856ef1f0}> (0x00000000856ef1f0) 
thrown [s\src\hotspot\share\prims\jni.cpp, line 517]

VM Operations (20 events):
Event: 727.740 Executing VM operation: ChangeBreakpoints
Event: 727.743 Executing VM operation: ChangeBreakpoints done
Event: 727.744 Executing VM operation: ChangeBreakpoints
Event: 727.748 Executing VM operation: ChangeBreakpoints done
Event: 727.749 Executing VM operation: ChangeBreakpoints
Event: 727.752 Executing VM operation: ChangeBreakpoints done
Event: 727.754 Executing VM operation: ChangeBreakpoints
Event: 727.757 Executing VM operation: ChangeBreakpoints done
Event: 727.759 Executing VM operation: ChangeBreakpoints
Event: 727.763 Executing VM operation: ChangeBreakpoints done
Event: 727.791 Executing VM operation: ChangeBreakpoints
Event: 727.795 Executing VM operation: ChangeBreakpoints done
Event: 727.896 Executing VM operation: G1CollectForAllocation
Event: 727.899 Executing VM operation: G1CollectForAllocation done
Event: 727.945 Executing VM operation: ChangeBreakpoints
Event: 727.949 Executing VM operation: ChangeBreakpoints done
Event: 727.953 Executing VM operation: ChangeBreakpoints
Event: 727.957 Executing VM operation: ChangeBreakpoints done
Event: 728.574 Executing VM operation: G1CollectForAllocation
Event: 728.581 Executing VM operation: G1CollectForAllocation done

Events (20 events):
Event: 728.096 loading class groovy/text/TemplateEngine
Event: 728.096 loading class groovy/text/TemplateEngine done
Event: 728.097 loading class groovy/text$TemplateEngine
Event: 728.097 loading class groovy/text$TemplateEngine done
Event: 728.098 loading class org/apache/jasper/compiler/JspConfig
Event: 728.098 loading class org/apache/jasper/compiler/JspConfig done
Event: 728.099 loading class org/apache/jasper/compiler$JspConfig
Event: 728.099 loading class org/apache/jasper/compiler$JspConfig done
Event: 728.256 loading class com/jayway/jsonpath/DocumentContext
Event: 728.256 loading class com/jayway/jsonpath/DocumentContext done
Event: 728.257 loading class com/jayway/jsonpath$DocumentContext
Event: 728.257 loading class com/jayway/jsonpath$DocumentContext done
Event: 728.257 loading class org/xmlbeam/XBProjector
Event: 728.257 loading class org/xmlbeam/XBProjector done
Event: 728.258 loading class org/xmlbeam$XBProjector
Event: 728.258 loading class org/xmlbeam$XBProjector done
Event: 728.309 loading class javax/money/MonetaryAmount
Event: 728.309 loading class javax/money/MonetaryAmount done
Event: 728.309 loading class org/joda/time/ReadableInstant
Event: 728.309 loading class org/joda/time/ReadableInstant done


Dynamic libraries:
0x00007ff7ce680000 - 0x00007ff7ce68a000 	C:\Users\User\.jdks\jbrsdk-17.0.9\bin\java.exe
0x00007ff89d070000 - 0x00007ff89d268000 	C:\WINDOWS\SYSTEM32\ntdll.dll
0x00007ff89cf70000 - 0x00007ff89d02f000 	C:\WINDOWS\System32\KERNEL32.DLL
0x00007ff89a1a0000 - 0x00007ff89a496000 	C:\WINDOWS\System32\KERNELBASE.dll
0x00007ff89ab30000 - 0x00007ff89ac30000 	C:\WINDOWS\System32\ucrtbase.dll
0x00007ff891c60000 - 0x00007ff891c77000 	C:\Users\User\.jdks\jbrsdk-17.0.9\bin\jli.dll
0x00007ff891c80000 - 0x00007ff891c9b000 	C:\Users\User\.jdks\jbrsdk-17.0.9\bin\VCRUNTIME140.dll
0x00007ff89ba40000 - 0x00007ff89bbdd000 	C:\WINDOWS\System32\USER32.dll
0x00007ff89acf0000 - 0x00007ff89ad12000 	C:\WINDOWS\System32\win32u.dll
0x00007ff88c210000 - 0x00007ff88c4aa000 	C:\WINDOWS\WinSxS\amd64_microsoft.windows.common-controls_6595b64144ccf1df_6.0.19041.1110_none_60b5254171f9507e\COMCTL32.dll
0x00007ff89b400000 - 0x00007ff89b42c000 	C:\WINDOWS\System32\GDI32.dll
0x00007ff89b2c0000 - 0x00007ff89b35e000 	C:\WINDOWS\System32\msvcrt.dll
0x00007ff89a4a0000 - 0x00007ff89a5b5000 	C:\WINDOWS\System32\gdi32full.dll
0x00007ff89ad20000 - 0x00007ff89adbd000 	C:\WINDOWS\System32\msvcp_win.dll
0x00007ff89b360000 - 0x00007ff89b390000 	C:\WINDOWS\System32\IMM32.DLL
0x00007ff8923f0000 - 0x00007ff8923fc000 	C:\Users\User\.jdks\jbrsdk-17.0.9\bin\vcruntime140_1.dll
0x00007ff879410000 - 0x00007ff87949d000 	C:\Users\User\.jdks\jbrsdk-17.0.9\bin\msvcp140.dll
0x00007ff83f2a0000 - 0x00007ff83ff22000 	C:\Users\User\.jdks\jbrsdk-17.0.9\bin\server\jvm.dll
0x00007ff89c120000 - 0x00007ff89c1cf000 	C:\WINDOWS\System32\ADVAPI32.dll
0x00007ff89ccd0000 - 0x00007ff89cd6c000 	C:\WINDOWS\System32\sechost.dll
0x00007ff89caf0000 - 0x00007ff89cc16000 	C:\WINDOWS\System32\RPCRT4.dll
0x00007ff89ba30000 - 0x00007ff89ba39000 	C:\WINDOWS\System32\WSOCK32.dll
0x00007ff89b390000 - 0x00007ff89b3fb000 	C:\WINDOWS\System32\WS2_32.dll
0x00007ff89c110000 - 0x00007ff89c11a000 	C:\WINDOWS\System32\VERSION.dll
0x00007ff899fb0000 - 0x00007ff899ffb000 	C:\WINDOWS\SYSTEM32\POWRPROF.dll
0x00007ff88bf30000 - 0x00007ff88bf57000 	C:\WINDOWS\SYSTEM32\WINMM.dll
0x00007ff899f90000 - 0x00007ff899fa2000 	C:\WINDOWS\SYSTEM32\UMPDC.dll
0x00007ff898020000 - 0x00007ff898032000 	C:\WINDOWS\SYSTEM32\kernel.appcore.dll
0x00007ff891c50000 - 0x00007ff891c5a000 	C:\Users\User\.jdks\jbrsdk-17.0.9\bin\jimage.dll
0x00007ff8846f0000 - 0x00007ff8848d4000 	C:\WINDOWS\SYSTEM32\DBGHELP.DLL
0x00007ff87da60000 - 0x00007ff87da94000 	C:\WINDOWS\SYSTEM32\dbgcore.DLL
0x00007ff89ac30000 - 0x00007ff89acb2000 	C:\WINDOWS\System32\bcryptPrimitives.dll
0x00007ff871ab0000 - 0x00007ff871aeb000 	C:\Users\User\.jdks\jbrsdk-17.0.9\bin\jdwp.dll
0x00007ff87a280000 - 0x00007ff87a28e000 	C:\Users\User\.jdks\jbrsdk-17.0.9\bin\instrument.dll
0x00007ff891c20000 - 0x00007ff891c45000 	C:\Users\User\.jdks\jbrsdk-17.0.9\bin\java.dll
0x00007ff891c00000 - 0x00007ff891c18000 	C:\Users\User\.jdks\jbrsdk-17.0.9\bin\zip.dll
0x00007ff860530000 - 0x00007ff860607000 	C:\Users\User\.jdks\jbrsdk-17.0.9\bin\jsvml.dll
0x00007ff89c310000 - 0x00007ff89ca54000 	C:\WINDOWS\System32\SHELL32.dll
0x00007ff898220000 - 0x00007ff8989b3000 	C:\WINDOWS\SYSTEM32\windows.storage.dll
0x00007ff89b6d0000 - 0x00007ff89ba24000 	C:\WINDOWS\System32\combase.dll
0x00007ff899ab0000 - 0x00007ff899ade000 	C:\WINDOWS\SYSTEM32\Wldp.dll
0x00007ff89cc20000 - 0x00007ff89cccd000 	C:\WINDOWS\System32\SHCORE.dll
0x00007ff89b160000 - 0x00007ff89b1b5000 	C:\WINDOWS\System32\shlwapi.dll
0x00007ff89a080000 - 0x00007ff89a09f000 	C:\WINDOWS\SYSTEM32\profapi.dll
0x00007ff874a30000 - 0x00007ff874a3c000 	C:\Users\User\.jdks\jbrsdk-17.0.9\bin\dt_socket.dll
0x00007ff899510000 - 0x00007ff89954c000 	C:\WINDOWS\SYSTEM32\IPHLPAPI.DLL
0x00007ff885790000 - 0x00007ff885934000 	C:\WINDOWS\system32\mwtsp.dll
0x00007ff89cd70000 - 0x00007ff89ce9a000 	C:\WINDOWS\System32\ole32.dll
0x00007ff894440000 - 0x00007ff89454a000 	C:\WINDOWS\SYSTEM32\WINHTTP.dll
0x00007ff89a030000 - 0x00007ff89a062000 	C:\WINDOWS\SYSTEM32\SspiCli.dll
0x00007ff899810000 - 0x00007ff89987a000 	C:\WINDOWS\system32\mswsock.dll
0x00007ff891be0000 - 0x00007ff891bf9000 	C:\Users\User\.jdks\jbrsdk-17.0.9\bin\net.dll
0x00007ff88eae0000 - 0x00007ff88eaf6000 	C:\Users\User\.jdks\jbrsdk-17.0.9\bin\nio.dll
0x00007ff891d10000 - 0x00007ff891d19000 	C:\Users\User\.jdks\jbrsdk-17.0.9\bin\management.dll
0x00007ff891d00000 - 0x00007ff891d0b000 	C:\Users\User\.jdks\jbrsdk-17.0.9\bin\management_ext.dll
0x00007ff89c230000 - 0x00007ff89c238000 	C:\WINDOWS\System32\PSAPI.DLL
0x00007ff886a70000 - 0x00007ff886a80000 	C:\Users\User\.jdks\jbrsdk-17.0.9\bin\verify.dll
0x00007ff899a10000 - 0x00007ff899a28000 	C:\WINDOWS\SYSTEM32\CRYPTSP.dll
0x00007ff899140000 - 0x00007ff899174000 	C:\WINDOWS\system32\rsaenh.dll
0x00007ff89ab00000 - 0x00007ff89ab27000 	C:\WINDOWS\System32\bcrypt.dll
0x00007ff89a000000 - 0x00007ff89a02e000 	C:\WINDOWS\SYSTEM32\USERENV.dll
0x00007ff899a00000 - 0x00007ff899a0c000 	C:\WINDOWS\SYSTEM32\CRYPTBASE.dll
0x00007ff89cec0000 - 0x00007ff89cec8000 	C:\WINDOWS\System32\NSI.dll
0x00007ff894820000 - 0x00007ff894837000 	C:\WINDOWS\SYSTEM32\dhcpcsvc6.DLL
0x00007ff894650000 - 0x00007ff89466d000 	C:\WINDOWS\SYSTEM32\dhcpcsvc.DLL
0x00007ff8995a0000 - 0x00007ff89966a000 	C:\WINDOWS\SYSTEM32\DNSAPI.dll
0x00007ff87a290000 - 0x00007ff87a29e000 	C:\Users\User\.jdks\jbrsdk-17.0.9\bin\sunmscapi.dll
0x00007ff89a5c0000 - 0x00007ff89a71e000 	C:\WINDOWS\System32\CRYPT32.dll
0x00007ff899b20000 - 0x00007ff899b48000 	C:\WINDOWS\SYSTEM32\ncrypt.dll
0x00007ff899ae0000 - 0x00007ff899b1b000 	C:\WINDOWS\SYSTEM32\NTASN1.dll
0x00007ff88e9c0000 - 0x00007ff88e9ca000 	C:\Windows\System32\rasadhlp.dll
0x00007ff88f420000 - 0x00007ff88f4a2000 	C:\WINDOWS\System32\fwpuclnt.dll
0x00007ff88aa80000 - 0x00007ff88aa87000 	C:\WINDOWS\system32\wshunix.dll

dbghelp: loaded successfully - version: 4.0.5 - missing functions: none
symbol engine: initialized successfully - sym options: 0x614 - pdb path: .;C:\Users\User\.jdks\jbrsdk-17.0.9\bin;C:\WINDOWS\SYSTEM32;C:\WINDOWS\WinSxS\amd64_microsoft.windows.common-controls_6595b64144ccf1df_6.0.19041.1110_none_60b5254171f9507e;C:\Users\User\.jdks\jbrsdk-17.0.9\bin\server

VM Arguments:
jvm_args: -agentlib:jdwp=transport=dt_socket,address=127.0.0.1:65164,suspend=y,server=n -javaagent:C:\Users\User\AppData\Local\JetBrains\IdeaIC2023.2\captureAgent\debugger-agent.jar -Dfile.encoding=UTF-8 
java_command: com.sbs.SmartBillingSystem.SmartBillingSystemApplication
java_class_path (initial): D:\Rettalore management system\Retail-Store-Management-System\target\classes;C:\Users\User\.m2\repository\org\springframework\boot\spring-boot-starter-mail\3.0.1\spring-boot-starter-mail-3.0.1.jar;C:\Users\User\.m2\repository\org\springframework\boot\spring-boot-starter\3.0.1\spring-boot-starter-3.0.1.jar;C:\Users\User\.m2\repository\org\springframework\boot\spring-boot-starter-logging\3.0.1\spring-boot-starter-logging-3.0.1.jar;C:\Users\User\.m2\repository\ch\qos\logback\logback-classic\1.4.5\logback-classic-1.4.5.jar;C:\Users\User\.m2\repository\ch\qos\logback\logback-core\1.4.5\logback-core-1.4.5.jar;C:\Users\User\.m2\repository\org\apache\logging\log4j\log4j-to-slf4j\2.19.0\log4j-to-slf4j-2.19.0.jar;C:\Users\User\.m2\repository\org\apache\logging\log4j\log4j-api\2.19.0\log4j-api-2.19.0.jar;C:\Users\User\.m2\repository\org\slf4j\jul-to-slf4j\2.0.6\jul-to-slf4j-2.0.6.jar;C:\Users\User\.m2\repository\jakarta\annotation\jakarta.annotation-api\2.1.1\jakarta.annotation-api-2.1.1.jar;C:\Users\User\.m2\repository\org\yaml\snakeyaml\1.33\snakeyaml-1.33.jar;C:\Users\User\.m2\repository\org\springframework\spring-context-support\6.0.3\spring-context-support-6.0.3.jar;C:\Users\User\.m2\repository\org\springframework\spring-beans\6.0.3\spring-beans-6.0.3.jar;C:\Users\User\.m2\repository\org\springframework\spring-context\6.0.3\spring-context-6.0.3.jar;C:\Users\User\.m2\repository\org\eclipse\angus\jakarta.mail\1.0.0\jakarta.mail-1.0.0.jar;C:\Users\User\.m2\repository\jakarta\activation\jakarta.activation-api\2.1.0\jakarta.activation-api-2.1.0.jar;C:\Users\User\.m2\repository\org\eclipse\angus\angus-activation\1.0.0\angus-activation-1.0.0.jar;C:\Users\User\.m2\repository\com\sun\mail\javax.mail\1.6.2\javax.mail-1.6.2.jar;C:\Users\User\.m2\repository\javax\activation\activation\1.1\activation-1.1.jar;C:\Users\User\.m2\repository\org\springframework\boot\spring-boot-starter-thymeleaf\3.0.1\spring-boot-starter-thymeleaf-3.0.1.jar;C:\Users\User\.m2\re
Launcher Type: SUN_STANDARD

[Global flags]
     intx CICompilerCount                          = 3                                         {product} {ergonomic}
     uint ConcGCThreads                            = 1                                         {product} {ergonomic}
     uint G1ConcRefinementThreads                  = 4                                         {product} {ergonomic}
   size_t G1HeapRegionSize                         = 1048576                                   {product} {ergonomic}
    uintx GCDrainStackTargetSize                   = 64                                        {product} {ergonomic}
   size_t InitialHeapSize                          = 134217728                                 {product} {ergonomic}
   size_t MarkStackSize                            = 4194304                                   {product} {ergonomic}
   size_t MaxHeapSize                              = 2120220672                                {product} {ergonomic}
   size_t MaxNewSize                               = 1271922688                                {product} {ergonomic}
   size_t MinHeapDeltaBytes                        = 1048576                                   {product} {ergonomic}
   size_t MinHeapSize                              = 8388608                                   {product} {ergonomic}
    uintx NonNMethodCodeHeapSize                   = 5832780                                {pd product} {ergonomic}
    uintx NonProfiledCodeHeapSize                  = 122912730                              {pd product} {ergonomic}
    uintx ProfiledCodeHeapSize                     = 122912730                              {pd product} {ergonomic}
    uintx ReservedCodeCacheSize                    = 251658240                              {pd product} {ergonomic}
     bool SegmentedCodeCache                       = true                                      {product} {ergonomic}
   size_t SoftMaxHeapSize                          = 2120220672                             {manageable} {ergonomic}
     bool UseCompressedClassPointers               = true                           {product lp64_product} {ergonomic}
     bool UseCompressedOops                        = true                           {product lp64_product} {ergonomic}
     bool UseG1GC                                  = true                                      {product} {ergonomic}
     bool UseLargePagesIndividualAllocation        = false                                  {pd product} {ergonomic}

Logging:
Log output configuration:
 #0: stdout all=warning uptime,level,tags
 #1: stderr all=off uptime,level,tags

Environment Variables:
JAVA_HOME=C:\Program Files\Java\jdk-15.0.2
CLASSPATH=C:\mysql-connector-java-8.0.29.jar;.;
PATH=C:\WINDOWS\system32;C:\WINDOWS;C:\WINDOWS\system32\Wbem;C:\Program Files\Common Files\Oracle\Java\javapath;C:\Program Files\Java\jdk-15.0.2\bin;C:\Program Files\Git\cmd;C:\ProgramData\Microsoft VS Code\bin;C:\Users\User\AppData\Local\Microsoft\WindowsApps;%IntelliJ IDEA Community Edition%;
USERNAME=User
OS=Windows_NT
PROCESSOR_IDENTIFIER=Intel64 Family 6 Model 58 Stepping 9, GenuineIntel
TMP=C:\Users\User\AppData\Local\Temp
TEMP=C:\Users\User\AppData\Local\Temp



Periodic native trim disabled

JNI global refs:
JNI global refs: 98, weak refs: 12469

JNI global refs memory usage: 2171, weak refs: 125433

OOME stack traces (most recent first):
Classloader memory used:
Loader jdk.internal.loader.ClassLoaders$AppClassLoader                                 : 7996K
Loader bootstrap                                                                       : 2649K
Loader org.springframework.boot.devtools.restart.classloader.RestartClassLoader        : 251K
Loader jdk.internal.loader.ClassLoaders$PlatformClassLoader                            : 69115B
Loader jdk.internal.reflect.DelegatingClassLoader                                      : 49214B
Loader org.springframework.boot.web.embedded.tomcat.TomcatEmbeddedWebappClassLoader    : 345B
Loader net.bytebuddy.utility.dispatcher.JavaDispatcher$DynamicClassLoader              : 285B

Classes loaded by more than one classloader:
Class com.sbs.SmartBillingSystem.SmartBillingSystemApplication                        : loaded 3 times (x 69B)
Class com.sbs.SmartBillingSystem.SecurityConfiguration.SecurtyConfig$$SpringCGLIB$$1  : loaded 2 times (x 85B)
Class com.sbs.SmartBillingSystem.SecurityConfiguration.SecurtyConfig$$SpringCGLIB$$2  : loaded 2 times (x 85B)
Class com.sbs.SmartBillingSystem.Services.EmailService                                : loaded 2 times (x 68B)
Class com.sbs.SmartBillingSystem.controllers.ctr_master                               : loaded 2 times (x 77B)
Class com.sbs.SmartBillingSystem.SecurityConfiguration.SecurtyConfig$$SpringCGLIB$$0  : loaded 2 times (x 77B)
Class org.springframework.security.config.annotation.web.configuration.WebSecurityConfiguration$$SpringCGLIB$$0: loaded 2 times (x 85B)
Class com.sbs.SmartBillingSystem.Repository.CategoryRepo                              : loaded 2 times (x 68B)
Class com.sbs.SmartBillingSystem.Services.ServiceImpl.EmailServiceImpl                : loaded 2 times (x 74B)
Class com.sbs.SmartBillingSystem.Repository.ProductRepo                               : loaded 2 times (x 68B)
Class com.sbs.SmartBillingSystem.Entity.serializedObject.DesObjChallanProduct         : loaded 2 times (x 74B)
Class com.sbs.SmartBillingSystem.SmartBillingSystemApplication$$SpringCGLIB$$0        : loaded 2 times (x 75B)
Class com.sbs.SmartBillingSystem.Entity.User                                          : loaded 2 times (x 88B)
Class com.sbs.SmartBillingSystem.controllers.GridRestController                       : loaded 2 times (x 72B)
Class com.sbs.SmartBillingSystem.Entity.serializedObject.DesObjBillProduct            : loaded 2 times (x 74B)
Class com.sbs.SmartBillingSystem.controllers.ctr                                      : loaded 2 times (x 88B)
Class com.sbs.SmartBillingSystem.Entity.Bill                                          : loaded 2 times (x 93B)
Class com.sbs.SmartBillingSystem.Repository.CompanyRepo                               : loaded 2 times (x 68B)
Class com.sbs.SmartBillingSystem.Helper.InvoiveHelper                                 : loaded 2 times (x 73B)
Class com.sbs.SmartBillingSystem.SecurityConfiguration.UserDetailsServiceImpl         : loaded 2 times (x 74B)
Class com.sbs.SmartBillingSystem.SecurityConfiguration.MyConfigSetting$$SpringCGLIB$$0: loaded 2 times (x 91B)
Class com.sbs.SmartBillingSystem.SecurityConfiguration.MyConfigSetting$$SpringCGLIB$$1: loaded 2 times (x 85B)
Class com.sbs.SmartBillingSystem.SecurityConfiguration.MyConfigSetting$$SpringCGLIB$$2: loaded 2 times (x 85B)
Class com.sbs.SmartBillingSystem.Entity.Branch                                        : loaded 2 times (x 82B)
Class com.sbs.SmartBillingSystem.Entity.Brand                                         : loaded 2 times (x 76B)
Class com.sbs.SmartBillingSystem.Entity.Designation                                   : loaded 2 times (x 76B)
Class com.sbs.SmartBillingSystem.Entity.PurchaseOrder                                 : loaded 2 times (x 92B)
Class com.sbs.SmartBillingSystem.Entity.BillDetails                                   : loaded 2 times (x 84B)
Class com.sbs.SmartBillingSystem.Repository.PurchaseOrderRepo                         : loaded 2 times (x 68B)
Class com.sbs.SmartBillingSystem.Repository.BillRepo                                  : loaded 2 times (x 68B)
Class com.sbs.SmartBillingSystem.Repository.BillDetailRepo                            : loaded 2 times (x 68B)
Class com.sbs.SmartBillingSystem.Repository.SupplierRepo                              : loaded 2 times (x 68B)
Class com.sbs.SmartBillingSystem.Entity.Customer                                      : loaded 2 times (x 82B)
Class com.sbs.SmartBillingSystem.controllers.GridViewController                       : loaded 2 times (x 75B)
Class com.sbs.SmartBillingSystem.Entity.Suppiler                                      : loaded 2 times (x 84B)
Class com.sbs.SmartBillingSystem.controllers.emailctr                                 : loaded 2 times (x 70B)
Class com.sbs.SmartBillingSystem.Repository.DesignationRepo                           : loaded 2 times (x 68B)
Class com.sbs.SmartBillingSystem.Repository.BranchRepo                                : loaded 2 times (x 68B)
Class com.sbs.SmartBillingSystem.controllers.restCtr                                  : loaded 2 times (x 69B)
Class com.sbs.SmartBillingSystem.Repository.ChallanRepo                               : loaded 2 times (x 68B)
Class com.sbs.SmartBillingSystem.SecurityConfiguration.MyConfigSetting                : loaded 2 times (x 85B)
Class com.sbs.SmartBillingSystem.Repository.CustomerRepo                              : loaded 2 times (x 68B)
Class com.sbs.SmartBillingSystem.Helper.EmailHelper                                   : loaded 2 times (x 69B)
Class com.sbs.SmartBillingSystem.Entity.Category                                      : loaded 2 times (x 76B)
Class com.sbs.SmartBillingSystem.Entity.Challan                                       : loaded 2 times (x 88B)
Class com.sbs.SmartBillingSystem.controllers.ctrService                               : loaded 2 times (x 73B)
Class com.sbs.SmartBillingSystem.Entity.Company                                       : loaded 2 times (x 82B)
Class com.sbs.SmartBillingSystem.Repository.BrandRepo                                 : loaded 2 times (x 68B)
Class com.sbs.SmartBillingSystem.Repository.UserRepo                                  : loaded 2 times (x 68B)
Class com.sbs.SmartBillingSystem.SecurityConfiguration.CustomUserDetails              : loaded 2 times (x 86B)
Class com.sbs.SmartBillingSystem.SecurityConfiguration.SecurtyConfig                  : loaded 2 times (x 71B)
Class com.sbs.SmartBillingSystem.Entity.Product                                       : loaded 2 times (x 107B)


---------------  S Y S T E M  ---------------

OS:
 Windows 10 , 64 bit Build 19041 (10.0.19041.3031)
OS uptime: 3 days 8:09 hours

CPU: total 4 (initial active 4) (2 cores per cpu, 2 threads per core) family 6 model 58 stepping 9 microcode 0x21, cx8, cmov, fxsr, ht, mmx, sse, sse2, sse3, ssse3, sse4.1, sse4.2, popcnt, tsc, tscinvbit, avx, erms, clmul, vzeroupper, clflush
Processor Information for all 4 processors :
  Max Mhz: 3300, Current Mhz: 3300, Mhz Limit: 3300

Memory: 4k page, system-wide physical 8082M (2354M free)
TotalPageFile size 11520M (AvailPageFile size 3243M)
current process WorkingSet (physical memory assigned to process): 352M, peak: 353M
current process commit charge ("private bytes"): 375M, peak: 378M

vm_info: OpenJDK 64-Bit Server VM (17.0.9+7-b1087.9) for windows-amd64 JRE (17.0.9+7-b1087.9), built on 2023-12-05 by "builduser" with MS VC++ 16.10 / 16.11 (VS2019)

END.
