#
# A fatal error has been detected by the Java Runtime Environment:
#
#  EXCEPTION_ACCESS_VIOLATION (0xc0000005) at pc=0x00007fff17caf769, pid=6856, tid=10380
#
# JRE version: OpenJDK Runtime Environment JBR-17.0.9+7-1087.9-nomod (17.0.9+7) (build 17.0.9+7-b1087.9)
# Java VM: OpenJDK 64-Bit Server VM JBR-17.0.9+7-1087.9-nomod (17.0.9+7-b1087.9, mixed mode, tiered, compressed oops, compressed class ptrs, g1 gc, windows-amd64)
# Problematic frame:
# V  [jvm.dll+0x30f769]  G1ParScanThreadState::trim_queue_to_threshold+0x3d9
#
# No core dump will be written. Minidumps are not enabled by default on client versions of Windows
#
# If you would like to submit a bug report, please visit:
#   https://youtrack.jetbrains.com/issues/JBR
#

---------------  S U M M A R Y ------------

Command Line: -javaagent:C:\Program Files\JetBrains\IntelliJ IDEA Community Edition 2023.2.4\lib\idea_rt.jar=51505:C:\Program Files\JetBrains\IntelliJ IDEA Community Edition 2023.2.4\bin -Dfile.encoding=UTF-8 com.sbs.SmartBillingSystem.SmartBillingSystemApplication

Host: Intel(R) Core(TM) i3-3220 CPU @ 3.30GHz, 4 cores, 7G,  Windows 10 , 64 bit Build 19041 (10.0.19041.3031)
Time: Wed Dec 20 23:34:26 2023 India Standard Time elapsed time: 14.855453 seconds (0d 0h 0m 14s)

---------------  T H R E A D  ---------------

Current thread (0x00000258eccf3930):  GCTaskThread "GC Thread#2" [stack: 0x00000090be400000,0x00000090be500000] [id=10380]

Stack: [0x00000090be400000,0x00000090be500000],  sp=0x00000090be4ff360,  free space=1020k
Native frames: (J=compiled Java code, j=interpreted, Vv=VM code, C=native code)
V  [jvm.dll+0x30f769]  G1ParScanThreadState::trim_queue_to_threshold+0x3d9  (g1ParScanThreadState.cpp:296)
V  [jvm.dll+0x30c55e]  G1ParScanThreadState::trim_queue_partially+0x5e  (g1ParScanThreadState.inline.hpp:55)
V  [jvm.dll+0x31ab43]  G1ScanHRForRegionClosure::do_claimed_block+0xc3  (g1RemSet.cpp:817)
V  [jvm.dll+0x31caee]  G1ScanHRForRegionClosure::scan_heap_roots+0x33e  (g1RemSet.cpp:853)
V  [jvm.dll+0x31b18d]  G1ScanHRForRegionClosure::do_heap_region+0x4d  (g1RemSet.cpp:899)
V  [jvm.dll+0x31c6aa]  G1RemSet::scan_heap_roots+0xda  (g1RemSet.cpp:917)
V  [jvm.dll+0x2e6033]  G1EvacuateRegionsTask::scan_roots+0x53  (g1CollectedHeap.cpp:3649)
V  [jvm.dll+0x2e7a9b]  G1EvacuateRegionsBaseTask::work+0x9b  (g1CollectedHeap.cpp:3635)
V  [jvm.dll+0x86f66b]  GangWorker::loop+0x5b  (workgroup.cpp:260)
V  [jvm.dll+0x86f6b6]  GangWorker::run+0x16  (workgroup.cpp:227)
V  [jvm.dll+0x7f043a]  Thread::call_run+0x8a  (thread.cpp:405)
V  [jvm.dll+0x6871c5]  thread_native_entry+0x75  (os_windows.cpp:550)
C  [ucrtbase.dll+0x21bb2]
C  [KERNEL32.DLL+0x17614]
C  [ntdll.dll+0x526f1]


siginfo: EXCEPTION_ACCESS_VIOLATION (0xc0000005), reading address 0x0000000000000008


Registers:
RAX=0x0000000000000000, RBX=0x000000008352b8e5, RCX=0x0000000000000014, RDX=0x0000000000000000
RSP=0x00000090be4ff360, RBP=0x0000000000000d6e, RSI=0x000000008352b8e4, RDI=0x00000258eed21810
R8 =0x000000008352b900, R9 =0x000000008352b900, R10=0x0000000000000008, R11=0x0000000000000001
R12=0x00000090be4ff5e0, R13=0x00000258ce354290, R14=0x0000000000000040, R15=0x0000000000000000
RIP=0x00007fff17caf769, EFLAGS=0x0000000000010246


Register to memory mapping:

RIP=0x00007fff17caf769 jvm.dll::G1ParScanThreadState::trim_queue_to_threshold + 0x3d9
RAX=0x0 is NULL
RBX=0x000000008352b8e5 is pointing into object: java.lang.reflect.Method 
{0x000000008352b898} - klass: 'java/lang/reflect/Method'
 - ---- fields (total size 11 words):
 - 'override' 'Z' @12  false
 - volatile 'accessCheckCache' 'Ljava/lang/Object;' @16  NULL (0)
 - private volatile transient 'hasRealParameterData' 'Z' @13  false
 - private volatile transient 'parameters' '[Ljava/lang/reflect/Parameter;' @20  NULL (0)
 - private volatile transient 'declaredAnnotations' 'Ljava/util/Map;' @24  NULL (0)
 - private 'slot' 'I' @28  5
 - private synchronized 'modifiers' 'I' @32  1
 - private synchronized 'clazz' 'Ljava/lang/Class;' @36  a 'java/lang/Class'{0x00000000820c6408} = 'org/springframework/data/web/config/SpringDataWebConfiguration' (820c6408)
 - private 'name' 'Ljava/lang/String;' @40  "sortResolver"{0x000000008272e118} (8272e118)
 - private 'returnType' 'Ljava/lang/Class;' @44  a 'java/lang/Class'{0x0000000082736b10} = 'org/springframework/data/web/SortHandlerMethodArgumentResolver' (82736b10)
 - private 'parameterTypes' '[Ljava/lang/Class;' @48  a 'java/lang/Class'[0] {0x000000008352b8f0} (8352b8f0)
 - private 'exceptionTypes' '[Ljava/lang/Class;' @52  a 'java/lang/Class'[0] {0x0000000081e8c818} (81e8c818)
 - private transient 'signature' 'Ljava/lang/String;' @56  NULL (0)
 - private transient 'genericInfo' 'Lsun/reflect/generics/repository/MethodRepository;' @60  NULL (0)
 - private 'annotations' '[B' @64  [B{0x000000008352b900} (8352b900)
 - private 'parameterAnnotations' '[B' @68  NULL (0)
 - private 'annotationDefault' '[B' @72  NULL (0)
 - private volatile 'methodAccessor' 'Ljdk/internal/reflect/MethodAccessor;' @76  
[error occurred during error reporting (printing register info), id 0xc0000005, EXCEPTION_ACCESS_VIOLATION (0xc0000005) at pc=0x00007fff17d399ce]

Top of Stack: (sp=0x00000090be4ff360)
0x00000090be4ff360:   0000000083db0000 0000000000000100
0x00000090be4ff370:   0000025800000000 0000000000000009
0x00000090be4ff380:   00000258e0f36c00 0000000000000001
0x00000090be4ff390:   0000000000000040 00000090be4ff5e0
0x00000090be4ff3a0:   0000000082781a00 00007fff17cac55e
0x00000090be4ff3b0:   0000000000000000 00000258eed21810
0x00000090be4ff3c0:   00000258e0f36c00 0000000000000001
0x00000090be4ff3d0:   0000000008b854d9 0000000b32eb7021
0x00000090be4ff3e0:   00000090be4ff5e0 0000000082781a00
0x00000090be4ff3f0:   0000000082781c30 00007fff17cbab43
0x00000090be4ff400:   0000000082781a00 00000090be4ff420
0x00000090be4ff410:   00000090be4ff430 00000258ce3c2190
0x00000090be4ff420:   0000000082781a00 0000000000000040
0x00000090be4ff430:   00007fff18307b08 0000000000000000
0x00000090be4ff440:   00000258ce377e50 00000258eed21810
0x00000090be4ff450:   00000258e0f36c20 00007fff17cbcaee
0x00000090be4ff460:   0000000000006c0d 00000258e0f36c0f
0x00000090be4ff470:   000000000000000e 0000000000000001
0x00000090be4ff480:   00000258ce3923f0 00007fff180218cf
0x00000090be4ff490:   0000000000000000 0000000000000000
0x00000090be4ff4a0:   0000009000000000 00007fff180218cf
0x00000090be4ff4b0:   00000090be4ff530 00000258ecaf51c0
0x00000090be4ff4c0:   00000258ecaf5190 00000258ec028a60
0x00000090be4ff4d0:   00000000000003d8 00000258ec028a90
0x00000090be4ff4e0:   00000258ec028e48 00007fff17ca4332
0x00000090be4ff4f0:   00000090be4ff638 0000000000000001
0x00000090be4ff500:   0000000000000006 00000258ce3539f0
0x00000090be4ff510:   000000000000000f 00000258ce391fb0
0x00000090be4ff520:   00000258ce354290 00000090be4ff649
0x00000090be4ff530:   00000090be4ff5e0 00007fff17cbb18d
0x00000090be4ff540:   000000900000000d 00000258ec2d3930
0x00000090be4ff550:   0000000000006c00 000000000000000d 

Instructions: (pc=0x00007fff17caf769)
0x00007fff17caf669:   ff 48 8d 53 fe 48 8b cf e8 6a f4 ff ff e9 35 fd
0x00007fff17caf679:   ff ff 0f 1f 44 00 00 48 8b 77 10 8b ae 80 00 00
0x00007fff17caf689:   00 8b cd 8b 86 00 01 00 00 2b c8 81 e1 ff ff 01
0x00007fff17caf699:   00 41 3b ce 0f 86 e9 02 00 00 ff cd 81 e5 ff ff
0x00007fff17caf6a9:   01 00 89 ae 80 00 00 00 e8 2a 9c 36 00 90 8b d5
0x00007fff17caf6b9:   8b 86 00 01 00 00 8b cd 48 8b 9e 80 01 00 00 2b
0x00007fff17caf6c9:   c8 81 e1 ff ff 01 00 81 f9 ff ff 01 00 48 8b 1c
0x00007fff17caf6d9:   eb 41 0f 44 cf 85 c9 75 3d 90 89 6c 24 50 48 8b
0x00007fff17caf6e9:   86 00 01 00 00 48 8b c8 48 c1 e9 20 ff c1 89 4c
0x00007fff17caf6f9:   24 54 3b e8 0f 85 77 02 00 00 48 c1 e1 20 48 0b
0x00007fff17caf709:   ca f0 48 0f b1 8e 00 01 00 00 0f 85 61 02 00 00
0x00007fff17caf719:   8b 86 00 01 00 00 f6 c3 01 0f 84 2f 01 00 00 8b
0x00007fff17caf729:   0d ca 6b 81 00 48 8d 73 ff 48 8b 47 08 44 8b 16
0x00007fff17caf739:   49 d3 e2 4c 03 15 ad 6b 81 00 8b 88 90 05 00 00
0x00007fff17caf749:   49 8b d2 48 8b 80 80 05 00 00 48 d3 ea 0f b7 14
0x00007fff17caf759:   50 0f b7 c2 66 c1 e8 08 84 c0 0f 88 17 ff ff ff
0x00007fff17caf769:   4d 8b 02 41 0f b6 c0 24 03 3c 03 75 1e 44 38 3d
0x00007fff17caf779:   e2 30 88 00 74 0f 41 0f b6 c0 24 07 3c 05 75 05
0x00007fff17caf789:   4d 8b c7 eb 17 49 83 e0 fc eb 11 4d 8b c8 48 8b
0x00007fff17caf799:   cf 4d 8b c2 e8 2e ef ff ff 4c 8b c0 8b 0d 4d 6b
0x00007fff17caf7a9:   81 00 49 8b d0 48 2b 15 3b 6b 81 00 48 d3 ea 89
0x00007fff17caf7b9:   16 49 8b d0 8b 0d 1d 39 88 00 48 33 d6 48 d3 ea
0x00007fff17caf7c9:   48 85 d2 0f 84 ae fe ff ff 48 8b 47 08 48 8b d6
0x00007fff17caf7d9:   8b 88 c0 01 00 00 48 8b 80 b0 01 00 00 48 d3 ea
0x00007fff17caf7e9:   48 8b 0c d0 8b 81 98 00 00 00 d1 e8 a8 01 0f 85
0x00007fff17caf7f9:   83 fe ff ff 48 8b 47 08 8b 88 90 05 00 00 48 8b
0x00007fff17caf809:   80 80 05 00 00 49 d3 e8 46 38 3c 40 0f 84 65 fe
0x00007fff17caf819:   ff ff 48 8b 47 60 48 c1 ee 09 48 8b 58 40 48 8b
0x00007fff17caf829:   48 38 48 03 de 48 2b d9 48 39 9f b0 01 00 00 0f
0x00007fff17caf839:   84 42 fe ff ff 48 8d 14 0b 48 8d 4f 18 e8 a5 40
0x00007fff17caf849:   00 00 48 89 9f b0 01 00 00 e9 29 fe ff ff f6 c3
0x00007fff17caf859:   03 0f 85 09 01 00 00 48 8b 47 08 4c 8b 13 49 8b 


Stack slot to memory mapping:
stack at sp + 0 slots: 0x0000000083db0000 is pointing into object: [Ljava.util.concurrent.ConcurrentHashMap$Node; 
{0x0000000083daaf60} - klass: 'java/util/concurrent/ConcurrentHashMap$Node'[]
 - length: 8192
stack at sp + 1 slots: 0x0000000000000100 is an unknown value
stack at sp + 2 slots: 0x0000025800000000 is an unknown value
stack at sp + 3 slots: 0x0000000000000009 is an unknown value
stack at sp + 4 slots: 0x00000258e0f36c00 points into unknown readable memory: 0xffffffffffffffff | ff ff ff ff ff ff ff ff
stack at sp + 5 slots: 0x0000000000000001 is an unknown value
stack at sp + 6 slots: 0x0000000000000040 is an unknown value
stack at sp + 7 slots: 0x00000090be4ff5e0 points into unknown readable memory: 0x00007fff18307cf0 | f0 7c 30 18 ff 7f 00 00


---------------  P R O C E S S  ---------------

Threads class SMR info:
_java_thread_list=0x00000258edf19ee0, length=22, elements={
0x00000258ce367a00, 0x00000258e7b9b260, 0x00000258e7b9c270, 0x00000258ec01e310,
0x00000258ec01fcf0, 0x00000258ec0229d0, 0x00000258ec0232a0, 0x00000258ec0273a0,
0x00000258ec027d60, 0x00000258ec028e50, 0x00000258ec1a9be0, 0x00000258ec3b3280,
0x00000258ec3b3760, 0x00000258ed1c16b0, 0x00000258ed0bc030, 0x00000258ef22c400,
0x00000258eff34820, 0x00000258ee52a940, 0x00000258ee529f20, 0x00000258ee529a10,
0x00000258ee52b360, 0x00000258ed8ddfe0
}

Java Threads: ( => current thread )
  0x00000258ce367a00 JavaThread "main" [_thread_blocked, id=12084, stack(0x00000090bcf00000,0x00000090bd000000)]
  0x00000258e7b9b260 JavaThread "Reference Handler" daemon [_thread_blocked, id=5592, stack(0x00000090bd600000,0x00000090bd700000)]
  0x00000258e7b9c270 JavaThread "Finalizer" daemon [_thread_blocked, id=8976, stack(0x00000090bd700000,0x00000090bd800000)]
  0x00000258ec01e310 JavaThread "Signal Dispatcher" daemon [_thread_blocked, id=12164, stack(0x00000090bd800000,0x00000090bd900000)]
  0x00000258ec01fcf0 JavaThread "Attach Listener" daemon [_thread_blocked, id=1744, stack(0x00000090bd900000,0x00000090bda00000)]
  0x00000258ec0229d0 JavaThread "Service Thread" daemon [_thread_blocked, id=6020, stack(0x00000090bda00000,0x00000090bdb00000)]
  0x00000258ec0232a0 JavaThread "Monitor Deflation Thread" daemon [_thread_blocked, id=2092, stack(0x00000090bdb00000,0x00000090bdc00000)]
  0x00000258ec0273a0 JavaThread "C2 CompilerThread0" daemon [_thread_blocked, id=10440, stack(0x00000090bdc00000,0x00000090bdd00000)]
  0x00000258ec027d60 JavaThread "C1 CompilerThread0" daemon [_thread_blocked, id=10764, stack(0x00000090bdd00000,0x00000090bde00000)]
  0x00000258ec028e50 JavaThread "Sweeper thread" daemon [_thread_blocked, id=12248, stack(0x00000090bde00000,0x00000090bdf00000)]
  0x00000258ec1a9be0 JavaThread "Common-Cleaner" daemon [_thread_blocked, id=6984, stack(0x00000090bdf00000,0x00000090be000000)]
  0x00000258ec3b3280 JavaThread "Monitor Ctrl-Break" daemon [_thread_in_native, id=3228, stack(0x00000090be000000,0x00000090be100000)]
  0x00000258ec3b3760 JavaThread "Notification Thread" daemon [_thread_blocked, id=11692, stack(0x00000090be100000,0x00000090be200000)]
  0x00000258ed1c16b0 JavaThread "Thread-0" [_thread_blocked, id=3652, stack(0x00000090be600000,0x00000090be700000)]
  0x00000258ed0bc030 JavaThread "restartedMain" [_thread_blocked, id=6600, stack(0x00000090be700000,0x00000090be800000)]
  0x00000258ef22c400 JavaThread "Catalina-utility-1" [_thread_blocked, id=11708, stack(0x00000090be900000,0x00000090bea00000)]
  0x00000258eff34820 JavaThread "Catalina-utility-2" [_thread_blocked, id=10688, stack(0x00000090bea00000,0x00000090beb00000)]
  0x00000258ee52a940 JavaThread "container-0" [_thread_blocked, id=4688, stack(0x00000090beb00000,0x00000090bec00000)]
  0x00000258ee529f20 JavaThread "mysql-cj-abandoned-connection-cleanup" daemon [_thread_blocked, id=6008, stack(0x00000090bec00000,0x00000090bed00000)]
  0x00000258ee529a10 JavaThread "HikariPool-1 housekeeper" daemon [_thread_blocked, id=11836, stack(0x00000090bee00000,0x00000090bef00000)]
  0x00000258ee52b360 JavaThread "HikariPool-1 connection adder" daemon [_thread_blocked, id=5540, stack(0x00000090bef00000,0x00000090bf000000)]
  0x00000258ed8ddfe0 JavaThread "C2 CompilerThread1" daemon [_thread_blocked, id=7856, stack(0x00000090be800000,0x00000090be900000)]

Other Threads:
  0x00000258e7b77700 VMThread "VM Thread" [stack: 0x00000090bd500000,0x00000090bd600000] [id=2348]
  0x00000258ec3b2dd0 WatcherThread [stack: 0x00000090be200000,0x00000090be300000] [id=5492]
  0x00000258ce3c1c60 GCTaskThread "GC Thread#0" [stack: 0x00000090bd000000,0x00000090bd100000] [id=1052]
  0x00000258eccf3670 GCTaskThread "GC Thread#1" [stack: 0x00000090be300000,0x00000090be400000] [id=12252]
=>0x00000258eccf3930 GCTaskThread "GC Thread#2" [stack: 0x00000090be400000,0x00000090be500000] [id=10380]
  0x00000258ecb383c0 GCTaskThread "GC Thread#3" [stack: 0x00000090be500000,0x00000090be600000] [id=6408]
  0x00000258ce3d2780 ConcurrentGCThread "G1 Main Marker" [stack: 0x00000090bd100000,0x00000090bd200000] [id=8576]
  0x00000258ce3d30b0 ConcurrentGCThread "G1 Conc#0" [stack: 0x00000090bd200000,0x00000090bd300000] [id=1420]
  0x00000258ce415c30 ConcurrentGCThread "G1 Refine#0" [stack: 0x00000090bd300000,0x00000090bd400000] [id=656]
  0x00000258e79d33f0 ConcurrentGCThread "G1 Service" [stack: 0x00000090bd400000,0x00000090bd500000] [id=600]

Threads with active compile tasks:
C2 CompilerThread0    15154 6162       4       org.springframework.core.annotation.TypeMappedAnnotations::scan (66 bytes)
C2 CompilerThread1    15154 6559       4       org.antlr.v4.runtime.atn.ParserATNSimulator::getEpsilonTarget (155 bytes)

VM state: at safepoint (normal execution)

VM Mutex/Monitor currently owned by a thread:  ([mutex/lock_event])
[0x00000258ce363ec0] Threads_lock - owner thread: 0x00000258e7b77700
[0x00000258ce362570] Heap_lock - owner thread: 0x00000258ed0bc030

Heap address: 0x0000000081a00000, size: 2022 MB, Compressed Oops mode: 32-bit

CDS archive(s) not mapped
Compressed class space mapped at: 0x0000000100000000-0x0000000140000000, reserved size: 1073741824
Narrow klass base: 0x0000000000000000, Narrow klass shift: 3, Narrow klass range: 0x140000000

GC Precious Log:
 CPUs: 4 total, 4 available
 Memory: 8082M
 Large Page Support: Disabled
 NUMA Support: Disabled
 Compressed Oops: Enabled (32-bit)
 Heap Region Size: 1M
 Heap Min Capacity: 8M
 Heap Initial Capacity: 128M
 Heap Max Capacity: 2022M
 Pre-touch: Disabled
 Parallel Workers: 4
 Concurrent Workers: 1
 Concurrent Refinement Workers: 4
 Periodic GC: Disabled

Heap:
 garbage-first heap   total 58368K, used 46899K [0x0000000081a00000, 0x0000000100000000)
  region size 1024K, 20 young (20480K), 2 survivors (2048K)
 Metaspace       used 72511K, committed 73024K, reserved 1114112K
  class space    used 9755K, committed 9984K, reserved 1048576K

Heap Regions: E=young(eden), S=young(survivor), O=old, HS=humongous(starts), HC=humongous(continues), CS=collection set, F=free, OA=open archive, CA=closed archive, TAMS=top-at-mark-start (previous, next)
|   0|0x0000000081a00000, 0x0000000081b00000, 0x0000000081b00000|100%|HS|  |TAMS 0x0000000081b00000, 0x0000000081b00000| Complete 
|   1|0x0000000081b00000, 0x0000000081c00000, 0x0000000081c00000|100%| O|  |TAMS 0x0000000081c00000, 0x0000000081c00000| Untracked 
|   2|0x0000000081c00000, 0x0000000081d00000, 0x0000000081d00000|100%| O|  |TAMS 0x0000000081d00000, 0x0000000081d00000| Untracked 
|   3|0x0000000081d00000, 0x0000000081e00000, 0x0000000081e00000|100%| O|  |TAMS 0x0000000081e00000, 0x0000000081e00000| Untracked 
|   4|0x0000000081e00000, 0x0000000081f00000, 0x0000000081f00000|100%| O|  |TAMS 0x0000000081f00000, 0x0000000081f00000| Untracked 
|   5|0x0000000081f00000, 0x0000000082000000, 0x0000000082000000|100%| O|  |TAMS 0x0000000082000000, 0x0000000082000000| Untracked 
|   6|0x0000000082000000, 0x0000000082100000, 0x0000000082100000|100%| O|  |TAMS 0x0000000082100000, 0x0000000082100000| Untracked 
|   7|0x0000000082100000, 0x0000000082200000, 0x0000000082200000|100%| O|  |TAMS 0x0000000082200000, 0x0000000082200000| Untracked 
|   8|0x0000000082200000, 0x0000000082300000, 0x0000000082300000|100%| O|  |TAMS 0x0000000082300000, 0x0000000082300000| Untracked 
|   9|0x0000000082300000, 0x0000000082400000, 0x0000000082400000|100%| O|  |TAMS 0x0000000082400000, 0x0000000082400000| Untracked 
|  10|0x0000000082400000, 0x0000000082500000, 0x0000000082500000|100%| O|  |TAMS 0x0000000082500000, 0x0000000082500000| Untracked 
|  11|0x0000000082500000, 0x0000000082600000, 0x0000000082600000|100%| O|  |TAMS 0x0000000082600000, 0x0000000082600000| Untracked 
|  12|0x0000000082600000, 0x0000000082700000, 0x0000000082700000|100%| O|  |TAMS 0x0000000082700000, 0x0000000082700000| Untracked 
|  13|0x0000000082700000, 0x0000000082800000, 0x0000000082800000|100%| O|  |TAMS 0x0000000082800000, 0x0000000082800000| Untracked 
|  14|0x0000000082800000, 0x0000000082900000, 0x0000000082900000|100%| O|  |TAMS 0x0000000082900000, 0x0000000082900000| Untracked 
|  15|0x0000000082900000, 0x0000000082a00000, 0x0000000082a00000|100%| O|  |TAMS 0x0000000082a00000, 0x0000000082a00000| Untracked 
|  16|0x0000000082a00000, 0x0000000082b00000, 0x0000000082b00000|100%| O|  |TAMS 0x0000000082b00000, 0x0000000082b00000| Untracked 
|  17|0x0000000082b00000, 0x0000000082c00000, 0x0000000082c00000|100%| O|  |TAMS 0x0000000082c00000, 0x0000000082c00000| Untracked 
|  18|0x0000000082c00000, 0x0000000082d00000, 0x0000000082d00000|100%| O|  |TAMS 0x0000000082d00000, 0x0000000082d00000| Untracked 
|  19|0x0000000082d00000, 0x0000000082e00000, 0x0000000082e00000|100%| O|  |TAMS 0x0000000082e00000, 0x0000000082e00000| Untracked 
|  20|0x0000000082e00000, 0x0000000082f00000, 0x0000000082f00000|100%| O|  |TAMS 0x0000000082f00000, 0x0000000082f00000| Untracked 
|  21|0x0000000082f00000, 0x0000000083000000, 0x0000000083000000|100%| O|  |TAMS 0x0000000083000000, 0x0000000083000000| Untracked 
|  22|0x0000000083000000, 0x0000000083100000, 0x0000000083100000|100%| O|  |TAMS 0x0000000083100000, 0x0000000083100000| Untracked 
|  23|0x0000000083100000, 0x0000000083200000, 0x0000000083200000|100%| O|  |TAMS 0x0000000083200000, 0x0000000083200000| Untracked 
|  24|0x0000000083200000, 0x0000000083300000, 0x0000000083300000|100%| O|  |TAMS 0x0000000083300000, 0x0000000083300000| Untracked 
|  25|0x0000000083300000, 0x0000000083400000, 0x0000000083400000|100%| O|  |TAMS 0x000000008332f800, 0x000000008332f800| Untracked 
|  26|0x0000000083400000, 0x0000000083500000, 0x0000000083500000|100%| O|  |TAMS 0x0000000083400000, 0x0000000083400000| Untracked 
|  27|0x0000000083500000, 0x00000000835b16d0, 0x0000000083600000| 69%| O|  |TAMS 0x0000000083500000, 0x0000000083500000| Untracked 
|  28|0x0000000083600000, 0x0000000083600000, 0x0000000083700000|  0%| F|  |TAMS 0x0000000083600000, 0x0000000083600000| Untracked 
|  29|0x0000000083700000, 0x0000000083700000, 0x0000000083800000|  0%| F|  |TAMS 0x0000000083700000, 0x0000000083700000| Untracked 
|  30|0x0000000083800000, 0x0000000083800000, 0x0000000083900000|  0%| F|  |TAMS 0x0000000083800000, 0x0000000083800000| Untracked 
|  31|0x0000000083900000, 0x0000000083900000, 0x0000000083a00000|  0%| F|  |TAMS 0x0000000083900000, 0x0000000083900000| Untracked 
|  32|0x0000000083a00000, 0x0000000083a00000, 0x0000000083b00000|  0%| F|  |TAMS 0x0000000083a00000, 0x0000000083a00000| Untracked 
|  33|0x0000000083b00000, 0x0000000083b9d5d0, 0x0000000083c00000| 61%| E|CS|TAMS 0x0000000083b00000, 0x0000000083b9d5d0| Complete 
|  34|0x0000000083c00000, 0x0000000083c00000, 0x0000000083d00000|  0%| F|  |TAMS 0x0000000083c00000, 0x0000000083c00000| Untracked 
|  35|0x0000000083d00000, 0x0000000083e00000, 0x0000000083e00000|100%| E|CS|TAMS 0x0000000083d00000, 0x0000000083e00000| Complete 
|  36|0x0000000083e00000, 0x0000000083f00000, 0x0000000083f00000|100%| E|CS|TAMS 0x0000000083e00000, 0x0000000083f00000| Complete 
|  37|0x0000000083f00000, 0x0000000083fbc660, 0x0000000084000000| 73%| S|  |TAMS 0x0000000083f00000, 0x0000000083f00000| Complete 
|  38|0x0000000084000000, 0x0000000084100000, 0x0000000084100000|100%| S|  |TAMS 0x0000000084000000, 0x0000000084000000| Complete 
|  39|0x0000000084100000, 0x0000000084200000, 0x0000000084200000|100%| E|CS|TAMS 0x0000000084100000, 0x0000000084200000| Complete 
|  40|0x0000000084200000, 0x0000000084300000, 0x0000000084300000|100%| E|CS|TAMS 0x0000000084200000, 0x0000000084300000| Complete 
|  41|0x0000000084300000, 0x0000000084400000, 0x0000000084400000|100%| E|CS|TAMS 0x0000000084300000, 0x0000000084400000| Complete 
|  42|0x0000000084400000, 0x0000000084500000, 0x0000000084500000|100%| E|CS|TAMS 0x0000000084400000, 0x0000000084500000| Complete 
|  43|0x0000000084500000, 0x0000000084600000, 0x0000000084600000|100%| E|CS|TAMS 0x0000000084500000, 0x0000000084600000| Complete 
|  44|0x0000000084600000, 0x0000000084700000, 0x0000000084700000|100%| E|CS|TAMS 0x0000000084600000, 0x0000000084700000| Complete 
|  45|0x0000000084700000, 0x0000000084800000, 0x0000000084800000|100%| E|CS|TAMS 0x0000000084700000, 0x0000000084800000| Complete 
|  46|0x0000000084800000, 0x0000000084900000, 0x0000000084900000|100%| E|CS|TAMS 0x0000000084800000, 0x0000000084900000| Complete 
|  47|0x0000000084900000, 0x0000000084a00000, 0x0000000084a00000|100%| E|CS|TAMS 0x0000000084900000, 0x0000000084a00000| Complete 
|  48|0x0000000084a00000, 0x0000000084b00000, 0x0000000084b00000|100%| E|CS|TAMS 0x0000000084a00000, 0x0000000084b00000| Complete 
|  49|0x0000000084b00000, 0x0000000084c00000, 0x0000000084c00000|100%| E|CS|TAMS 0x0000000084b00000, 0x0000000084c00000| Complete 
|  50|0x0000000084c00000, 0x0000000084d00000, 0x0000000084d00000|100%| E|CS|TAMS 0x0000000084c00000, 0x0000000084d00000| Complete 
|  51|0x0000000084d00000, 0x0000000084e00000, 0x0000000084e00000|100%| E|CS|TAMS 0x0000000084d00000, 0x0000000084e00000| Complete 
| 100|0x0000000087e00000, 0x0000000087f00000, 0x0000000087f00000|100%| E|CS|TAMS 0x0000000087e00000, 0x0000000087f00000| Complete 
| 101|0x0000000087f00000, 0x0000000088000000, 0x0000000088000000|100%| E|CS|TAMS 0x0000000087f00000, 0x0000000088000000| Complete 
| 102|0x0000000088000000, 0x0000000088100000, 0x0000000088100000|100%| E|CS|TAMS 0x0000000088000000, 0x0000000088100000| Complete 
| 126|0x0000000089800000, 0x0000000089900000, 0x0000000089900000|100%| E|CS|TAMS 0x0000000089800000, 0x0000000089900000| Complete 
| 127|0x0000000089900000, 0x0000000089a00000, 0x0000000089a00000|100%| E|CS|TAMS 0x0000000089900000, 0x0000000089a00000| Complete 

Card table byte_map: [0x00000258e0f30000,0x00000258e1330000] _byte_map_base: 0x00000258e0b23000

Marking Bits (Prev, Next): (CMBitMap*) 0x00000258ce3c2190, (CMBitMap*) 0x00000258ce3c21d0
 Prev Bits: [0x00000258e1730000, 0x00000258e36c8000)
 Next Bits: [0x00000258e36d0000, 0x00000258e5668000)

Polling page: 0x00000258cc350000

Metaspace:

Usage:
  Non-class:     61.29 MB used.
      Class:      9.53 MB used.
       Both:     70.81 MB used.

Virtual space:
  Non-class space:       64.00 MB reserved,      61.56 MB ( 96%) committed,  1 nodes.
      Class space:        1.00 GB reserved,       9.75 MB ( <1%) committed,  1 nodes.
             Both:        1.06 GB reserved,      71.31 MB (  7%) committed. 

Chunk freelists:
   Non-Class:  1.55 MB
       Class:  6.28 MB
        Both:  7.83 MB

MaxMetaspaceSize: unlimited
CompressedClassSpaceSize: 1.00 GB
Initial GC threshold: 21.00 MB
Current GC threshold: 110.31 MB
CDS: off
MetaspaceReclaimPolicy: balanced
 - commit_granule_bytes: 65536.
 - commit_granule_words: 8192.
 - virtual_space_node_default_size: 8388608.
 - enlarge_chunks_in_place: 1.
 - new_chunks_are_fully_committed: 0.
 - uncommit_free_chunks: 1.
 - use_allocation_guard: 0.
 - handle_deallocations: 1.


Internal statistics:

num_allocs_failed_limit: 6.
num_arena_births: 696.
num_arena_deaths: 0.
num_vsnodes_births: 2.
num_vsnodes_deaths: 0.
num_space_committed: 1141.
num_space_uncommitted: 0.
num_chunks_returned_to_freelist: 6.
num_chunks_taken_from_freelist: 3042.
num_chunk_merges: 3.
num_chunk_splits: 2190.
num_chunks_enlarged: 1706.
num_inconsistent_stats: 0.

CodeHeap 'non-profiled nmethods': size=120000Kb used=3363Kb max_used=3363Kb free=116637Kb
 bounds [0x00000258d9600000, 0x00000258d9990000, 0x00000258e0b30000]
CodeHeap 'profiled nmethods': size=120000Kb used=10782Kb max_used=11665Kb free=109217Kb
 bounds [0x00000258d1b30000, 0x00000258d26a0000, 0x00000258d9060000]
CodeHeap 'non-nmethods': size=5760Kb used=1312Kb max_used=1368Kb free=4447Kb
 bounds [0x00000258d9060000, 0x00000258d92d0000, 0x00000258d9600000]
 total_blobs=6349 nmethods=5706 adapters=555
 compilation: enabled
              stopped_count=0, restarted_count=0
 full_count=0

Compilation events (20 events):
Event: 14.615 Thread 0x00000258ec027d60 6568   !   3       org.antlr.v4.runtime.atn.ATNSimulator::getCachedContext (43 bytes)
Event: 14.615 Thread 0x00000258ec027d60 nmethod 6568 0x00000258d1c8c690 code [0x00000258d1c8c860, 0x00000258d1c8cdc8]
Event: 14.615 Thread 0x00000258ec027d60 6565       3       java.util.BitSet::ensureCapacity (39 bytes)
Event: 14.615 Thread 0x00000258ec027d60 nmethod 6565 0x00000258d1c8c110 code [0x00000258d1c8c2c0, 0x00000258d1c8c548]
Event: 14.615 Thread 0x00000258ec027d60 6569       3       org.antlr.v4.runtime.atn.ParserATNSimulator::getReachableTarget (23 bytes)
Event: 14.615 Thread 0x00000258ec027d60 nmethod 6569 0x00000258d1c8bc10 code [0x00000258d1c8bdc0, 0x00000258d1c8c028]
Event: 14.617 Thread 0x00000258ec027d60 6572       3       org.antlr.v4.runtime.atn.SingletonPredictionContext::getReturnState (23 bytes)
Event: 14.617 Thread 0x00000258ec027d60 nmethod 6572 0x00000258d1bae510 code [0x00000258d1bae6a0, 0x00000258d1bae7b8]
Event: 14.617 Thread 0x00000258ec027d60 6573       3       org.antlr.v4.runtime.atn.SingletonPredictionContext::getParent (23 bytes)
Event: 14.617 Thread 0x00000258ec027d60 nmethod 6573 0x00000258d1cf6310 code [0x00000258d1cf64a0, 0x00000258d1cf65b8]
Event: 14.618 Thread 0x00000258ec027d60 6574       3       java.util.ArrayList::fastRemove (44 bytes)
Event: 14.618 Thread 0x00000258ec027d60 nmethod 6574 0x00000258d1c8b510 code [0x00000258d1c8b6c0, 0x00000258d1c8baa8]
Event: 14.619 Thread 0x00000258ec027d60 6576       3       org.antlr.v4.runtime.atn.PredictionContext::mergeArrays (579 bytes)
Event: 14.622 Thread 0x00000258ec027d60 nmethod 6576 0x00000258d1b40c10 code [0x00000258d1b41060, 0x00000258d1b43828]
Event: 14.622 Thread 0x00000258ec027d60 6577       3       org.antlr.v4.runtime.atn.PredictionContext::combineCommonParents (75 bytes)
Event: 14.623 Thread 0x00000258ec027d60 nmethod 6577 0x00000258d1ea1c10 code [0x00000258d1ea1e40, 0x00000258d1ea28a8]
Event: 14.623 Thread 0x00000258ec027d60 6575       3       org.antlr.v4.runtime.atn.ArrayPredictionContext::<init> (26 bytes)
Event: 14.623 Thread 0x00000258ec027d60 nmethod 6575 0x00000258d1c8ae10 code [0x00000258d1c8afc0, 0x00000258d1c8b3a8]
Event: 14.623 Thread 0x00000258ec027d60 6579       3       java.util.Arrays::copyOf (19 bytes)
Event: 14.623 Thread 0x00000258ec027d60 nmethod 6579 0x00000258d1ea1610 code [0x00000258d1ea17c0, 0x00000258d1ea1aa8]

GC Heap History (20 events):
Event: 10.185 GC heap after
{Heap after GC invocations=18 (full 0):
 garbage-first heap   total 40960K, used 22386K [0x0000000081a00000, 0x0000000100000000)
  region size 1024K, 2 young (2048K), 2 survivors (2048K)
 Metaspace       used 52823K, committed 53248K, reserved 1114112K
  class space    used 6725K, committed 6912K, reserved 1048576K
}
Event: 10.531 GC heap before
{Heap before GC invocations=19 (full 0):
 garbage-first heap   total 40960K, used 31602K [0x0000000081a00000, 0x0000000100000000)
  region size 1024K, 11 young (11264K), 2 survivors (2048K)
 Metaspace       used 54977K, committed 55424K, reserved 1114112K
  class space    used 7012K, committed 7232K, reserved 1048576K
}
Event: 10.534 GC heap after
{Heap after GC invocations=20 (full 0):
 garbage-first heap   total 40960K, used 23261K [0x0000000081a00000, 0x0000000100000000)
  region size 1024K, 1 young (1024K), 1 survivors (1024K)
 Metaspace       used 54977K, committed 55424K, reserved 1114112K
  class space    used 7012K, committed 7232K, reserved 1048576K
}
Event: 10.858 GC heap before
{Heap before GC invocations=20 (full 0):
 garbage-first heap   total 40960K, used 33501K [0x0000000081a00000, 0x0000000100000000)
  region size 1024K, 11 young (11264K), 1 survivors (1024K)
 Metaspace       used 57552K, committed 58048K, reserved 1114112K
  class space    used 7458K, committed 7680K, reserved 1048576K
}
Event: 10.861 GC heap after
{Heap after GC invocations=21 (full 0):
 garbage-first heap   total 40960K, used 23636K [0x0000000081a00000, 0x0000000100000000)
  region size 1024K, 2 young (2048K), 2 survivors (2048K)
 Metaspace       used 57552K, committed 58048K, reserved 1114112K
  class space    used 7458K, committed 7680K, reserved 1048576K
}
Event: 11.199 GC heap before
{Heap before GC invocations=22 (full 0):
 garbage-first heap   total 45056K, used 32852K [0x0000000081a00000, 0x0000000100000000)
  region size 1024K, 11 young (11264K), 2 survivors (2048K)
 Metaspace       used 59931K, committed 60352K, reserved 1114112K
  class space    used 7863K, committed 8064K, reserved 1048576K
}
Event: 11.203 GC heap after
{Heap after GC invocations=23 (full 0):
 garbage-first heap   total 45056K, used 24043K [0x0000000081a00000, 0x0000000100000000)
  region size 1024K, 1 young (1024K), 1 survivors (1024K)
 Metaspace       used 59931K, committed 60352K, reserved 1114112K
  class space    used 7863K, committed 8064K, reserved 1048576K
}
Event: 11.581 GC heap before
{Heap before GC invocations=23 (full 0):
 garbage-first heap   total 45056K, used 36331K [0x0000000081a00000, 0x0000000100000000)
  region size 1024K, 13 young (13312K), 1 survivors (1024K)
 Metaspace       used 61511K, committed 61952K, reserved 1114112K
  class space    used 8097K, committed 8320K, reserved 1048576K
}
Event: 11.583 GC heap after
{Heap after GC invocations=24 (full 0):
 garbage-first heap   total 45056K, used 24347K [0x0000000081a00000, 0x0000000100000000)
  region size 1024K, 2 young (2048K), 2 survivors (2048K)
 Metaspace       used 61511K, committed 61952K, reserved 1114112K
  class space    used 8097K, committed 8320K, reserved 1048576K
}
Event: 11.857 GC heap before
{Heap before GC invocations=25 (full 0):
 garbage-first heap   total 48128K, used 35611K [0x0000000081a00000, 0x0000000100000000)
  region size 1024K, 13 young (13312K), 2 survivors (2048K)
 Metaspace       used 63306K, committed 63808K, reserved 1114112K
  class space    used 8391K, committed 8640K, reserved 1048576K
}
Event: 11.861 GC heap after
{Heap after GC invocations=26 (full 0):
 garbage-first heap   total 48128K, used 24797K [0x0000000081a00000, 0x0000000100000000)
  region size 1024K, 2 young (2048K), 2 survivors (2048K)
 Metaspace       used 63306K, committed 63808K, reserved 1114112K
  class space    used 8391K, committed 8640K, reserved 1048576K
}
Event: 12.416 GC heap before
{Heap before GC invocations=26 (full 0):
 garbage-first heap   total 48128K, used 38109K [0x0000000081a00000, 0x0000000100000000)
  region size 1024K, 15 young (15360K), 2 survivors (2048K)
 Metaspace       used 66038K, committed 66560K, reserved 1114112K
  class space    used 8693K, committed 8960K, reserved 1048576K
}
Event: 12.422 GC heap after
{Heap after GC invocations=27 (full 0):
 garbage-first heap   total 48128K, used 25959K [0x0000000081a00000, 0x0000000100000000)
  region size 1024K, 2 young (2048K), 2 survivors (2048K)
 Metaspace       used 66038K, committed 66560K, reserved 1114112K
  class space    used 8693K, committed 8960K, reserved 1048576K
}
Event: 12.717 GC heap before
{Heap before GC invocations=28 (full 0):
 garbage-first heap   total 48128K, used 39271K [0x0000000081a00000, 0x0000000100000000)
  region size 1024K, 15 young (15360K), 2 survivors (2048K)
 Metaspace       used 66791K, committed 67328K, reserved 1114112K
  class space    used 8836K, committed 9088K, reserved 1048576K
}
Event: 12.724 GC heap after
{Heap after GC invocations=29 (full 0):
 garbage-first heap   total 48128K, used 26467K [0x0000000081a00000, 0x0000000100000000)
  region size 1024K, 1 young (1024K), 1 survivors (1024K)
 Metaspace       used 66791K, committed 67328K, reserved 1114112K
  class space    used 8836K, committed 9088K, reserved 1048576K
}
Event: 12.965 GC heap before
{Heap before GC invocations=29 (full 0):
 garbage-first heap   total 48128K, used 38755K [0x0000000081a00000, 0x0000000100000000)
  region size 1024K, 13 young (13312K), 1 survivors (1024K)
 Metaspace       used 66983K, committed 67520K, reserved 1114112K
  class space    used 8851K, committed 9088K, reserved 1048576K
}
Event: 12.968 GC heap after
{Heap after GC invocations=30 (full 0):
 garbage-first heap   total 58368K, used 26759K [0x0000000081a00000, 0x0000000100000000)
  region size 1024K, 1 young (1024K), 1 survivors (1024K)
 Metaspace       used 66983K, committed 67520K, reserved 1114112K
  class space    used 8851K, committed 9088K, reserved 1048576K
}
Event: 13.890 GC heap before
{Heap before GC invocations=31 (full 0):
 garbage-first heap   total 58368K, used 47239K [0x0000000081a00000, 0x0000000100000000)
  region size 1024K, 21 young (21504K), 1 survivors (1024K)
 Metaspace       used 69726K, committed 70208K, reserved 1114112K
  class space    used 9235K, committed 9472K, reserved 1048576K
}
Event: 13.895 GC heap after
{Heap after GC invocations=32 (full 0):
 garbage-first heap   total 58368K, used 28467K [0x0000000081a00000, 0x0000000100000000)
  region size 1024K, 3 young (3072K), 3 survivors (3072K)
 Metaspace       used 69726K, committed 70208K, reserved 1114112K
  class space    used 9235K, committed 9472K, reserved 1048576K
}
Event: 14.624 GC heap before
{Heap before GC invocations=32 (full 0):
 garbage-first heap   total 58368K, used 46899K [0x0000000081a00000, 0x0000000100000000)
  region size 1024K, 21 young (21504K), 3 survivors (3072K)
 Metaspace       used 72511K, committed 73024K, reserved 1114112K
  class space    used 9755K, committed 9984K, reserved 1048576K
}

Dll operation events (4 events):
Event: 0.018 Loaded shared library C:\Users\User\.jdks\jbrsdk-17.0.9\bin\java.dll
Event: 0.084 Loaded shared library C:\Users\User\.jdks\jbrsdk-17.0.9\bin\jsvml.dll
Event: 0.435 Loaded shared library C:\Users\User\.jdks\jbrsdk-17.0.9\bin\zip.dll
Event: 3.058 Loaded shared library C:\Users\User\.jdks\jbrsdk-17.0.9\bin\verify.dll

Deoptimization events (20 events):
Event: 14.064 Thread 0x00000258ed0bc030 Uncommon trap: trap_request=0xffffff45 fr.pc=0x00000258d9701e80 relative=0x00000000000000e0
Event: 14.064 Thread 0x00000258ed0bc030 Uncommon trap: reason=unstable_if action=reinterpret pc=0x00000258d9701e80 method=org.springframework.util.ObjectUtils.nullSafeEquals(Ljava/lang/Object;Ljava/lang/Object;)Z @ 12 c2
Event: 14.064 Thread 0x00000258ed0bc030 DEOPT PACKING pc=0x00000258d9701e80 sp=0x00000090be7fbaa0
Event: 14.064 Thread 0x00000258ed0bc030 DEOPT UNPACKING pc=0x00000258d90b69a3 sp=0x00000090be7fba40 mode 2
Event: 14.068 Thread 0x00000258ed0bc030 Uncommon trap: trap_request=0xffffffbe fr.pc=0x00000258d98bbc30 relative=0x0000000000002690
Event: 14.068 Thread 0x00000258ed0bc030 Uncommon trap: reason=profile_predicate action=maybe_recompile pc=0x00000258d98bbc30 method=java.util.TreeMap.put(Ljava/lang/Object;Ljava/lang/Object;Z)Ljava/lang/Object; @ 27 c2
Event: 14.068 Thread 0x00000258ed0bc030 DEOPT PACKING pc=0x00000258d98bbc30 sp=0x00000090be7fb980
Event: 14.068 Thread 0x00000258ed0bc030 DEOPT UNPACKING pc=0x00000258d90b69a3 sp=0x00000090be7fb940 mode 2
Event: 14.069 Thread 0x00000258ed0bc030 Uncommon trap: trap_request=0xffffffbe fr.pc=0x00000258d98bbc30 relative=0x0000000000002690
Event: 14.069 Thread 0x00000258ed0bc030 Uncommon trap: reason=profile_predicate action=maybe_recompile pc=0x00000258d98bbc30 method=java.util.TreeMap.put(Ljava/lang/Object;Ljava/lang/Object;Z)Ljava/lang/Object; @ 27 c2
Event: 14.069 Thread 0x00000258ed0bc030 DEOPT PACKING pc=0x00000258d98bbc30 sp=0x00000090be7fb9e0
Event: 14.069 Thread 0x00000258ed0bc030 DEOPT UNPACKING pc=0x00000258d90b69a3 sp=0x00000090be7fb9a0 mode 2
Event: 14.126 Thread 0x00000258ed0bc030 Uncommon trap: trap_request=0xffffff45 fr.pc=0x00000258d9609e30 relative=0x00000000000001b0
Event: 14.126 Thread 0x00000258ed0bc030 Uncommon trap: reason=unstable_if action=reinterpret pc=0x00000258d9609e30 method=java.lang.String.isLatin1()Z @ 10 c2
Event: 14.126 Thread 0x00000258ed0bc030 DEOPT PACKING pc=0x00000258d9609e30 sp=0x00000090be7fc5e0
Event: 14.126 Thread 0x00000258ed0bc030 DEOPT UNPACKING pc=0x00000258d90b69a3 sp=0x00000090be7fc510 mode 2
Event: 14.127 Thread 0x00000258ed0bc030 Uncommon trap: trap_request=0xffffffbe fr.pc=0x00000258d98bbc30 relative=0x0000000000002690
Event: 14.127 Thread 0x00000258ed0bc030 Uncommon trap: reason=profile_predicate action=maybe_recompile pc=0x00000258d98bbc30 method=java.util.TreeMap.put(Ljava/lang/Object;Ljava/lang/Object;Z)Ljava/lang/Object; @ 27 c2
Event: 14.127 Thread 0x00000258ed0bc030 DEOPT PACKING pc=0x00000258d98bbc30 sp=0x00000090be7fc4e0
Event: 14.127 Thread 0x00000258ed0bc030 DEOPT UNPACKING pc=0x00000258d90b69a3 sp=0x00000090be7fc4a0 mode 2

Classes unloaded (0 events):
No events

Classes redefined (0 events):
No events

Internal exceptions (20 events):
Event: 10.510 Thread 0x00000258ed0bc030 Implicit null exception at 0x00000258d98b0c13 to 0x00000258d98b0d60
Event: 10.834 Thread 0x00000258ed0bc030 Exception <a 'java/lang/NoSuchMethodError'{0x000000008371e1f0}: 'java.lang.Object java.lang.invoke.DirectMethodHandle$Holder.invokeStatic(java.lang.Object, java.lang.Object, int, java.lang.Object)'> (0x000000008371e1f0) 
thrown [s\src\hotspot\share\interpreter\linkResolver.cpp, line 771]
Event: 10.835 Thread 0x00000258ed0bc030 Exception <a 'java/lang/NoSuchMethodError'{0x0000000083721c88}: 'java.lang.Object java.lang.invoke.DirectMethodHandle$Holder.invokeStaticInit(java.lang.Object, java.lang.Object, int, java.lang.Object)'> (0x0000000083721c88) 
thrown [s\src\hotspot\share\interpreter\linkResolver.cpp, line 771]
Event: 10.873 Thread 0x00000258ed0bc030 Exception <a 'java/lang/IncompatibleClassChangeError'{0x0000000089966c58}: Found class java.lang.Object, but interface was expected> (0x0000000089966c58) 
thrown [s\src\hotspot\share\interpreter\linkResolver.cpp, line 838]
Event: 11.754 Thread 0x00000258ed0bc030 Exception <a 'java/lang/NoSuchMethodError'{0x000000008429b6f0}: 'java.lang.Object java.lang.invoke.DirectMethodHandle$Holder.newInvokeSpecial(java.lang.Object, java.lang.Object, java.lang.Object, java.lang.Object, java.lang.Object, java.lang.Object, java.lang.Object)'> (0x000000008429b6f0) 
thrown [s\src\hotspot\share\interpreter\linkResolver.cpp, line 771]
Event: 11.756 Thread 0x00000258ed0bc030 Exception <a 'java/lang/NoSuchMethodError'{0x00000000842bea10}: 'java.lang.Object java.lang.invoke.DirectMethodHandle$Holder.newInvokeSpecial(java.lang.Object, java.lang.Object, int, java.lang.Object, int, java.lang.Object, java.lang.Object, java.lang.Object)'> (0x00000000842bea10) 
thrown [s\src\hotspot\share\interpreter\linkResolver.cpp, line 771]
Event: 11.758 Thread 0x00000258ed0bc030 Exception <a 'java/lang/NoSuchMethodError'{0x00000000842d8d70}: 'void java.lang.invoke.DirectMethodHandle$Holder.invokeSpecial(java.lang.Object, java.lang.Object, java.lang.Object, java.lang.Object, java.lang.Object, java.lang.Object, java.lang.Object)'> (0x00000000842d8d70) 
thrown [s\src\hotspot\share\interpreter\linkResolver.cpp, line 771]
Event: 11.767 Thread 0x00000258ed0bc030 Exception <a 'java/lang/NoSuchMethodError'{0x000000008413aa38}: 'java.lang.Object java.lang.invoke.DirectMethodHandle$Holder.newInvokeSpecial(java.lang.Object, java.lang.Object, java.lang.Object, java.lang.Object, java.lang.Object, java.lang.Object, java.lang.Object, int)'> (0x000000008413aa38) 
thrown [s\src\hotspot\share\interpreter\linkResolver.cpp, line 771]
Event: 11.767 Thread 0x00000258ed0bc030 Exception <a 'java/lang/NoSuchMethodError'{0x000000008413fa30}: 'java.lang.Object java.lang.invoke.DirectMethodHandle$Holder.invokeSpecial(java.lang.Object, java.lang.Object, java.lang.Object, java.lang.Object, java.lang.Object, java.lang.Object, java.lang.Object, java.lang.Object, int)'> (0x000000008413fa30) 
thrown [s\src\hotspot\share\interpreter\linkResolver.cpp, line 771]
Event: 11.798 Thread 0x00000258ed0bc030 Exception <a 'java/lang/NoSuchMethodError'{0x00000000840b3808}: 'void java.lang.invoke.DirectMethodHandle$Holder.invokeInterface(java.lang.Object, java.lang.Object)'> (0x00000000840b3808) 
thrown [s\src\hotspot\share\interpreter\linkResolver.cpp, line 771]
Event: 12.026 Thread 0x00000258ed0bc030 Exception <a 'java/lang/NoSuchMethodError'{0x00000000898b34e0}: 'java.lang.Object java.lang.invoke.DirectMethodHandle$Holder.invokeSpecial(java.lang.Object, java.lang.Object, int, java.lang.Object, int)'> (0x00000000898b34e0) 
thrown [s\src\hotspot\share\interpreter\linkResolver.cpp, line 771]
Event: 12.197 Thread 0x00000258ed0bc030 Exception <a 'java/lang/IncompatibleClassChangeError'{0x0000000084151450}: Found class java.lang.Object, but interface was expected> (0x0000000084151450) 
thrown [s\src\hotspot\share\interpreter\linkResolver.cpp, line 838]
Event: 12.237 Thread 0x00000258ed0bc030 Exception <a 'java/lang/IncompatibleClassChangeError'{0x0000000083f07748}: Found class java.lang.Object, but interface was expected> (0x0000000083f07748) 
thrown [s\src\hotspot\share\interpreter\linkResolver.cpp, line 838]
Event: 12.551 Thread 0x00000258ed0bc030 Exception <a 'java/lang/IncompatibleClassChangeError'{0x00000000880d8858}: Found class java.lang.Object, but interface was expected> (0x00000000880d8858) 
thrown [s\src\hotspot\share\interpreter\linkResolver.cpp, line 838]
Event: 13.049 Thread 0x00000258ed0bc030 Exception <a 'java/lang/NoSuchMethodError'{0x0000000087f1bf30}: 'int java.lang.invoke.DirectMethodHandle$Holder.invokeStatic(java.lang.Object, int, java.lang.Object)'> (0x0000000087f1bf30) 
thrown [s\src\hotspot\share\interpreter\linkResolver.cpp, line 771]
Event: 13.091 Thread 0x00000258ed0bc030 Exception <a 'java/lang/reflect/InvocationTargetException'{0x0000000087fe1230}> (0x0000000087fe1230) 
thrown [s\src\hotspot\share\runtime\reflection.cpp, line 1127]
Event: 13.226 Thread 0x00000258ed0bc030 Exception <a 'java/lang/IncompatibleClassChangeError'{0x0000000084b1b438}: Found class java.lang.Object, but interface was expected> (0x0000000084b1b438) 
thrown [s\src\hotspot\share\interpreter\linkResolver.cpp, line 838]
Event: 13.909 Thread 0x00000258ed0bc030 Exception <a 'java/lang/IncompatibleClassChangeError'{0x0000000089953798}: Found class java.lang.Object, but interface was expected> (0x0000000089953798) 
thrown [s\src\hotspot\share\interpreter\linkResolver.cpp, line 838]
Event: 14.064 Thread 0x00000258ed0bc030 Implicit null exception at 0x00000258d9701dbd to 0x00000258d9701e6e
Event: 14.306 Thread 0x00000258ed0bc030 Exception <a 'java/lang/reflect/InvocationTargetException'{0x0000000084a9efa0}> (0x0000000084a9efa0) 
thrown [s\src\hotspot\share\runtime\reflection.cpp, line 1127]

VM Operations (20 events):
Event: 12.968 Executing VM operation: G1CollectForAllocation done
Event: 13.040 Executing VM operation: G1PauseRemark
Event: 13.046 Executing VM operation: G1PauseRemark done
Event: 13.074 Executing VM operation: G1PauseCleanup
Event: 13.075 Executing VM operation: G1PauseCleanup done
Event: 13.387 Executing VM operation: HandshakeAllThreads
Event: 13.387 Executing VM operation: HandshakeAllThreads done
Event: 13.631 Executing VM operation: HandshakeAllThreads
Event: 13.631 Executing VM operation: HandshakeAllThreads done
Event: 13.673 Executing VM operation: HandshakeAllThreads
Event: 13.673 Executing VM operation: HandshakeAllThreads done
Event: 13.715 Executing VM operation: ICBufferFull
Event: 13.715 Executing VM operation: ICBufferFull done
Event: 13.718 Executing VM operation: HandshakeAllThreads
Event: 13.718 Executing VM operation: HandshakeAllThreads done
Event: 13.890 Executing VM operation: G1CollectForAllocation
Event: 13.895 Executing VM operation: G1CollectForAllocation done
Event: 14.427 Executing VM operation: HandshakeAllThreads
Event: 14.427 Executing VM operation: HandshakeAllThreads done
Event: 14.624 Executing VM operation: G1CollectForAllocation

Events (20 events):
Event: 13.154 loading class java/util/EnumMap$EntryIterator$Entry
Event: 13.154 loading class java/util/EnumMap$EntryIterator$Entry done
Event: 13.209 loading class java/lang/reflect/MalformedParametersException
Event: 13.209 loading class java/lang/reflect/MalformedParametersException done
Event: 13.226 loading class java/util/concurrent/ConcurrentHashMap$TreeNode
Event: 13.226 loading class java/util/concurrent/ConcurrentHashMap$TreeNode done
Event: 13.226 loading class java/util/concurrent/ConcurrentHashMap$TreeBin
Event: 13.226 loading class java/util/concurrent/ConcurrentHashMap$TreeBin done
Event: 13.250 loading class sun/reflect/generics/repository/FieldRepository
Event: 13.250 loading class sun/reflect/generics/repository/FieldRepository done
Event: 13.282 loading class java/time/DurationEditor
Event: 13.282 loading class java/time/DurationEditor done
Event: 13.386 loading class java/util/ArrayList$ListItr
Event: 13.386 loading class java/util/ArrayList$ListItr done
Event: 13.698 loading class java/util/Comparators$NullComparator
Event: 13.698 loading class java/util/Comparators$NullComparator done
Event: 14.372 loading class java/util/EmptyStackException
Event: 14.372 loading class java/util/EmptyStackException done
Event: 14.485 Thread 0x00000258ed26c090 Thread exited: 0x00000258ed26c090
Event: 14.573 Thread 0x00000258ed8ddfe0 Thread added: 0x00000258ed8ddfe0


Dynamic libraries:
0x00007ff6285e0000 - 0x00007ff6285ea000 	C:\Users\User\.jdks\jbrsdk-17.0.9\bin\java.exe
0x00007fff760f0000 - 0x00007fff762e8000 	C:\WINDOWS\SYSTEM32\ntdll.dll
0x00007fff75ad0000 - 0x00007fff75b8f000 	C:\WINDOWS\System32\KERNEL32.DLL
0x00007fff73370000 - 0x00007fff73666000 	C:\WINDOWS\System32\KERNELBASE.dll
0x00007fff73240000 - 0x00007fff73340000 	C:\WINDOWS\System32\ucrtbase.dll
0x00007fff6eab0000 - 0x00007fff6eacb000 	C:\Users\User\.jdks\jbrsdk-17.0.9\bin\VCRUNTIME140.dll
0x00007fff5dbc0000 - 0x00007fff5dbd7000 	C:\Users\User\.jdks\jbrsdk-17.0.9\bin\jli.dll
0x00007fff746b0000 - 0x00007fff7484d000 	C:\WINDOWS\System32\USER32.dll
0x00007fff731c0000 - 0x00007fff731e2000 	C:\WINDOWS\System32\win32u.dll
0x00007fff75bf0000 - 0x00007fff75c1c000 	C:\WINDOWS\System32\GDI32.dll
0x00007fff65ec0000 - 0x00007fff6615a000 	C:\WINDOWS\WinSxS\amd64_microsoft.windows.common-controls_6595b64144ccf1df_6.0.19041.1110_none_60b5254171f9507e\COMCTL32.dll
0x00007fff737c0000 - 0x00007fff738d5000 	C:\WINDOWS\System32\gdi32full.dll
0x00007fff73980000 - 0x00007fff73a1d000 	C:\WINDOWS\System32\msvcp_win.dll
0x00007fff76010000 - 0x00007fff760ae000 	C:\WINDOWS\System32\msvcrt.dll
0x00007fff74850000 - 0x00007fff74880000 	C:\WINDOWS\System32\IMM32.DLL
0x00007fff58760000 - 0x00007fff5876c000 	C:\Users\User\.jdks\jbrsdk-17.0.9\bin\vcruntime140_1.dll
0x00007fff44b30000 - 0x00007fff44bbd000 	C:\Users\User\.jdks\jbrsdk-17.0.9\bin\msvcp140.dll
0x00007fff179a0000 - 0x00007fff18622000 	C:\Users\User\.jdks\jbrsdk-17.0.9\bin\server\jvm.dll
0x00007fff75c20000 - 0x00007fff75ccf000 	C:\WINDOWS\System32\ADVAPI32.dll
0x00007fff759a0000 - 0x00007fff75a3c000 	C:\WINDOWS\System32\sechost.dll
0x00007fff74f10000 - 0x00007fff75036000 	C:\WINDOWS\System32\RPCRT4.dll
0x00007fff73e40000 - 0x00007fff73e49000 	C:\WINDOWS\System32\WSOCK32.dll
0x00007fff752d0000 - 0x00007fff7533b000 	C:\WINDOWS\System32\WS2_32.dll
0x00007fff75340000 - 0x00007fff7534a000 	C:\WINDOWS\System32\VERSION.dll
0x00007fff73030000 - 0x00007fff7307b000 	C:\WINDOWS\SYSTEM32\POWRPROF.dll
0x00007fff65d20000 - 0x00007fff65d47000 	C:\WINDOWS\SYSTEM32\WINMM.dll
0x00007fff73010000 - 0x00007fff73022000 	C:\WINDOWS\SYSTEM32\UMPDC.dll
0x00007fff710a0000 - 0x00007fff710b2000 	C:\WINDOWS\SYSTEM32\kernel.appcore.dll
0x00007fff56b70000 - 0x00007fff56b7a000 	C:\Users\User\.jdks\jbrsdk-17.0.9\bin\jimage.dll
0x00007fff5a8f0000 - 0x00007fff5aad4000 	C:\WINDOWS\SYSTEM32\DBGHELP.DLL
0x00007fff5e440000 - 0x00007fff5e474000 	C:\WINDOWS\SYSTEM32\dbgcore.DLL
0x00007fff73670000 - 0x00007fff736f2000 	C:\WINDOWS\System32\bcryptPrimitives.dll
0x00007fff6ef30000 - 0x00007fff6ef3e000 	C:\Users\User\.jdks\jbrsdk-17.0.9\bin\instrument.dll
0x00007fff4f870000 - 0x00007fff4f895000 	C:\Users\User\.jdks\jbrsdk-17.0.9\bin\java.dll
0x00007fff56b50000 - 0x00007fff56b68000 	C:\Users\User\.jdks\jbrsdk-17.0.9\bin\zip.dll
0x00007fff43270000 - 0x00007fff43347000 	C:\Users\User\.jdks\jbrsdk-17.0.9\bin\jsvml.dll
0x00007fff73ec0000 - 0x00007fff74604000 	C:\WINDOWS\System32\SHELL32.dll
0x00007fff712a0000 - 0x00007fff71a33000 	C:\WINDOWS\SYSTEM32\windows.storage.dll
0x00007fff749b0000 - 0x00007fff74d04000 	C:\WINDOWS\System32\combase.dll
0x00007fff72b30000 - 0x00007fff72b5e000 	C:\WINDOWS\SYSTEM32\Wldp.dll
0x00007fff75350000 - 0x00007fff753fd000 	C:\WINDOWS\System32\SHCORE.dll
0x00007fff75fb0000 - 0x00007fff76005000 	C:\WINDOWS\System32\shlwapi.dll
0x00007fff73100000 - 0x00007fff7311f000 	C:\WINDOWS\SYSTEM32\profapi.dll
0x00007fff53e10000 - 0x00007fff53e29000 	C:\Users\User\.jdks\jbrsdk-17.0.9\bin\net.dll
0x00007fff6d7b0000 - 0x00007fff6d8ba000 	C:\WINDOWS\SYSTEM32\WINHTTP.dll
0x00007fff5fa60000 - 0x00007fff5fc04000 	C:\WINDOWS\system32\mwtsp.dll
0x00007fff74880000 - 0x00007fff749aa000 	C:\WINDOWS\System32\ole32.dll
0x00007fff73080000 - 0x00007fff730b2000 	C:\WINDOWS\SYSTEM32\SspiCli.dll
0x00007fff72890000 - 0x00007fff728fa000 	C:\WINDOWS\system32\mswsock.dll
0x00007fff4f850000 - 0x00007fff4f866000 	C:\Users\User\.jdks\jbrsdk-17.0.9\bin\nio.dll
0x00007fff6ef10000 - 0x00007fff6ef2a000 	C:\Program Files\JetBrains\IntelliJ IDEA Community Edition 2023.2.4\bin\breakgen64.dll
0x00007fff6ef00000 - 0x00007fff6ef09000 	C:\Users\User\.jdks\jbrsdk-17.0.9\bin\management.dll
0x00007fff6ee90000 - 0x00007fff6ee9b000 	C:\Users\User\.jdks\jbrsdk-17.0.9\bin\management_ext.dll
0x00007fff73eb0000 - 0x00007fff73eb8000 	C:\WINDOWS\System32\PSAPI.DLL
0x00007fff56730000 - 0x00007fff56740000 	C:\Users\User\.jdks\jbrsdk-17.0.9\bin\verify.dll
0x00007fff72a80000 - 0x00007fff72a98000 	C:\WINDOWS\SYSTEM32\CRYPTSP.dll
0x00007fff721c0000 - 0x00007fff721f4000 	C:\WINDOWS\system32\rsaenh.dll
0x00007fff73340000 - 0x00007fff73367000 	C:\WINDOWS\System32\bcrypt.dll
0x00007fff730c0000 - 0x00007fff730ee000 	C:\WINDOWS\SYSTEM32\USERENV.dll
0x00007fff72aa0000 - 0x00007fff72aac000 	C:\WINDOWS\SYSTEM32\CRYPTBASE.dll
0x00007fff72590000 - 0x00007fff725cc000 	C:\WINDOWS\SYSTEM32\IPHLPAPI.DLL
0x00007fff75520000 - 0x00007fff75528000 	C:\WINDOWS\System32\NSI.dll
0x00007fff6db60000 - 0x00007fff6db77000 	C:\WINDOWS\SYSTEM32\dhcpcsvc6.DLL
0x00007fff6dc30000 - 0x00007fff6dc4d000 	C:\WINDOWS\SYSTEM32\dhcpcsvc.DLL
0x00007fff725d0000 - 0x00007fff7269a000 	C:\WINDOWS\SYSTEM32\DNSAPI.dll
0x00007fff6cc50000 - 0x00007fff6cc5e000 	C:\Users\User\.jdks\jbrsdk-17.0.9\bin\sunmscapi.dll
0x00007fff73a20000 - 0x00007fff73b7e000 	C:\WINDOWS\System32\CRYPT32.dll
0x00007fff72ba0000 - 0x00007fff72bc8000 	C:\WINDOWS\SYSTEM32\ncrypt.dll
0x00007fff72b60000 - 0x00007fff72b9b000 	C:\WINDOWS\SYSTEM32\NTASN1.dll
0x00007fff6ad20000 - 0x00007fff6ad2a000 	C:\Windows\System32\rasadhlp.dll
0x00007fff6b410000 - 0x00007fff6b492000 	C:\WINDOWS\System32\fwpuclnt.dll

dbghelp: loaded successfully - version: 4.0.5 - missing functions: none
symbol engine: initialized successfully - sym options: 0x614 - pdb path: .;C:\Users\User\.jdks\jbrsdk-17.0.9\bin;C:\WINDOWS\SYSTEM32;C:\WINDOWS\WinSxS\amd64_microsoft.windows.common-controls_6595b64144ccf1df_6.0.19041.1110_none_60b5254171f9507e;C:\Users\User\.jdks\jbrsdk-17.0.9\bin\server;C:\Program Files\JetBrains\IntelliJ IDEA Community Edition 2023.2.4\bin

VM Arguments:
jvm_args: -javaagent:C:\Program Files\JetBrains\IntelliJ IDEA Community Edition 2023.2.4\lib\idea_rt.jar=51505:C:\Program Files\JetBrains\IntelliJ IDEA Community Edition 2023.2.4\bin -Dfile.encoding=UTF-8 
java_command: com.sbs.SmartBillingSystem.SmartBillingSystemApplication
java_class_path (initial): D:\Rettalore management system\Retail-Store-Management-System\target\classes;C:\Users\User\.m2\repository\org\springframework\boot\spring-boot-starter-thymeleaf\3.0.1\spring-boot-starter-thymeleaf-3.0.1.jar;C:\Users\User\.m2\repository\org\springframework\boot\spring-boot-starter\3.0.1\spring-boot-starter-3.0.1.jar;C:\Users\User\.m2\repository\org\springframework\boot\spring-boot-starter-logging\3.0.1\spring-boot-starter-logging-3.0.1.jar;C:\Users\User\.m2\repository\ch\qos\logback\logback-classic\1.4.5\logback-classic-1.4.5.jar;C:\Users\User\.m2\repository\ch\qos\logback\logback-core\1.4.5\logback-core-1.4.5.jar;C:\Users\User\.m2\repository\org\apache\logging\log4j\log4j-to-slf4j\2.19.0\log4j-to-slf4j-2.19.0.jar;C:\Users\User\.m2\repository\org\apache\logging\log4j\log4j-api\2.19.0\log4j-api-2.19.0.jar;C:\Users\User\.m2\repository\org\slf4j\jul-to-slf4j\2.0.6\jul-to-slf4j-2.0.6.jar;C:\Users\User\.m2\repository\jakarta\annotation\jakarta.annotation-api\2.1.1\jakarta.annotation-api-2.1.1.jar;C:\Users\User\.m2\repository\org\yaml\snakeyaml\1.33\snakeyaml-1.33.jar;C:\Users\User\.m2\repository\org\thymeleaf\thymeleaf-spring6\3.1.1.RELEASE\thymeleaf-spring6-3.1.1.RELEASE.jar;C:\Users\User\.m2\repository\org\thymeleaf\thymeleaf\3.1.1.RELEASE\thymeleaf-3.1.1.RELEASE.jar;C:\Users\User\.m2\repository\org\attoparser\attoparser\2.0.6.RELEASE\attoparser-2.0.6.RELEASE.jar;C:\Users\User\.m2\repository\org\unbescape\unbescape\1.1.6.RELEASE\unbescape-1.1.6.RELEASE.jar;C:\Users\User\.m2\repository\org\slf4j\slf4j-api\2.0.6\slf4j-api-2.0.6.jar;C:\Users\User\.m2\repository\org\springframework\boot\spring-boot-starter-security\3.0.1\spring-boot-starter-security-3.0.1.jar;C:\Users\User\.m2\repository\org\springframework\spring-aop\6.0.3\spring-aop-6.0.3.jar;C:\Users\User\.m2\repository\org\springframework\spring-beans\6.0.3\spring-beans-6.0.3.jar;C:\Users\User\.m2\repository\org\springframework\security\spring-security-config\6.0.1\spring-security-config-6.0
Launcher Type: SUN_STANDARD

[Global flags]
     intx CICompilerCount                          = 3                                         {product} {ergonomic}
     uint ConcGCThreads                            = 1                                         {product} {ergonomic}
     uint G1ConcRefinementThreads                  = 4                                         {product} {ergonomic}
   size_t G1HeapRegionSize                         = 1048576                                   {product} {ergonomic}
    uintx GCDrainStackTargetSize                   = 64                                        {product} {ergonomic}
   size_t InitialHeapSize                          = 134217728                                 {product} {ergonomic}
   size_t MarkStackSize                            = 4194304                                   {product} {ergonomic}
   size_t MaxHeapSize                              = 2120220672                                {product} {ergonomic}
   size_t MaxNewSize                               = 1271922688                                {product} {ergonomic}
   size_t MinHeapDeltaBytes                        = 1048576                                   {product} {ergonomic}
   size_t MinHeapSize                              = 8388608                                   {product} {ergonomic}
    uintx NonNMethodCodeHeapSize                   = 5832780                                {pd product} {ergonomic}
    uintx NonProfiledCodeHeapSize                  = 122912730                              {pd product} {ergonomic}
    uintx ProfiledCodeHeapSize                     = 122912730                              {pd product} {ergonomic}
    uintx ReservedCodeCacheSize                    = 251658240                              {pd product} {ergonomic}
     bool SegmentedCodeCache                       = true                                      {product} {ergonomic}
   size_t SoftMaxHeapSize                          = 2120220672                             {manageable} {ergonomic}
     bool UseCompressedClassPointers               = true                           {product lp64_product} {ergonomic}
     bool UseCompressedOops                        = true                           {product lp64_product} {ergonomic}
     bool UseG1GC                                  = true                                      {product} {ergonomic}
     bool UseLargePagesIndividualAllocation        = false                                  {pd product} {ergonomic}

Logging:
Log output configuration:
 #0: stdout all=warning uptime,level,tags
 #1: stderr all=off uptime,level,tags

Environment Variables:
JAVA_HOME=C:\Program Files\Java\jdk-15.0.2
CLASSPATH=C:\mysql-connector-java-8.0.29.jar;.;
PATH=C:\WINDOWS\system32;C:\WINDOWS;C:\WINDOWS\system32\Wbem;C:\Program Files\Java\jdk-15.0.2\bin;C:\Program Files\Git\cmd;C:\ProgramData\Microsoft VS Code\bin;C:\Users\User\AppData\Local\Microsoft\WindowsApps;%IntelliJ IDEA Community Edition%
USERNAME=User
OS=Windows_NT
PROCESSOR_IDENTIFIER=Intel64 Family 6 Model 58 Stepping 9, GenuineIntel
TMP=C:\Users\User\AppData\Local\Temp
TEMP=C:\Users\User\AppData\Local\Temp



Periodic native trim disabled

JNI global refs:
JNI global refs: 19, weak refs: 6

JNI global refs memory usage: 843, weak refs: 841

OOME stack traces (most recent first):
Classloader memory used:
Loader jdk.internal.loader.ClassLoaders$AppClassLoader                                 : 6499K
Loader bootstrap                                                                       : 2396K
Loader org.springframework.boot.devtools.restart.classloader.RestartClassLoader        : 73926B
Loader jdk.internal.loader.ClassLoaders$PlatformClassLoader                            : 68299B
Loader jdk.internal.reflect.DelegatingClassLoader                                      : 29430B
Loader net.bytebuddy.utility.dispatcher.JavaDispatcher$DynamicClassLoader              : 283B

Classes loaded by more than one classloader:
Class com.sbs.SmartBillingSystem.SmartBillingSystemApplication                        : loaded 2 times (x 69B)


---------------  S Y S T E M  ---------------

OS:
 Windows 10 , 64 bit Build 19041 (10.0.19041.3031)
OS uptime: 0 days 1:12 hours

CPU: total 4 (initial active 4) (2 cores per cpu, 2 threads per core) family 6 model 58 stepping 9 microcode 0x21, cx8, cmov, fxsr, ht, mmx, sse, sse2, sse3, ssse3, sse4.1, sse4.2, popcnt, tsc, tscinvbit, avx, erms, clmul, vzeroupper, clflush
Processor Information for all 4 processors :
  Max Mhz: 3300, Current Mhz: 3300, Mhz Limit: 3300

Memory: 4k page, system-wide physical 8082M (1789M free)
TotalPageFile size 9362M (AvailPageFile size 1900M)
current process WorkingSet (physical memory assigned to process): 275M, peak: 275M
current process commit charge ("private bytes"): 299M, peak: 299M

vm_info: OpenJDK 64-Bit Server VM (17.0.9+7-b1087.9) for windows-amd64 JRE (17.0.9+7-b1087.9), built on 2023-12-05 by "builduser" with MS VC++ 16.10 / 16.11 (VS2019)

END.
