#
# A fatal error has been detected by the Java Runtime Environment:
#
#  EXCEPTION_ACCESS_VIOLATION (0xc0000005) at pc=0x00007ffac3710e60, pid=12348, tid=1784
#
# JRE version: OpenJDK Runtime Environment JBR-17.0.9+7-1087.9-nomod (17.0.9+7) (build 17.0.9+7-b1087.9)
# Java VM: OpenJDK 64-Bit Server VM JBR-17.0.9+7-1087.9-nomod (17.0.9+7-b1087.9, mixed mode, tiered, compressed oops, compressed class ptrs, g1 gc, windows-amd64)
# Problematic frame:
# V  [jvm.dll+0x370e60]  IndexSetIterator::advance_and_next+0x80
#
# No core dump will be written. Minidumps are not enabled by default on client versions of Windows
#
# If you would like to submit a bug report, please visit:
#   https://youtrack.jetbrains.com/issues/JBR
#

---------------  S U M M A R Y ------------

Command Line: -agentlib:jdwp=transport=dt_socket,address=127.0.0.1:52642,suspend=y,server=n -javaagent:C:\Users\User\AppData\Local\JetBrains\IdeaIC2023.2\captureAgent\debugger-agent.jar -Dfile.encoding=UTF-8 com.sbs.SmartBillingSystem.SmartBillingSystemApplication

Host: Intel(R) Core(TM) i3-3220 CPU @ 3.30GHz, 4 cores, 7G,  Windows 10 , 64 bit Build 19041 (10.0.19041.3636)
Time: Mon Mar 18 21:29:00 2024 India Standard Time elapsed time: 11.549316 seconds (0d 0h 0m 11s)

---------------  T H R E A D  ---------------

Current thread (0x000002b4c76bf6f0):  JavaThread "C2 CompilerThread0" daemon [_thread_in_native, id=1784, stack(0x000000e176500000,0x000000e176600000)]


Current CompileTask:
C2:  11549 4591       4       org.springframework.core.annotation.TypeMappedAnnotations::get (52 bytes)

Stack: [0x000000e176500000,0x000000e176600000],  sp=0x000000e1765fb8d0,  free space=1006k
Native frames: (J=compiled Java code, j=interpreted, Vv=VM code, C=native code)
V  [jvm.dll+0x370e60]  IndexSetIterator::advance_and_next+0x80  (indexSet.cpp:427)
V  [jvm.dll+0x36a231]  PhaseIFG::SquareUp+0xd1  (ifg.cpp:89)
V  [jvm.dll+0x1be473]  PhaseChaitin::Register_Allocate+0x4d3  (chaitin.cpp:486)
V  [jvm.dll+0x21dbb9]  Compile::Code_Gen+0x3b9  (compile.cpp:2746)
V  [jvm.dll+0x21ce81]  Compile::Compile+0xe61  (compile.cpp:836)
V  [jvm.dll+0x1a66dd]  C2Compiler::compile_method+0xad  (c2compiler.cpp:110)
V  [jvm.dll+0x22cd28]  CompileBroker::invoke_compiler_on_method+0x878  (compileBroker.cpp:2357)
V  [jvm.dll+0x22ae60]  CompileBroker::compiler_thread_loop+0x2d0  (compileBroker.cpp:2015)
V  [jvm.dll+0x7f6087]  JavaThread::run+0x147  (thread.cpp:1299)
V  [jvm.dll+0x7f043a]  Thread::call_run+0x8a  (thread.cpp:405)
V  [jvm.dll+0x6871c5]  thread_native_entry+0x75  (os_windows.cpp:550)
C  [ucrtbase.dll+0x21bb2]
C  [KERNEL32.DLL+0x17344]
C  [ntdll.dll+0x526b1]


siginfo: EXCEPTION_ACCESS_VIOLATION (0xc0000005), reading address 0x00007ff2c3f33158


Registers:
RAX=0x0000000000000000, RBX=0x000000e1765fb920, RCX=0x0000000000000000, RDX=0x00007ff2c3f33158
RSP=0x000000e1765fb8d0, RBP=0x000000e1765fba30, RSI=0x00007ffac3f33158, RDI=0x000000000000002c
R8 =0x0000800000000000, R9 =0x000002b4cfac2da0, R10=0x0000000000000003, R11=0x000002b4cdd2a9e0
R12=0x0000000000000000, R13=0x000002b4cc0f64d8, R14=0x000000000000002f, R15=0x00007ffac3f33158
RIP=0x00007ffac3710e60, EFLAGS=0x0000000000010246


Register to memory mapping:

RIP=0x00007ffac3710e60 jvm.dll::IndexSetIterator::advance_and_next + 0x80
RAX=0x0 is NULL
RBX=0x000000e1765fb920 is pointing into the stack for thread: 0x000002b4c76bf6f0
RCX=0x0 is NULL
RDX=0x00007ff2c3f33158 is an unknown value
RSP=0x000000e1765fb8d0 is pointing into the stack for thread: 0x000002b4c76bf6f0
RBP=0x000000e1765fba30 is pointing into the stack for thread: 0x000002b4c76bf6f0
RSI=0x00007ffac3f33158 jvm.dll::IndexSet::_empty_block + 0x0
RDI=0x000000000000002c is an unknown value
R8 =0x0000800000000000 is an unknown value
R9 =0x000002b4cfac2da0 points into unknown readable memory: 0x0000fffffffd4100 | 00 41 fd ff ff ff 00 00
R10=0x0000000000000003 is an unknown value
R11=0x000002b4cdd2a9e0 points into unknown readable memory: 0x0000000000000000 | 00 00 00 00 00 00 00 00
R12=0x0 is NULL
R13=0x000002b4cc0f64d8 points into unknown readable memory: 0x88000d009357d133 | 33 d1 57 93 00 0d 00 88
R14=0x000000000000002f is an unknown value
R15=0x00007ffac3f33158 jvm.dll::IndexSet::_empty_block + 0x0


Top of Stack: (sp=0x000000e1765fb8d0)
0x000000e1765fb8d0:   000002b4c76ac340 000002b4d2e1a000
0x000000e1765fb8e0:   00000000002f1548 00007ffac3d100d8
0x000000e1765fb8f0:   000002b4d0e60330 00007ffac370a231
0x000000e1765fb900:   0000000000004c2f 0000000000004c2f
0x000000e1765fb910:   000002b4c76ac300 0000000000000000
0x000000e1765fb920:   0000000000000000 00000004000019eb
0x000000e1765fb930:   0000004d0000001a 00007ff2c3f33158
0x000000e1765fb940:   000002b4d0715ba0 000002b4d1056db0
0x000000e1765fb950:   000002b4cc0f6100 0000000000000000
0x000000e1765fb960:   000000e1765fba70 00007ffac355e473
0x000000e1765fb970:   000000e1765fbdc0 000000e1765fbea0
0x000000e1765fb980:   00000000000003d8 000002b4cc0f60f0
0x000000e1765fb990:   0000000000000000 00007ffb06ecfde6
0x000000e1765fb9a0:   0000000000000006 000002b4cc0f60f0
0x000000e1765fb9b0:   000002b4cfac7330 000002b4cfacd2e0
0x000000e1765fb9c0:   000002b4cfacf318 00000000028fffb8
0x000000e1765fb9d0:   0000000000000000 0000000000000000
0x000000e1765fb9e0:   0000000000000000 0000000000000000
0x000000e1765fb9f0:   0000000000000000 00007ffac3cde038
0x000000e1765fba00:   0000000000000000 000000e1765fe710
0x000000e1765fba10:   0000000000000000 00007ffac3cde038
0x000000e1765fba20:   0000000000000000 0000000000000164
0x000000e1765fba30:   000002b40000000c 000000e1765fe710
0x000000e1765fba40:   000002b4d0d5d050 0000000000000000
0x000000e1765fba50:   000002b4d241f050 0000000000006b24
0x000000e1765fba60:   000000e1765fb9a0 000002b4cc0f6100
0x000000e1765fba70:   00007ffac3cde008 000000000000000d
0x000000e1765fba80:   000000e1765fe710 000000e1765fbdc0
0x000000e1765fba90:   0000000000002fae 000002b4c76ac340
0x000000e1765fbaa0:   00007ffa0000000a 000000e1765fe710
0x000000e1765fbab0:   000002b4d16cadd0 0000000000000000
0x000000e1765fbac0:   000002b4cffc93e0 000002b4cfec6e80 

Instructions: (pc=0x00007ffac3710e60)
0x00007ffac3710d60:   48 8b a8 80 00 00 00 48 8b 8d d0 08 00 00 48 85
0x00007ffac3710d70:   c9 75 0c e8 e8 0b 00 00 48 8b 8d d0 08 00 00 48
0x00007ffac3710d80:   8b 01 0f 57 c0 48 89 85 d0 08 00 00 0f 11 01 0f
0x00007ffac3710d90:   11 41 10 41 0f 10 06 0f 11 01 41 0f 10 4e 10 0f
0x00007ffac3710da0:   11 49 10 48 8b 43 08 48 89 0c 06 ff c7 ba 50 00
0x00007ffac3710db0:   00 00 3b bb 90 00 00 00 0f 82 62 ff ff ff 4c 8b
0x00007ffac3710dc0:   74 24 60 4c 8b 6c 24 58 4c 8b 64 24 50 48 8b c3
0x00007ffac3710dd0:   48 83 c4 20 41 5f 5f 5e 5d 5b c3 cc cc cc cc cc
0x00007ffac3710de0:   40 53 48 83 ec 20 8b 51 0c 48 8b d9 83 fa 04 73
0x00007ffac3710df0:   2a 4c 8b 59 18 66 66 66 0f 1f 84 00 00 00 00 00
0x00007ffac3710e00:   44 8b d2 44 8d 4a 01 4b 83 3c d3 00 0f 85 8f 00
0x00007ffac3710e10:   00 00 41 8b d1 41 83 f9 04 72 e5 48 89 74 24 30
0x00007ffac3710e20:   48 89 7c 24 38 8b 79 10 3b 79 14 73 62 48 8d 35
0x00007ffac3710e30:   24 23 82 00 0f 1f 40 00 0f 1f 84 00 00 00 00 00
0x00007ffac3710e40:   48 8b 43 20 8b cf 48 8b 14 c8 48 3b d6 74 39 33
0x00007ffac3710e50:   c0 48 89 53 18 33 c9 66 0f 1f 84 00 00 00 00 00
0x00007ffac3710e60:   48 83 3c 11 00 44 8d 48 01 75 6f 48 83 c1 08 41
0x00007ffac3710e70:   8b c1 41 83 f9 04 72 e8 48 8b 4b 28 48 85 c9 74
0x00007ffac3710e80:   07 8b d7 e8 58 01 00 00 ff c7 3b 7b 14 72 b1 48
0x00007ffac3710e90:   8b 74 24 30 33 c0 48 8b 7c 24 38 48 83 c4 20 5b
0x00007ffac3710ea0:   c3 8b 41 10 44 8d 04 82 41 c1 e0 06 41 81 c0 00
0x00007ffac3710eb0:   ff ff ff 44 89 41 08 4b 8b 14 d3 48 0f bc c2 44
0x00007ffac3710ec0:   89 49 0c 8b c8 48 d3 ea 48 ff ca 41 03 c0 48 89
0x00007ffac3710ed0:   13 89 43 08 48 83 c4 20 5b c3 48 8b 74 24 30 44
0x00007ffac3710ee0:   8d 04 b8 8b c8 8d 47 01 48 8b 7c 24 38 41 c1 e0
0x00007ffac3710ef0:   06 44 89 43 08 48 8b 14 ca 89 43 10 48 0f bc c2
0x00007ffac3710f00:   44 89 4b 0c 8b c8 48 d3 ea 48 ff ca 41 03 c0 48
0x00007ffac3710f10:   89 13 89 43 08 48 83 c4 20 5b c3 cc cc cc cc cc
0x00007ffac3710f20:   40 53 48 83 ec 20 65 48 8b 04 25 58 00 00 00 8b
0x00007ffac3710f30:   0d c3 0d 87 00 48 8b 1c c8 b8 50 00 00 00 80 3c
0x00007ffac3710f40:   18 00 75 05 e8 cf c6 52 00 b8 20 00 00 00 48 8b
0x00007ffac3710f50:   04 18 48 8b 88 e0 04 00 00 48 8b 99 80 00 00 00 


Stack slot to memory mapping:
stack at sp + 0 slots: 0x000002b4c76ac340 points into unknown readable memory: 0xbe2a490000000006 | 06 00 00 00 00 49 2a be
stack at sp + 1 slots: 0x000002b4d2e1a000 points into unknown readable memory: 0x00007ffac3f33158 | 58 31 f3 c3 fa 7f 00 00
stack at sp + 2 slots: 0x00000000002f1548 is an unknown value
stack at sp + 3 slots: 0x00007ffac3d100d8 jvm.dll::`string' + 0x0
stack at sp + 4 slots: 0x000002b4d0e60330 points into unknown readable memory: 0x0000004d000028ed | ed 28 00 00 4d 00 00 00
stack at sp + 5 slots: 0x00007ffac370a231 jvm.dll::PhaseIFG::SquareUp + 0xd1
stack at sp + 6 slots: 0x0000000000004c2f is an unknown value
stack at sp + 7 slots: 0x0000000000004c2f is an unknown value


---------------  P R O C E S S  ---------------

Threads class SMR info:
_java_thread_list=0x000002b4d20444b0, length=22, elements={
0x000002b4add20430, 0x000002b4c769ba20, 0x000002b4c7536c40, 0x000002b4c76ae000,
0x000002b4c76bb0b0, 0x000002b4c76bdb80, 0x000002b4c76be540, 0x000002b4c76bf6f0,
0x000002b4c76c6070, 0x000002b4c774a560, 0x000002b4c7961140, 0x000002b4c7a48dd0,
0x000002b4c7a4b470, 0x000002b4c7a4b970, 0x000002b4cc010380, 0x000002b4c7a18470,
0x000002b4cc589990, 0x000002b4cc240d20, 0x000002b4d1eec360, 0x000002b4d1eebe50,
0x000002b4d1eecd80, 0x000002b4d1eec870
}

Java Threads: ( => current thread )
  0x000002b4add20430 JavaThread "main" [_thread_blocked, id=9528, stack(0x000000e175800000,0x000000e175900000)]
  0x000002b4c769ba20 JavaThread "Reference Handler" daemon [_thread_blocked, id=3240, stack(0x000000e175f00000,0x000000e176000000)]
  0x000002b4c7536c40 JavaThread "Finalizer" daemon [_thread_blocked, id=6916, stack(0x000000e176000000,0x000000e176100000)]
  0x000002b4c76ae000 JavaThread "Signal Dispatcher" daemon [_thread_blocked, id=7048, stack(0x000000e176100000,0x000000e176200000)]
  0x000002b4c76bb0b0 JavaThread "Attach Listener" daemon [_thread_blocked, id=10712, stack(0x000000e176200000,0x000000e176300000)]
  0x000002b4c76bdb80 JavaThread "Service Thread" daemon [_thread_blocked, id=10332, stack(0x000000e176300000,0x000000e176400000)]
  0x000002b4c76be540 JavaThread "Monitor Deflation Thread" daemon [_thread_blocked, id=12984, stack(0x000000e176400000,0x000000e176500000)]
=>0x000002b4c76bf6f0 JavaThread "C2 CompilerThread0" daemon [_thread_in_native, id=1784, stack(0x000000e176500000,0x000000e176600000)]
  0x000002b4c76c6070 JavaThread "C1 CompilerThread0" daemon [_thread_blocked, id=10328, stack(0x000000e176600000,0x000000e176700000)]
  0x000002b4c774a560 JavaThread "Sweeper thread" daemon [_thread_blocked, id=8424, stack(0x000000e176700000,0x000000e176800000)]
  0x000002b4c7961140 JavaThread "Common-Cleaner" daemon [_thread_blocked, id=10220, stack(0x000000e176800000,0x000000e176900000)]
  0x000002b4c7a48dd0 JavaThread "JDWP Transport Listener: dt_socket" daemon [_thread_blocked, id=1176, stack(0x000000e176900000,0x000000e176a00000)]
  0x000002b4c7a4b470 JavaThread "JDWP Event Helper Thread" daemon [_thread_in_native, id=12392, stack(0x000000e176a00000,0x000000e176b00000)]
  0x000002b4c7a4b970 JavaThread "JDWP Command Reader" daemon [_thread_in_native, id=10844, stack(0x000000e176b00000,0x000000e176c00000)]
  0x000002b4cc010380 JavaThread "Notification Thread" daemon [_thread_blocked, id=11628, stack(0x000000e176c00000,0x000000e176d00000)]
  0x000002b4c7a18470 JavaThread "C2 CompilerThread1" daemon [_thread_in_native, id=10528, stack(0x000000e176e00000,0x000000e176f00000)]
  0x000002b4cc589990 JavaThread "Thread-0" [_thread_blocked, id=1816, stack(0x000000e177200000,0x000000e177300000)]
  0x000002b4cc240d20 JavaThread "restartedMain" [_thread_in_native, id=1440, stack(0x000000e177300000,0x000000e177400000)]
  0x000002b4d1eec360 JavaThread "Catalina-utility-1" [_thread_blocked, id=7152, stack(0x000000e177400000,0x000000e177500000)]
  0x000002b4d1eebe50 JavaThread "Catalina-utility-2" [_thread_blocked, id=5848, stack(0x000000e177500000,0x000000e177600000)]
  0x000002b4d1eecd80 JavaThread "container-0" [_thread_blocked, id=9532, stack(0x000000e177600000,0x000000e177700000)]
  0x000002b4d1eec870 JavaThread "mysql-cj-abandoned-connection-cleanup" daemon [_thread_blocked, id=8776, stack(0x000000e177700000,0x000000e177800000)]

Other Threads:
  0x000002b4c74e0b20 VMThread "VM Thread" [stack: 0x000000e175e00000,0x000000e175f00000] [id=12400]
  0x000002b4cc0018a0 WatcherThread [stack: 0x000000e176d00000,0x000000e176e00000] [id=2736]
  0x000002b4add784e0 GCTaskThread "GC Thread#0" [stack: 0x000000e175900000,0x000000e175a00000] [id=9560]
  0x000002b4cc534a20 GCTaskThread "GC Thread#1" [stack: 0x000000e176f00000,0x000000e177000000] [id=9404]
  0x000002b4cc3c3100 GCTaskThread "GC Thread#2" [stack: 0x000000e177000000,0x000000e177100000] [id=7780]
  0x000002b4c7a1e260 GCTaskThread "GC Thread#3" [stack: 0x000000e177100000,0x000000e177200000] [id=8176]
  0x000002b4add890f0 ConcurrentGCThread "G1 Main Marker" [stack: 0x000000e175a00000,0x000000e175b00000] [id=12388]
  0x000002b4add89b10 ConcurrentGCThread "G1 Conc#0" [stack: 0x000000e175b00000,0x000000e175c00000] [id=9956]
  0x000002b4addbda80 ConcurrentGCThread "G1 Refine#0" [stack: 0x000000e175c00000,0x000000e175d00000] [id=6796]
  0x000002b4addbe4b0 ConcurrentGCThread "G1 Service" [stack: 0x000000e175d00000,0x000000e175e00000] [id=7104]

Threads with active compile tasks:
C2 CompilerThread0    11726 4591       4       org.springframework.core.annotation.TypeMappedAnnotations::get (52 bytes)
C2 CompilerThread1    11727 4711   !   4       jdk.internal.loader.BuiltinClassLoader::findClassOnClassPathOrNull (64 bytes)

VM state: not at safepoint (normal execution)

VM Mutex/Monitor currently owned by a thread: None

Heap address: 0x0000000081a00000, size: 2022 MB, Compressed Oops mode: 32-bit

CDS archive(s) not mapped
Compressed class space mapped at: 0x0000000100000000-0x0000000140000000, reserved size: 1073741824
Narrow klass base: 0x0000000000000000, Narrow klass shift: 3, Narrow klass range: 0x140000000

GC Precious Log:
 CPUs: 4 total, 4 available
 Memory: 8082M
 Large Page Support: Disabled
 NUMA Support: Disabled
 Compressed Oops: Enabled (32-bit)
 Heap Region Size: 1M
 Heap Min Capacity: 8M
 Heap Initial Capacity: 128M
 Heap Max Capacity: 2022M
 Pre-touch: Disabled
 Parallel Workers: 4
 Concurrent Workers: 1
 Concurrent Refinement Workers: 4
 Periodic GC: Disabled

Heap:
 garbage-first heap   total 66560K, used 36825K [0x0000000081a00000, 0x0000000100000000)
  region size 1024K, 10 young (10240K), 2 survivors (2048K)
 Metaspace       used 48734K, committed 49152K, reserved 1114112K
  class space    used 6090K, committed 6272K, reserved 1048576K

Heap Regions: E=young(eden), S=young(survivor), O=old, HS=humongous(starts), HC=humongous(continues), CS=collection set, F=free, OA=open archive, CA=closed archive, TAMS=top-at-mark-start (previous, next)
|   0|0x0000000081a00000, 0x0000000081b00000, 0x0000000081b00000|100%|HS|  |TAMS 0x0000000081b00000, 0x0000000081b00000| Complete 
|   1|0x0000000081b00000, 0x0000000081c00000, 0x0000000081c00000|100%|HS|  |TAMS 0x0000000081c00000, 0x0000000081c00000| Complete 
|   2|0x0000000081c00000, 0x0000000081d00000, 0x0000000081d00000|100%| O|  |TAMS 0x0000000081d00000, 0x0000000081d00000| Untracked 
|   3|0x0000000081d00000, 0x0000000081e00000, 0x0000000081e00000|100%| O|  |TAMS 0x0000000081e00000, 0x0000000081e00000| Untracked 
|   4|0x0000000081e00000, 0x0000000081f00000, 0x0000000081f00000|100%| O|  |TAMS 0x0000000081f00000, 0x0000000081f00000| Untracked 
|   5|0x0000000081f00000, 0x0000000082000000, 0x0000000082000000|100%| O|  |TAMS 0x0000000082000000, 0x0000000082000000| Untracked 
|   6|0x0000000082000000, 0x0000000082100000, 0x0000000082100000|100%| O|  |TAMS 0x0000000082100000, 0x0000000082100000| Untracked 
|   7|0x0000000082100000, 0x0000000082200000, 0x0000000082200000|100%| O|  |TAMS 0x0000000082200000, 0x0000000082200000| Untracked 
|   8|0x0000000082200000, 0x0000000082300000, 0x0000000082300000|100%| O|  |TAMS 0x0000000082300000, 0x0000000082300000| Untracked 
|   9|0x0000000082300000, 0x0000000082400000, 0x0000000082400000|100%| O|  |TAMS 0x0000000082400000, 0x0000000082400000| Untracked 
|  10|0x0000000082400000, 0x0000000082500000, 0x0000000082500000|100%| O|  |TAMS 0x0000000082500000, 0x0000000082500000| Untracked 
|  11|0x0000000082500000, 0x0000000082600000, 0x0000000082600000|100%| O|  |TAMS 0x0000000082600000, 0x0000000082600000| Untracked 
|  12|0x0000000082600000, 0x0000000082700000, 0x0000000082700000|100%| O|  |TAMS 0x0000000082700000, 0x0000000082700000| Untracked 
|  13|0x0000000082700000, 0x0000000082800000, 0x0000000082800000|100%| O|  |TAMS 0x0000000082800000, 0x0000000082800000| Untracked 
|  14|0x0000000082800000, 0x0000000082900000, 0x0000000082900000|100%| O|  |TAMS 0x0000000082900000, 0x0000000082900000| Untracked 
|  15|0x0000000082900000, 0x0000000082a00000, 0x0000000082a00000|100%| O|  |TAMS 0x0000000082a00000, 0x0000000082a00000| Untracked 
|  16|0x0000000082a00000, 0x0000000082a00000, 0x0000000082b00000|  0%| F|  |TAMS 0x0000000082a00000, 0x0000000082a00000| Untracked 
|  17|0x0000000082b00000, 0x0000000082c00000, 0x0000000082c00000|100%| O|  |TAMS 0x0000000082b23800, 0x0000000082c00000| Untracked 
|  18|0x0000000082c00000, 0x0000000082d00000, 0x0000000082d00000|100%| O|  |TAMS 0x0000000082c00000, 0x0000000082d00000| Untracked 
|  19|0x0000000082d00000, 0x0000000082e00000, 0x0000000082e00000|100%| O|  |TAMS 0x0000000082d00000, 0x0000000082e00000| Untracked 
|  20|0x0000000082e00000, 0x0000000082f00000, 0x0000000082f00000|100%| O|  |TAMS 0x0000000082e00000, 0x0000000082f00000| Untracked 
|  21|0x0000000082f00000, 0x0000000083000000, 0x0000000083000000|100%| O|  |TAMS 0x0000000082f00000, 0x0000000083000000| Untracked 
|  22|0x0000000083000000, 0x0000000083100000, 0x0000000083100000|100%| O|  |TAMS 0x0000000083000000, 0x00000000830a7200| Untracked 
|  23|0x0000000083100000, 0x0000000083200000, 0x0000000083200000|100%| O|  |TAMS 0x0000000083100000, 0x0000000083100000| Untracked 
|  24|0x0000000083200000, 0x0000000083300000, 0x0000000083300000|100%| O|  |TAMS 0x0000000083200000, 0x0000000083200000| Untracked 
|  25|0x0000000083300000, 0x0000000083400000, 0x0000000083400000|100%| O|  |TAMS 0x0000000083300000, 0x0000000083300000| Untracked 
|  26|0x0000000083400000, 0x0000000083436a00, 0x0000000083500000| 21%| O|  |TAMS 0x0000000083400000, 0x0000000083400000| Untracked 
|  27|0x0000000083500000, 0x0000000083500000, 0x0000000083600000|  0%| F|  |TAMS 0x0000000083500000, 0x0000000083500000| Untracked 
|  28|0x0000000083600000, 0x0000000083600000, 0x0000000083700000|  0%| F|  |TAMS 0x0000000083600000, 0x0000000083600000| Untracked 
|  29|0x0000000083700000, 0x0000000083800000, 0x0000000083800000|100%| O|  |TAMS 0x0000000083700000, 0x0000000083700000| Untracked 
|  30|0x0000000083800000, 0x0000000083900000, 0x0000000083900000|100%| O|  |TAMS 0x0000000083800000, 0x0000000083800000| Untracked 
|  31|0x0000000083900000, 0x0000000083900000, 0x0000000083a00000|  0%| F|  |TAMS 0x0000000083900000, 0x0000000083900000| Untracked 
|  32|0x0000000083a00000, 0x0000000083a00000, 0x0000000083b00000|  0%| F|  |TAMS 0x0000000083a00000, 0x0000000083a00000| Untracked 
|  33|0x0000000083b00000, 0x0000000083b00000, 0x0000000083c00000|  0%| F|  |TAMS 0x0000000083b00000, 0x0000000083b00000| Untracked 
|  34|0x0000000083c00000, 0x0000000083c00000, 0x0000000083d00000|  0%| F|  |TAMS 0x0000000083c00000, 0x0000000083c00000| Untracked 
|  35|0x0000000083d00000, 0x0000000083d00000, 0x0000000083e00000|  0%| F|  |TAMS 0x0000000083d00000, 0x0000000083d00000| Untracked 
|  36|0x0000000083e00000, 0x0000000083e00000, 0x0000000083f00000|  0%| F|  |TAMS 0x0000000083e00000, 0x0000000083e00000| Untracked 
|  37|0x0000000083f00000, 0x0000000083f00000, 0x0000000084000000|  0%| F|  |TAMS 0x0000000083f00000, 0x0000000083f00000| Untracked 
|  38|0x0000000084000000, 0x0000000084000000, 0x0000000084100000|  0%| F|  |TAMS 0x0000000084000000, 0x0000000084000000| Untracked 
|  39|0x0000000084100000, 0x0000000084100000, 0x0000000084200000|  0%| F|  |TAMS 0x0000000084100000, 0x0000000084100000| Untracked 
|  40|0x0000000084200000, 0x0000000084200000, 0x0000000084300000|  0%| F|  |TAMS 0x0000000084200000, 0x0000000084200000| Untracked 
|  41|0x0000000084300000, 0x00000000843bfab0, 0x0000000084400000| 74%| S|CS|TAMS 0x0000000084300000, 0x0000000084300000| Complete 
|  42|0x0000000084400000, 0x0000000084500000, 0x0000000084500000|100%| S|CS|TAMS 0x0000000084400000, 0x0000000084400000| Complete 
|  43|0x0000000084500000, 0x0000000084500000, 0x0000000084600000|  0%| F|  |TAMS 0x0000000084500000, 0x0000000084500000| Untracked 
|  44|0x0000000084600000, 0x0000000084600000, 0x0000000084700000|  0%| F|  |TAMS 0x0000000084600000, 0x0000000084600000| Untracked 
|  45|0x0000000084700000, 0x0000000084700000, 0x0000000084800000|  0%| F|  |TAMS 0x0000000084700000, 0x0000000084700000| Untracked 
|  46|0x0000000084800000, 0x0000000084800000, 0x0000000084900000|  0%| F|  |TAMS 0x0000000084800000, 0x0000000084800000| Untracked 
|  47|0x0000000084900000, 0x0000000084900000, 0x0000000084a00000|  0%| F|  |TAMS 0x0000000084900000, 0x0000000084900000| Untracked 
|  48|0x0000000084a00000, 0x0000000084a00000, 0x0000000084b00000|  0%| F|  |TAMS 0x0000000084a00000, 0x0000000084a00000| Untracked 
|  49|0x0000000084b00000, 0x0000000084b00000, 0x0000000084c00000|  0%| F|  |TAMS 0x0000000084b00000, 0x0000000084b00000| Untracked 
|  50|0x0000000084c00000, 0x0000000084c00000, 0x0000000084d00000|  0%| F|  |TAMS 0x0000000084c00000, 0x0000000084c00000| Untracked 
|  51|0x0000000084d00000, 0x0000000084d00000, 0x0000000084e00000|  0%| F|  |TAMS 0x0000000084d00000, 0x0000000084d00000| Untracked 
|  52|0x0000000084e00000, 0x0000000084e00000, 0x0000000084f00000|  0%| F|  |TAMS 0x0000000084e00000, 0x0000000084e00000| Untracked 
|  53|0x0000000084f00000, 0x0000000084f00000, 0x0000000085000000|  0%| F|  |TAMS 0x0000000084f00000, 0x0000000084f00000| Untracked 
|  54|0x0000000085000000, 0x0000000085000000, 0x0000000085100000|  0%| F|  |TAMS 0x0000000085000000, 0x0000000085000000| Untracked 
|  55|0x0000000085100000, 0x0000000085100000, 0x0000000085200000|  0%| F|  |TAMS 0x0000000085100000, 0x0000000085100000| Untracked 
|  56|0x0000000085200000, 0x0000000085200000, 0x0000000085300000|  0%| F|  |TAMS 0x0000000085200000, 0x0000000085200000| Untracked 
|  57|0x0000000085300000, 0x00000000853dd5e8, 0x0000000085400000| 86%| E|  |TAMS 0x0000000085300000, 0x0000000085300000| Complete 
|  58|0x0000000085400000, 0x0000000085500000, 0x0000000085500000|100%| E|CS|TAMS 0x0000000085400000, 0x0000000085400000| Complete 
|  59|0x0000000085500000, 0x0000000085600000, 0x0000000085600000|100%| E|CS|TAMS 0x0000000085500000, 0x0000000085500000| Complete 
|  60|0x0000000085600000, 0x0000000085700000, 0x0000000085700000|100%| E|CS|TAMS 0x0000000085600000, 0x0000000085600000| Complete 
|  85|0x0000000086f00000, 0x0000000087000000, 0x0000000087000000|100%| E|CS|TAMS 0x0000000086f00000, 0x0000000086f00000| Complete 
|  86|0x0000000087000000, 0x0000000087100000, 0x0000000087100000|100%| E|CS|TAMS 0x0000000087000000, 0x0000000087000000| Complete 
|  87|0x0000000087100000, 0x0000000087200000, 0x0000000087200000|100%| E|CS|TAMS 0x0000000087100000, 0x0000000087100000| Complete 
| 127|0x0000000089900000, 0x0000000089a00000, 0x0000000089a00000|100%| E|CS|TAMS 0x0000000089900000, 0x0000000089900000| Complete 

Card table byte_map: [0x000002b4c08d0000,0x000002b4c0cd0000] _byte_map_base: 0x000002b4c04c3000

Marking Bits (Prev, Next): (CMBitMap*) 0x000002b4add78b00, (CMBitMap*) 0x000002b4add78b40
 Prev Bits: [0x000002b4c10d0000, 0x000002b4c3068000)
 Next Bits: [0x000002b4c3070000, 0x000002b4c5008000)

Polling page: 0x000002b4abcc0000

Metaspace:

Usage:
  Non-class:     41.68 MB used.
      Class:      5.95 MB used.
       Both:     47.63 MB used.

Virtual space:
  Non-class space:       64.00 MB reserved,      41.94 MB ( 66%) committed,  1 nodes.
      Class space:        1.00 GB reserved,       6.12 MB ( <1%) committed,  1 nodes.
             Both:        1.06 GB reserved,      48.06 MB (  4%) committed. 

Chunk freelists:
   Non-Class:  5.67 MB
       Class:  9.75 MB
        Both:  15.42 MB

MaxMetaspaceSize: unlimited
CompressedClassSpaceSize: 1.00 GB
Initial GC threshold: 21.00 MB
Current GC threshold: 58.88 MB
CDS: off
MetaspaceReclaimPolicy: balanced
 - commit_granule_bytes: 65536.
 - commit_granule_words: 8192.
 - virtual_space_node_default_size: 8388608.
 - enlarge_chunks_in_place: 1.
 - new_chunks_are_fully_committed: 0.
 - uncommit_free_chunks: 1.
 - use_allocation_guard: 0.
 - handle_deallocations: 1.


Internal statistics:

num_allocs_failed_limit: 6.
num_arena_births: 526.
num_arena_deaths: 0.
num_vsnodes_births: 2.
num_vsnodes_deaths: 0.
num_space_committed: 769.
num_space_uncommitted: 0.
num_chunks_returned_to_freelist: 6.
num_chunks_taken_from_freelist: 1901.
num_chunk_merges: 3.
num_chunk_splits: 1328.
num_chunks_enlarged: 1023.
num_inconsistent_stats: 0.

CodeHeap 'non-profiled nmethods': size=120000Kb used=2482Kb max_used=3100Kb free=117517Kb
 bounds [0x000002b4b8fa0000, 0x000002b4b92b0000, 0x000002b4c04d0000]
CodeHeap 'profiled nmethods': size=120000Kb used=8195Kb max_used=10261Kb free=111804Kb
 bounds [0x000002b4b14d0000, 0x000002b4b1ee0000, 0x000002b4b8a00000]
CodeHeap 'non-nmethods': size=5760Kb used=1293Kb max_used=1354Kb free=4466Kb
 bounds [0x000002b4b8a00000, 0x000002b4b8c70000, 0x000002b4b8fa0000]
 total_blobs=4455 nmethods=3924 adapters=442
 compilation: enabled
              stopped_count=0, restarted_count=0
 full_count=0

Compilation events (20 events):
Event: 11.332 Thread 0x000002b4c76c6070 nmethod 4699 0x000002b4b1813690 code [0x000002b4b1813840, 0x000002b4b1813b48]
Event: 11.332 Thread 0x000002b4c76c6070 4700       3       java.lang.reflect.ProxyGenerator::lambda$addProxyMethod$0 (9 bytes)
Event: 11.332 Thread 0x000002b4c76c6070 nmethod 4700 0x000002b4b176cc10 code [0x000002b4b176cdc0, 0x000002b4b176cf48]
Event: 11.336 Thread 0x000002b4c76c6070 4703       3       java.lang.reflect.ProxyGenerator$ProxyMethod::codeUnwrapReturnValue (172 bytes)
Event: 11.337 Thread 0x000002b4c76c6070 nmethod 4703 0x000002b4b194df10 code [0x000002b4b194e1e0, 0x000002b4b194f0d8]
Event: 11.337 Thread 0x000002b4c76c6070 4704       3       java.lang.reflect.ProxyGenerator$ProxyMethod::codeFieldInitialization (165 bytes)
Event: 11.338 Thread 0x000002b4c76c6070 nmethod 4704 0x000002b4b14d9490 code [0x000002b4b14d9740, 0x000002b4b14da3e8]
Event: 11.338 Thread 0x000002b4c76c6070 4706       3       java.lang.reflect.ProxyGenerator::addProxyMethod (33 bytes)
Event: 11.338 Thread 0x000002b4c76c6070 nmethod 4706 0x000002b4b150ff10 code [0x000002b4b1510100, 0x000002b4b1510658]
Event: 11.338 Thread 0x000002b4c76c6070 4705       3       jdk.internal.reflect.DelegatingMethodAccessorImpl::invoke (10 bytes)
Event: 11.339 Thread 0x000002b4c76c6070 nmethod 4705 0x000002b4b15a4010 code [0x000002b4b15a41c0, 0x000002b4b15a43a8]
Event: 11.340 Thread 0x000002b4c7a18470 nmethod 4698 0x000002b4b8fdd790 code [0x000002b4b8fdd940, 0x000002b4b8fddd68]
Event: 11.340 Thread 0x000002b4c7a18470 4702       4       jdk.internal.org.objectweb.asm.Frame::getAbstractTypeFromDescriptor (415 bytes)
Event: 11.341 Thread 0x000002b4c76c6070 4707       3       java.lang.reflect.ProxyGenerator::addProxyMethod (190 bytes)
Event: 11.343 Thread 0x000002b4c76c6070 nmethod 4707 0x000002b4b157dd90 code [0x000002b4b157e120, 0x000002b4b157f968]
Event: 11.357 Thread 0x000002b4c7a18470 nmethod 4702 0x000002b4b90a3910 code [0x000002b4b90a3b00, 0x000002b4b90a4590]
Event: 11.357 Thread 0x000002b4c7a18470 4701       4       java.util.Arrays$ArrayList::size (6 bytes)
Event: 11.358 Thread 0x000002b4c7a18470 nmethod 4701 0x000002b4b924a590 code [0x000002b4b924a700, 0x000002b4b924a798]
Event: 11.371 Thread 0x000002b4c7a18470 4708       4       java.lang.ClassLoader::getClassLoadingLock (35 bytes)
Event: 11.372 Thread 0x000002b4c7a18470 nmethod 4708 0x000002b4b8fe2190 code [0x000002b4b8fe2320, 0x000002b4b8fe2448]

GC Heap History (20 events):
Event: 4.718 GC heap before
{Heap before GC invocations=6 (full 0):
 garbage-first heap   total 55296K, used 16380K [0x0000000081a00000, 0x0000000100000000)
  region size 1024K, 4 young (4096K), 3 survivors (3072K)
 Metaspace       used 27764K, committed 27904K, reserved 1114112K
  class space    used 3210K, committed 3264K, reserved 1048576K
}
Event: 4.721 GC heap after
{Heap after GC invocations=7 (full 0):
 garbage-first heap   total 55296K, used 16567K [0x0000000081a00000, 0x0000000100000000)
  region size 1024K, 1 young (1024K), 1 survivors (1024K)
 Metaspace       used 27764K, committed 27904K, reserved 1114112K
  class space    used 3210K, committed 3264K, reserved 1048576K
}
Event: 5.508 GC heap before
{Heap before GC invocations=7 (full 0):
 garbage-first heap   total 55296K, used 37047K [0x0000000081a00000, 0x0000000100000000)
  region size 1024K, 21 young (21504K), 1 survivors (1024K)
 Metaspace       used 30117K, committed 30400K, reserved 1114112K
  class space    used 3543K, committed 3712K, reserved 1048576K
}
Event: 5.511 GC heap after
{Heap after GC invocations=8 (full 0):
 garbage-first heap   total 55296K, used 17629K [0x0000000081a00000, 0x0000000100000000)
  region size 1024K, 2 young (2048K), 2 survivors (2048K)
 Metaspace       used 30117K, committed 30400K, reserved 1114112K
  class space    used 3543K, committed 3712K, reserved 1048576K
}
Event: 6.527 GC heap before
{Heap before GC invocations=8 (full 0):
 garbage-first heap   total 55296K, used 39133K [0x0000000081a00000, 0x0000000100000000)
  region size 1024K, 23 young (23552K), 2 survivors (2048K)
 Metaspace       used 32568K, committed 32832K, reserved 1114112K
  class space    used 3877K, committed 4032K, reserved 1048576K
}
Event: 6.533 GC heap after
{Heap after GC invocations=9 (full 0):
 garbage-first heap   total 55296K, used 18910K [0x0000000081a00000, 0x0000000100000000)
  region size 1024K, 3 young (3072K), 3 survivors (3072K)
 Metaspace       used 32568K, committed 32832K, reserved 1114112K
  class space    used 3877K, committed 4032K, reserved 1048576K
}
Event: 7.862 GC heap before
{Heap before GC invocations=9 (full 0):
 garbage-first heap   total 55296K, used 40414K [0x0000000081a00000, 0x0000000100000000)
  region size 1024K, 24 young (24576K), 3 survivors (3072K)
 Metaspace       used 35374K, committed 35776K, reserved 1114112K
  class space    used 4243K, committed 4416K, reserved 1048576K
}
Event: 7.869 GC heap after
{Heap after GC invocations=10 (full 0):
 garbage-first heap   total 55296K, used 20427K [0x0000000081a00000, 0x0000000100000000)
  region size 1024K, 3 young (3072K), 3 survivors (3072K)
 Metaspace       used 35374K, committed 35776K, reserved 1114112K
  class space    used 4243K, committed 4416K, reserved 1048576K
}
Event: 7.885 GC heap before
{Heap before GC invocations=10 (full 0):
 garbage-first heap   total 55296K, used 20427K [0x0000000081a00000, 0x0000000100000000)
  region size 1024K, 4 young (4096K), 3 survivors (3072K)
 Metaspace       used 35596K, committed 35968K, reserved 1114112K
  class space    used 4269K, committed 4480K, reserved 1048576K
}
Event: 7.890 GC heap after
{Heap after GC invocations=11 (full 0):
 garbage-first heap   total 55296K, used 20463K [0x0000000081a00000, 0x0000000100000000)
  region size 1024K, 2 young (2048K), 2 survivors (2048K)
 Metaspace       used 35596K, committed 35968K, reserved 1114112K
  class space    used 4269K, committed 4480K, reserved 1048576K
}
Event: 9.163 GC heap before
{Heap before GC invocations=12 (full 0):
 garbage-first heap   total 55296K, used 40943K [0x0000000081a00000, 0x0000000100000000)
  region size 1024K, 23 young (23552K), 2 survivors (2048K)
 Metaspace       used 39762K, committed 40128K, reserved 1114112K
  class space    used 4850K, committed 5056K, reserved 1048576K
}
Event: 9.170 GC heap after
{Heap after GC invocations=13 (full 0):
 garbage-first heap   total 55296K, used 22528K [0x0000000081a00000, 0x0000000100000000)
  region size 1024K, 3 young (3072K), 3 survivors (3072K)
 Metaspace       used 39762K, committed 40128K, reserved 1114112K
  class space    used 4850K, committed 5056K, reserved 1048576K
}
Event: 9.223 GC heap before
{Heap before GC invocations=13 (full 0):
 garbage-first heap   total 55296K, used 23552K [0x0000000081a00000, 0x0000000100000000)
  region size 1024K, 4 young (4096K), 3 survivors (3072K)
 Metaspace       used 40063K, committed 40384K, reserved 1114112K
  class space    used 4881K, committed 5056K, reserved 1048576K
}
Event: 9.228 GC heap after
{Heap after GC invocations=14 (full 0):
 garbage-first heap   total 55296K, used 22716K [0x0000000081a00000, 0x0000000100000000)
  region size 1024K, 1 young (1024K), 1 survivors (1024K)
 Metaspace       used 40063K, committed 40384K, reserved 1114112K
  class space    used 4881K, committed 5056K, reserved 1048576K
}
Event: 9.709 GC heap before
{Heap before GC invocations=14 (full 0):
 garbage-first heap   total 55296K, used 40124K [0x0000000081a00000, 0x0000000100000000)
  region size 1024K, 17 young (17408K), 1 survivors (1024K)
 Metaspace       used 41736K, committed 42112K, reserved 1114112K
  class space    used 5061K, committed 5248K, reserved 1048576K
}
Event: 9.713 GC heap after
{Heap after GC invocations=15 (full 0):
 garbage-first heap   total 66560K, used 26913K [0x0000000081a00000, 0x0000000100000000)
  region size 1024K, 3 young (3072K), 3 survivors (3072K)
 Metaspace       used 41736K, committed 42112K, reserved 1114112K
  class space    used 5061K, committed 5248K, reserved 1048576K
}
Event: 9.979 GC heap before
{Heap before GC invocations=15 (full 0):
 garbage-first heap   total 66560K, used 53537K [0x0000000081a00000, 0x0000000100000000)
  region size 1024K, 25 young (25600K), 3 survivors (3072K)
 Metaspace       used 41752K, committed 42112K, reserved 1114112K
  class space    used 5062K, committed 5248K, reserved 1048576K
}
Event: 9.985 GC heap after
{Heap after GC invocations=16 (full 0):
 garbage-first heap   total 66560K, used 29694K [0x0000000081a00000, 0x0000000100000000)
  region size 1024K, 4 young (4096K), 4 survivors (4096K)
 Metaspace       used 41752K, committed 42112K, reserved 1114112K
  class space    used 5062K, committed 5248K, reserved 1048576K
}
Event: 10.644 GC heap before
{Heap before GC invocations=16 (full 0):
 garbage-first heap   total 66560K, used 49150K [0x0000000081a00000, 0x0000000100000000)
  region size 1024K, 23 young (23552K), 4 survivors (4096K)
 Metaspace       used 43623K, committed 44032K, reserved 1114112K
  class space    used 5297K, committed 5504K, reserved 1048576K
}
Event: 10.651 GC heap after
{Heap after GC invocations=17 (full 0):
 garbage-first heap   total 66560K, used 29267K [0x0000000081a00000, 0x0000000100000000)
  region size 1024K, 2 young (2048K), 2 survivors (2048K)
 Metaspace       used 43623K, committed 44032K, reserved 1114112K
  class space    used 5297K, committed 5504K, reserved 1048576K
}

Dll operation events (4 events):
Event: 0.017 Loaded shared library C:\Users\User\.jdks\jbrsdk-17.0.9\bin\java.dll
Event: 0.021 Loaded shared library C:\Users\User\.jdks\jbrsdk-17.0.9\bin\zip.dll
Event: 0.083 Loaded shared library C:\Users\User\.jdks\jbrsdk-17.0.9\bin\jsvml.dll
Event: 3.398 Loaded shared library C:\Users\User\.jdks\jbrsdk-17.0.9\bin\verify.dll

Deoptimization events (20 events):
Event: 11.097 Thread 0x000002b4cc240d20 DEOPT PACKING pc=0x000002b4b162bc54 sp=0x000000e1773fb8a0
Event: 11.097 Thread 0x000002b4cc240d20 DEOPT UNPACKING pc=0x000002b4b8a57143 sp=0x000000e1773fad58 mode 1
Event: 11.097 Thread 0x000002b4cc240d20 DEOPT PACKING pc=0x000002b4b16e6c74 sp=0x000000e1773fc280
Event: 11.097 Thread 0x000002b4cc240d20 DEOPT UNPACKING pc=0x000002b4b8a57143 sp=0x000000e1773fb770 mode 1
Event: 11.195 Thread 0x000002b4cc240d20 DEOPT PACKING pc=0x000002b4b162c754 sp=0x000000e1773fa100
Event: 11.195 Thread 0x000002b4cc240d20 DEOPT UNPACKING pc=0x000002b4b8a57143 sp=0x000000e1773f9598 mode 1
Event: 11.196 Thread 0x000002b4cc240d20 DEOPT PACKING pc=0x000002b4b162bc54 sp=0x000000e1773fa1d0
Event: 11.196 Thread 0x000002b4cc240d20 DEOPT UNPACKING pc=0x000002b4b8a57143 sp=0x000000e1773f9688 mode 1
Event: 11.196 Thread 0x000002b4cc240d20 DEOPT PACKING pc=0x000002b4b16e6c74 sp=0x000000e1773fabb0
Event: 11.196 Thread 0x000002b4cc240d20 DEOPT UNPACKING pc=0x000002b4b8a57143 sp=0x000000e1773fa088 mode 1
Event: 11.196 Thread 0x000002b4cc240d20 DEOPT PACKING pc=0x000002b4b178ce0c sp=0x000000e1773fac50
Event: 11.196 Thread 0x000002b4cc240d20 DEOPT UNPACKING pc=0x000002b4b8a57143 sp=0x000000e1773fa100 mode 1
Event: 11.196 Thread 0x000002b4cc240d20 DEOPT PACKING pc=0x000002b4b1793dbc sp=0x000000e1773facb0
Event: 11.196 Thread 0x000002b4cc240d20 DEOPT UNPACKING pc=0x000002b4b8a57143 sp=0x000000e1773fa218 mode 1
Event: 11.196 Thread 0x000002b4cc240d20 DEOPT PACKING pc=0x000002b4b1792c04 sp=0x000000e1773fae00
Event: 11.196 Thread 0x000002b4cc240d20 DEOPT UNPACKING pc=0x000002b4b8a57143 sp=0x000000e1773fa2a8 mode 1
Event: 11.196 Thread 0x000002b4cc240d20 DEOPT PACKING pc=0x000002b4b18ae034 sp=0x000000e1773fae50
Event: 11.196 Thread 0x000002b4cc240d20 DEOPT UNPACKING pc=0x000002b4b8a57143 sp=0x000000e1773fa350 mode 1
Event: 11.196 Thread 0x000002b4cc240d20 DEOPT PACKING pc=0x000002b4b18df294 sp=0x000000e1773faf20
Event: 11.196 Thread 0x000002b4cc240d20 DEOPT UNPACKING pc=0x000002b4b8a57143 sp=0x000000e1773fa480 mode 1

Classes unloaded (0 events):
No events

Classes redefined (0 events):
No events

Internal exceptions (20 events):
Event: 7.854 Thread 0x000002b4cc240d20 Exception <a 'java/lang/NoClassDefFoundError'{0x0000000083bc99e0}: org/quartz/Scheduler> (0x0000000083bc99e0) 
thrown [s\src\hotspot\share\classfile\systemDictionary.cpp, line 245]
Event: 7.854 Thread 0x000002b4cc240d20 Exception <a 'java/lang/NoClassDefFoundError'{0x0000000083bcb6e0}: org/springframework/session/jdbc/JdbcIndexedSessionRepository> (0x0000000083bcb6e0) 
thrown [s\src\hotspot\share\classfile\systemDictionary.cpp, line 245]
Event: 8.060 Thread 0x000002b4cc240d20 Exception <a 'java/lang/NoSuchMethodError'{0x0000000086fe1860}: 'void java.lang.invoke.DirectMethodHandle$Holder.invokeSpecial(java.lang.Object, java.lang.Object, java.lang.Object, java.lang.Object, java.lang.Object, java.lang.Object)'> (0x0000000086fe1860) 
thrown [s\src\hotspot\share\interpreter\linkResolver.cpp, line 771]
Event: 8.539 Thread 0x000002b4cc240d20 Exception <a 'java/lang/NoSuchMethodError'{0x000000008433e3b8}: 'void java.lang.invoke.DirectMethodHandle$Holder.invokeStatic(java.lang.Object, java.lang.Object, int)'> (0x000000008433e3b8) 
thrown [s\src\hotspot\share\interpreter\linkResolver.cpp, line 771]
Event: 8.604 Thread 0x000002b4cc240d20 Exception <a 'java/lang/NoSuchMethodError'{0x000000008429f658}: 'void java.lang.invoke.DirectMethodHandle$Holder.invokeInterface(java.lang.Object, java.lang.Object, int)'> (0x000000008429f658) 
thrown [s\src\hotspot\share\interpreter\linkResolver.cpp, line 771]
Event: 8.620 Thread 0x000002b4cc240d20 Exception <a 'java/lang/IncompatibleClassChangeError'{0x00000000842ef408}: Found class java.lang.Object, but interface was expected> (0x00000000842ef408) 
thrown [s\src\hotspot\share\interpreter\linkResolver.cpp, line 838]
Event: 8.621 Thread 0x000002b4cc240d20 Exception <a 'java/lang/NoSuchMethodError'{0x00000000842f44d8}: 'void java.lang.invoke.DirectMethodHandle$Holder.invokeStatic(java.lang.Object, int, java.lang.Object)'> (0x00000000842f44d8) 
thrown [s\src\hotspot\share\interpreter\linkResolver.cpp, line 771]
Event: 8.881 Thread 0x000002b4cc240d20 Exception <a 'java/lang/NoSuchMethodError'{0x0000000083d2ebc0}: 'java.lang.Object java.lang.invoke.DirectMethodHandle$Holder.invokeStaticInit(java.lang.Object, int, int, int, int)'> (0x0000000083d2ebc0) 
thrown [s\src\hotspot\share\interpreter\linkResolver.cpp, line 771]
Event: 9.038 Thread 0x000002b4cc240d20 Exception <a 'java/lang/NoSuchMethodError'{0x0000000083c3c620}: 'java.lang.Object java.lang.invoke.DirectMethodHandle$Holder.invokeStaticInit(java.lang.Object, java.lang.Object, int, int, int, int)'> (0x0000000083c3c620) 
thrown [s\src\hotspot\share\interpreter\linkResolver.cpp, line 771]
Event: 10.021 Thread 0x000002b4cc240d20 Exception <a 'sun/nio/fs/WindowsException'{0x000000008550a238}> (0x000000008550a238) 
thrown [s\src\hotspot\share\prims\jni.cpp, line 517]
Event: 10.024 Thread 0x000002b4cc240d20 Exception <a 'sun/nio/fs/WindowsException'{0x000000008550fd40}> (0x000000008550fd40) 
thrown [s\src\hotspot\share\prims\jni.cpp, line 517]
Event: 10.025 Thread 0x000002b4cc240d20 Exception <a 'sun/nio/fs/WindowsException'{0x0000000085510418}> (0x0000000085510418) 
thrown [s\src\hotspot\share\prims\jni.cpp, line 517]
Event: 10.078 Thread 0x000002b4cc240d20 Exception <a 'java/lang/NoSuchMethodError'{0x0000000085441010}: 'java.lang.Object java.lang.invoke.DirectMethodHandle$Holder.invokeSpecial(java.lang.Object, java.lang.Object, long, java.lang.Object, java.lang.Object, java.lang.Object, java.lang.Object, java.lang.Object, java.lang.Object)'> (0x0000000085441010) 
thrown [s\src\hotspot\share\interpreter\linkResolver.cpp, line 771]
Event: 10.079 Thread 0x000002b4cc240d20 Exception <a 'java/lang/NoSuchMethodError'{0x0000000085445b38}: 'java.lang.Object java.lang.invoke.DelegatingMethodHandle$Holder.reinvoke_L(java.lang.Object, long, java.lang.Object, java.lang.Object, java.lang.Object, java.lang.Object, java.lang.Object, java.lang.Object)'> (0x0000000085445b38) 
thrown [s\src\hotspot\share\interpreter\linkResolver.cpp, line 771]
Event: 10.082 Thread 0x000002b4cc240d20 Exception <a 'java/lang/NoSuchMethodError'{0x00000000854527e0}: 'java.lang.Object java.lang.invoke.Invokers$Holder.linkToTargetMethod(java.lang.Object, java.lang.Object, java.lang.Object, java.lang.Object, java.lang.Object, java.lang.Object, java.lang.Object)'> (0x00000000854527e0) 
thrown [s\src\hotspot\share\interpreter\linkResolver.cpp, line 771]
Event: 10.206 Thread 0x000002b4cc240d20 Exception <a 'java/io/FileNotFoundException'{0x00000000852dcea0}> (0x00000000852dcea0) 
thrown [s\src\hotspot\share\prims\jni.cpp, line 517]
Event: 10.310 Thread 0x000002b4cc240d20 Exception <a 'java/lang/NoSuchMethodError'{0x0000000084e74b58}: 'int java.lang.invoke.DirectMethodHandle$Holder.invokeInterface(java.lang.Object, java.lang.Object, java.lang.Object, java.lang.Object)'> (0x0000000084e74b58) 
thrown [s\src\hotspot\share\interpreter\linkResolver.cpp, line 771]
Event: 10.430 Thread 0x000002b4cc240d20 Exception <a 'java/lang/NoSuchMethodError'{0x0000000084b47820}: 'long java.lang.invoke.DirectMethodHandle$Holder.invokeVirtual(java.lang.Object, java.lang.Object)'> (0x0000000084b47820) 
thrown [s\src\hotspot\share\interpreter\linkResolver.cpp, line 771]
Event: 10.439 Thread 0x000002b4cc240d20 Exception <a 'java/io/FileNotFoundException'{0x0000000084b7d238}> (0x0000000084b7d238) 
thrown [s\src\hotspot\share\prims\jni.cpp, line 517]
Event: 10.785 Thread 0x000002b4cc240d20 Implicit null exception at 0x000002b4b9192fbf to 0x000002b4b9193314

VM Operations (20 events):
Event: 9.978 Executing VM operation: G1CollectForAllocation
Event: 9.985 Executing VM operation: G1CollectForAllocation done
Event: 10.108 Executing VM operation: HandshakeAllThreads
Event: 10.108 Executing VM operation: HandshakeAllThreads done
Event: 10.378 Executing VM operation: HandshakeAllThreads
Event: 10.378 Executing VM operation: HandshakeAllThreads done
Event: 10.379 Executing VM operation: HandshakeAllThreads
Event: 10.379 Executing VM operation: HandshakeAllThreads done
Event: 10.443 Executing VM operation: HandshakeAllThreads
Event: 10.443 Executing VM operation: HandshakeAllThreads done
Event: 10.605 Executing VM operation: HandshakeAllThreads
Event: 10.618 Executing VM operation: HandshakeAllThreads done
Event: 10.643 Executing VM operation: G1CollectForAllocation
Event: 10.653 Executing VM operation: G1CollectForAllocation done
Event: 10.706 Executing VM operation: HandshakeAllThreads
Event: 10.706 Executing VM operation: HandshakeAllThreads done
Event: 10.727 Executing VM operation: HandshakeAllThreads
Event: 10.727 Executing VM operation: HandshakeAllThreads done
Event: 10.744 Executing VM operation: HandshakeAllThreads
Event: 10.744 Executing VM operation: HandshakeAllThreads done

Events (20 events):
Event: 11.401 loading class net/bytebuddy/dynamic/scaffold/ClassWriterStrategy$FrameComputingClassWriter
Event: 11.401 loading class net/bytebuddy/dynamic/scaffold/ClassWriterStrategy$FrameComputingClassWriter done
Event: 11.402 loading class net/bytebuddy/dynamic/scaffold/ClassWriterStrategy$Default$1
Event: 11.402 loading class net/bytebuddy/dynamic/scaffold/ClassWriterStrategy$Default$1 done
Event: 11.402 loading class net/bytebuddy/dynamic/scaffold/ClassWriterStrategy$Default$2
Event: 11.402 loading class net/bytebuddy/dynamic/scaffold/ClassWriterStrategy$Default$2 done
Event: 11.403 loading class net/bytebuddy/matcher/LatentMatcher$Resolved
Event: 11.403 loading class net/bytebuddy/matcher/LatentMatcher$Resolved done
Event: 11.404 loading class net/bytebuddy/matcher/ElementMatcher$Junction$Disjunction
Event: 11.404 loading class net/bytebuddy/matcher/ElementMatcher$Junction$Disjunction done
Event: 11.405 loading class net/bytebuddy/TypeCache
Event: 11.405 loading class net/bytebuddy/TypeCache done
Event: 11.406 loading class net/bytebuddy/TypeCache$Sort
Event: 11.406 loading class net/bytebuddy/TypeCache$Sort done
Event: 11.406 loading class net/bytebuddy/TypeCache$Sort$1
Event: 11.406 loading class net/bytebuddy/TypeCache$Sort$1 done
Event: 11.407 loading class net/bytebuddy/TypeCache$Sort$2
Event: 11.407 loading class net/bytebuddy/TypeCache$Sort$2 done
Event: 11.407 loading class net/bytebuddy/TypeCache$Sort$3
Event: 11.407 loading class net/bytebuddy/TypeCache$Sort$3 done


Dynamic libraries:
0x00007ff64d3d0000 - 0x00007ff64d3da000 	C:\Users\User\.jdks\jbrsdk-17.0.9\bin\java.exe
0x00007ffb099b0000 - 0x00007ffb09ba8000 	C:\WINDOWS\SYSTEM32\ntdll.dll
0x00007ffb07ad0000 - 0x00007ffb07b8d000 	C:\WINDOWS\System32\KERNEL32.DLL
0x00007ffb06fc0000 - 0x00007ffb072b6000 	C:\WINDOWS\System32\KERNELBASE.dll
0x00007ffb06ec0000 - 0x00007ffb06fc0000 	C:\WINDOWS\System32\ucrtbase.dll
0x00007ffaf82e0000 - 0x00007ffaf82fb000 	C:\Users\User\.jdks\jbrsdk-17.0.9\bin\VCRUNTIME140.dll
0x00007ffaf8300000 - 0x00007ffaf8317000 	C:\Users\User\.jdks\jbrsdk-17.0.9\bin\jli.dll
0x00007ffb07730000 - 0x00007ffb078ce000 	C:\WINDOWS\System32\USER32.dll
0x00007ffb06bf0000 - 0x00007ffb06c12000 	C:\WINDOWS\System32\win32u.dll
0x00007ffb09810000 - 0x00007ffb0983b000 	C:\WINDOWS\System32\GDI32.dll
0x00007ffafa570000 - 0x00007ffafa80a000 	C:\WINDOWS\WinSxS\amd64_microsoft.windows.common-controls_6595b64144ccf1df_6.0.19041.3636_none_60b6a03d71f818d5\COMCTL32.dll
0x00007ffb06a50000 - 0x00007ffb06b67000 	C:\WINDOWS\System32\gdi32full.dll
0x00007ffb08900000 - 0x00007ffb0899e000 	C:\WINDOWS\System32\msvcrt.dll
0x00007ffb06cc0000 - 0x00007ffb06d5d000 	C:\WINDOWS\System32\msvcp_win.dll
0x00007ffb08a30000 - 0x00007ffb08a62000 	C:\WINDOWS\System32\IMM32.DLL
0x00007ffaf82d0000 - 0x00007ffaf82dc000 	C:\Users\User\.jdks\jbrsdk-17.0.9\bin\vcruntime140_1.dll
0x00007ffaf8240000 - 0x00007ffaf82cd000 	C:\Users\User\.jdks\jbrsdk-17.0.9\bin\msvcp140.dll
0x00007ffac33a0000 - 0x00007ffac4022000 	C:\Users\User\.jdks\jbrsdk-17.0.9\bin\server\jvm.dll
0x00007ffb07bb0000 - 0x00007ffb07c60000 	C:\WINDOWS\System32\ADVAPI32.dll
0x00007ffb08040000 - 0x00007ffb080e0000 	C:\WINDOWS\System32\sechost.dll
0x00007ffb078d0000 - 0x00007ffb079f5000 	C:\WINDOWS\System32\RPCRT4.dll
0x00007ffb07580000 - 0x00007ffb075a7000 	C:\WINDOWS\System32\bcrypt.dll
0x00007ffb07d10000 - 0x00007ffb07d19000 	C:\WINDOWS\System32\WSOCK32.dll
0x00007ffb09030000 - 0x00007ffb0909b000 	C:\WINDOWS\System32\WS2_32.dll
0x00007ffb07e20000 - 0x00007ffb07e2a000 	C:\WINDOWS\System32\VERSION.dll
0x00007ffb06930000 - 0x00007ffb0697b000 	C:\WINDOWS\SYSTEM32\POWRPROF.dll
0x00007ffafa370000 - 0x00007ffafa397000 	C:\WINDOWS\SYSTEM32\WINMM.dll
0x00007ffb06910000 - 0x00007ffb06922000 	C:\WINDOWS\SYSTEM32\UMPDC.dll
0x00007ffb04930000 - 0x00007ffb04942000 	C:\WINDOWS\SYSTEM32\kernel.appcore.dll
0x00007ffadfe30000 - 0x00007ffadfe3a000 	C:\Users\User\.jdks\jbrsdk-17.0.9\bin\jimage.dll
0x00007ffaf0b20000 - 0x00007ffaf0d04000 	C:\WINDOWS\SYSTEM32\DBGHELP.DLL
0x00007ffaf43f0000 - 0x00007ffaf4424000 	C:\WINDOWS\SYSTEM32\dbgcore.DLL
0x00007ffb06c20000 - 0x00007ffb06ca2000 	C:\WINDOWS\System32\bcryptPrimitives.dll
0x00007ffafdba0000 - 0x00007ffafdbdb000 	C:\Users\User\.jdks\jbrsdk-17.0.9\bin\jdwp.dll
0x00007ffb03320000 - 0x00007ffb0332e000 	C:\Users\User\.jdks\jbrsdk-17.0.9\bin\instrument.dll
0x00007ffada820000 - 0x00007ffada845000 	C:\Users\User\.jdks\jbrsdk-17.0.9\bin\java.dll
0x00007ffada800000 - 0x00007ffada818000 	C:\Users\User\.jdks\jbrsdk-17.0.9\bin\zip.dll
0x00007ffad1ec0000 - 0x00007ffad1f97000 	C:\Users\User\.jdks\jbrsdk-17.0.9\bin\jsvml.dll
0x00007ffb090a0000 - 0x00007ffb0980b000 	C:\WINDOWS\System32\SHELL32.dll
0x00007ffb04b30000 - 0x00007ffb052ce000 	C:\WINDOWS\SYSTEM32\windows.storage.dll
0x00007ffb08340000 - 0x00007ffb08693000 	C:\WINDOWS\System32\combase.dll
0x00007ffb063b0000 - 0x00007ffb063de000 	C:\WINDOWS\SYSTEM32\Wldp.dll
0x00007ffb080e0000 - 0x00007ffb081ad000 	C:\WINDOWS\System32\OLEAUT32.dll
0x00007ffb08850000 - 0x00007ffb088fd000 	C:\WINDOWS\System32\SHCORE.dll
0x00007ffb082e0000 - 0x00007ffb08335000 	C:\WINDOWS\System32\shlwapi.dll
0x00007ffb06980000 - 0x00007ffb069a5000 	C:\WINDOWS\SYSTEM32\profapi.dll
0x00007ffb028d0000 - 0x00007ffb028dc000 	C:\Users\User\.jdks\jbrsdk-17.0.9\bin\dt_socket.dll
0x00007ffb05e10000 - 0x00007ffb05e4b000 	C:\WINDOWS\SYSTEM32\IPHLPAPI.DLL
0x00007ffaf0360000 - 0x00007ffaf0504000 	C:\WINDOWS\system32\mwtsp.dll
0x00007ffb081b0000 - 0x00007ffb082db000 	C:\WINDOWS\System32\ole32.dll
0x00007ffb00b60000 - 0x00007ffb00c6a000 	C:\WINDOWS\SYSTEM32\WINHTTP.dll
0x00007ffb06890000 - 0x00007ffb068c2000 	C:\WINDOWS\SYSTEM32\SspiCli.dll
0x00007ffb06110000 - 0x00007ffb0617a000 	C:\WINDOWS\system32\mswsock.dll
0x00007ffada790000 - 0x00007ffada7a9000 	C:\Users\User\.jdks\jbrsdk-17.0.9\bin\net.dll
0x00007ffad27b0000 - 0x00007ffad27c6000 	C:\Users\User\.jdks\jbrsdk-17.0.9\bin\nio.dll
0x00007ffb02900000 - 0x00007ffb02909000 	C:\Users\User\.jdks\jbrsdk-17.0.9\bin\management.dll
0x00007ffb028e0000 - 0x00007ffb028eb000 	C:\Users\User\.jdks\jbrsdk-17.0.9\bin\management_ext.dll
0x00007ffb09960000 - 0x00007ffb09968000 	C:\WINDOWS\System32\PSAPI.DLL
0x00007ffada7f0000 - 0x00007ffada800000 	C:\Users\User\.jdks\jbrsdk-17.0.9\bin\verify.dll
0x00007ffb06300000 - 0x00007ffb06318000 	C:\WINDOWS\SYSTEM32\CRYPTSP.dll
0x00007ffb05a50000 - 0x00007ffb05a84000 	C:\WINDOWS\system32\rsaenh.dll
0x00007ffb068d0000 - 0x00007ffb068fe000 	C:\WINDOWS\SYSTEM32\USERENV.dll
0x00007ffb06320000 - 0x00007ffb0632c000 	C:\WINDOWS\SYSTEM32\CRYPTBASE.dll
0x00007ffb07e40000 - 0x00007ffb07e48000 	C:\WINDOWS\System32\NSI.dll
0x00007ffb01010000 - 0x00007ffb01027000 	C:\WINDOWS\SYSTEM32\dhcpcsvc6.DLL
0x00007ffb01740000 - 0x00007ffb0175d000 	C:\WINDOWS\SYSTEM32\dhcpcsvc.DLL
0x00007ffb05e50000 - 0x00007ffb05f1b000 	C:\WINDOWS\SYSTEM32\DNSAPI.dll
0x00007ffaf9cf0000 - 0x00007ffaf9cfe000 	C:\Users\User\.jdks\jbrsdk-17.0.9\bin\sunmscapi.dll
0x00007ffb06d60000 - 0x00007ffb06ebd000 	C:\WINDOWS\System32\CRYPT32.dll
0x00007ffb06420000 - 0x00007ffb06448000 	C:\WINDOWS\SYSTEM32\ncrypt.dll
0x00007ffb063e0000 - 0x00007ffb0641b000 	C:\WINDOWS\SYSTEM32\NTASN1.dll

dbghelp: loaded successfully - version: 4.0.5 - missing functions: none
symbol engine: initialized successfully - sym options: 0x614 - pdb path: .;C:\Users\User\.jdks\jbrsdk-17.0.9\bin;C:\WINDOWS\SYSTEM32;C:\WINDOWS\WinSxS\amd64_microsoft.windows.common-controls_6595b64144ccf1df_6.0.19041.3636_none_60b6a03d71f818d5;C:\Users\User\.jdks\jbrsdk-17.0.9\bin\server

VM Arguments:
jvm_args: -agentlib:jdwp=transport=dt_socket,address=127.0.0.1:52642,suspend=y,server=n -javaagent:C:\Users\User\AppData\Local\JetBrains\IdeaIC2023.2\captureAgent\debugger-agent.jar -Dfile.encoding=UTF-8 
java_command: com.sbs.SmartBillingSystem.SmartBillingSystemApplication
java_class_path (initial): D:\Rettalore management system\Retail-Store-Management-System\target\classes;C:\Users\User\.m2\repository\org\springframework\boot\spring-boot-starter-mail\3.0.1\spring-boot-starter-mail-3.0.1.jar;C:\Users\User\.m2\repository\org\springframework\boot\spring-boot-starter\3.0.1\spring-boot-starter-3.0.1.jar;C:\Users\User\.m2\repository\org\springframework\boot\spring-boot-starter-logging\3.0.1\spring-boot-starter-logging-3.0.1.jar;C:\Users\User\.m2\repository\ch\qos\logback\logback-classic\1.4.5\logback-classic-1.4.5.jar;C:\Users\User\.m2\repository\ch\qos\logback\logback-core\1.4.5\logback-core-1.4.5.jar;C:\Users\User\.m2\repository\org\apache\logging\log4j\log4j-to-slf4j\2.19.0\log4j-to-slf4j-2.19.0.jar;C:\Users\User\.m2\repository\org\apache\logging\log4j\log4j-api\2.19.0\log4j-api-2.19.0.jar;C:\Users\User\.m2\repository\org\slf4j\jul-to-slf4j\2.0.6\jul-to-slf4j-2.0.6.jar;C:\Users\User\.m2\repository\jakarta\annotation\jakarta.annotation-api\2.1.1\jakarta.annotation-api-2.1.1.jar;C:\Users\User\.m2\repository\org\yaml\snakeyaml\1.33\snakeyaml-1.33.jar;C:\Users\User\.m2\repository\org\springframework\spring-context-support\6.0.3\spring-context-support-6.0.3.jar;C:\Users\User\.m2\repository\org\springframework\spring-beans\6.0.3\spring-beans-6.0.3.jar;C:\Users\User\.m2\repository\org\springframework\spring-context\6.0.3\spring-context-6.0.3.jar;C:\Users\User\.m2\repository\org\eclipse\angus\jakarta.mail\1.0.0\jakarta.mail-1.0.0.jar;C:\Users\User\.m2\repository\jakarta\activation\jakarta.activation-api\2.1.0\jakarta.activation-api-2.1.0.jar;C:\Users\User\.m2\repository\org\eclipse\angus\angus-activation\1.0.0\angus-activation-1.0.0.jar;C:\Users\User\.m2\repository\com\sun\mail\javax.mail\1.6.2\javax.mail-1.6.2.jar;C:\Users\User\.m2\repository\javax\activation\activation\1.1\activation-1.1.jar;C:\Users\User\.m2\repository\org\springframework\boot\spring-boot-starter-thymeleaf\3.0.1\spring-boot-starter-thymeleaf-3.0.1.jar;C:\Users\User\.m2\re
Launcher Type: SUN_STANDARD

[Global flags]
     intx CICompilerCount                          = 3                                         {product} {ergonomic}
     uint ConcGCThreads                            = 1                                         {product} {ergonomic}
     uint G1ConcRefinementThreads                  = 4                                         {product} {ergonomic}
   size_t G1HeapRegionSize                         = 1048576                                   {product} {ergonomic}
    uintx GCDrainStackTargetSize                   = 64                                        {product} {ergonomic}
   size_t InitialHeapSize                          = 134217728                                 {product} {ergonomic}
   size_t MarkStackSize                            = 4194304                                   {product} {ergonomic}
   size_t MaxHeapSize                              = 2120220672                                {product} {ergonomic}
   size_t MaxNewSize                               = 1271922688                                {product} {ergonomic}
   size_t MinHeapDeltaBytes                        = 1048576                                   {product} {ergonomic}
   size_t MinHeapSize                              = 8388608                                   {product} {ergonomic}
    uintx NonNMethodCodeHeapSize                   = 5832780                                {pd product} {ergonomic}
    uintx NonProfiledCodeHeapSize                  = 122912730                              {pd product} {ergonomic}
    uintx ProfiledCodeHeapSize                     = 122912730                              {pd product} {ergonomic}
    uintx ReservedCodeCacheSize                    = 251658240                              {pd product} {ergonomic}
     bool SegmentedCodeCache                       = true                                      {product} {ergonomic}
   size_t SoftMaxHeapSize                          = 2120220672                             {manageable} {ergonomic}
     bool UseCompressedClassPointers               = true                           {product lp64_product} {ergonomic}
     bool UseCompressedOops                        = true                           {product lp64_product} {ergonomic}
     bool UseG1GC                                  = true                                      {product} {ergonomic}
     bool UseLargePagesIndividualAllocation        = false                                  {pd product} {ergonomic}

Logging:
Log output configuration:
 #0: stdout all=warning uptime,level,tags
 #1: stderr all=off uptime,level,tags

Environment Variables:
JAVA_HOME=C:\Program Files\Java\jdk-15.0.2
CLASSPATH=C:\mysql-connector-java-8.0.29.jar;.;
PATH=C:\WINDOWS\system32;C:\WINDOWS;C:\WINDOWS\system32\Wbem;C:\Program Files\Common Files\Oracle\Java\javapath;C:\Program Files\Java\jdk-15.0.2\bin;C:\Program Files\Git\cmd;C:\ProgramData\Microsoft VS Code\bin;C:\Users\User\AppData\Local\Microsoft\WindowsApps;%IntelliJ IDEA Community Edition%;
USERNAME=User
OS=Windows_NT
PROCESSOR_IDENTIFIER=Intel64 Family 6 Model 58 Stepping 9, GenuineIntel
TMP=C:\Users\User\AppData\Local\Temp
TEMP=C:\Users\User\AppData\Local\Temp



Periodic native trim disabled

JNI global refs:
JNI global refs: 50, weak refs: 6771

JNI global refs memory usage: 1539, weak refs: 68161

OOME stack traces (most recent first):
Classloader memory used:
Loader jdk.internal.loader.ClassLoaders$AppClassLoader                                 : 3609K
Loader bootstrap                                                                       : 2414K
Loader org.springframework.boot.devtools.restart.classloader.RestartClassLoader        : 41157B
Loader jdk.internal.loader.ClassLoaders$PlatformClassLoader                            : 34632B
Loader jdk.internal.reflect.DelegatingClassLoader                                      : 12872B
Loader net.bytebuddy.utility.dispatcher.JavaDispatcher$DynamicClassLoader              : 233B

Classes loaded by more than one classloader:
Class com.sbs.SmartBillingSystem.SmartBillingSystemApplication                        : loaded 2 times (x 69B)


---------------  S Y S T E M  ---------------

OS:
 Windows 10 , 64 bit Build 19041 (10.0.19041.3636)
OS uptime: 1 days 1:14 hours

CPU: total 4 (initial active 4) (2 cores per cpu, 2 threads per core) family 6 model 58 stepping 9 microcode 0x21, cx8, cmov, fxsr, ht, mmx, sse, sse2, sse3, ssse3, sse4.1, sse4.2, popcnt, tsc, tscinvbit, avx, erms, clmul, vzeroupper, clflush
Processor Information for all 4 processors :
  Max Mhz: 3300, Current Mhz: 3300, Mhz Limit: 3300

Memory: 4k page, system-wide physical 8082M (893M free)
TotalPageFile size 11154M (AvailPageFile size 2341M)
current process WorkingSet (physical memory assigned to process): 299M, peak: 299M
current process commit charge ("private bytes"): 323M, peak: 324M

vm_info: OpenJDK 64-Bit Server VM (17.0.9+7-b1087.9) for windows-amd64 JRE (17.0.9+7-b1087.9), built on 2023-12-05 by "builduser" with MS VC++ 16.10 / 16.11 (VS2019)

END.
