#
# A fatal error has been detected by the Java Runtime Environment:
#
#  EXCEPTION_ACCESS_VIOLATION (0xc0000005) at pc=0x00007ffd1b77b810, pid=9520, tid=7688
#
# JRE version: OpenJDK Runtime Environment Temurin-17.0.10+7 (17.0.10+7) (build 17.0.10+7)
# Java VM: OpenJDK 64-Bit Server VM Temurin-17.0.10+7 (17.0.10+7, mixed mode, tiered, compressed oops, compressed class ptrs, parallel gc, windows-amd64)
# Problematic frame:
# V  [jvm.dll+0x36b810]
#
# No core dump will be written. Minidumps are not enabled by default on client versions of Windows
#
# If you would like to submit a bug report, please visit:
#   https://github.com/adoptium/adoptium-support/issues
#

---------------  S U M M A R Y ------------

Command Line: --add-modules=ALL-SYSTEM --add-opens=java.base/java.util=ALL-UNNAMED --add-opens=java.base/java.lang=ALL-UNNAMED --add-opens=java.base/sun.nio.fs=ALL-UNNAMED -Declipse.application=org.eclipse.jdt.ls.core.id1 -Dosgi.bundles.defaultStartLevel=4 -Declipse.product=org.eclipse.jdt.ls.core.product -Djava.import.generatesMetadataFilesAtProjectRoot=false -DDetectVMInstallationsJob.disabled=true -Dfile.encoding=utf8 -XX:+UseParallelGC -XX:GCTimeRatio=4 -XX:AdaptiveSizePolicyWeight=90 -Dsun.zip.disableMemoryMapping=true -Xmx1G -Xms100m -Xlog:disable -javaagent:c:\Users\User\.vscode\extensions\redhat.java-1.27.0-win32-x64\lombok\lombok-1.18.31.jar c:\Users\User\.vscode\extensions\redhat.java-1.27.0-win32-x64\server\plugins\org.eclipse.equinox.launcher_1.6.700.v20231214-2017.jar -configuration c:\Users\User\AppData\Roaming\Code\User\globalStorage\redhat.java\1.27.0\config_ss_win -data c:\Users\User\AppData\Roaming\Code\User\workspaceStorage\fa6277eb2518f508ced274ced3ce914a\redhat.java\ss_ws --stdio

Host: Intel(R) Core(TM) i3-3220 CPU @ 3.30GHz, 4 cores, 7G,  Windows 10 , 64 bit Build 19041 (10.0.19041.3031)
Time: Sat Feb  3 21:03:14 2024 India Standard Time elapsed time: 9.145223 seconds (0d 0h 0m 9s)

---------------  T H R E A D  ---------------

Current thread (0x0000025a7ef3b230):  JavaThread "C2 CompilerThread0" daemon [_thread_in_native, id=7688, stack(0x000000a3af400000,0x000000a3af500000)]


Current CompileTask:
C2:   9145 2319       4       org.lombokweb.asm.ClassReader::readMethod (1066 bytes)

Stack: [0x000000a3af400000,0x000000a3af500000],  sp=0x000000a3af4fbd30,  free space=1007k
Native frames: (J=compiled Java code, j=interpreted, Vv=VM code, C=native code)
V  [jvm.dll+0x36b810]
V  [jvm.dll+0x364a18]
V  [jvm.dll+0x1bcfb8]
V  [jvm.dll+0x21a049]
V  [jvm.dll+0x219311]
V  [jvm.dll+0x1a502d]
V  [jvm.dll+0x2290de]
V  [jvm.dll+0x2272ac]
V  [jvm.dll+0x7e9bb7]
V  [jvm.dll+0x7e3fba]
V  [jvm.dll+0x67c1b5]
C  [ucrtbase.dll+0x21bb2]
C  [KERNEL32.DLL+0x17614]
C  [ntdll.dll+0x526f1]


siginfo: EXCEPTION_ACCESS_VIOLATION (0xc0000005), reading address 0x00007ff51bf93d88


Registers:
RAX=0x0000000000000000, RBX=0x000000a3af4fbd80, RCX=0x0000000000000000, RDX=0x00007ff51bf93d88
RSP=0x000000a3af4fbd30, RBP=0x000000a3af4fbea0, RSI=0x00007ffd1bf93d88, RDI=0x0000000000000035
R8 =0x0000000000002d80, R9 =0x0000000000000004, R10=0x0000000000000003, R11=0x0000025a06b478a0
R12=0x0000000000000010, R13=0x0000000000000000, R14=0x0000000000002c45, R15=0x0000000000002c45
RIP=0x00007ffd1b77b810, EFLAGS=0x0000000000010246


Register to memory mapping:

RIP=0x00007ffd1b77b810 jvm.dll
RAX=0x0 is NULL
RBX=0x000000a3af4fbd80 is pointing into the stack for thread: 0x0000025a7ef3b230
RCX=0x0 is NULL
RDX=0x00007ff51bf93d88 is an unknown value
RSP=0x000000a3af4fbd30 is pointing into the stack for thread: 0x0000025a7ef3b230
RBP=0x000000a3af4fbea0 is pointing into the stack for thread: 0x0000025a7ef3b230
RSI=0x00007ffd1bf93d88 jvm.dll
RDI=0x0000000000000035 is an unknown value
R8 =0x0000000000002d80 is an unknown value
R9 =0x0000000000000004 is an unknown value
R10=0x0000000000000003 is an unknown value
R11=0x0000025a06b478a0 points into unknown readable memory: 0x0800000000000000 | 00 00 00 00 00 00 00 08
R12=0x0000000000000010 is an unknown value
R13=0x0 is NULL
R14=0x0000000000002c45 is an unknown value
R15=0x0000000000002c45 is an unknown value


Top of Stack: (sp=0x000000a3af4fbd30)
0x000000a3af4fbd30:   0000000000003a2a 00007ffd1b77b964
0x000000a3af4fbd40:   0000025a7ef32ec0 0000025a05862000
0x000000a3af4fbd50:   000000000000001b 00007ffd1b774a18
0x000000a3af4fbd60:   0000000000000001 000000000000002e
0x000000a3af4fbd70:   0000000000003a2e 0000000000003a2e
0x000000a3af4fbd80:   0000000000000000 0000000300002d92
0x000000a3af4fbd90:   0000003a0000002e 00007ff51bf93d88
0x000000a3af4fbda0:   0000025a05a92b58 0000025a0741db70
0x000000a3af4fbdb0:   00000000000003d8 0000025a05619e80
0x000000a3af4fbdc0:   0000025a05619e70 0000025a0561a258
0x000000a3af4fbdd0:   000000a3af4fbee0 00007ffd1b5ccfb8
0x000000a3af4fbde0:   000000a3af4fc230 000000a3af4fc310
0x000000a3af4fbdf0:   0000000000000000 0000025a05619e70
0x000000a3af4fbe00:   000000a300000000 000000000000000d
0x000000a3af4fbe10:   0000000000000006 0000025a05619e70
0x000000a3af4fbe20:   0000025a06b72fa0 0000025a06b79c10
0x000000a3af4fbe30:   0000025a06b7af88 0000000000fe1cf0
0x000000a3af4fbe40:   0000000000000000 0000000000000000
0x000000a3af4fbe50:   0000000000000000 0000000000000000
0x000000a3af4fbe60:   0000000000000000 00007ffd1bd40cf8
0x000000a3af4fbe70:   0000000000000000 000000a3af4feb80
0x000000a3af4fbe80:   0000000000000000 00007ffd1bd40cf8
0x000000a3af4fbe90:   0000025a00000000 0000000000000150
0x000000a3af4fbea0:   0000025a0000000c 000000a3af4feb80
0x000000a3af4fbeb0:   0000025a07263050 000000021b742801
0x000000a3af4fbec0:   0000025a074bf050 0000000000003a30
0x000000a3af4fbed0:   000000a3af4fbe10 0000025a05619e80
0x000000a3af4fbee0:   00007ffd1bd40cc8 000000000000000d
0x000000a3af4fbef0:   000000a3af4feb80 000000a3af4fc230
0x000000a3af4fbf00:   0000000000002740 0000025a7ef32ec0
0x000000a3af4fbf10:   00007ffd0000000a 000000a3af4feb80
0x000000a3af4fbf20:   0000025a05f3ccb0 0000000000000000 

Instructions: (pc=0x00007ffd1b77b810)
0x00007ffd1b77b710:   48 8b a8 80 00 00 00 48 8b 8d d0 08 00 00 48 85
0x00007ffd1b77b720:   c9 75 0c e8 e8 0b 00 00 48 8b 8d d0 08 00 00 48
0x00007ffd1b77b730:   8b 01 0f 57 c0 48 89 85 d0 08 00 00 0f 11 01 0f
0x00007ffd1b77b740:   11 41 10 41 0f 10 06 0f 11 01 41 0f 10 4e 10 0f
0x00007ffd1b77b750:   11 49 10 48 8b 43 08 48 89 0c 06 ff c7 ba 50 00
0x00007ffd1b77b760:   00 00 3b bb 90 00 00 00 0f 82 62 ff ff ff 4c 8b
0x00007ffd1b77b770:   74 24 60 4c 8b 6c 24 58 4c 8b 64 24 50 48 8b c3
0x00007ffd1b77b780:   48 83 c4 20 41 5f 5f 5e 5d 5b c3 cc cc cc cc cc
0x00007ffd1b77b790:   40 53 48 83 ec 20 8b 51 0c 48 8b d9 83 fa 04 73
0x00007ffd1b77b7a0:   2a 4c 8b 59 18 66 66 66 0f 1f 84 00 00 00 00 00
0x00007ffd1b77b7b0:   44 8b d2 44 8d 4a 01 4b 83 3c d3 00 0f 85 8f 00
0x00007ffd1b77b7c0:   00 00 41 8b d1 41 83 f9 04 72 e5 48 89 74 24 30
0x00007ffd1b77b7d0:   48 89 7c 24 38 8b 79 10 3b 79 14 73 62 48 8d 35
0x00007ffd1b77b7e0:   a4 85 81 00 0f 1f 40 00 0f 1f 84 00 00 00 00 00
0x00007ffd1b77b7f0:   48 8b 43 20 8b cf 48 8b 14 c8 48 3b d6 74 39 33
0x00007ffd1b77b800:   c0 48 89 53 18 33 c9 66 0f 1f 84 00 00 00 00 00
0x00007ffd1b77b810:   48 83 3c 11 00 44 8d 48 01 75 6f 48 83 c1 08 41
0x00007ffd1b77b820:   8b c1 41 83 f9 04 72 e8 48 8b 4b 28 48 85 c9 74
0x00007ffd1b77b830:   07 8b d7 e8 58 01 00 00 ff c7 3b 7b 14 72 b1 48
0x00007ffd1b77b840:   8b 74 24 30 33 c0 48 8b 7c 24 38 48 83 c4 20 5b
0x00007ffd1b77b850:   c3 8b 41 10 44 8d 04 82 41 c1 e0 06 41 81 c0 00
0x00007ffd1b77b860:   ff ff ff 44 89 41 08 4b 8b 14 d3 48 0f bc c2 44
0x00007ffd1b77b870:   89 49 0c 8b c8 48 d3 ea 48 ff ca 41 03 c0 48 89
0x00007ffd1b77b880:   13 89 43 08 48 83 c4 20 5b c3 48 8b 74 24 30 44
0x00007ffd1b77b890:   8d 04 b8 8b c8 8d 47 01 48 8b 7c 24 38 41 c1 e0
0x00007ffd1b77b8a0:   06 44 89 43 08 48 8b 14 ca 89 43 10 48 0f bc c2
0x00007ffd1b77b8b0:   44 89 4b 0c 8b c8 48 d3 ea 48 ff ca 41 03 c0 48
0x00007ffd1b77b8c0:   89 13 89 43 08 48 83 c4 20 5b c3 cc cc cc cc cc
0x00007ffd1b77b8d0:   40 53 48 83 ec 20 65 48 8b 04 25 58 00 00 00 8b
0x00007ffd1b77b8e0:   0d 13 76 85 00 48 8b 1c c8 b8 50 00 00 00 80 3c
0x00007ffd1b77b8f0:   18 00 75 05 e8 cf 48 52 00 b8 20 00 00 00 48 8b
0x00007ffd1b77b900:   04 18 48 8b 88 e0 04 00 00 48 8b 99 80 00 00 00 


Stack slot to memory mapping:
stack at sp + 0 slots: 0x0000000000003a2a is an unknown value
stack at sp + 1 slots: 0x00007ffd1b77b964 jvm.dll
stack at sp + 2 slots: 0x0000025a7ef32ec0 points into unknown readable memory: 0x014900b900000006 | 06 00 00 00 b9 00 49 01
stack at sp + 3 slots: 0x0000025a05862000 points into unknown readable memory: 0x0000000000000000 | 00 00 00 00 00 00 00 00
stack at sp + 4 slots: 0x000000000000001b is an unknown value
stack at sp + 5 slots: 0x00007ffd1b774a18 jvm.dll
stack at sp + 6 slots: 0x0000000000000001 is an unknown value
stack at sp + 7 slots: 0x000000000000002e is an unknown value


---------------  P R O C E S S  ---------------

Threads class SMR info:
_java_thread_list=0x0000025a0664fa90, length=22, elements={
0x0000025a6917da70, 0x0000025a69234a80, 0x0000025a7ef0fb80, 0x0000025a7ef33160,
0x0000025a7ef33ef0, 0x0000025a7ef34c80, 0x0000025a7ef38570, 0x0000025a7ef3b230,
0x0000025a04131f50, 0x0000025a04134c20, 0x0000025a0421ffe0, 0x0000025a044028a0,
0x0000025a04ff6e80, 0x0000025a0541b870, 0x0000025a0541fd70, 0x0000025a0543b180,
0x0000025a05335c00, 0x0000025a04f1f570, 0x0000025a04f1ff90, 0x0000025a04f204a0,
0x0000025a055a7e20, 0x0000025a04f21df0
}

Java Threads: ( => current thread )
  0x0000025a6917da70 JavaThread "main" [_thread_blocked, id=2536, stack(0x000000a3aeb00000,0x000000a3aec00000)]
  0x0000025a69234a80 JavaThread "Reference Handler" daemon [_thread_blocked, id=12728, stack(0x000000a3aee00000,0x000000a3aef00000)]
  0x0000025a7ef0fb80 JavaThread "Finalizer" daemon [_thread_blocked, id=9708, stack(0x000000a3aef00000,0x000000a3af000000)]
  0x0000025a7ef33160 JavaThread "Signal Dispatcher" daemon [_thread_blocked, id=11408, stack(0x000000a3af000000,0x000000a3af100000)]
  0x0000025a7ef33ef0 JavaThread "Attach Listener" daemon [_thread_blocked, id=10804, stack(0x000000a3af100000,0x000000a3af200000)]
  0x0000025a7ef34c80 JavaThread "Service Thread" daemon [_thread_blocked, id=10644, stack(0x000000a3af200000,0x000000a3af300000)]
  0x0000025a7ef38570 JavaThread "Monitor Deflation Thread" daemon [_thread_blocked, id=9868, stack(0x000000a3af300000,0x000000a3af400000)]
=>0x0000025a7ef3b230 JavaThread "C2 CompilerThread0" daemon [_thread_in_native, id=7688, stack(0x000000a3af400000,0x000000a3af500000)]
  0x0000025a04131f50 JavaThread "C1 CompilerThread0" daemon [_thread_blocked, id=1092, stack(0x000000a3af500000,0x000000a3af600000)]
  0x0000025a04134c20 JavaThread "Sweeper thread" daemon [_thread_blocked, id=1416, stack(0x000000a3af600000,0x000000a3af700000)]
  0x0000025a0421ffe0 JavaThread "Common-Cleaner" daemon [_thread_blocked, id=11288, stack(0x000000a3af700000,0x000000a3af800000)]
  0x0000025a044028a0 JavaThread "Notification Thread" daemon [_thread_blocked, id=12648, stack(0x000000a3af800000,0x000000a3af900000)]
  0x0000025a04ff6e80 JavaThread "Active Thread: Equinox Container: e42012ae-fa29-4dc3-96d3-8ce2949d8b8b" [_thread_blocked, id=13028, stack(0x000000a3afd00000,0x000000a3afe00000)]
  0x0000025a0541b870 JavaThread "Framework Event Dispatcher: Equinox Container: e42012ae-fa29-4dc3-96d3-8ce2949d8b8b" daemon [_thread_blocked, id=1828, stack(0x000000a3afe00000,0x000000a3aff00000)]
  0x0000025a0541fd70 JavaThread "Start Level: Equinox Container: e42012ae-fa29-4dc3-96d3-8ce2949d8b8b" daemon [_thread_blocked, id=12864, stack(0x000000a3aff00000,0x000000a3b0000000)]
  0x0000025a0543b180 JavaThread "SCR Component Actor" daemon [_thread_blocked, id=12452, stack(0x000000a3b0000000,0x000000a3b0100000)]
  0x0000025a05335c00 JavaThread "SCR Component Registry" daemon [_thread_blocked, id=1404, stack(0x000000a3b0100000,0x000000a3b0200000)]
  0x0000025a04f1f570 JavaThread "Worker-JM" [_thread_blocked, id=13004, stack(0x000000a3b0200000,0x000000a3b0300000)]
  0x0000025a04f1ff90 JavaThread "Worker-0" [_thread_blocked, id=6368, stack(0x000000a3b0300000,0x000000a3b0400000)]
  0x0000025a04f204a0 JavaThread "Worker-1" [_thread_blocked, id=6216, stack(0x000000a3b0400000,0x000000a3b0500000)]
  0x0000025a055a7e20 JavaThread "C2 CompilerThread1" daemon [_thread_blocked, id=13484, stack(0x000000a3b0500000,0x000000a3b0600000)]
  0x0000025a04f21df0 JavaThread "Java indexing" daemon [_thread_blocked, id=5504, stack(0x000000a3b0600000,0x000000a3b0700000)]

Other Threads:
  0x0000025a7eefca40 VMThread "VM Thread" [stack: 0x000000a3aed00000,0x000000a3aee00000] [id=9424]
  0x0000025a044882e0 WatcherThread [stack: 0x000000a3af900000,0x000000a3afa00000] [id=7336]
  0x0000025a69191f60 GCTaskThread "GC Thread#0" [stack: 0x000000a3aec00000,0x000000a3aed00000] [id=5068]
  0x0000025a04da71b0 GCTaskThread "GC Thread#1" [stack: 0x000000a3afa00000,0x000000a3afb00000] [id=13512]
  0x0000025a05015f10 GCTaskThread "GC Thread#2" [stack: 0x000000a3afb00000,0x000000a3afc00000] [id=9776]
  0x0000025a050161d0 GCTaskThread "GC Thread#3" [stack: 0x000000a3afc00000,0x000000a3afd00000] [id=11276]

Threads with active compile tasks:
C2 CompilerThread0     9241 2319       4       org.lombokweb.asm.ClassReader::readMethod (1066 bytes)

VM state: not at safepoint (normal execution)

VM Mutex/Monitor currently owned by a thread: None

Heap address: 0x00000000c0000000, size: 1024 MB, Compressed Oops mode: 32-bit

CDS archive(s) not mapped
Compressed class space mapped at: 0x0000000100000000-0x0000000140000000, reserved size: 1073741824
Narrow klass base: 0x0000000000000000, Narrow klass shift: 3, Narrow klass range: 0x140000000

GC Precious Log:
 CPUs: 4 total, 4 available
 Memory: 8082M
 Large Page Support: Disabled
 NUMA Support: Disabled
 Compressed Oops: Enabled (32-bit)
 Alignments: Space 512K, Generation 512K, Heap 2M
 Heap Min Capacity: 100M
 Heap Initial Capacity: 100M
 Heap Max Capacity: 1G
 Pre-touch: Disabled
 Parallel Workers: 4

Heap:
 PSYoungGen      total 25600K, used 5142K [0x00000000eab00000, 0x00000000ec700000, 0x0000000100000000)
  eden space 24576K, 17% used [0x00000000eab00000,0x00000000eaf31478,0x00000000ec300000)
  from space 1024K, 82% used [0x00000000ec600000,0x00000000ec6d44a0,0x00000000ec700000)
  to   space 1024K, 0% used [0x00000000ec500000,0x00000000ec500000,0x00000000ec600000)
 ParOldGen       total 68608K, used 6950K [0x00000000c0000000, 0x00000000c4300000, 0x00000000eab00000)
  object space 68608K, 10% used [0x00000000c0000000,0x00000000c06c9b38,0x00000000c4300000)
 Metaspace       used 27613K, committed 28160K, reserved 1114112K
  class space    used 2665K, committed 2880K, reserved 1048576K

Card table byte_map: [0x0000025a7c800000,0x0000025a7ca10000] _byte_map_base: 0x0000025a7c200000

Marking Bits: (ParMarkBitMap*) 0x00007ffd1bfad7d0
 Begin Bits: [0x0000025a7cb70000, 0x0000025a7db70000)
 End Bits:   [0x0000025a7db70000, 0x0000025a7eb70000)

Polling page: 0x0000025a69010000

Metaspace:

Usage:
  Non-class:     24.36 MB used.
      Class:      2.60 MB used.
       Both:     26.97 MB used.

Virtual space:
  Non-class space:       64.00 MB reserved,      24.69 MB ( 39%) committed,  1 nodes.
      Class space:        1.00 GB reserved,       2.81 MB ( <1%) committed,  1 nodes.
             Both:        1.06 GB reserved,      27.50 MB (  3%) committed. 

Chunk freelists:
   Non-Class:  6.74 MB
       Class:  13.01 MB
        Both:  19.75 MB

MaxMetaspaceSize: unlimited
CompressedClassSpaceSize: 1.00 GB
Initial GC threshold: 21.00 MB
Current GC threshold: 35.00 MB
CDS: off
MetaspaceReclaimPolicy: balanced
 - commit_granule_bytes: 65536.
 - commit_granule_words: 8192.
 - virtual_space_node_default_size: 8388608.
 - enlarge_chunks_in_place: 1.
 - new_chunks_are_fully_committed: 0.
 - uncommit_free_chunks: 1.
 - use_allocation_guard: 0.
 - handle_deallocations: 1.


Internal statistics:

num_allocs_failed_limit: 3.
num_arena_births: 284.
num_arena_deaths: 14.
num_vsnodes_births: 2.
num_vsnodes_deaths: 0.
num_space_committed: 440.
num_space_uncommitted: 0.
num_chunks_returned_to_freelist: 24.
num_chunks_taken_from_freelist: 1049.
num_chunk_merges: 10.
num_chunk_splits: 689.
num_chunks_enlarged: 464.
num_inconsistent_stats: 0.

CodeHeap 'non-profiled nmethods': size=120000Kb used=986Kb max_used=986Kb free=119013Kb
 bounds [0x0000025a750f0000, 0x0000025a75360000, 0x0000025a7c620000]
CodeHeap 'profiled nmethods': size=120000Kb used=4922Kb max_used=4922Kb free=115077Kb
 bounds [0x0000025a6d620000, 0x0000025a6daf0000, 0x0000025a74b50000]
CodeHeap 'non-nmethods': size=5760Kb used=1230Kb max_used=1246Kb free=4530Kb
 bounds [0x0000025a74b50000, 0x0000025a74dc0000, 0x0000025a750f0000]
 total_blobs=2992 nmethods=2451 adapters=455
 compilation: enabled
              stopped_count=0, restarted_count=0
 full_count=0

Compilation events (20 events):
Event: 8.923 Thread 0x0000025a04131f50 2443       3       java.lang.Character::toUpperCase (6 bytes)
Event: 8.923 Thread 0x0000025a04131f50 nmethod 2443 0x0000025a6daea110 code [0x0000025a6daea2c0, 0x0000025a6daea518]
Event: 8.923 Thread 0x0000025a04131f50 2444       3       java.lang.Character::toUpperCase (9 bytes)
Event: 8.923 Thread 0x0000025a04131f50 nmethod 2444 0x0000025a6daea610 code [0x0000025a6daea7c0, 0x0000025a6daea9b8]
Event: 8.923 Thread 0x0000025a04131f50 2446       3       java.lang.ProcessEnvironment$NameComparator::compare (90 bytes)
Event: 8.925 Thread 0x0000025a04131f50 nmethod 2446 0x0000025a6daeaa90 code [0x0000025a6daeada0, 0x0000025a6daebfb8]
Event: 8.925 Thread 0x0000025a04131f50 2445       3       java.lang.ProcessEnvironment$NameComparator::compare (13 bytes)
Event: 8.925 Thread 0x0000025a04131f50 nmethod 2445 0x0000025a6daec890 code [0x0000025a6daeca40, 0x0000025a6daecd48]
Event: 8.999 Thread 0x0000025a04131f50 2447       3       java.lang.invoke.DirectMethodHandle$Holder::invokeStatic (14 bytes)
Event: 8.999 Thread 0x0000025a04131f50 nmethod 2447 0x0000025a6daece10 code [0x0000025a6daecfe0, 0x0000025a6daed3b8]
Event: 8.999 Thread 0x0000025a04131f50 2448       1       org.eclipse.core.internal.jobs.InternalJob::previous (5 bytes)
Event: 8.999 Thread 0x0000025a04131f50 nmethod 2448 0x0000025a751e6310 code [0x0000025a751e64a0, 0x0000025a751e6578]
Event: 8.999 Thread 0x0000025a04131f50 2452       1       java.util.concurrent.atomic.AtomicReference::set (6 bytes)
Event: 8.999 Thread 0x0000025a04131f50 nmethod 2452 0x0000025a751e6610 code [0x0000025a751e67a0, 0x0000025a751e6878]
Event: 8.999 Thread 0x0000025a04131f50 2449       3       java.lang.invoke.DirectMethodHandle$Holder::invokeStatic (17 bytes)
Event: 8.999 Thread 0x0000025a04131f50 nmethod 2449 0x0000025a6daed510 code [0x0000025a6daed6e0, 0x0000025a6daeda78]
Event: 9.000 Thread 0x0000025a04131f50 2450       3       java.lang.invoke.LambdaForm$MH/0x0000000100198800::invoke (32 bytes)
Event: 9.000 Thread 0x0000025a04131f50 nmethod 2450 0x0000025a6daedb90 code [0x0000025a6daedd60, 0x0000025a6daee158]
Event: 9.000 Thread 0x0000025a04131f50 2451       3       java.lang.invoke.DirectMethodHandle$Holder::invokeStatic (21 bytes)
Event: 9.000 Thread 0x0000025a04131f50 nmethod 2451 0x0000025a6daee290 code [0x0000025a6daee460, 0x0000025a6daee818]

GC Heap History (14 events):
Event: 2.883 GC heap before
{Heap before GC invocations=1 (full 0):
 PSYoungGen      total 29696K, used 25600K [0x00000000eab00000, 0x00000000ecc00000, 0x0000000100000000)
  eden space 25600K, 100% used [0x00000000eab00000,0x00000000ec400000,0x00000000ec400000)
  from space 4096K, 0% used [0x00000000ec800000,0x00000000ec800000,0x00000000ecc00000)
  to   space 4096K, 0% used [0x00000000ec400000,0x00000000ec400000,0x00000000ec800000)
 ParOldGen       total 68608K, used 0K [0x00000000c0000000, 0x00000000c4300000, 0x00000000eab00000)
  object space 68608K, 0% used [0x00000000c0000000,0x00000000c0000000,0x00000000c4300000)
 Metaspace       used 11014K, committed 11200K, reserved 1114112K
  class space    used 1098K, committed 1216K, reserved 1048576K
}
Event: 2.931 GC heap after
{Heap after GC invocations=1 (full 0):
 PSYoungGen      total 29696K, used 3156K [0x00000000eab00000, 0x00000000ecc00000, 0x0000000100000000)
  eden space 25600K, 0% used [0x00000000eab00000,0x00000000eab00000,0x00000000ec400000)
  from space 4096K, 77% used [0x00000000ec400000,0x00000000ec715130,0x00000000ec800000)
  to   space 4096K, 0% used [0x00000000ec800000,0x00000000ec800000,0x00000000ecc00000)
 ParOldGen       total 68608K, used 0K [0x00000000c0000000, 0x00000000c4300000, 0x00000000eab00000)
  object space 68608K, 0% used [0x00000000c0000000,0x00000000c0000000,0x00000000c4300000)
 Metaspace       used 11014K, committed 11200K, reserved 1114112K
  class space    used 1098K, committed 1216K, reserved 1048576K
}
Event: 6.333 GC heap before
{Heap before GC invocations=2 (full 0):
 PSYoungGen      total 29696K, used 28756K [0x00000000eab00000, 0x00000000ecc00000, 0x0000000100000000)
  eden space 25600K, 100% used [0x00000000eab00000,0x00000000ec400000,0x00000000ec400000)
  from space 4096K, 77% used [0x00000000ec400000,0x00000000ec715130,0x00000000ec800000)
  to   space 4096K, 0% used [0x00000000ec800000,0x00000000ec800000,0x00000000ecc00000)
 ParOldGen       total 68608K, used 0K [0x00000000c0000000, 0x00000000c4300000, 0x00000000eab00000)
  object space 68608K, 0% used [0x00000000c0000000,0x00000000c0000000,0x00000000c4300000)
 Metaspace       used 14971K, committed 15232K, reserved 1114112K
  class space    used 1520K, committed 1664K, reserved 1048576K
}
Event: 6.341 GC heap after
{Heap after GC invocations=2 (full 0):
 PSYoungGen      total 29696K, used 4067K [0x00000000eab00000, 0x00000000ecc00000, 0x0000000100000000)
  eden space 25600K, 0% used [0x00000000eab00000,0x00000000eab00000,0x00000000ec400000)
  from space 4096K, 99% used [0x00000000ec800000,0x00000000ecbf8df8,0x00000000ecc00000)
  to   space 4096K, 0% used [0x00000000ec400000,0x00000000ec400000,0x00000000ec800000)
 ParOldGen       total 68608K, used 752K [0x00000000c0000000, 0x00000000c4300000, 0x00000000eab00000)
  object space 68608K, 1% used [0x00000000c0000000,0x00000000c00bc010,0x00000000c4300000)
 Metaspace       used 14971K, committed 15232K, reserved 1114112K
  class space    used 1520K, committed 1664K, reserved 1048576K
}
Event: 7.259 GC heap before
{Heap before GC invocations=3 (full 0):
 PSYoungGen      total 29696K, used 29667K [0x00000000eab00000, 0x00000000ecc00000, 0x0000000100000000)
  eden space 25600K, 100% used [0x00000000eab00000,0x00000000ec400000,0x00000000ec400000)
  from space 4096K, 99% used [0x00000000ec800000,0x00000000ecbf8df8,0x00000000ecc00000)
  to   space 4096K, 0% used [0x00000000ec400000,0x00000000ec400000,0x00000000ec800000)
 ParOldGen       total 68608K, used 752K [0x00000000c0000000, 0x00000000c4300000, 0x00000000eab00000)
  object space 68608K, 1% used [0x00000000c0000000,0x00000000c00bc010,0x00000000c4300000)
 Metaspace       used 19955K, committed 20352K, reserved 1114112K
  class space    used 2034K, committed 2176K, reserved 1048576K
}
Event: 7.268 GC heap after
{Heap after GC invocations=3 (full 0):
 PSYoungGen      total 29696K, used 4090K [0x00000000eab00000, 0x00000000ecc00000, 0x0000000100000000)
  eden space 25600K, 0% used [0x00000000eab00000,0x00000000eab00000,0x00000000ec400000)
  from space 4096K, 99% used [0x00000000ec400000,0x00000000ec7feac0,0x00000000ec800000)
  to   space 4096K, 0% used [0x00000000ec800000,0x00000000ec800000,0x00000000ecc00000)
 ParOldGen       total 68608K, used 2699K [0x00000000c0000000, 0x00000000c4300000, 0x00000000eab00000)
  object space 68608K, 3% used [0x00000000c0000000,0x00000000c02a2dc8,0x00000000c4300000)
 Metaspace       used 19955K, committed 20352K, reserved 1114112K
  class space    used 2034K, committed 2176K, reserved 1048576K
}
Event: 7.874 GC heap before
{Heap before GC invocations=4 (full 0):
 PSYoungGen      total 29696K, used 10633K [0x00000000eab00000, 0x00000000ecc00000, 0x0000000100000000)
  eden space 25600K, 25% used [0x00000000eab00000,0x00000000eb163b68,0x00000000ec400000)
  from space 4096K, 99% used [0x00000000ec400000,0x00000000ec7feac0,0x00000000ec800000)
  to   space 4096K, 0% used [0x00000000ec800000,0x00000000ec800000,0x00000000ecc00000)
 ParOldGen       total 68608K, used 2699K [0x00000000c0000000, 0x00000000c4300000, 0x00000000eab00000)
  object space 68608K, 3% used [0x00000000c0000000,0x00000000c02a2dc8,0x00000000c4300000)
 Metaspace       used 21012K, committed 21504K, reserved 1114112K
  class space    used 2142K, committed 2368K, reserved 1048576K
}
Event: 7.880 GC heap after
{Heap after GC invocations=4 (full 0):
 PSYoungGen      total 29696K, used 4084K [0x00000000eab00000, 0x00000000ecc00000, 0x0000000100000000)
  eden space 25600K, 0% used [0x00000000eab00000,0x00000000eab00000,0x00000000ec400000)
  from space 4096K, 99% used [0x00000000ec800000,0x00000000ecbfd290,0x00000000ecc00000)
  to   space 4096K, 0% used [0x00000000ec400000,0x00000000ec400000,0x00000000ec800000)
 ParOldGen       total 68608K, used 2963K [0x00000000c0000000, 0x00000000c4300000, 0x00000000eab00000)
  object space 68608K, 4% used [0x00000000c0000000,0x00000000c02e4dd8,0x00000000c4300000)
 Metaspace       used 21012K, committed 21504K, reserved 1114112K
  class space    used 2142K, committed 2368K, reserved 1048576K
}
Event: 7.880 GC heap before
{Heap before GC invocations=5 (full 1):
 PSYoungGen      total 29696K, used 4084K [0x00000000eab00000, 0x00000000ecc00000, 0x0000000100000000)
  eden space 25600K, 0% used [0x00000000eab00000,0x00000000eab00000,0x00000000ec400000)
  from space 4096K, 99% used [0x00000000ec800000,0x00000000ecbfd290,0x00000000ecc00000)
  to   space 4096K, 0% used [0x00000000ec400000,0x00000000ec400000,0x00000000ec800000)
 ParOldGen       total 68608K, used 2963K [0x00000000c0000000, 0x00000000c4300000, 0x00000000eab00000)
  object space 68608K, 4% used [0x00000000c0000000,0x00000000c02e4dd8,0x00000000c4300000)
 Metaspace       used 21012K, committed 21504K, reserved 1114112K
  class space    used 2142K, committed 2368K, reserved 1048576K
}
Event: 7.909 GC heap after
{Heap after GC invocations=5 (full 1):
 PSYoungGen      total 29696K, used 0K [0x00000000eab00000, 0x00000000ecc00000, 0x0000000100000000)
  eden space 25600K, 0% used [0x00000000eab00000,0x00000000eab00000,0x00000000ec400000)
  from space 4096K, 0% used [0x00000000ec800000,0x00000000ec800000,0x00000000ecc00000)
  to   space 4096K, 0% used [0x00000000ec400000,0x00000000ec400000,0x00000000ec800000)
 ParOldGen       total 68608K, used 6934K [0x00000000c0000000, 0x00000000c4300000, 0x00000000eab00000)
  object space 68608K, 10% used [0x00000000c0000000,0x00000000c06c5b38,0x00000000c4300000)
 Metaspace       used 20998K, committed 21504K, reserved 1114112K
  class space    used 2139K, committed 2368K, reserved 1048576K
}
Event: 8.267 GC heap before
{Heap before GC invocations=6 (full 1):
 PSYoungGen      total 29696K, used 25600K [0x00000000eab00000, 0x00000000ecc00000, 0x0000000100000000)
  eden space 25600K, 100% used [0x00000000eab00000,0x00000000ec400000,0x00000000ec400000)
  from space 4096K, 0% used [0x00000000ec800000,0x00000000ec800000,0x00000000ecc00000)
  to   space 4096K, 0% used [0x00000000ec400000,0x00000000ec400000,0x00000000ec800000)
 ParOldGen       total 68608K, used 6934K [0x00000000c0000000, 0x00000000c4300000, 0x00000000eab00000)
  object space 68608K, 10% used [0x00000000c0000000,0x00000000c06c5b38,0x00000000c4300000)
 Metaspace       used 24019K, committed 24448K, reserved 1114112K
  class space    used 2363K, committed 2560K, reserved 1048576K
}
Event: 8.269 GC heap after
{Heap after GC invocations=6 (full 1):
 PSYoungGen      total 26112K, used 637K [0x00000000eab00000, 0x00000000ec880000, 0x0000000100000000)
  eden space 25088K, 0% used [0x00000000eab00000,0x00000000eab00000,0x00000000ec380000)
  from space 1024K, 62% used [0x00000000ec400000,0x00000000ec49f778,0x00000000ec500000)
  to   space 2560K, 0% used [0x00000000ec600000,0x00000000ec600000,0x00000000ec880000)
 ParOldGen       total 68608K, used 6942K [0x00000000c0000000, 0x00000000c4300000, 0x00000000eab00000)
  object space 68608K, 10% used [0x00000000c0000000,0x00000000c06c7b38,0x00000000c4300000)
 Metaspace       used 24019K, committed 24448K, reserved 1114112K
  class space    used 2363K, committed 2560K, reserved 1048576K
}
Event: 8.793 GC heap before
{Heap before GC invocations=7 (full 1):
 PSYoungGen      total 26112K, used 25725K [0x00000000eab00000, 0x00000000ec880000, 0x0000000100000000)
  eden space 25088K, 100% used [0x00000000eab00000,0x00000000ec380000,0x00000000ec380000)
  from space 1024K, 62% used [0x00000000ec400000,0x00000000ec49f778,0x00000000ec500000)
  to   space 2560K, 0% used [0x00000000ec600000,0x00000000ec600000,0x00000000ec880000)
 ParOldGen       total 68608K, used 6942K [0x00000000c0000000, 0x00000000c4300000, 0x00000000eab00000)
  object space 68608K, 10% used [0x00000000c0000000,0x00000000c06c7b38,0x00000000c4300000)
 Metaspace       used 26816K, committed 27328K, reserved 1114112K
  class space    used 2580K, committed 2816K, reserved 1048576K
}
Event: 8.795 GC heap after
{Heap after GC invocations=7 (full 1):
 PSYoungGen      total 25600K, used 849K [0x00000000eab00000, 0x00000000ec700000, 0x0000000100000000)
  eden space 24576K, 0% used [0x00000000eab00000,0x00000000eab00000,0x00000000ec300000)
  from space 1024K, 82% used [0x00000000ec600000,0x00000000ec6d44a0,0x00000000ec700000)
  to   space 1024K, 0% used [0x00000000ec500000,0x00000000ec500000,0x00000000ec600000)
 ParOldGen       total 68608K, used 6950K [0x00000000c0000000, 0x00000000c4300000, 0x00000000eab00000)
  object space 68608K, 10% used [0x00000000c0000000,0x00000000c06c9b38,0x00000000c4300000)
 Metaspace       used 26816K, committed 27328K, reserved 1114112K
  class space    used 2580K, committed 2816K, reserved 1048576K
}

Dll operation events (9 events):
Event: 0.026 Loaded shared library c:\Users\User\.vscode\extensions\redhat.java-1.27.0-win32-x64\jre\17.0.10-win32-x86_64\bin\java.dll
Event: 0.466 Loaded shared library c:\Users\User\.vscode\extensions\redhat.java-1.27.0-win32-x64\jre\17.0.10-win32-x86_64\bin\zip.dll
Event: 0.472 Loaded shared library C:\Users\User\.vscode\extensions\redhat.java-1.27.0-win32-x64\jre\17.0.10-win32-x86_64\bin\instrument.dll
Event: 0.506 Loaded shared library C:\Users\User\.vscode\extensions\redhat.java-1.27.0-win32-x64\jre\17.0.10-win32-x86_64\bin\net.dll
Event: 0.627 Loaded shared library C:\Users\User\.vscode\extensions\redhat.java-1.27.0-win32-x64\jre\17.0.10-win32-x86_64\bin\nio.dll
Event: 0.648 Loaded shared library C:\Users\User\.vscode\extensions\redhat.java-1.27.0-win32-x64\jre\17.0.10-win32-x86_64\bin\zip.dll
Event: 0.701 Loaded shared library C:\Users\User\.vscode\extensions\redhat.java-1.27.0-win32-x64\jre\17.0.10-win32-x86_64\bin\jimage.dll
Event: 0.895 Loaded shared library c:\Users\User\.vscode\extensions\redhat.java-1.27.0-win32-x64\jre\17.0.10-win32-x86_64\bin\verify.dll
Event: 5.759 Loaded shared library C:\Users\User\AppData\Roaming\Code\User\globalStorage\redhat.java\1.27.0\config_ss_win\org.eclipse.equinox.launcher\org.eclipse.equinox.launcher.win32.win32.x86_64_1.2.900.v20240129-1338\eclipse_11900.dll

Deoptimization events (20 events):
Event: 8.863 Thread 0x0000025a0541fd70 DEOPT PACKING pc=0x0000025a75137c74 sp=0x000000a3afff8850
Event: 8.863 Thread 0x0000025a0541fd70 DEOPT UNPACKING pc=0x0000025a74ba66a3 sp=0x000000a3afff8778 mode 2
Event: 8.868 Thread 0x0000025a0541fd70 DEOPT PACKING pc=0x0000025a6d71299e sp=0x000000a3afff8d70
Event: 8.868 Thread 0x0000025a0541fd70 DEOPT UNPACKING pc=0x0000025a74ba6e43 sp=0x000000a3afff8268 mode 0
Event: 8.869 Thread 0x0000025a0541fd70 DEOPT PACKING pc=0x0000025a6d71299e sp=0x000000a3afff8d70
Event: 8.869 Thread 0x0000025a0541fd70 DEOPT UNPACKING pc=0x0000025a74ba6e43 sp=0x000000a3afff8268 mode 0
Event: 8.870 Thread 0x0000025a0541fd70 DEOPT PACKING pc=0x0000025a6d71299e sp=0x000000a3afff8d70
Event: 8.870 Thread 0x0000025a0541fd70 DEOPT UNPACKING pc=0x0000025a74ba6e43 sp=0x000000a3afff8268 mode 0
Event: 8.902 Thread 0x0000025a0541fd70 Uncommon trap: trap_request=0xffffffcc fr.pc=0x0000025a751e28bc relative=0x000000000000031c
Event: 8.902 Thread 0x0000025a0541fd70 Uncommon trap: reason=intrinsic_or_type_checked_inlining action=make_not_entrant pc=0x0000025a751e28bc method=java.util.Arrays.copyOf([Ljava/lang/Object;ILjava/lang/Class;)[Ljava/lang/Object; @ 35 c2
Event: 8.902 Thread 0x0000025a0541fd70 DEOPT PACKING pc=0x0000025a751e28bc sp=0x000000a3afffe190
Event: 8.902 Thread 0x0000025a0541fd70 DEOPT UNPACKING pc=0x0000025a74ba66a3 sp=0x000000a3afffe120 mode 2
Event: 8.922 Thread 0x0000025a0541fd70 Uncommon trap: trap_request=0xffffffc6 fr.pc=0x0000025a7517b898 relative=0x0000000000000978
Event: 8.922 Thread 0x0000025a0541fd70 Uncommon trap: reason=bimorphic_or_optimized_type_check action=maybe_recompile pc=0x0000025a7517b898 method=java.util.HashMap.putVal(ILjava/lang/Object;Ljava/lang/Object;ZZ)Ljava/lang/Object; @ 56 c2
Event: 8.922 Thread 0x0000025a0541fd70 DEOPT PACKING pc=0x0000025a7517b898 sp=0x000000a3afffdb80
Event: 8.922 Thread 0x0000025a0541fd70 DEOPT UNPACKING pc=0x0000025a74ba66a3 sp=0x000000a3afffda80 mode 2
Event: 8.922 Thread 0x0000025a0541fd70 Uncommon trap: trap_request=0xffffffc6 fr.pc=0x0000025a7517b898 relative=0x0000000000000978
Event: 8.922 Thread 0x0000025a0541fd70 Uncommon trap: reason=bimorphic_or_optimized_type_check action=maybe_recompile pc=0x0000025a7517b898 method=java.util.HashMap.putVal(ILjava/lang/Object;Ljava/lang/Object;ZZ)Ljava/lang/Object; @ 56 c2
Event: 8.922 Thread 0x0000025a0541fd70 DEOPT PACKING pc=0x0000025a7517b898 sp=0x000000a3afffdb80
Event: 8.922 Thread 0x0000025a0541fd70 DEOPT UNPACKING pc=0x0000025a74ba66a3 sp=0x000000a3afffda80 mode 2

Classes unloaded (7 events):
Event: 7.886 Thread 0x0000025a7eefca40 Unloading class 0x0000000100222800 'java/lang/invoke/LambdaForm$MH+0x0000000100222800'
Event: 7.886 Thread 0x0000025a7eefca40 Unloading class 0x0000000100222400 'java/lang/invoke/LambdaForm$MH+0x0000000100222400'
Event: 7.886 Thread 0x0000025a7eefca40 Unloading class 0x0000000100222000 'java/lang/invoke/LambdaForm$MH+0x0000000100222000'
Event: 7.886 Thread 0x0000025a7eefca40 Unloading class 0x0000000100221c00 'java/lang/invoke/LambdaForm$MH+0x0000000100221c00'
Event: 7.886 Thread 0x0000025a7eefca40 Unloading class 0x0000000100221800 'java/lang/invoke/LambdaForm$BMH+0x0000000100221800'
Event: 7.886 Thread 0x0000025a7eefca40 Unloading class 0x0000000100221400 'java/lang/invoke/LambdaForm$DMH+0x0000000100221400'
Event: 7.886 Thread 0x0000025a7eefca40 Unloading class 0x000000010021c800 'java/lang/invoke/LambdaForm$DMH+0x000000010021c800'

Classes redefined (0 events):
No events

Internal exceptions (20 events):
Event: 7.216 Thread 0x0000025a0541fd70 Exception <a 'java/io/FileNotFoundException'{0x00000000ec2b29f8}> (0x00000000ec2b29f8) 
thrown [s\src\hotspot\share\prims\jni.cpp, line 516]
Event: 7.218 Thread 0x0000025a0541fd70 Exception <a 'java/io/FileNotFoundException'{0x00000000ec2b95f8}> (0x00000000ec2b95f8) 
thrown [s\src\hotspot\share\prims\jni.cpp, line 516]
Event: 7.625 Thread 0x0000025a0541fd70 Exception <a 'java/lang/NoSuchMethodError'{0x00000000eacab7c8}: 'java.lang.Object java.lang.invoke.DirectMethodHandle$Holder.newInvokeSpecial(java.lang.Object, java.lang.Object, java.lang.Object, java.lang.Object, java.lang.Object)'> (0x00000000eacab7c8) 
thrown [s\src\hotspot\share\interpreter\linkResolver.cpp, line 759]
Event: 7.836 Thread 0x0000025a0541fd70 Exception <a 'java/lang/NoSuchMethodError'{0x00000000eb025648}: 'java.lang.Object java.lang.invoke.DirectMethodHandle$Holder.invokeSpecial(java.lang.Object, java.lang.Object, java.lang.Object, long, java.lang.Object)'> (0x00000000eb025648) 
thrown [s\src\hotspot\share\interpreter\linkResolver.cpp, line 759]
Event: 7.837 Thread 0x0000025a0541fd70 Exception <a 'java/lang/NoSuchMethodError'{0x00000000eb02d800}: 'java.lang.Object java.lang.invoke.DirectMethodHandle$Holder.newInvokeSpecial(java.lang.Object, java.lang.Object, java.lang.Object, long)'> (0x00000000eb02d800) 
thrown [s\src\hotspot\share\interpreter\linkResolver.cpp, line 759]
Event: 7.838 Thread 0x0000025a0541fd70 Exception <a 'java/lang/NoSuchMethodError'{0x00000000eb031da0}: 'java.lang.Object java.lang.invoke.DirectMethodHandle$Holder.invokeSpecial(java.lang.Object, java.lang.Object, java.lang.Object, java.lang.Object, long)'> (0x00000000eb031da0) 
thrown [s\src\hotspot\share\interpreter\linkResolver.cpp, line 759]
Event: 7.838 Thread 0x0000025a0541fd70 Exception <a 'java/lang/NoSuchMethodError'{0x00000000eb035c18}: 'java.lang.Object java.lang.invoke.Invokers$Holder.linkToTargetMethod(java.lang.Object, java.lang.Object, long, java.lang.Object)'> (0x00000000eb035c18) 
thrown [s\src\hotspot\share\interpreter\linkResolver.cpp, line 759]
Event: 7.852 Thread 0x0000025a0541fd70 Exception <a 'java/lang/NoSuchMethodError'{0x00000000eb0b3f30}: 'int java.lang.invoke.DirectMethodHandle$Holder.invokeStaticInit(java.lang.Object, java.lang.Object, java.lang.Object)'> (0x00000000eb0b3f30) 
thrown [s\src\hotspot\share\interpreter\linkResolver.cpp, line 759]
Event: 7.863 Thread 0x0000025a0541fd70 Exception <a 'java/lang/IncompatibleClassChangeError'{0x00000000eb11fce8}: Found class java.lang.Object, but interface was expected> (0x00000000eb11fce8) 
thrown [s\src\hotspot\share\interpreter\linkResolver.cpp, line 826]
Event: 7.874 Thread 0x0000025a0541fd70 Exception <a 'java/lang/NoSuchMethodError'{0x00000000eb135b18}: 'java.lang.Object java.lang.invoke.DirectMethodHandle$Holder.invokeSpecial(java.lang.Object, java.lang.Object, java.lang.Object, int, java.lang.Object, java.lang.Object)'> (0x00000000eb135b18) 
thrown [s\src\hotspot\share\interpreter\linkResolver.cpp, line 759]
Event: 7.925 Thread 0x0000025a0541fd70 Exception <a 'java/lang/NoSuchMethodError'{0x00000000eab04d58}: 'java.lang.Object java.lang.invoke.DirectMethodHandle$Holder.newInvokeSpecial(java.lang.Object, java.lang.Object, java.lang.Object, int, java.lang.Object)'> (0x00000000eab04d58) 
thrown [s\src\hotspot\share\interpreter\linkResolver.cpp, line 759]
Event: 7.927 Thread 0x0000025a0541fd70 Exception <a 'java/lang/NoSuchMethodError'{0x00000000eab091b0}: 'java.lang.Object java.lang.invoke.DirectMethodHandle$Holder.invokeSpecial(java.lang.Object, java.lang.Object, java.lang.Object, java.lang.Object, int, java.lang.Object)'> (0x00000000eab091b0) 
thrown [s\src\hotspot\share\interpreter\linkResolver.cpp, line 759]
Event: 7.930 Thread 0x0000025a04f1ff90 Exception <a 'java/lang/NoSuchMethodError'{0x00000000eab94820}: 'java.lang.Object java.lang.invoke.DirectMethodHandle$Holder.invokeSpecial(java.lang.Object, java.lang.Object, int, java.lang.Object, java.lang.Object)'> (0x00000000eab94820) 
thrown [s\src\hotspot\share\interpreter\linkResolver.cpp, line 759]
Event: 7.931 Thread 0x0000025a04f1ff90 Exception <a 'java/lang/NoSuchMethodError'{0x00000000eab9bef0}: 'java.lang.Object java.lang.invoke.DirectMethodHandle$Holder.newInvokeSpecial(java.lang.Object, java.lang.Object, int, java.lang.Object)'> (0x00000000eab9bef0) 
thrown [s\src\hotspot\share\interpreter\linkResolver.cpp, line 759]
Event: 7.932 Thread 0x0000025a04f1ff90 Exception <a 'java/lang/NoSuchMethodError'{0x00000000eab9fa00}: 'java.lang.Object java.lang.invoke.DirectMethodHandle$Holder.invokeSpecial(java.lang.Object, java.lang.Object, java.lang.Object, int, java.lang.Object)'> (0x00000000eab9fa00) 
thrown [s\src\hotspot\share\interpreter\linkResolver.cpp, line 759]
Event: 8.407 Thread 0x0000025a0541fd70 Implicit null exception at 0x0000025a751d3f48 to 0x0000025a751d3ff8
Event: 8.861 Thread 0x0000025a0541fd70 Exception <a 'java/lang/ClassNotFoundException'{0x00000000eac4aae8}: com/sun/org/apache/xerces/internal/impl/msg/spi/DOMMessagesProvider> (0x00000000eac4aae8) 
thrown [s\src\hotspot\share\classfile\systemDictionary.cpp, line 256]
Event: 8.866 Thread 0x0000025a0541fd70 Exception <a 'java/lang/ClassNotFoundException'{0x00000000eac770f0}: com/sun/org/apache/xerces/internal/impl/msg/spi/XMLSerializerMessagesProvider> (0x00000000eac770f0) 
thrown [s\src\hotspot\share\classfile\systemDictionary.cpp, line 256]
Event: 8.867 Thread 0x0000025a0541fd70 Exception <a 'java/lang/ClassNotFoundException'{0x00000000eac84328}: com/sun/org/apache/xerces/internal/impl/msg/spi/XMLMessagesProvider> (0x00000000eac84328) 
thrown [s\src\hotspot\share\classfile\systemDictionary.cpp, line 256]
Event: 8.911 Thread 0x0000025a0541fd70 Exception <a 'java/lang/NoSuchMethodError'{0x00000000eae68538}: 'java.lang.Object java.lang.invoke.DirectMethodHandle$Holder.newInvokeSpecial(java.lang.Object, int, java.lang.Object, java.lang.Object)'> (0x00000000eae68538) 
thrown [s\src\hotspot\share\interpreter\linkResolver.cpp, line 759]

VM Operations (20 events):
Event: 6.333 Executing VM operation: ParallelGCFailedAllocation
Event: 6.342 Executing VM operation: ParallelGCFailedAllocation done
Event: 6.830 Executing VM operation: HandshakeAllThreads
Event: 6.830 Executing VM operation: HandshakeAllThreads done
Event: 7.041 Executing VM operation: HandshakeAllThreads
Event: 7.041 Executing VM operation: HandshakeAllThreads done
Event: 7.259 Executing VM operation: ParallelGCFailedAllocation
Event: 7.268 Executing VM operation: ParallelGCFailedAllocation done
Event: 7.874 Executing VM operation: CollectForMetadataAllocation
Event: 7.909 Executing VM operation: CollectForMetadataAllocation done
Event: 7.951 Executing VM operation: HandshakeAllThreads
Event: 7.951 Executing VM operation: HandshakeAllThreads done
Event: 8.267 Executing VM operation: ParallelGCFailedAllocation
Event: 8.269 Executing VM operation: ParallelGCFailedAllocation done
Event: 8.765 Executing VM operation: HandshakeAllThreads
Event: 8.765 Executing VM operation: HandshakeAllThreads done
Event: 8.793 Executing VM operation: ParallelGCFailedAllocation
Event: 8.795 Executing VM operation: ParallelGCFailedAllocation done
Event: 8.914 Executing VM operation: HandshakeAllThreads
Event: 8.921 Executing VM operation: HandshakeAllThreads done

Events (20 events):
Event: 8.871 loading class com/sun/org/apache/xerces/internal/impl/msg/XMLMessages_en done
Event: 8.871 loading class com/sun/org/apache/xerces/internal/impl/msg/XMLMessages_en
Event: 8.871 loading class com/sun/org/apache/xerces/internal/impl/msg/XMLMessages_en done
Event: 8.872 loading class com/sun/org/apache/xerces/internal/impl/msg/XMLMessages_en_IN
Event: 8.872 loading class com/sun/org/apache/xerces/internal/impl/msg/XMLMessages_en_IN done
Event: 8.872 loading class com/sun/org/apache/xerces/internal/impl/msg/XMLMessages_en_IN
Event: 8.872 loading class com/sun/org/apache/xerces/internal/impl/msg/XMLMessages_en_IN done
Event: 8.892 Thread 0x0000025a04f21df0 Thread added: 0x0000025a04f21df0
Event: 8.913 loading class java/lang/ProcessEnvironment
Event: 8.913 loading class java/lang/ProcessEnvironment done
Event: 8.921 loading class java/lang/ProcessEnvironment$NameComparator
Event: 8.922 loading class java/lang/ProcessEnvironment$NameComparator done
Event: 8.922 loading class java/lang/ProcessEnvironment$EntryComparator
Event: 8.922 loading class java/lang/ProcessEnvironment$EntryComparator done
Event: 8.922 loading class java/lang/ProcessEnvironment$CheckedEntrySet
Event: 8.922 loading class java/lang/ProcessEnvironment$CheckedEntrySet done
Event: 8.922 loading class java/lang/ProcessEnvironment$CheckedEntrySet$1
Event: 8.923 loading class java/lang/ProcessEnvironment$CheckedEntrySet$1 done
Event: 8.923 loading class java/lang/ProcessEnvironment$CheckedEntry
Event: 8.923 loading class java/lang/ProcessEnvironment$CheckedEntry done


Dynamic libraries:
0x00007ff78d740000 - 0x00007ff78d74e000 	c:\Users\User\.vscode\extensions\redhat.java-1.27.0-win32-x64\jre\17.0.10-win32-x86_64\bin\java.exe
0x00007ffd716d0000 - 0x00007ffd718c8000 	C:\WINDOWS\SYSTEM32\ntdll.dll
0x00007ffd71300000 - 0x00007ffd713bf000 	C:\WINDOWS\System32\KERNEL32.DLL
0x00007ffd6f120000 - 0x00007ffd6f416000 	C:\WINDOWS\System32\KERNELBASE.dll
0x00007ffd6eec0000 - 0x00007ffd6efc0000 	C:\WINDOWS\System32\ucrtbase.dll
0x00007ffd6a880000 - 0x00007ffd6a897000 	c:\Users\User\.vscode\extensions\redhat.java-1.27.0-win32-x64\jre\17.0.10-win32-x86_64\bin\jli.dll
0x00007ffd70810000 - 0x00007ffd709ad000 	C:\WINDOWS\System32\USER32.dll
0x00007ffd6efd0000 - 0x00007ffd6eff2000 	C:\WINDOWS\System32\win32u.dll
0x00007ffd71510000 - 0x00007ffd7153c000 	C:\WINDOWS\System32\GDI32.dll
0x00007ffd6f000000 - 0x00007ffd6f115000 	C:\WINDOWS\System32\gdi32full.dll
0x00007ffd6e810000 - 0x00007ffd6e8ad000 	C:\WINDOWS\System32\msvcp_win.dll
0x00007ffd69f10000 - 0x00007ffd69f2b000 	c:\Users\User\.vscode\extensions\redhat.java-1.27.0-win32-x64\jre\17.0.10-win32-x86_64\bin\VCRUNTIME140.dll
0x00007ffd602f0000 - 0x00007ffd6058a000 	C:\WINDOWS\WinSxS\amd64_microsoft.windows.common-controls_6595b64144ccf1df_6.0.19041.1110_none_60b5254171f9507e\COMCTL32.dll
0x00007ffd6f660000 - 0x00007ffd6f6fe000 	C:\WINDOWS\System32\msvcrt.dll
0x00007ffd70d50000 - 0x00007ffd70d80000 	C:\WINDOWS\System32\IMM32.DLL
0x00007ffd6a8c0000 - 0x00007ffd6a8cc000 	c:\Users\User\.vscode\extensions\redhat.java-1.27.0-win32-x64\jre\17.0.10-win32-x86_64\bin\vcruntime140_1.dll
0x00007ffd49130000 - 0x00007ffd491bd000 	c:\Users\User\.vscode\extensions\redhat.java-1.27.0-win32-x64\jre\17.0.10-win32-x86_64\bin\msvcp140.dll
0x00007ffd1b410000 - 0x00007ffd1c072000 	c:\Users\User\.vscode\extensions\redhat.java-1.27.0-win32-x64\jre\17.0.10-win32-x86_64\bin\server\jvm.dll
0x00007ffd713e0000 - 0x00007ffd7148f000 	C:\WINDOWS\System32\ADVAPI32.dll
0x00007ffd6fe60000 - 0x00007ffd6fefc000 	C:\WINDOWS\System32\sechost.dll
0x00007ffd70e40000 - 0x00007ffd70f66000 	C:\WINDOWS\System32\RPCRT4.dll
0x00007ffd6fe50000 - 0x00007ffd6fe59000 	C:\WINDOWS\System32\WSOCK32.dll
0x00007ffd71490000 - 0x00007ffd714fb000 	C:\WINDOWS\System32\WS2_32.dll
0x00007ffd70e30000 - 0x00007ffd70e3a000 	C:\WINDOWS\System32\VERSION.dll
0x00007ffd6e610000 - 0x00007ffd6e65b000 	C:\WINDOWS\SYSTEM32\POWRPROF.dll
0x00007ffd5ffc0000 - 0x00007ffd5ffe7000 	C:\WINDOWS\SYSTEM32\WINMM.dll
0x00007ffd6e5f0000 - 0x00007ffd6e602000 	C:\WINDOWS\SYSTEM32\UMPDC.dll
0x00007ffd6c5a0000 - 0x00007ffd6c5b2000 	C:\WINDOWS\SYSTEM32\kernel.appcore.dll
0x00007ffd6a2c0000 - 0x00007ffd6a2ca000 	c:\Users\User\.vscode\extensions\redhat.java-1.27.0-win32-x64\jre\17.0.10-win32-x86_64\bin\jimage.dll
0x00007ffd58ae0000 - 0x00007ffd58cc4000 	C:\WINDOWS\SYSTEM32\DBGHELP.DLL
0x00007ffd58aa0000 - 0x00007ffd58ad4000 	C:\WINDOWS\SYSTEM32\dbgcore.DLL
0x00007ffd6ee00000 - 0x00007ffd6ee82000 	C:\WINDOWS\System32\bcryptPrimitives.dll
0x00007ffd64e10000 - 0x00007ffd64e1e000 	c:\Users\User\.vscode\extensions\redhat.java-1.27.0-win32-x64\jre\17.0.10-win32-x86_64\bin\instrument.dll
0x00007ffd55c10000 - 0x00007ffd55c35000 	c:\Users\User\.vscode\extensions\redhat.java-1.27.0-win32-x64\jre\17.0.10-win32-x86_64\bin\java.dll
0x00007ffd63d60000 - 0x00007ffd63d78000 	c:\Users\User\.vscode\extensions\redhat.java-1.27.0-win32-x64\jre\17.0.10-win32-x86_64\bin\zip.dll
0x00007ffd70050000 - 0x00007ffd70794000 	C:\WINDOWS\System32\SHELL32.dll
0x00007ffd6c880000 - 0x00007ffd6d013000 	C:\WINDOWS\SYSTEM32\windows.storage.dll
0x00007ffd70f90000 - 0x00007ffd712e4000 	C:\WINDOWS\System32\combase.dll
0x00007ffd6e180000 - 0x00007ffd6e1ae000 	C:\WINDOWS\SYSTEM32\Wldp.dll
0x00007ffd6ffa0000 - 0x00007ffd7004d000 	C:\WINDOWS\System32\SHCORE.dll
0x00007ffd715d0000 - 0x00007ffd71625000 	C:\WINDOWS\System32\shlwapi.dll
0x00007ffd6e6e0000 - 0x00007ffd6e6ff000 	C:\WINDOWS\SYSTEM32\profapi.dll
0x00007ffd61070000 - 0x00007ffd61089000 	C:\Users\User\.vscode\extensions\redhat.java-1.27.0-win32-x64\jre\17.0.10-win32-x86_64\bin\net.dll
0x00007ffd66520000 - 0x00007ffd6662a000 	C:\WINDOWS\SYSTEM32\WINHTTP.dll
0x00007ffd5c6a0000 - 0x00007ffd5c844000 	C:\WINDOWS\system32\mwtsp.dll
0x00007ffd6f500000 - 0x00007ffd6f62a000 	C:\WINDOWS\System32\ole32.dll
0x00007ffd6e660000 - 0x00007ffd6e692000 	C:\WINDOWS\SYSTEM32\SspiCli.dll
0x00007ffd6dee0000 - 0x00007ffd6df4a000 	C:\WINDOWS\system32\mswsock.dll
0x00007ffd54d60000 - 0x00007ffd54d76000 	C:\Users\User\.vscode\extensions\redhat.java-1.27.0-win32-x64\jre\17.0.10-win32-x86_64\bin\nio.dll
0x00007ffd64e00000 - 0x00007ffd64e10000 	c:\Users\User\.vscode\extensions\redhat.java-1.27.0-win32-x64\jre\17.0.10-win32-x86_64\bin\verify.dll
0x00007ffd55bd0000 - 0x00007ffd55c0e000 	C:\Users\User\AppData\Roaming\Code\User\globalStorage\redhat.java\1.27.0\config_ss_win\org.eclipse.equinox.launcher\org.eclipse.equinox.launcher.win32.win32.x86_64_1.2.900.v20240129-1338\eclipse_11900.dll

dbghelp: loaded successfully - version: 4.0.5 - missing functions: none
symbol engine: initialized successfully - sym options: 0x614 - pdb path: .;c:\Users\User\.vscode\extensions\redhat.java-1.27.0-win32-x64\jre\17.0.10-win32-x86_64\bin;C:\WINDOWS\SYSTEM32;C:\WINDOWS\WinSxS\amd64_microsoft.windows.common-controls_6595b64144ccf1df_6.0.19041.1110_none_60b5254171f9507e;c:\Users\User\.vscode\extensions\redhat.java-1.27.0-win32-x64\jre\17.0.10-win32-x86_64\bin\server;C:\Users\User\AppData\Roaming\Code\User\globalStorage\redhat.java\1.27.0\config_ss_win\org.eclipse.equinox.launcher\org.eclipse.equinox.launcher.win32.win32.x86_64_1.2.900.v20240129-1338

VM Arguments:
jvm_args: --add-modules=ALL-SYSTEM --add-opens=java.base/java.util=ALL-UNNAMED --add-opens=java.base/java.lang=ALL-UNNAMED --add-opens=java.base/sun.nio.fs=ALL-UNNAMED -Declipse.application=org.eclipse.jdt.ls.core.id1 -Dosgi.bundles.defaultStartLevel=4 -Declipse.product=org.eclipse.jdt.ls.core.product -Djava.import.generatesMetadataFilesAtProjectRoot=false -DDetectVMInstallationsJob.disabled=true -Dfile.encoding=utf8 -XX:+UseParallelGC -XX:GCTimeRatio=4 -XX:AdaptiveSizePolicyWeight=90 -Dsun.zip.disableMemoryMapping=true -Xmx1G -Xms100m -Xlog:disable -javaagent:c:\Users\User\.vscode\extensions\redhat.java-1.27.0-win32-x64\lombok\lombok-1.18.31.jar 
java_command: c:\Users\User\.vscode\extensions\redhat.java-1.27.0-win32-x64\server\plugins\org.eclipse.equinox.launcher_1.6.700.v20231214-2017.jar -configuration c:\Users\User\AppData\Roaming\Code\User\globalStorage\redhat.java\1.27.0\config_ss_win -data c:\Users\User\AppData\Roaming\Code\User\workspaceStorage\fa6277eb2518f508ced274ced3ce914a\redhat.java\ss_ws --stdio
java_class_path (initial): c:\Users\User\.vscode\extensions\redhat.java-1.27.0-win32-x64\server\plugins\org.eclipse.equinox.launcher_1.6.700.v20231214-2017.jar
Launcher Type: SUN_STANDARD

[Global flags]
    uintx AdaptiveSizePolicyWeight                 = 90                                        {product} {command line}
     intx CICompilerCount                          = 3                                         {product} {ergonomic}
    uintx GCTimeRatio                              = 4                                         {product} {command line}
   size_t InitialHeapSize                          = 104857600                                 {product} {command line}
   size_t MaxHeapSize                              = 1073741824                                {product} {command line}
   size_t MaxNewSize                               = 357564416                                 {product} {ergonomic}
   size_t MinHeapDeltaBytes                        = 524288                                    {product} {ergonomic}
   size_t MinHeapSize                              = 104857600                                 {product} {command line}
   size_t NewSize                                  = 34603008                                  {product} {ergonomic}
    uintx NonNMethodCodeHeapSize                   = 5832780                                {pd product} {ergonomic}
    uintx NonProfiledCodeHeapSize                  = 122912730                              {pd product} {ergonomic}
   size_t OldSize                                  = 70254592                                  {product} {ergonomic}
    uintx ProfiledCodeHeapSize                     = 122912730                              {pd product} {ergonomic}
    uintx ReservedCodeCacheSize                    = 251658240                              {pd product} {ergonomic}
     bool SegmentedCodeCache                       = true                                      {product} {ergonomic}
   size_t SoftMaxHeapSize                          = 1073741824                             {manageable} {ergonomic}
     bool UseCompressedClassPointers               = true                           {product lp64_product} {ergonomic}
     bool UseCompressedOops                        = true                           {product lp64_product} {ergonomic}
     bool UseLargePagesIndividualAllocation        = false                                  {pd product} {ergonomic}
     bool UseParallelGC                            = true                                      {product} {command line}

Logging:
Log output configuration:
 #0: stdout all=off uptime,level,tags
 #1: stderr all=off uptime,level,tags

Environment Variables:
JAVA_HOME=C:\Program Files\Java\jdk-15.0.2
CLASSPATH=C:\mysql-connector-java-8.0.29.jar;.;
PATH=C:\WINDOWS\system32;C:\WINDOWS;C:\WINDOWS\system32\Wbem;C:\Program Files\Common Files\Oracle\Java\javapath;C:\Program Files\Java\jdk-15.0.2\bin;C:\Program Files\Git\cmd;C:\ProgramData\Microsoft VS Code\bin;C:\Users\User\AppData\Local\Microsoft\WindowsApps;%IntelliJ IDEA Community Edition%;
USERNAME=User
OS=Windows_NT
PROCESSOR_IDENTIFIER=Intel64 Family 6 Model 58 Stepping 9, GenuineIntel
TMP=C:\Users\User\AppData\Local\Temp
TEMP=C:\Users\User\AppData\Local\Temp



Periodic native trim disabled


---------------  S Y S T E M  ---------------

OS:
 Windows 10 , 64 bit Build 19041 (10.0.19041.3031)
OS uptime: 0 days 0:44 hours

CPU: total 4 (initial active 4) (2 cores per cpu, 2 threads per core) family 6 model 58 stepping 9 microcode 0x21, cx8, cmov, fxsr, ht, mmx, sse, sse2, sse3, ssse3, sse4.1, sse4.2, popcnt, tsc, tscinvbit, avx, erms, clmul, vzeroupper, clflush
Processor Information for all 4 processors :
  Max Mhz: 3300, Current Mhz: 3300, Mhz Limit: 3300

Memory: 4k page, system-wide physical 8082M (1709M free)
TotalPageFile size 9682M (AvailPageFile size 2041M)
current process WorkingSet (physical memory assigned to process): 137M, peak: 137M
current process commit charge ("private bytes"): 232M, peak: 232M

vm_info: OpenJDK 64-Bit Server VM (17.0.10+7) for windows-amd64 JRE (17.0.10+7), built on Jan 16 2024 23:25:11 by "admin" with MS VC++ 16.10 / 16.11 (VS2019)

END.
