#
# A fatal error has been detected by the Java Runtime Environment:
#
#  EXCEPTION_ACCESS_VIOLATION (0xc0000005) at pc=0x00007ffd9d59a285, pid=12172, tid=4008
#
# JRE version: OpenJDK Runtime Environment JBR-17.0.9+7-1087.9-nomod (17.0.9+7) (build 17.0.9+7-b1087.9)
# Java VM: OpenJDK 64-Bit Server VM JBR-17.0.9+7-1087.9-nomod (17.0.9+7-b1087.9, mixed mode, tiered, compressed oops, compressed class ptrs, g1 gc, windows-amd64)
# Problematic frame:
# V  [jvm.dll+0x36a285]  PhaseIFG::SquareUp+0x125
#
# No core dump will be written. Minidumps are not enabled by default on client versions of Windows
#
# If you would like to submit a bug report, please visit:
#   https://youtrack.jetbrains.com/issues/JBR
#

---------------  S U M M A R Y ------------

Command Line: -agentlib:jdwp=transport=dt_socket,address=127.0.0.1:52469,suspend=y,server=n -javaagent:C:\Users\User\AppData\Local\JetBrains\IdeaIC2023.2\captureAgent\debugger-agent.jar -Dfile.encoding=UTF-8 com.sbs.SmartBillingSystem.SmartBillingSystemApplication

Host: Intel(R) Core(TM) i3-3220 CPU @ 3.30GHz, 4 cores, 7G,  Windows 10 , 64 bit Build 19041 (10.0.19041.3031)
Time: Sun Feb 11 18:16:49 2024 India Standard Time elapsed time: 6382.943885 seconds (0d 1h 46m 22s)

---------------  T H R E A D  ---------------

Current thread (0x00000187292be810):  JavaThread "C2 CompilerThread1" daemon [_thread_in_native, id=4008, stack(0x0000003846200000,0x0000003846300000)]


Current CompileTask:
C2:6382944 13738       4       org.springframework.core.type.AnnotatedTypeMetadata::isAnnotated (13 bytes)

Stack: [0x0000003846200000,0x0000003846300000],  sp=0x00000038462fb690,  free space=1005k
Native frames: (J=compiled Java code, j=interpreted, Vv=VM code, C=native code)
V  [jvm.dll+0x36a285]  PhaseIFG::SquareUp+0x125  (ifg.cpp:90)
V  [jvm.dll+0x1be65f]  PhaseChaitin::Register_Allocate+0x6bf  (chaitin.cpp:559)
V  [jvm.dll+0x21dbb9]  Compile::Code_Gen+0x3b9  (compile.cpp:2746)
V  [jvm.dll+0x21ce81]  Compile::Compile+0xe61  (compile.cpp:836)
V  [jvm.dll+0x1a66dd]  C2Compiler::compile_method+0xad  (c2compiler.cpp:110)
V  [jvm.dll+0x22cd28]  CompileBroker::invoke_compiler_on_method+0x878  (compileBroker.cpp:2357)
V  [jvm.dll+0x22ae60]  CompileBroker::compiler_thread_loop+0x2d0  (compileBroker.cpp:2015)
V  [jvm.dll+0x7f6087]  JavaThread::run+0x147  (thread.cpp:1299)
V  [jvm.dll+0x7f043a]  Thread::call_run+0x8a  (thread.cpp:405)
V  [jvm.dll+0x6871c5]  thread_native_entry+0x75  (os_windows.cpp:550)
C  [ucrtbase.dll+0x21bb2]
C  [KERNEL32.DLL+0x17614]
C  [ntdll.dll+0x526f1]


siginfo: EXCEPTION_ACCESS_VIOLATION (0xc0000005), reading address 0x00007ff59ddc3160


Registers:
RAX=0x000001872c44dc00, RBX=0x000001872d6637f0, RCX=0x0000000000000001, RDX=0x0000000000000000
RSP=0x00000038462fb690, RBP=0x00000038462fb7c0, RSI=0x000000000000207f, RDI=0x000000000000207f
R8 =0x8000000000000000, R9 =0x00007ff59ddc3158, R10=0x0000000000000003, R11=0x000001872e34b760
R12=0x0000000000000000, R13=0x0000018728e41bb8, R14=0x000000000000003f, R15=0x00007ffd9ddc3158
RIP=0x00007ffd9d59a285, EFLAGS=0x0000000000010202


Register to memory mapping:

RIP=0x00007ffd9d59a285 jvm.dll::PhaseIFG::SquareUp + 0x125
RAX=0x000001872c44dc00 points into unknown readable memory: 0x00007ffd9ddc3158 | 58 31 dc 9d fd 7f 00 00
RBX=0x000001872d6637f0 points into unknown readable memory: 0x0000001c0000001b | 1b 00 00 00 1c 00 00 00
RCX=0x0000000000000001 is an unknown value
RDX=0x0 is NULL
RSP=0x00000038462fb690 is pointing into the stack for thread: 0x00000187292be810
RBP=0x00000038462fb7c0 is pointing into the stack for thread: 0x00000187292be810
RSI=0x000000000000207f is an unknown value
RDI=0x000000000000207f is an unknown value
R8 =0x8000000000000000 is an unknown value
R9 =0x00007ff59ddc3158 is an unknown value
R10=0x0000000000000003 is an unknown value
R11=0x000001872e34b760 points into unknown readable memory: 0x0000000000000000 | 00 00 00 00 00 00 00 00
R12=0x0 is NULL
R13=0x0000018728e41bb8 points into unknown readable memory: 0x88000d00531b21fa | fa 21 1b 53 00 0d 00 88
R14=0x000000000000003f is an unknown value
R15=0x00007ffd9ddc3158 jvm.dll::IndexSet::_empty_block + 0x0


Top of Stack: (sp=0x00000038462fb690)
0x00000038462fb690:   000001872d663750 000000000000207f
0x00000038462fb6a0:   0000018728df2900 0000000000000000
0x00000038462fb6b0:   0000000000000000 0000000200000a59
0x00000038462fb6c0:   0000001c0000000b 000001872979d7c0
0x00000038462fb6d0:   000001872f8b0be0 000001872d740fb0
0x00000038462fb6e0:   0000018728e417e0 0000000000000000
0x00000038462fb6f0:   00000038462fb800 00007ffd9d3ee65f
0x00000038462fb700:   00000038462fbb50 00000038462fbc30
0x00000038462fb710:   00000000000003d8 0000018728e417d0
0x00000038462fb720:   0000000000000000 00007ffdd50afde6
0x00000038462fb730:   0000000000000006 0000018728e417d0
0x00000038462fb740:   0000018734737dd0 000001873473f0a0
0x00000038462fb750:   000001873473fdb8 00000000023838f0
0x00000038462fb760:   0000000000000000 0000000000000000
0x00000038462fb770:   0000000000000000 0000000000000000
0x00000038462fb780:   0000000000000000 00007ffd9db6e038
0x00000038462fb790:   0000000000000000 00000038462fe4a0
0x00000038462fb7a0:   0000000000000000 00007ffd9db6e038
0x00000038462fb7b0:   0000000000000000 0000000000000148
0x00000038462fb7c0:   000001870000000c 00000038462fe4a0
0x00000038462fb7d0:   000001872d5fc050 0000000000000000
0x00000038462fb7e0:   000001872da01050 0000000000006540
0x00000038462fb7f0:   00000038462fb730 0000018728e417e0
0x00000038462fb800:   00007ffd9db6e008 000000000000000d
0x00000038462fb810:   00000038462fe4a0 00000038462fbb50
0x00000038462fb820:   000000000000248d 0000018728df2930
0x00000038462fb830:   00007ffd0000000a 00000038462fe4a0
0x00000038462fb840:   000001872f60ac90 0000000000000000
0x00000038462fb850:   000001872c825bf0 0000018728d8c540
0x00000038462fb860:   0000018728d8f020 000001872f991380
0x00000038462fb870:   00000038462fbab0 00000038462fbc50
0x00000038462fb880:   0000000000006540 00000038462fb730 

Instructions: (pc=0x00007ffd9d59a285)
0x00007ffd9d59a185:   10 4c 89 70 18 4c 89 78 20 4c 8d 3d c3 8f 82 00
0x00007ffd9d59a195:   66 66 66 0f 1f 84 00 00 00 00 00 8b f7 4c 8d 04
0x00007ffd9d59a1a5:   b6 49 c1 e0 05 4c 03 45 10 45 39 20 0f 84 f7 00
0x00007ffd9d59a1b5:   00 00 44 89 64 24 28 49 8b d4 48 89 54 24 20 44
0x00007ffd9d59a1c5:   8b f6 48 c7 44 24 2c 04 00 00 00 41 83 e6 3f 41
0x00007ffd9d59a1d5:   8b 40 04 89 44 24 34 4c 89 64 24 38 49 8b 40 08
0x00007ffd9d59a1e5:   48 89 44 24 40 4c 89 44 24 48 90 48 85 d2 74 1d
0x00007ffd9d59a1f5:   48 0f bc c2 8b c8 48 d3 ea 8b 4c 24 28 48 ff ca
0x00007ffd9d59a205:   03 c8 48 89 54 24 20 89 4c 24 28 eb 26 83 7c 24
0x00007ffd9d59a215:   2c 04 72 0e 8b 44 24 34 39 44 24 30 0f 83 87 00
0x00007ffd9d59a225:   00 00 48 8d 4c 24 20 e8 af 6b 00 00 48 8b 54 24
0x00007ffd9d59a235:   20 8b c8 85 c9 74 72 8b c1 48 8d 1c 80 48 c1 e3
0x00007ffd9d59a245:   05 48 03 5d 10 85 ff 74 a2 48 8b 43 08 48 8b ce
0x00007ffd9d59a255:   48 c1 e9 08 4c 8b 0c c8 4d 3b cf 75 0d 8b d7 48
0x00007ffd9d59a265:   8b cb e8 34 6d 00 00 4c 8b c8 49 8b ce 41 b8 01
0x00007ffd9d59a275:   00 00 00 49 d3 e0 48 8b ce 48 c1 e9 06 83 e1 03
0x00007ffd9d59a285:   49 8b 14 c9 48 8b c2 49 0b c0 49 89 04 c9 49 85
0x00007ffd9d59a295:   d0 74 0a 48 8b 54 24 20 e9 4e ff ff ff ff 03 48
0x00007ffd9d59a2a5:   8b 54 24 20 e9 42 ff ff ff ff c7 3b 7d 28 0f 82
0x00007ffd9d59a2b5:   e7 fe ff ff 4c 8b bc 24 88 00 00 00 4c 8b b4 24
0x00007ffd9d59a2c5:   80 00 00 00 48 8b 74 24 78 48 8b 5c 24 70 c6 45
0x00007ffd9d59a2d5:   18 01 48 83 c4 50 41 5c 5f 5d c3 c6 41 18 01 48
0x00007ffd9d59a2e5:   83 c4 50 41 5c 5f 5d c3 cc cc cc 4c 8b dc 49 89
0x00007ffd9d59a2f5:   6b 20 56 57 41 56 48 83 ec 50 41 8b c0 48 8b e9
0x00007ffd9d59a305:   8b f2 4c 8d 14 80 49 c1 e2 05 48 8d 3c b6 4c 03
0x00007ffd9d59a315:   51 10 48 c1 e7 05 48 03 79 10 41 83 3a 00 0f 84
0x00007ffd9d59a325:   79 01 00 00 33 d2 4d 89 63 10 49 89 53 b8 4c 8d
0x00007ffd9d59a335:   25 1e 8e 82 00 89 54 24 28 44 8b c2 49 c7 43 c4
0x00007ffd9d59a345:   04 00 00 00 41 8b 42 04 89 44 24 34 4d 89 7b 18
0x00007ffd9d59a355:   44 8b fe 49 89 53 d0 41 83 e7 3f 49 8b 42 08 49
0x00007ffd9d59a365:   89 43 d8 4d 89 53 e0 49 89 5b 08 48 85 d2 74 1b
0x00007ffd9d59a375:   48 0f bc c2 8b c8 48 d3 ea 48 ff ca 44 03 c0 48 


Stack slot to memory mapping:
stack at sp + 0 slots: 0x000001872d663750 points into unknown readable memory: 0x000000210000001d | 1d 00 00 00 21 00 00 00
stack at sp + 1 slots: 0x000000000000207f is an unknown value
stack at sp + 2 slots: 0x0000018728df2900 points into unknown readable memory: 0x0000000000000800 | 00 08 00 00 00 00 00 00
stack at sp + 3 slots: 0x0 is NULL
stack at sp + 4 slots: 0x0 is NULL
stack at sp + 5 slots: 0x0000000200000a59 is an unknown value
stack at sp + 6 slots: 0x0000001c0000000b is an unknown value
stack at sp + 7 slots: 0x000001872979d7c0 points into unknown readable memory: 0x0000000000000000 | 00 00 00 00 00 00 00 00


---------------  P R O C E S S  ---------------

Threads class SMR info:
_java_thread_list=0x000001872cc95950, length=25, elements={
0x0000018722c3b670, 0x0000018722c3c4f0, 0x000001872702f640, 0x000001872703f310,
0x0000018727041de0, 0x00000187270427a0, 0x00000187270479a0, 0x0000018727050460,
0x000001872705b640, 0x0000018722baea60, 0x0000018727316b60, 0x0000018727317df0,
0x00000187273182f0, 0x000001872732aa90, 0x000001872af93f00, 0x000001872af92ac0,
0x0000018729bee4c0, 0x000001872ea1fae0, 0x000001872ea18b80, 0x00000187292be810,
0x000001872ea19ab0, 0x000001872ea1f0c0, 0x000001872ea1a4d0, 0x000001872ea19090,
0x000001872ea18160
}

Java Threads: ( => current thread )
  0x0000018722c3b670 JavaThread "Reference Handler" daemon [_thread_blocked, id=1776, stack(0x0000003846c00000,0x0000003846d00000)]
  0x0000018722c3c4f0 JavaThread "Finalizer" daemon [_thread_blocked, id=9364, stack(0x0000003846d00000,0x0000003846e00000)]
  0x000001872702f640 JavaThread "Signal Dispatcher" daemon [_thread_blocked, id=4792, stack(0x0000003846e00000,0x0000003846f00000)]
  0x000001872703f310 JavaThread "Attach Listener" daemon [_thread_blocked, id=13180, stack(0x0000003846f00000,0x0000003847000000)]
  0x0000018727041de0 JavaThread "Service Thread" daemon [_thread_blocked, id=3144, stack(0x0000003847000000,0x0000003847100000)]
  0x00000187270427a0 JavaThread "Monitor Deflation Thread" daemon [_thread_blocked, id=2728, stack(0x0000003847100000,0x0000003847200000)]
  0x00000187270479a0 JavaThread "C2 CompilerThread0" daemon [_thread_in_native, id=9800, stack(0x0000003847200000,0x0000003847300000)]
  0x0000018727050460 JavaThread "C1 CompilerThread0" daemon [_thread_blocked, id=11592, stack(0x0000003847300000,0x0000003847400000)]
  0x000001872705b640 JavaThread "Sweeper thread" daemon [_thread_blocked, id=10956, stack(0x0000003847400000,0x0000003847500000)]
  0x0000018722baea60 JavaThread "Common-Cleaner" daemon [_thread_blocked, id=10228, stack(0x0000003847500000,0x0000003847600000)]
  0x0000018727316b60 JavaThread "JDWP Transport Listener: dt_socket" daemon [_thread_blocked, id=11032, stack(0x0000003847600000,0x0000003847700000)]
  0x0000018727317df0 JavaThread "JDWP Event Helper Thread" daemon [_thread_blocked, id=6552, stack(0x0000003847700000,0x0000003847800000)]
  0x00000187273182f0 JavaThread "JDWP Command Reader" daemon [_thread_in_native, id=6112, stack(0x0000003847800000,0x0000003847900000)]
  0x000001872732aa90 JavaThread "Notification Thread" daemon [_thread_blocked, id=10636, stack(0x0000003847900000,0x0000003847a00000)]
  0x000001872af93f00 JavaThread "mysql-cj-abandoned-connection-cleanup" daemon [_thread_blocked, id=7096, stack(0x0000003848400000,0x0000003848500000)]
  0x000001872af92ac0 JavaThread "Live Reload Server" daemon [_thread_in_native, id=2636, stack(0x0000003848a00000,0x0000003848b00000)]
  0x0000018729bee4c0 JavaThread "DestroyJavaVM" [_thread_blocked, id=12456, stack(0x0000003846500000,0x0000003846600000)]
  0x000001872ea1fae0 JavaThread "Thread-7" [_thread_blocked, id=3108, stack(0x0000003846300000,0x0000003846400000)]
  0x000001872ea18b80 JavaThread "restartedMain" [_thread_blocked, id=7108, stack(0x0000003847e00000,0x0000003847f00000)]
=>0x00000187292be810 JavaThread "C2 CompilerThread1" daemon [_thread_in_native, id=4008, stack(0x0000003846200000,0x0000003846300000)]
  0x000001872ea19ab0 JavaThread "Catalina-utility-1" [_thread_blocked, id=964, stack(0x0000003847f00000,0x0000003848000000)]
  0x000001872ea1f0c0 JavaThread "Catalina-utility-2" [_thread_blocked, id=8980, stack(0x0000003848000000,0x0000003848100000)]
  0x000001872ea1a4d0 JavaThread "container-0" [_thread_blocked, id=12000, stack(0x0000003848100000,0x0000003848200000)]
  0x000001872ea19090 JavaThread "HikariPool-3 housekeeper" daemon [_thread_blocked, id=3284, stack(0x0000003848200000,0x0000003848300000)]
  0x000001872ea18160 JavaThread "HikariPool-3 connection adder" daemon [_thread_blocked, id=5292, stack(0x0000003848300000,0x0000003848400000)]

Other Threads:
  0x0000018722c23710 VMThread "VM Thread" [stack: 0x0000003846b00000,0x0000003846c00000] [id=9720]
  0x00000187273320e0 WatcherThread [stack: 0x0000003847a00000,0x0000003847b00000] [id=1744]
  0x000001870946a150 GCTaskThread "GC Thread#0" [stack: 0x0000003846600000,0x0000003846700000] [id=13164]
  0x000001872808b350 GCTaskThread "GC Thread#1" [stack: 0x0000003847b00000,0x0000003847c00000] [id=12624]
  0x000001872808b610 GCTaskThread "GC Thread#2" [stack: 0x0000003847c00000,0x0000003847d00000] [id=10508]
  0x0000018728098b90 GCTaskThread "GC Thread#3" [stack: 0x0000003847d00000,0x0000003847e00000] [id=11016]
  0x000001870947ae80 ConcurrentGCThread "G1 Main Marker" [stack: 0x0000003846700000,0x0000003846800000] [id=13148]
  0x000001870947c040 ConcurrentGCThread "G1 Conc#0" [stack: 0x0000003846800000,0x0000003846900000] [id=10268]
  0x00000187094be8e0 ConcurrentGCThread "G1 Refine#0" [stack: 0x0000003846900000,0x0000003846a00000] [id=8676]
  0x0000018722a73e50 ConcurrentGCThread "G1 Service" [stack: 0x0000003846a00000,0x0000003846b00000] [id=5252]

Threads with active compile tasks:
C2 CompilerThread0  6383619 14192       4       java.lang.reflect.ProxyGenerator$ProxyMethod::generateMethod (548 bytes)
C2 CompilerThread1  6383619 13738       4       org.springframework.core.type.AnnotatedTypeMetadata::isAnnotated (13 bytes)

VM state: not at safepoint (normal execution)

VM Mutex/Monitor currently owned by a thread: None

Heap address: 0x0000000081a00000, size: 2022 MB, Compressed Oops mode: 32-bit

CDS archive(s) not mapped
Compressed class space mapped at: 0x0000000100000000-0x0000000140000000, reserved size: 1073741824
Narrow klass base: 0x0000000000000000, Narrow klass shift: 3, Narrow klass range: 0x140000000

GC Precious Log:
 CPUs: 4 total, 4 available
 Memory: 8082M
 Large Page Support: Disabled
 NUMA Support: Disabled
 Compressed Oops: Enabled (32-bit)
 Heap Region Size: 1M
 Heap Min Capacity: 8M
 Heap Initial Capacity: 128M
 Heap Max Capacity: 2022M
 Pre-touch: Disabled
 Parallel Workers: 4
 Concurrent Workers: 1
 Concurrent Refinement Workers: 4
 Periodic GC: Disabled

Heap:
 garbage-first heap   total 81920K, used 46756K [0x0000000081a00000, 0x0000000100000000)
  region size 1024K, 13 young (13312K), 3 survivors (3072K)
 Metaspace       used 93663K, committed 94272K, reserved 1179648K
  class space    used 11824K, committed 12096K, reserved 1048576K

Heap Regions: E=young(eden), S=young(survivor), O=old, HS=humongous(starts), HC=humongous(continues), CS=collection set, F=free, OA=open archive, CA=closed archive, TAMS=top-at-mark-start (previous, next)
|   0|0x0000000081a00000, 0x0000000081b00000, 0x0000000081b00000|100%|HS|  |TAMS 0x0000000081b00000, 0x0000000081a00000| Complete 
|   1|0x0000000081b00000, 0x0000000081c00000, 0x0000000081c00000|100%| O|  |TAMS 0x0000000081c00000, 0x0000000081b00000| Untracked 
|   2|0x0000000081c00000, 0x0000000081cffff0, 0x0000000081d00000| 99%| O|  |TAMS 0x0000000081cffff0, 0x0000000081c00000| Untracked 
|   3|0x0000000081d00000, 0x0000000081e00000, 0x0000000081e00000|100%| O|  |TAMS 0x0000000081e00000, 0x0000000081d00000| Untracked 
|   4|0x0000000081e00000, 0x0000000081f00000, 0x0000000081f00000|100%| O|  |TAMS 0x0000000081f00000, 0x0000000081e00000| Untracked 
|   5|0x0000000081f00000, 0x0000000081fffff8, 0x0000000082000000| 99%| O|  |TAMS 0x0000000081fffff8, 0x0000000081f00000| Untracked 
|   6|0x0000000082000000, 0x0000000082100000, 0x0000000082100000|100%| O|  |TAMS 0x0000000082100000, 0x0000000082000000| Untracked 
|   7|0x0000000082100000, 0x00000000821ffe68, 0x0000000082200000| 99%| O|  |TAMS 0x00000000821ffe68, 0x0000000082100000| Untracked 
|   8|0x0000000082200000, 0x0000000082300000, 0x0000000082300000|100%| O|  |TAMS 0x0000000082300000, 0x0000000082200000| Untracked 
|   9|0x0000000082300000, 0x0000000082400000, 0x0000000082400000|100%| O|  |TAMS 0x0000000082400000, 0x0000000082300000| Untracked 
|  10|0x0000000082400000, 0x00000000824ffff0, 0x0000000082500000| 99%| O|  |TAMS 0x00000000824ffff0, 0x0000000082400000| Untracked 
|  11|0x0000000082500000, 0x00000000825fffd8, 0x0000000082600000| 99%| O|  |TAMS 0x00000000825fffd8, 0x0000000082500000| Untracked 
|  12|0x0000000082600000, 0x0000000082700000, 0x0000000082700000|100%| O|  |TAMS 0x0000000082700000, 0x0000000082600000| Untracked 
|  13|0x0000000082700000, 0x0000000082800000, 0x0000000082800000|100%| O|  |TAMS 0x0000000082800000, 0x0000000082700000| Untracked 
|  14|0x0000000082800000, 0x00000000828fffd8, 0x0000000082900000| 99%| O|  |TAMS 0x00000000828fffd8, 0x0000000082800000| Untracked 
|  15|0x0000000082900000, 0x0000000082a00000, 0x0000000082a00000|100%| O|  |TAMS 0x0000000082a00000, 0x0000000082900000| Untracked 
|  16|0x0000000082a00000, 0x0000000082affe10, 0x0000000082b00000| 99%| O|  |TAMS 0x0000000082affe10, 0x0000000082a00000| Untracked 
|  17|0x0000000082b00000, 0x0000000082bfffd8, 0x0000000082c00000| 99%| O|  |TAMS 0x0000000082bfffd8, 0x0000000082b00000| Untracked 
|  18|0x0000000082c00000, 0x0000000082cfffe0, 0x0000000082d00000| 99%| O|  |TAMS 0x0000000082cfffe0, 0x0000000082c00000| Untracked 
|  19|0x0000000082d00000, 0x0000000082dffff8, 0x0000000082e00000| 99%| O|  |TAMS 0x0000000082dffff8, 0x0000000082d00000| Untracked 
|  20|0x0000000082e00000, 0x0000000082f00000, 0x0000000082f00000|100%| O|  |TAMS 0x0000000082f00000, 0x0000000082e00000| Untracked 
|  21|0x0000000082f00000, 0x0000000082fffff8, 0x0000000083000000| 99%| O|  |TAMS 0x0000000082fffff8, 0x0000000082f00000| Untracked 
|  22|0x0000000083000000, 0x00000000830ffff8, 0x0000000083100000| 99%| O|  |TAMS 0x00000000830ffff8, 0x0000000083000000| Untracked 
|  23|0x0000000083100000, 0x00000000831fffe0, 0x0000000083200000| 99%| O|  |TAMS 0x00000000831fffe0, 0x0000000083100000| Untracked 
|  24|0x0000000083200000, 0x00000000832ffff0, 0x0000000083300000| 99%| O|  |TAMS 0x00000000832ffff0, 0x0000000083200000| Untracked 
|  25|0x0000000083300000, 0x00000000833ff880, 0x0000000083400000| 99%| O|  |TAMS 0x00000000833ff880, 0x0000000083300000| Untracked 
|  26|0x0000000083400000, 0x00000000834ec4f0, 0x0000000083500000| 92%| O|  |TAMS 0x00000000834ec4f0, 0x0000000083400000| Untracked 
|  27|0x0000000083500000, 0x0000000083600000, 0x0000000083600000|100%| O|  |TAMS 0x0000000083600000, 0x0000000083500000| Untracked 
|  28|0x0000000083600000, 0x0000000083700000, 0x0000000083700000|100%| O|  |TAMS 0x0000000083700000, 0x0000000083600000| Untracked 
|  29|0x0000000083700000, 0x00000000837d7e00, 0x0000000083800000| 84%| O|  |TAMS 0x00000000837d7e00, 0x0000000083700000| Untracked 
|  30|0x0000000083800000, 0x0000000083800000, 0x0000000083900000|  0%| F|  |TAMS 0x0000000083800000, 0x0000000083800000| Untracked 
|  31|0x0000000083900000, 0x0000000083900000, 0x0000000083a00000|  0%| F|  |TAMS 0x0000000083900000, 0x0000000083900000| Untracked 
|  32|0x0000000083a00000, 0x0000000083ad33c8, 0x0000000083b00000| 82%| O|  |TAMS 0x0000000083ad33c8, 0x0000000083a00000| Untracked 
|  33|0x0000000083b00000, 0x0000000083bff3d8, 0x0000000083c00000| 99%| O|  |TAMS 0x0000000083bff3d8, 0x0000000083b00000| Untracked 
|  34|0x0000000083c00000, 0x0000000083cffff8, 0x0000000083d00000| 99%| O|  |TAMS 0x0000000083cffff8, 0x0000000083c00000| Untracked 
|  35|0x0000000083d00000, 0x0000000083d00000, 0x0000000083e00000|  0%| F|  |TAMS 0x0000000083d00000, 0x0000000083d00000| Untracked 
|  36|0x0000000083e00000, 0x0000000083e00000, 0x0000000083f00000|  0%| F|  |TAMS 0x0000000083e00000, 0x0000000083e00000| Untracked 
|  37|0x0000000083f00000, 0x0000000083f00000, 0x0000000084000000|  0%| F|  |TAMS 0x0000000083f00000, 0x0000000083f00000| Untracked 
|  38|0x0000000084000000, 0x0000000084013428, 0x0000000084100000|  7%| O|  |TAMS 0x0000000084013428, 0x0000000084000000| Untracked 
|  39|0x0000000084100000, 0x0000000084100000, 0x0000000084200000|  0%| F|  |TAMS 0x0000000084100000, 0x0000000084100000| Untracked 
|  40|0x0000000084200000, 0x0000000084200000, 0x0000000084300000|  0%| F|  |TAMS 0x0000000084200000, 0x0000000084200000| Untracked 
|  41|0x0000000084300000, 0x0000000084300000, 0x0000000084400000|  0%| F|  |TAMS 0x0000000084300000, 0x0000000084300000| Untracked 
|  42|0x0000000084400000, 0x0000000084500000, 0x0000000084500000|100%| O|  |TAMS 0x0000000084500000, 0x0000000084400000| Untracked 
|  43|0x0000000084500000, 0x0000000084500000, 0x0000000084600000|  0%| F|  |TAMS 0x0000000084500000, 0x0000000084500000| Untracked 
|  44|0x0000000084600000, 0x0000000084600000, 0x0000000084700000|  0%| F|  |TAMS 0x0000000084600000, 0x0000000084600000| Untracked 
|  45|0x0000000084700000, 0x0000000084800000, 0x0000000084800000|100%| S|CS|TAMS 0x0000000084700000, 0x0000000084700000| Complete 
|  46|0x0000000084800000, 0x0000000084800000, 0x0000000084900000|  0%| F|  |TAMS 0x0000000084800000, 0x0000000084800000| Untracked 
|  47|0x0000000084900000, 0x0000000084900000, 0x0000000084a00000|  0%| F|  |TAMS 0x0000000084900000, 0x0000000084900000| Untracked 
|  48|0x0000000084a00000, 0x0000000084b00000, 0x0000000084b00000|100%| S|CS|TAMS 0x0000000084a00000, 0x0000000084a00000| Complete 
|  49|0x0000000084b00000, 0x0000000084c00000, 0x0000000084c00000|100%| S|CS|TAMS 0x0000000084b00000, 0x0000000084b00000| Complete 
|  50|0x0000000084c00000, 0x0000000084c00000, 0x0000000084d00000|  0%| F|  |TAMS 0x0000000084c00000, 0x0000000084c00000| Untracked 
|  51|0x0000000084d00000, 0x0000000084d00000, 0x0000000084e00000|  0%| F|  |TAMS 0x0000000084d00000, 0x0000000084d00000| Untracked 
|  52|0x0000000084e00000, 0x0000000084e00000, 0x0000000084f00000|  0%| F|  |TAMS 0x0000000084e00000, 0x0000000084e00000| Untracked 
|  53|0x0000000084f00000, 0x0000000084f00000, 0x0000000085000000|  0%| F|  |TAMS 0x0000000084f00000, 0x0000000084f00000| Untracked 
|  54|0x0000000085000000, 0x0000000085000000, 0x0000000085100000|  0%| F|  |TAMS 0x0000000085000000, 0x0000000085000000| Untracked 
|  55|0x0000000085100000, 0x0000000085100000, 0x0000000085200000|  0%| F|  |TAMS 0x0000000085100000, 0x0000000085100000| Untracked 
|  56|0x0000000085200000, 0x0000000085200000, 0x0000000085300000|  0%| F|  |TAMS 0x0000000085200000, 0x0000000085200000| Untracked 
|  57|0x0000000085300000, 0x0000000085300000, 0x0000000085400000|  0%| F|  |TAMS 0x0000000085300000, 0x0000000085300000| Untracked 
|  58|0x0000000085400000, 0x0000000085400000, 0x0000000085500000|  0%| F|  |TAMS 0x0000000085400000, 0x0000000085400000| Untracked 
|  59|0x0000000085500000, 0x0000000085500000, 0x0000000085600000|  0%| F|  |TAMS 0x0000000085500000, 0x0000000085500000| Untracked 
|  60|0x0000000085600000, 0x0000000085600000, 0x0000000085700000|  0%| F|  |TAMS 0x0000000085600000, 0x0000000085600000| Untracked 
|  61|0x0000000085700000, 0x0000000085700000, 0x0000000085800000|  0%| F|  |TAMS 0x0000000085700000, 0x0000000085700000| Untracked 
|  62|0x0000000085800000, 0x0000000085800000, 0x0000000085900000|  0%| F|  |TAMS 0x0000000085800000, 0x0000000085800000| Untracked 
|  63|0x0000000085900000, 0x0000000085900000, 0x0000000085a00000|  0%| F|  |TAMS 0x0000000085900000, 0x0000000085900000| Untracked 
|  64|0x0000000085a00000, 0x0000000085a00000, 0x0000000085b00000|  0%| F|  |TAMS 0x0000000085a00000, 0x0000000085a00000| Untracked 
|  65|0x0000000085b00000, 0x0000000085b00000, 0x0000000085c00000|  0%| F|  |TAMS 0x0000000085b00000, 0x0000000085b00000| Untracked 
|  66|0x0000000085c00000, 0x0000000085c00000, 0x0000000085d00000|  0%| F|  |TAMS 0x0000000085c00000, 0x0000000085c00000| Untracked 
|  67|0x0000000085d00000, 0x0000000085dd3f70, 0x0000000085e00000| 82%| E|  |TAMS 0x0000000085d00000, 0x0000000085d00000| Complete 
|  68|0x0000000085e00000, 0x0000000085f00000, 0x0000000085f00000|100%| E|CS|TAMS 0x0000000085e00000, 0x0000000085e00000| Complete 
|  69|0x0000000085f00000, 0x0000000086000000, 0x0000000086000000|100%| E|CS|TAMS 0x0000000085f00000, 0x0000000085f00000| Complete 
|  70|0x0000000086000000, 0x0000000086100000, 0x0000000086100000|100%| E|CS|TAMS 0x0000000086000000, 0x0000000086000000| Complete 
|  71|0x0000000086100000, 0x0000000086200000, 0x0000000086200000|100%| E|CS|TAMS 0x0000000086100000, 0x0000000086100000| Complete 
|  72|0x0000000086200000, 0x0000000086300000, 0x0000000086300000|100%| E|CS|TAMS 0x0000000086200000, 0x0000000086200000| Complete 
|  73|0x0000000086300000, 0x0000000086300000, 0x0000000086400000|  0%| F|  |TAMS 0x0000000086300000, 0x0000000086300000| Untracked 
|  74|0x0000000086400000, 0x0000000086400000, 0x0000000086500000|  0%| F|  |TAMS 0x0000000086400000, 0x0000000086400000| Untracked 
|  75|0x0000000086500000, 0x0000000086500000, 0x0000000086600000|  0%| F|  |TAMS 0x0000000086500000, 0x0000000086500000| Untracked 
| 115|0x0000000088d00000, 0x0000000088e00000, 0x0000000088e00000|100%| E|CS|TAMS 0x0000000088d00000, 0x0000000088d00000| Complete 
| 116|0x0000000088e00000, 0x0000000088f00000, 0x0000000088f00000|100%| E|CS|TAMS 0x0000000088e00000, 0x0000000088e00000| Complete 
| 117|0x0000000088f00000, 0x0000000089000000, 0x0000000089000000|100%| E|CS|TAMS 0x0000000088f00000, 0x0000000088f00000| Complete 
| 127|0x0000000089900000, 0x0000000089a00000, 0x0000000089a00000|100%| E|CS|TAMS 0x0000000089900000, 0x0000000089900000| Complete 

Card table byte_map: [0x000001871bfd0000,0x000001871c3d0000] _byte_map_base: 0x000001871bbc3000

Marking Bits (Prev, Next): (CMBitMap*) 0x000001870946a680, (CMBitMap*) 0x000001870946a6c0
 Prev Bits: [0x000001871c7d0000, 0x000001871e768000)
 Next Bits: [0x000001871e770000, 0x0000018720708000)

Polling page: 0x00000187072e0000

Metaspace:

Usage:
  Non-class:     79.92 MB used.
      Class:     11.55 MB used.
       Both:     91.47 MB used.

Virtual space:
  Non-class space:      128.00 MB reserved,      80.25 MB ( 63%) committed,  2 nodes.
      Class space:        1.00 GB reserved,      11.81 MB (  1%) committed,  1 nodes.
             Both:        1.12 GB reserved,      92.06 MB (  8%) committed. 

Chunk freelists:
   Non-Class:  15.77 MB
       Class:  4.22 MB
        Both:  19.99 MB

MaxMetaspaceSize: unlimited
CompressedClassSpaceSize: 1.00 GB
Initial GC threshold: 21.00 MB
Current GC threshold: 153.44 MB
CDS: off
MetaspaceReclaimPolicy: balanced
 - commit_granule_bytes: 65536.
 - commit_granule_words: 8192.
 - virtual_space_node_default_size: 8388608.
 - enlarge_chunks_in_place: 1.
 - new_chunks_are_fully_committed: 0.
 - uncommit_free_chunks: 1.
 - use_allocation_guard: 0.
 - handle_deallocations: 1.


Internal statistics:

num_allocs_failed_limit: 8.
num_arena_births: 1248.
num_arena_deaths: 358.
num_vsnodes_births: 3.
num_vsnodes_deaths: 0.
num_space_committed: 1473.
num_space_uncommitted: 0.
num_chunks_returned_to_freelist: 411.
num_chunks_taken_from_freelist: 4632.
num_chunk_merges: 143.
num_chunk_splits: 3119.
num_chunks_enlarged: 2299.
num_inconsistent_stats: 0.

CodeHeap 'non-profiled nmethods': size=120000Kb used=10189Kb max_used=10189Kb free=109810Kb
 bounds [0x00000187146a0000, 0x00000187150a0000, 0x000001871bbd0000]
CodeHeap 'profiled nmethods': size=120000Kb used=25700Kb max_used=25700Kb free=94299Kb
 bounds [0x000001870cbd0000, 0x000001870e4f0000, 0x0000018714100000]
CodeHeap 'non-nmethods': size=5760Kb used=1422Kb max_used=1531Kb free=4337Kb
 bounds [0x0000018714100000, 0x0000018714370000, 0x00000187146a0000]
 total_blobs=12669 nmethods=11977 adapters=601
 compilation: enabled
              stopped_count=0, restarted_count=0
 full_count=0

Compilation events (20 events):
Event: 6381.856 Thread 0x0000018727050460 nmethod 13881 0x000001870e408690 code [0x000001870e408820, 0x000001870e408968]
Event: 6381.856 Thread 0x0000018727050460 13883       1       org.hibernate.mapping.Table::getNameIdentifier (5 bytes)
Event: 6381.856 Thread 0x0000018727050460 nmethod 13883 0x0000018715063210 code [0x00000187150633a0, 0x0000018715063478]
Event: 6381.863 Thread 0x0000018727050460 13884       2       org.hibernate.annotations.common.reflection.java.JavaReflectionManager::toType (62 bytes)
Event: 6381.863 Thread 0x0000018727050460 nmethod 13884 0x000001870e408a10 code [0x000001870e408c20, 0x000001870e409178]
Event: 6381.867 Thread 0x0000018727050460 13886       2       org.hibernate.cfg.annotations.HCANNHelper::findContainingAnnotation (49 bytes)
Event: 6381.868 Thread 0x0000018727050460 nmethod 13886 0x000001870e409490 code [0x000001870e4096a0, 0x000001870e409a78]
Event: 6381.868 Thread 0x0000018727050460 13887       2       org.hibernate.cfg.BinderHelper::getRelativePath (51 bytes)
Event: 6381.870 Thread 0x0000018727050460 nmethod 13887 0x000001870e409d10 code [0x000001870e409f80, 0x000001870e40a618]
Event: 6381.870 Thread 0x0000018727050460 13889       2       org.hibernate.boot.internal.InFlightMetadataCollectorImpl::addSecondPass (180 bytes)
Event: 6381.874 Thread 0x0000018727050460 nmethod 13889 0x000001870e40ae90 code [0x000001870e40b320, 0x000001870e40d648]
Event: 6381.874 Thread 0x0000018727050460 13888       2       org.hibernate.cfg.PropertyInferredData::getDefaultAccess (49 bytes)
Event: 6381.875 Thread 0x0000018727050460 nmethod 13888 0x000001870e40e890 code [0x000001870e40eaa0, 0x000001870e40ef98]
Event: 6381.875 Thread 0x0000018727050460 13891       2       java.util.HashMap$ValueSpliterator::tryAdvance (138 bytes)
Event: 6381.876 Thread 0x0000018727050460 nmethod 13891 0x000001870e40f310 code [0x000001870e40f520, 0x000001870e40fa18]
Event: 6381.876 Thread 0x0000018727050460 13890       2       org.hibernate.mapping.Table::addColumn (141 bytes)
Event: 6381.878 Thread 0x0000018727050460 nmethod 13890 0x000001870e40fc90 code [0x000001870e40ff40, 0x000001870e4107a8]
Event: 6381.880 Thread 0x0000018727050460 13892       2       org.hibernate.annotations.common.reflection.java.JavaXMember::isTypeResolved (8 bytes)
Event: 6381.880 Thread 0x0000018727050460 nmethod 13892 0x000001870e410e10 code [0x000001870e410fc0, 0x000001870e4111a8]
Event: 6381.880 Thread 0x0000018727050460 13894       2       org.hibernate.cfg.AnnotationBinder::addProperty (609 bytes)

GC Heap History (20 events):
Event: 5235.362 GC heap before
{Heap before GC invocations=146 (full 1):
 garbage-first heap   total 78848K, used 64550K [0x0000000081a00000, 0x0000000100000000)
  region size 1024K, 28 young (28672K), 1 survivors (1024K)
 Metaspace       used 91190K, committed 91776K, reserved 1179648K
  class space    used 11624K, committed 11904K, reserved 1048576K
}
Event: 5235.364 GC heap after
{Heap after GC invocations=147 (full 1):
 garbage-first heap   total 78848K, used 38127K [0x0000000081a00000, 0x0000000100000000)
  region size 1024K, 1 young (1024K), 1 survivors (1024K)
 Metaspace       used 91190K, committed 91776K, reserved 1179648K
  class space    used 11624K, committed 11904K, reserved 1048576K
}
Event: 5248.566 GC heap before
{Heap before GC invocations=147 (full 1):
 garbage-first heap   total 78848K, used 40175K [0x0000000081a00000, 0x0000000100000000)
  region size 1024K, 3 young (3072K), 1 survivors (1024K)
 Metaspace       used 91190K, committed 91776K, reserved 1179648K
  class space    used 11624K, committed 11904K, reserved 1048576K
}
Event: 5248.570 GC heap after
{Heap after GC invocations=148 (full 1):
 garbage-first heap   total 78848K, used 37759K [0x0000000081a00000, 0x0000000100000000)
  region size 1024K, 1 young (1024K), 1 survivors (1024K)
 Metaspace       used 91190K, committed 91776K, reserved 1179648K
  class space    used 11624K, committed 11904K, reserved 1048576K
}
Event: 5401.161 GC heap before
{Heap before GC invocations=148 (full 1):
 garbage-first heap   total 78848K, used 65407K [0x0000000081a00000, 0x0000000100000000)
  region size 1024K, 28 young (28672K), 1 survivors (1024K)
 Metaspace       used 91594K, committed 92096K, reserved 1179648K
  class space    used 11681K, committed 11904K, reserved 1048576K
}
Event: 5401.163 GC heap after
{Heap after GC invocations=149 (full 1):
 garbage-first heap   total 78848K, used 37931K [0x0000000081a00000, 0x0000000100000000)
  region size 1024K, 1 young (1024K), 1 survivors (1024K)
 Metaspace       used 91594K, committed 92096K, reserved 1179648K
  class space    used 11681K, committed 11904K, reserved 1048576K
}
Event: 5744.244 GC heap before
{Heap before GC invocations=150 (full 1):
 garbage-first heap   total 78848K, used 65579K [0x0000000081a00000, 0x0000000100000000)
  region size 1024K, 29 young (29696K), 1 survivors (1024K)
 Metaspace       used 92102K, committed 92672K, reserved 1179648K
  class space    used 11745K, committed 12032K, reserved 1048576K
}
Event: 5744.246 GC heap after
{Heap after GC invocations=151 (full 1):
 garbage-first heap   total 78848K, used 38162K [0x0000000081a00000, 0x0000000100000000)
  region size 1024K, 1 young (1024K), 1 survivors (1024K)
 Metaspace       used 92102K, committed 92672K, reserved 1179648K
  class space    used 11745K, committed 12032K, reserved 1048576K
}
Event: 5757.582 GC heap before
{Heap before GC invocations=151 (full 1):
 garbage-first heap   total 78848K, used 40210K [0x0000000081a00000, 0x0000000100000000)
  region size 1024K, 3 young (3072K), 1 survivors (1024K)
 Metaspace       used 92102K, committed 92672K, reserved 1179648K
  class space    used 11745K, committed 12032K, reserved 1048576K
}
Event: 5757.586 GC heap after
{Heap after GC invocations=152 (full 1):
 garbage-first heap   total 78848K, used 37974K [0x0000000081a00000, 0x0000000100000000)
  region size 1024K, 1 young (1024K), 1 survivors (1024K)
 Metaspace       used 92102K, committed 92672K, reserved 1179648K
  class space    used 11745K, committed 12032K, reserved 1048576K
}
Event: 5945.527 GC heap before
{Heap before GC invocations=152 (full 1):
 garbage-first heap   total 78848K, used 66646K [0x0000000081a00000, 0x0000000100000000)
  region size 1024K, 29 young (29696K), 1 survivors (1024K)
 Metaspace       used 92102K, committed 92672K, reserved 1179648K
  class space    used 11745K, committed 12032K, reserved 1048576K
}
Event: 5945.529 GC heap after
{Heap after GC invocations=153 (full 1):
 garbage-first heap   total 78848K, used 37910K [0x0000000081a00000, 0x0000000100000000)
  region size 1024K, 1 young (1024K), 1 survivors (1024K)
 Metaspace       used 92102K, committed 92672K, reserved 1179648K
  class space    used 11745K, committed 12032K, reserved 1048576K
}
Event: 6118.732 GC heap before
{Heap before GC invocations=154 (full 1):
 garbage-first heap   total 78848K, used 66582K [0x0000000081a00000, 0x0000000100000000)
  region size 1024K, 30 young (30720K), 1 survivors (1024K)
 Metaspace       used 92250K, committed 92864K, reserved 1179648K
  class space    used 11750K, committed 12032K, reserved 1048576K
}
Event: 6118.734 GC heap after
{Heap after GC invocations=155 (full 1):
 garbage-first heap   total 78848K, used 38024K [0x0000000081a00000, 0x0000000100000000)
  region size 1024K, 1 young (1024K), 1 survivors (1024K)
 Metaspace       used 92250K, committed 92864K, reserved 1179648K
  class space    used 11750K, committed 12032K, reserved 1048576K
}
Event: 6378.918 GC heap before
{Heap before GC invocations=155 (full 1):
 garbage-first heap   total 78848K, used 40072K [0x0000000081a00000, 0x0000000100000000)
  region size 1024K, 3 young (3072K), 1 survivors (1024K)
 Metaspace       used 92270K, committed 92864K, reserved 1179648K
  class space    used 11751K, committed 12032K, reserved 1048576K
}
Event: 6378.921 GC heap after
{Heap after GC invocations=156 (full 1):
 garbage-first heap   total 78848K, used 37929K [0x0000000081a00000, 0x0000000100000000)
  region size 1024K, 1 young (1024K), 1 survivors (1024K)
 Metaspace       used 92270K, committed 92864K, reserved 1179648K
  class space    used 11751K, committed 12032K, reserved 1048576K
}
Event: 6379.807 GC heap before
{Heap before GC invocations=156 (full 1):
 garbage-first heap   total 78848K, used 39977K [0x0000000081a00000, 0x0000000100000000)
  region size 1024K, 5 young (5120K), 1 survivors (1024K)
 Metaspace       used 92401K, committed 92992K, reserved 1179648K
  class space    used 11755K, committed 12032K, reserved 1048576K
}
Event: 6379.889 GC heap after
{Heap after GC invocations=157 (full 2):
 garbage-first heap   total 78848K, used 31557K [0x0000000081a00000, 0x0000000100000000)
  region size 1024K, 0 young (0K), 0 survivors (0K)
 Metaspace       used 92401K, committed 92992K, reserved 1179648K
  class space    used 11755K, committed 12032K, reserved 1048576K
}
Event: 6381.424 GC heap before
{Heap before GC invocations=157 (full 2):
 garbage-first heap   total 78848K, used 66373K [0x0000000081a00000, 0x0000000100000000)
  region size 1024K, 35 young (35840K), 0 survivors (0K)
 Metaspace       used 92844K, committed 93376K, reserved 1179648K
  class space    used 11787K, committed 12032K, reserved 1048576K
}
Event: 6381.434 GC heap after
{Heap after GC invocations=158 (full 2):
 garbage-first heap   total 78848K, used 34517K [0x0000000081a00000, 0x0000000100000000)
  region size 1024K, 3 young (3072K), 3 survivors (3072K)
 Metaspace       used 92844K, committed 93376K, reserved 1179648K
  class space    used 11787K, committed 12032K, reserved 1048576K
}

Dll operation events (4 events):
Event: 0.331 Loaded shared library C:\Users\User\.jdks\jbrsdk-17.0.9\bin\java.dll
Event: 0.334 Loaded shared library C:\Users\User\.jdks\jbrsdk-17.0.9\bin\zip.dll
Event: 0.380 Loaded shared library C:\Users\User\.jdks\jbrsdk-17.0.9\bin\jsvml.dll
Event: 7.343 Loaded shared library C:\Users\User\.jdks\jbrsdk-17.0.9\bin\verify.dll

Deoptimization events (20 events):
Event: 6381.886 Thread 0x000001872ea18b80 DEOPT PACKING pc=0x000001870d9770ec sp=0x0000003847efcd30
Event: 6381.886 Thread 0x000001872ea18b80 DEOPT UNPACKING pc=0x0000018714157143 sp=0x0000003847efc280 mode 1
Event: 6381.886 Thread 0x000001872ea18b80 DEOPT PACKING pc=0x000001870e4053a4 sp=0x0000003847efce40
Event: 6381.886 Thread 0x000001872ea18b80 DEOPT UNPACKING pc=0x0000018714157143 sp=0x0000003847efc3c0 mode 1
Event: 6381.886 Thread 0x000001872ea18b80 DEOPT PACKING pc=0x000001870d9770ec sp=0x0000003847efcd30
Event: 6381.886 Thread 0x000001872ea18b80 DEOPT UNPACKING pc=0x0000018714157143 sp=0x0000003847efc280 mode 1
Event: 6381.886 Thread 0x000001872ea18b80 DEOPT PACKING pc=0x000001870e4053a4 sp=0x0000003847efce40
Event: 6381.886 Thread 0x000001872ea18b80 DEOPT UNPACKING pc=0x0000018714157143 sp=0x0000003847efc3c0 mode 1
Event: 6381.886 Thread 0x000001872ea18b80 DEOPT PACKING pc=0x000001870d9770ec sp=0x0000003847efcd30
Event: 6381.886 Thread 0x000001872ea18b80 DEOPT UNPACKING pc=0x0000018714157143 sp=0x0000003847efc280 mode 1
Event: 6381.886 Thread 0x000001872ea18b80 DEOPT PACKING pc=0x000001870e4053a4 sp=0x0000003847efce40
Event: 6381.886 Thread 0x000001872ea18b80 DEOPT UNPACKING pc=0x0000018714157143 sp=0x0000003847efc3c0 mode 1
Event: 6381.886 Thread 0x000001872ea18b80 DEOPT PACKING pc=0x000001870d9770ec sp=0x0000003847efcd30
Event: 6381.886 Thread 0x000001872ea18b80 DEOPT UNPACKING pc=0x0000018714157143 sp=0x0000003847efc280 mode 1
Event: 6381.886 Thread 0x000001872ea18b80 DEOPT PACKING pc=0x000001870e4053a4 sp=0x0000003847efce40
Event: 6381.886 Thread 0x000001872ea18b80 DEOPT UNPACKING pc=0x0000018714157143 sp=0x0000003847efc3c0 mode 1
Event: 6381.886 Thread 0x000001872ea18b80 DEOPT PACKING pc=0x000001870d9770ec sp=0x0000003847efcd30
Event: 6381.886 Thread 0x000001872ea18b80 DEOPT UNPACKING pc=0x0000018714157143 sp=0x0000003847efc280 mode 1
Event: 6381.886 Thread 0x000001872ea18b80 DEOPT PACKING pc=0x000001870e4053a4 sp=0x0000003847efce40
Event: 6381.886 Thread 0x000001872ea18b80 DEOPT UNPACKING pc=0x0000018714157143 sp=0x0000003847efc3c0 mode 1

Classes unloaded (20 events):
Event: 4881.614 Thread 0x0000018722c23710 Unloading class 0x0000000100b63c00 'jdk/internal/reflect/GeneratedMethodAccessor48'
Event: 4881.614 Thread 0x0000018722c23710 Unloading class 0x0000000100b63800 'jdk/internal/reflect/GeneratedMethodAccessor47'
Event: 4881.614 Thread 0x0000018722c23710 Unloading class 0x0000000100b63400 'jdk/internal/reflect/GeneratedMethodAccessor46'
Event: 4881.614 Thread 0x0000018722c23710 Unloading class 0x0000000100b62c00 'jdk/internal/reflect/GeneratedMethodAccessor44'
Event: 4881.614 Thread 0x0000018722c23710 Unloading class 0x0000000100b62400 'jdk/internal/reflect/GeneratedMethodAccessor42'
Event: 4881.614 Thread 0x0000018722c23710 Unloading class 0x0000000100b62000 'jdk/internal/reflect/GeneratedMethodAccessor41'
Event: 4881.614 Thread 0x0000018722c23710 Unloading class 0x0000000100b61c00 'jdk/internal/reflect/GeneratedMethodAccessor40'
Event: 4881.614 Thread 0x0000018722c23710 Unloading class 0x0000000100b61800 'jdk/internal/reflect/GeneratedMethodAccessor39'
Event: 4881.614 Thread 0x0000018722c23710 Unloading class 0x0000000100b61400 'jdk/internal/reflect/GeneratedMethodAccessor38'
Event: 4881.614 Thread 0x0000018722c23710 Unloading class 0x0000000100b61000 'jdk/internal/reflect/GeneratedMethodAccessor37'
Event: 4881.614 Thread 0x0000018722c23710 Unloading class 0x0000000100b60c00 'jdk/internal/reflect/GeneratedMethodAccessor36'
Event: 4881.614 Thread 0x0000018722c23710 Unloading class 0x0000000100b60800 'jdk/internal/reflect/GeneratedMethodAccessor35'
Event: 4881.614 Thread 0x0000018722c23710 Unloading class 0x0000000100b60400 'jdk/internal/reflect/GeneratedMethodAccessor34'
Event: 4881.614 Thread 0x0000018722c23710 Unloading class 0x0000000100b60000 'jdk/internal/reflect/GeneratedMethodAccessor33'
Event: 4881.614 Thread 0x0000018722c23710 Unloading class 0x0000000100b5dc00 'jdk/internal/reflect/GeneratedMethodAccessor32'
Event: 4881.614 Thread 0x0000018722c23710 Unloading class 0x0000000100b5d800 'jdk/internal/reflect/GeneratedMethodAccessor31'
Event: 4881.614 Thread 0x0000018722c23710 Unloading class 0x0000000100b5d400 'jdk/internal/reflect/GeneratedMethodAccessor30'
Event: 4881.615 Thread 0x0000018722c23710 Unloading class 0x0000000100b5d000 'jdk/internal/reflect/GeneratedMethodAccessor29'
Event: 4881.615 Thread 0x0000018722c23710 Unloading class 0x0000000100b5cc00 'jdk/internal/reflect/GeneratedMethodAccessor28'
Event: 4881.615 Thread 0x0000018722c23710 Unloading class 0x0000000100b5c800 'jdk/internal/reflect/GeneratedConstructorAccessor37'

Classes redefined (0 events):
No events

Internal exceptions (20 events):
Event: 5424.360 Thread 0x0000018729bf30b0 Implicit null exception at 0x000001871471331c to 0x00000187147136a0
Event: 5425.364 Thread 0x0000018729bf30b0 Implicit null exception at 0x000001871471331c to 0x00000187147136a0
Event: 5426.363 Thread 0x0000018729bf35c0 Implicit null exception at 0x0000018714712796 to 0x0000018714712abc
Event: 5637.136 Thread 0x0000018728571510 Exception <a 'java/io/IOException'{0x00000000854bdb08}> (0x00000000854bdb08) 
thrown [s\src\hotspot\share\prims\jni.cpp, line 517]
Event: 5966.348 Thread 0x000001872af934e0 Exception <a 'java/net/SocketException'{0x00000000862df210}: Connection reset by peer: shutdown> (0x00000000862df210) 
thrown [s\src\hotspot\share\prims\jni.cpp, line 536]
Event: 6379.240 Thread 0x000001872af94410 Exception <a 'java/io/IOException'{0x0000000088fde078}> (0x0000000088fde078) 
thrown [s\src\hotspot\share\prims\jni.cpp, line 517]
Event: 6379.799 Thread 0x0000018729bef900 Exception <a 'java/lang/InterruptedException'{0x0000000086247988}: sleep interrupted> (0x0000000086247988) 
thrown [s\src\hotspot\share\prims\jvm.cpp, line 3067]
Event: 6379.914 Thread 0x000001872ea18b80 Exception <a 'sun/nio/fs/WindowsException'{0x0000000089988838}> (0x0000000089988838) 
thrown [s\src\hotspot\share\prims\jni.cpp, line 517]
Event: 6381.203 Thread 0x000001872ea18b80 Exception <a 'java/lang/NoClassDefFoundError'{0x0000000084841118}: org/flywaydb/core/Flyway> (0x0000000084841118) 
thrown [s\src\hotspot\share\oops\constantPool.cpp, line 835]
Event: 6381.203 Thread 0x000001872ea18b80 Exception <a 'java/lang/NoClassDefFoundError'{0x0000000084841768}: liquibase/integration/spring/SpringLiquibase> (0x0000000084841768) 
thrown [s\src\hotspot\share\oops\constantPool.cpp, line 835]
Event: 6381.215 Thread 0x000001872ea18b80 Exception <a 'java/lang/NoClassDefFoundError'{0x00000000848b7a10}: org/jooq/DSLContext> (0x00000000848b7a10) 
thrown [s\src\hotspot\share\oops\constantPool.cpp, line 835]
Event: 6381.217 Thread 0x000001872ea18b80 Exception <a 'java/lang/NoClassDefFoundError'{0x00000000848cc2b8}: org/springframework/batch/core/repository/JobRepository> (0x00000000848cc2b8) 
thrown [s\src\hotspot\share\oops\constantPool.cpp, line 835]
Event: 6381.217 Thread 0x000001872ea18b80 Exception <a 'java/lang/NoClassDefFoundError'{0x00000000848cc900}: org/quartz/Scheduler> (0x00000000848cc900) 
thrown [s\src\hotspot\share\oops\constantPool.cpp, line 835]
Event: 6381.217 Thread 0x000001872ea18b80 Exception <a 'java/lang/NoClassDefFoundError'{0x00000000848ccf70}: org/springframework/session/jdbc/JdbcIndexedSessionRepository> (0x00000000848ccf70) 
thrown [s\src\hotspot\share\oops\constantPool.cpp, line 835]
Event: 6381.261 Thread 0x000001872ea18b80 Implicit null exception at 0x0000018714eb3828 to 0x0000018714eb67bc
Event: 6381.626 Thread 0x000001872ea18b80 Exception <a 'sun/nio/fs/WindowsException'{0x0000000088fe9150}> (0x0000000088fe9150) 
thrown [s\src\hotspot\share\prims\jni.cpp, line 517]
Event: 6381.628 Thread 0x000001872ea18b80 Exception <a 'sun/nio/fs/WindowsException'{0x0000000088fe9758}> (0x0000000088fe9758) 
thrown [s\src\hotspot\share\prims\jni.cpp, line 517]
Event: 6381.629 Thread 0x000001872ea18b80 Exception <a 'sun/nio/fs/WindowsException'{0x0000000088fe9e30}> (0x0000000088fe9e30) 
thrown [s\src\hotspot\share\prims\jni.cpp, line 517]
Event: 6381.703 Thread 0x000001872ea18b80 Exception <a 'java/io/FileNotFoundException'{0x0000000088e264f8}> (0x0000000088e264f8) 
thrown [s\src\hotspot\share\prims\jni.cpp, line 517]
Event: 6381.752 Thread 0x000001872ea18b80 Exception <a 'java/lang/NoSuchMethodError'{0x0000000086214720}: static Lcom/sbs/SmartBillingSystem/SecurityConfiguration/CustomUserDetails;.<clinit>()V> (0x0000000086214720) 
thrown [s\src\hotspot\share\prims\jni.cpp, line 1108]

VM Operations (20 events):
Event: 6126.989 Executing VM operation: get/set locals
Event: 6126.989 Executing VM operation: get/set locals done
Event: 6126.989 Executing VM operation: get/set locals
Event: 6126.989 Executing VM operation: get/set locals done
Event: 6135.388 Executing VM operation: HandshakeAllThreads
Event: 6135.388 Executing VM operation: HandshakeAllThreads done
Event: 6231.791 Executing VM operation: get/set locals
Event: 6231.791 Executing VM operation: get/set locals done
Event: 6378.918 Executing VM operation: G1CollectForAllocation
Event: 6378.921 Executing VM operation: G1CollectForAllocation done
Event: 6379.807 Executing VM operation: G1CollectFull
Event: 6379.889 Executing VM operation: G1CollectFull done
Event: 6380.897 Executing VM operation: Cleanup
Event: 6380.898 Executing VM operation: Cleanup done
Event: 6381.424 Executing VM operation: G1CollectForAllocation
Event: 6381.434 Executing VM operation: G1CollectForAllocation done
Event: 6381.547 Executing VM operation: G1PauseRemark
Event: 6381.558 Executing VM operation: G1PauseRemark done
Event: 6381.596 Executing VM operation: G1PauseCleanup
Event: 6381.609 Executing VM operation: G1PauseCleanup done

Events (20 events):
Event: 6381.842 loading class com/sbs/SmartBillingSystem/Entity/Brand
Event: 6381.842 loading class com/sbs/SmartBillingSystem/Entity/Brand done
Event: 6381.842 loading class com/sbs/SmartBillingSystem/Entity/Category
Event: 6381.842 loading class com/sbs/SmartBillingSystem/Entity/Category done
Event: 6381.843 loading class com/sbs/SmartBillingSystem/Entity/Challan
Event: 6381.843 loading class com/sbs/SmartBillingSystem/Entity/Challan done
Event: 6381.844 loading class com/sbs/SmartBillingSystem/Entity/Company
Event: 6381.844 loading class com/sbs/SmartBillingSystem/Entity/Company done
Event: 6381.845 loading class com/sbs/SmartBillingSystem/Entity/Customer
Event: 6381.845 loading class com/sbs/SmartBillingSystem/Entity/Customer done
Event: 6381.845 loading class com/sbs/SmartBillingSystem/Entity/Designation
Event: 6381.845 loading class com/sbs/SmartBillingSystem/Entity/Designation done
Event: 6381.846 loading class com/sbs/SmartBillingSystem/Entity/Product
Event: 6381.846 loading class com/sbs/SmartBillingSystem/Entity/Product done
Event: 6381.847 loading class com/sbs/SmartBillingSystem/Entity/PurchaseOrder
Event: 6381.847 loading class com/sbs/SmartBillingSystem/Entity/PurchaseOrder done
Event: 6381.847 loading class com/sbs/SmartBillingSystem/Entity/Suppiler
Event: 6381.847 loading class com/sbs/SmartBillingSystem/Entity/Suppiler done
Event: 6381.848 loading class com/sbs/SmartBillingSystem/Entity/User
Event: 6381.848 loading class com/sbs/SmartBillingSystem/Entity/User done


Dynamic libraries:
0x00007ff7f2590000 - 0x00007ff7f259a000 	C:\Users\User\.jdks\jbrsdk-17.0.9\bin\java.exe
0x00007ffdd7e70000 - 0x00007ffdd8068000 	C:\WINDOWS\SYSTEM32\ntdll.dll
0x00007ffdd7d70000 - 0x00007ffdd7e2f000 	C:\WINDOWS\System32\KERNEL32.DLL
0x00007ffdd5720000 - 0x00007ffdd5a16000 	C:\WINDOWS\System32\KERNELBASE.dll
0x00007ffdd50a0000 - 0x00007ffdd51a0000 	C:\WINDOWS\System32\ucrtbase.dll
0x00007ffdab520000 - 0x00007ffdab537000 	C:\Users\User\.jdks\jbrsdk-17.0.9\bin\jli.dll
0x00007ffdab500000 - 0x00007ffdab51b000 	C:\Users\User\.jdks\jbrsdk-17.0.9\bin\VCRUNTIME140.dll
0x00007ffdd5bf0000 - 0x00007ffdd5d8d000 	C:\WINDOWS\System32\USER32.dll
0x00007ffdd53a0000 - 0x00007ffdd53c2000 	C:\WINDOWS\System32\win32u.dll
0x00007ffdd4220000 - 0x00007ffdd44ba000 	C:\WINDOWS\WinSxS\amd64_microsoft.windows.common-controls_6595b64144ccf1df_6.0.19041.1110_none_60b5254171f9507e\COMCTL32.dll
0x00007ffdd5bc0000 - 0x00007ffdd5bec000 	C:\WINDOWS\System32\GDI32.dll
0x00007ffdd76d0000 - 0x00007ffdd776e000 	C:\WINDOWS\System32\msvcrt.dll
0x00007ffdd5210000 - 0x00007ffdd5325000 	C:\WINDOWS\System32\gdi32full.dll
0x00007ffdd5ad0000 - 0x00007ffdd5b6d000 	C:\WINDOWS\System32\msvcp_win.dll
0x00007ffdd66c0000 - 0x00007ffdd66f0000 	C:\WINDOWS\System32\IMM32.DLL
0x00007ffdc7910000 - 0x00007ffdc791c000 	C:\Users\User\.jdks\jbrsdk-17.0.9\bin\vcruntime140_1.dll
0x00007ffda9e60000 - 0x00007ffda9eed000 	C:\Users\User\.jdks\jbrsdk-17.0.9\bin\msvcp140.dll
0x00007ffd9d230000 - 0x00007ffd9deb2000 	C:\Users\User\.jdks\jbrsdk-17.0.9\bin\server\jvm.dll
0x00007ffdd7770000 - 0x00007ffdd781f000 	C:\WINDOWS\System32\ADVAPI32.dll
0x00007ffdd6280000 - 0x00007ffdd631c000 	C:\WINDOWS\System32\sechost.dll
0x00007ffdd60f0000 - 0x00007ffdd6216000 	C:\WINDOWS\System32\RPCRT4.dll
0x00007ffdd64d0000 - 0x00007ffdd64d9000 	C:\WINDOWS\System32\WSOCK32.dll
0x00007ffdd6440000 - 0x00007ffdd64ab000 	C:\WINDOWS\System32\WS2_32.dll
0x00007ffdd69f0000 - 0x00007ffdd69fa000 	C:\WINDOWS\System32\VERSION.dll
0x00007ffdd4db0000 - 0x00007ffdd4dfb000 	C:\WINDOWS\SYSTEM32\POWRPROF.dll
0x00007ffdc47e0000 - 0x00007ffdc4807000 	C:\WINDOWS\SYSTEM32\WINMM.dll
0x00007ffdd4d90000 - 0x00007ffdd4da2000 	C:\WINDOWS\SYSTEM32\UMPDC.dll
0x00007ffdd2020000 - 0x00007ffdd2032000 	C:\WINDOWS\SYSTEM32\kernel.appcore.dll
0x00007ffdc76f0000 - 0x00007ffdc76fa000 	C:\Users\User\.jdks\jbrsdk-17.0.9\bin\jimage.dll
0x00007ffdc5660000 - 0x00007ffdc5844000 	C:\WINDOWS\SYSTEM32\DBGHELP.DLL
0x00007ffdc3720000 - 0x00007ffdc3754000 	C:\WINDOWS\SYSTEM32\dbgcore.DLL
0x00007ffdd53d0000 - 0x00007ffdd5452000 	C:\WINDOWS\System32\bcryptPrimitives.dll
0x00007ffdbdf90000 - 0x00007ffdbdfcb000 	C:\Users\User\.jdks\jbrsdk-17.0.9\bin\jdwp.dll
0x00007ffdc5ca0000 - 0x00007ffdc5cae000 	C:\Users\User\.jdks\jbrsdk-17.0.9\bin\instrument.dll
0x00007ffdab1b0000 - 0x00007ffdab1d5000 	C:\Users\User\.jdks\jbrsdk-17.0.9\bin\java.dll
0x00007ffdab190000 - 0x00007ffdab1a8000 	C:\Users\User\.jdks\jbrsdk-17.0.9\bin\zip.dll
0x00007ffdb15e0000 - 0x00007ffdb16b7000 	C:\Users\User\.jdks\jbrsdk-17.0.9\bin\jsvml.dll
0x00007ffdd6a00000 - 0x00007ffdd7144000 	C:\WINDOWS\System32\SHELL32.dll
0x00007ffdd29b0000 - 0x00007ffdd3143000 	C:\WINDOWS\SYSTEM32\windows.storage.dll
0x00007ffdd5d90000 - 0x00007ffdd60e4000 	C:\WINDOWS\System32\combase.dll
0x00007ffdd44c0000 - 0x00007ffdd44ee000 	C:\WINDOWS\SYSTEM32\Wldp.dll
0x00007ffdd7150000 - 0x00007ffdd71fd000 	C:\WINDOWS\System32\SHCORE.dll
0x00007ffdd7440000 - 0x00007ffdd7495000 	C:\WINDOWS\System32\shlwapi.dll
0x00007ffdd4e80000 - 0x00007ffdd4e9f000 	C:\WINDOWS\SYSTEM32\profapi.dll
0x00007ffdc5c50000 - 0x00007ffdc5c5c000 	C:\Users\User\.jdks\jbrsdk-17.0.9\bin\dt_socket.dll
0x00007ffdd3c80000 - 0x00007ffdd3cbc000 	C:\WINDOWS\SYSTEM32\IPHLPAPI.DLL
0x00007ffdbfe30000 - 0x00007ffdbffd4000 	C:\WINDOWS\system32\mwtsp.dll
0x00007ffdd64e0000 - 0x00007ffdd660a000 	C:\WINDOWS\System32\ole32.dll
0x00007ffdcdb20000 - 0x00007ffdcdc2a000 	C:\WINDOWS\SYSTEM32\WINHTTP.dll
0x00007ffdd4e00000 - 0x00007ffdd4e32000 	C:\WINDOWS\SYSTEM32\SspiCli.dll
0x00007ffdd3f90000 - 0x00007ffdd3ffa000 	C:\WINDOWS\system32\mswsock.dll
0x00007ffdc1300000 - 0x00007ffdc1319000 	C:\Users\User\.jdks\jbrsdk-17.0.9\bin\net.dll
0x00007ffdbc570000 - 0x00007ffdbc586000 	C:\Users\User\.jdks\jbrsdk-17.0.9\bin\nio.dll
0x00007ffdd1710000 - 0x00007ffdd1719000 	C:\Users\User\.jdks\jbrsdk-17.0.9\bin\management.dll
0x00007ffdd06d0000 - 0x00007ffdd06db000 	C:\Users\User\.jdks\jbrsdk-17.0.9\bin\management_ext.dll
0x00007ffdd7d60000 - 0x00007ffdd7d68000 	C:\WINDOWS\System32\PSAPI.DLL
0x00007ffdc2c50000 - 0x00007ffdc2c60000 	C:\Users\User\.jdks\jbrsdk-17.0.9\bin\verify.dll
0x00007ffdd4bf0000 - 0x00007ffdd4c08000 	C:\WINDOWS\SYSTEM32\CRYPTSP.dll
0x00007ffdd3910000 - 0x00007ffdd3944000 	C:\WINDOWS\system32\rsaenh.dll
0x00007ffdd5360000 - 0x00007ffdd5387000 	C:\WINDOWS\System32\bcrypt.dll
0x00007ffdd4e40000 - 0x00007ffdd4e6e000 	C:\WINDOWS\SYSTEM32\USERENV.dll
0x00007ffdd41c0000 - 0x00007ffdd41cc000 	C:\WINDOWS\SYSTEM32\CRYPTBASE.dll
0x00007ffdd7880000 - 0x00007ffdd7888000 	C:\WINDOWS\System32\NSI.dll
0x00007ffdce090000 - 0x00007ffdce0a7000 	C:\WINDOWS\SYSTEM32\dhcpcsvc6.DLL
0x00007ffdce590000 - 0x00007ffdce5ad000 	C:\WINDOWS\SYSTEM32\dhcpcsvc.DLL
0x00007ffdd3d30000 - 0x00007ffdd3dfa000 	C:\WINDOWS\SYSTEM32\DNSAPI.dll
0x00007ffdc5cb0000 - 0x00007ffdc5cbe000 	C:\Users\User\.jdks\jbrsdk-17.0.9\bin\sunmscapi.dll
0x00007ffdd4f40000 - 0x00007ffdd509e000 	C:\WINDOWS\System32\CRYPT32.dll
0x00007ffdd4530000 - 0x00007ffdd4558000 	C:\WINDOWS\SYSTEM32\ncrypt.dll
0x00007ffdd44f0000 - 0x00007ffdd452b000 	C:\WINDOWS\SYSTEM32\NTASN1.dll
0x00007ffdca520000 - 0x00007ffdca52a000 	C:\Windows\System32\rasadhlp.dll
0x00007ffdca920000 - 0x00007ffdca9a2000 	C:\WINDOWS\System32\fwpuclnt.dll
0x00007ffdc6020000 - 0x00007ffdc6027000 	C:\WINDOWS\system32\wshunix.dll

dbghelp: loaded successfully - version: 4.0.5 - missing functions: none
symbol engine: initialized successfully - sym options: 0x614 - pdb path: .;C:\Users\User\.jdks\jbrsdk-17.0.9\bin;C:\WINDOWS\SYSTEM32;C:\WINDOWS\WinSxS\amd64_microsoft.windows.common-controls_6595b64144ccf1df_6.0.19041.1110_none_60b5254171f9507e;C:\Users\User\.jdks\jbrsdk-17.0.9\bin\server

VM Arguments:
jvm_args: -agentlib:jdwp=transport=dt_socket,address=127.0.0.1:52469,suspend=y,server=n -javaagent:C:\Users\User\AppData\Local\JetBrains\IdeaIC2023.2\captureAgent\debugger-agent.jar -Dfile.encoding=UTF-8 
java_command: com.sbs.SmartBillingSystem.SmartBillingSystemApplication
java_class_path (initial): D:\Rettalore management system\Retail-Store-Management-System\target\classes;C:\Users\User\.m2\repository\org\springframework\boot\spring-boot-starter-mail\3.0.1\spring-boot-starter-mail-3.0.1.jar;C:\Users\User\.m2\repository\org\springframework\boot\spring-boot-starter\3.0.1\spring-boot-starter-3.0.1.jar;C:\Users\User\.m2\repository\org\springframework\boot\spring-boot-starter-logging\3.0.1\spring-boot-starter-logging-3.0.1.jar;C:\Users\User\.m2\repository\ch\qos\logback\logback-classic\1.4.5\logback-classic-1.4.5.jar;C:\Users\User\.m2\repository\ch\qos\logback\logback-core\1.4.5\logback-core-1.4.5.jar;C:\Users\User\.m2\repository\org\apache\logging\log4j\log4j-to-slf4j\2.19.0\log4j-to-slf4j-2.19.0.jar;C:\Users\User\.m2\repository\org\apache\logging\log4j\log4j-api\2.19.0\log4j-api-2.19.0.jar;C:\Users\User\.m2\repository\org\slf4j\jul-to-slf4j\2.0.6\jul-to-slf4j-2.0.6.jar;C:\Users\User\.m2\repository\jakarta\annotation\jakarta.annotation-api\2.1.1\jakarta.annotation-api-2.1.1.jar;C:\Users\User\.m2\repository\org\yaml\snakeyaml\1.33\snakeyaml-1.33.jar;C:\Users\User\.m2\repository\org\springframework\spring-context-support\6.0.3\spring-context-support-6.0.3.jar;C:\Users\User\.m2\repository\org\springframework\spring-beans\6.0.3\spring-beans-6.0.3.jar;C:\Users\User\.m2\repository\org\springframework\spring-context\6.0.3\spring-context-6.0.3.jar;C:\Users\User\.m2\repository\org\eclipse\angus\jakarta.mail\1.0.0\jakarta.mail-1.0.0.jar;C:\Users\User\.m2\repository\jakarta\activation\jakarta.activation-api\2.1.0\jakarta.activation-api-2.1.0.jar;C:\Users\User\.m2\repository\org\eclipse\angus\angus-activation\1.0.0\angus-activation-1.0.0.jar;C:\Users\User\.m2\repository\com\sun\mail\javax.mail\1.6.2\javax.mail-1.6.2.jar;C:\Users\User\.m2\repository\javax\activation\activation\1.1\activation-1.1.jar;C:\Users\User\.m2\repository\org\springframework\boot\spring-boot-starter-thymeleaf\3.0.1\spring-boot-starter-thymeleaf-3.0.1.jar;C:\Users\User\.m2\re
Launcher Type: SUN_STANDARD

[Global flags]
     intx CICompilerCount                          = 3                                         {product} {ergonomic}
     uint ConcGCThreads                            = 1                                         {product} {ergonomic}
     uint G1ConcRefinementThreads                  = 4                                         {product} {ergonomic}
   size_t G1HeapRegionSize                         = 1048576                                   {product} {ergonomic}
    uintx GCDrainStackTargetSize                   = 64                                        {product} {ergonomic}
   size_t InitialHeapSize                          = 134217728                                 {product} {ergonomic}
   size_t MarkStackSize                            = 4194304                                   {product} {ergonomic}
   size_t MaxHeapSize                              = 2120220672                                {product} {ergonomic}
   size_t MaxNewSize                               = 1271922688                                {product} {ergonomic}
   size_t MinHeapDeltaBytes                        = 1048576                                   {product} {ergonomic}
   size_t MinHeapSize                              = 8388608                                   {product} {ergonomic}
    uintx NonNMethodCodeHeapSize                   = 5832780                                {pd product} {ergonomic}
    uintx NonProfiledCodeHeapSize                  = 122912730                              {pd product} {ergonomic}
    uintx ProfiledCodeHeapSize                     = 122912730                              {pd product} {ergonomic}
    uintx ReservedCodeCacheSize                    = 251658240                              {pd product} {ergonomic}
     bool SegmentedCodeCache                       = true                                      {product} {ergonomic}
   size_t SoftMaxHeapSize                          = 2120220672                             {manageable} {ergonomic}
     bool UseCompressedClassPointers               = true                           {product lp64_product} {ergonomic}
     bool UseCompressedOops                        = true                           {product lp64_product} {ergonomic}
     bool UseG1GC                                  = true                                      {product} {ergonomic}
     bool UseLargePagesIndividualAllocation        = false                                  {pd product} {ergonomic}

Logging:
Log output configuration:
 #0: stdout all=warning uptime,level,tags
 #1: stderr all=off uptime,level,tags

Environment Variables:
JAVA_HOME=C:\Program Files\Java\jdk-15.0.2
CLASSPATH=C:\mysql-connector-java-8.0.29.jar;.;
PATH=C:\WINDOWS\system32;C:\WINDOWS;C:\WINDOWS\system32\Wbem;C:\Program Files\Common Files\Oracle\Java\javapath;C:\Program Files\Java\jdk-15.0.2\bin;C:\Program Files\Git\cmd;C:\ProgramData\Microsoft VS Code\bin;C:\Users\User\AppData\Local\Microsoft\WindowsApps;%IntelliJ IDEA Community Edition%;
USERNAME=User
OS=Windows_NT
PROCESSOR_IDENTIFIER=Intel64 Family 6 Model 58 Stepping 9, GenuineIntel
TMP=C:\Users\User\AppData\Local\Temp
TEMP=C:\Users\User\AppData\Local\Temp



Periodic native trim disabled

JNI global refs:
JNI global refs: 85, weak refs: 13078

JNI global refs memory usage: 4091, weak refs: 131753

OOME stack traces (most recent first):
Classloader memory used:
Loader jdk.internal.loader.ClassLoaders$AppClassLoader                                 : 8513K
Loader bootstrap                                                                       : 2682K
Loader org.springframework.boot.devtools.restart.classloader.RestartClassLoader        : 372K
Loader jdk.internal.reflect.DelegatingClassLoader                                      : 72162B
Loader jdk.internal.loader.ClassLoaders$PlatformClassLoader                            : 69607B
Loader org.springframework.boot.web.embedded.tomcat.TomcatEmbeddedWebappClassLoader    : 690B
Loader net.bytebuddy.utility.dispatcher.JavaDispatcher$DynamicClassLoader              : 285B

Classes loaded by more than one classloader:
Class com.sbs.SmartBillingSystem.SmartBillingSystemApplication                        : loaded 4 times (x 69B)
Class com.sbs.SmartBillingSystem.SecurityConfiguration.SecurtyConfig$$SpringCGLIB$$1  : loaded 3 times (x 85B)
Class com.sbs.SmartBillingSystem.SecurityConfiguration.SecurtyConfig$$SpringCGLIB$$2  : loaded 3 times (x 85B)
Class com.sbs.SmartBillingSystem.Services.EmailService                                : loaded 3 times (x 68B)
Class com.sbs.SmartBillingSystem.SecurityConfiguration.SecurtyConfig                  : loaded 3 times (x 71B)
Class com.sbs.SmartBillingSystem.controllers.ctr_master                               : loaded 3 times (x 77B)
Class com.sbs.SmartBillingSystem.SecurityConfiguration.SecurtyConfig$$SpringCGLIB$$0  : loaded 3 times (x 77B)
Class org.springframework.security.config.annotation.web.configuration.WebSecurityConfiguration$$SpringCGLIB$$0: loaded 3 times (x 85B)
Class com.sbs.SmartBillingSystem.Repository.CategoryRepo                              : loaded 3 times (x 68B)
Class com.sbs.SmartBillingSystem.Services.ServiceImpl.EmailServiceImpl                : loaded 3 times (x 74B)
Class com.sbs.SmartBillingSystem.Repository.ProductRepo                               : loaded 3 times (x 68B)
Class com.sbs.SmartBillingSystem.SecurityConfiguration.CustomUserDetails              : loaded 3 times (x 86B)
Class com.sbs.SmartBillingSystem.SmartBillingSystemApplication$$SpringCGLIB$$0        : loaded 3 times (x 75B)
Class com.sbs.SmartBillingSystem.Entity.User                                          : loaded 3 times (x 88B)
Class com.sbs.SmartBillingSystem.controllers.GridRestController                       : loaded 3 times (x 72B)
Class com.sbs.SmartBillingSystem.Repository.UserRepo                                  : loaded 3 times (x 68B)
Class com.sbs.SmartBillingSystem.controllers.ctr                                      : loaded 3 times (x 88B)
Class com.sbs.SmartBillingSystem.Entity.Bill                                          : loaded 3 times (x 95B)
Class com.sbs.SmartBillingSystem.Repository.CompanyRepo                               : loaded 3 times (x 68B)
Class com.sbs.SmartBillingSystem.Helper.InvoiveHelper                                 : loaded 3 times (x 73B)
Class com.sbs.SmartBillingSystem.SecurityConfiguration.UserDetailsServiceImpl         : loaded 3 times (x 74B)
Class com.sbs.SmartBillingSystem.SecurityConfiguration.MyConfigSetting$$SpringCGLIB$$0: loaded 3 times (x 91B)
Class com.sbs.SmartBillingSystem.SecurityConfiguration.MyConfigSetting$$SpringCGLIB$$1: loaded 3 times (x 85B)
Class com.sbs.SmartBillingSystem.SecurityConfiguration.MyConfigSetting$$SpringCGLIB$$2: loaded 3 times (x 85B)
Class com.sbs.SmartBillingSystem.Entity.Branch                                        : loaded 3 times (x 82B)
Class com.sbs.SmartBillingSystem.Entity.Brand                                         : loaded 3 times (x 76B)
Class com.sbs.SmartBillingSystem.Entity.Designation                                   : loaded 3 times (x 76B)
Class com.sbs.SmartBillingSystem.Entity.PurchaseOrder                                 : loaded 3 times (x 92B)
Class com.sbs.SmartBillingSystem.Entity.BillDetails                                   : loaded 3 times (x 84B)
Class com.sbs.SmartBillingSystem.Repository.PurchaseOrderRepo                         : loaded 3 times (x 68B)
Class com.sbs.SmartBillingSystem.Repository.BillRepo                                  : loaded 3 times (x 68B)
Class com.sbs.SmartBillingSystem.Repository.BillDetailRepo                            : loaded 3 times (x 68B)
Class com.sbs.SmartBillingSystem.Repository.SupplierRepo                              : loaded 3 times (x 68B)
Class com.sbs.SmartBillingSystem.Entity.Customer                                      : loaded 3 times (x 82B)
Class com.sbs.SmartBillingSystem.controllers.GridViewController                       : loaded 3 times (x 75B)
Class com.sbs.SmartBillingSystem.Entity.Suppiler                                      : loaded 3 times (x 84B)
Class com.sbs.SmartBillingSystem.controllers.emailctr                                 : loaded 3 times (x 70B)
Class com.sbs.SmartBillingSystem.Repository.DesignationRepo                           : loaded 3 times (x 68B)
Class com.sbs.SmartBillingSystem.Repository.BranchRepo                                : loaded 3 times (x 68B)
Class com.sbs.SmartBillingSystem.controllers.restCtr                                  : loaded 3 times (x 69B)
Class com.sbs.SmartBillingSystem.Repository.ChallanRepo                               : loaded 3 times (x 68B)
Class com.sbs.SmartBillingSystem.SecurityConfiguration.MyConfigSetting                : loaded 3 times (x 85B)
Class com.sbs.SmartBillingSystem.Repository.CustomerRepo                              : loaded 3 times (x 68B)
Class com.sbs.SmartBillingSystem.Helper.EmailHelper                                   : loaded 3 times (x 69B)
Class com.sbs.SmartBillingSystem.Entity.Category                                      : loaded 3 times (x 76B)
Class com.sbs.SmartBillingSystem.Entity.Challan                                       : loaded 3 times (x 88B)
Class com.sbs.SmartBillingSystem.controllers.ctrService                               : loaded 3 times (x 74B)
Class com.sbs.SmartBillingSystem.Entity.Company                                       : loaded 3 times (x 82B)
Class com.sbs.SmartBillingSystem.Repository.BrandRepo                                 : loaded 3 times (x 68B)
Class com.sbs.SmartBillingSystem.Entity.Product                                       : loaded 3 times (x 107B)
Class org.apache.catalina.loader.JdbcLeakPrevention                                   : loaded 2 times (x 70B)
Class com.sbs.SmartBillingSystem.Entity.serializedObject.DesObjChallanProduct         : loaded 2 times (x 74B)
Class com.sbs.SmartBillingSystem.Entity.serializedObject.DesObjBillProduct            : loaded 2 times (x 74B)


---------------  S Y S T E M  ---------------

OS:
 Windows 10 , 64 bit Build 19041 (10.0.19041.3031)
OS uptime: 1 days 12:27 hours

CPU: total 4 (initial active 4) (2 cores per cpu, 2 threads per core) family 6 model 58 stepping 9 microcode 0x21, cx8, cmov, fxsr, ht, mmx, sse, sse2, sse3, ssse3, sse4.1, sse4.2, popcnt, tsc, tscinvbit, avx, erms, clmul, vzeroupper, clflush
Processor Information for all 4 processors :
  Max Mhz: 3300, Current Mhz: 3300, Mhz Limit: 3300

Memory: 4k page, system-wide physical 8082M (1029M free)
TotalPageFile size 10875M (AvailPageFile size 1624M)
current process WorkingSet (physical memory assigned to process): 421M, peak: 421M
current process commit charge ("private bytes"): 449M, peak: 449M

vm_info: OpenJDK 64-Bit Server VM (17.0.9+7-b1087.9) for windows-amd64 JRE (17.0.9+7-b1087.9), built on 2023-12-05 by "builduser" with MS VC++ 16.10 / 16.11 (VS2019)

END.
