#
# A fatal error has been detected by the Java Runtime Environment:
#
#  EXCEPTION_ACCESS_VIOLATION (0xc0000005) at pc=0x00007ffac3710e60, pid=5436, tid=11728
#
# JRE version: OpenJDK Runtime Environment JBR-17.0.9+7-1087.9-nomod (17.0.9+7) (build 17.0.9+7-b1087.9)
# Java VM: OpenJDK 64-Bit Server VM JBR-17.0.9+7-1087.9-nomod (17.0.9+7-b1087.9, mixed mode, tiered, compressed oops, compressed class ptrs, g1 gc, windows-amd64)
# Problematic frame:
# V  [jvm.dll+0x370e60]  IndexSetIterator::advance_and_next+0x80
#
# No core dump will be written. Minidumps are not enabled by default on client versions of Windows
#
# If you would like to submit a bug report, please visit:
#   https://youtrack.jetbrains.com/issues/JBR
#

---------------  S U M M A R Y ------------

Command Line: -agentlib:jdwp=transport=dt_socket,address=127.0.0.1:52675,suspend=y,server=n -javaagent:C:\Users\User\AppData\Local\JetBrains\IdeaIC2023.2\captureAgent\debugger-agent.jar -Dfile.encoding=UTF-8 com.sbs.SmartBillingSystem.SmartBillingSystemApplication

Host: Intel(R) Core(TM) i3-3220 CPU @ 3.30GHz, 4 cores, 7G,  Windows 10 , 64 bit Build 19041 (10.0.19041.3636)
Time: Mon Mar 18 21:30:16 2024 India Standard Time elapsed time: 19.031061 seconds (0d 0h 0m 19s)

---------------  T H R E A D  ---------------

Current thread (0x000002bf71756ed0):  JavaThread "C2 CompilerThread0" daemon [_thread_in_native, id=11728, stack(0x000000d558300000,0x000000d558400000)]


Current CompileTask:
C2:  19031 6651   !   4       org.springframework.core.annotation.AnnotationsScanner::processMethodHierarchy (276 bytes)

Stack: [0x000000d558300000,0x000000d558400000],  sp=0x000000d5583fbc30,  free space=1007k
Native frames: (J=compiled Java code, j=interpreted, Vv=VM code, C=native code)
V  [jvm.dll+0x370e60]  IndexSetIterator::advance_and_next+0x80  (indexSet.cpp:427)
V  [jvm.dll+0x36a0b8]  PhaseIFG::Compute_Effective_Degree+0xf8  (ifg.cpp:102)
V  [jvm.dll+0x1be668]  PhaseChaitin::Register_Allocate+0x6c8  (chaitin.cpp:563)
V  [jvm.dll+0x21dbb9]  Compile::Code_Gen+0x3b9  (compile.cpp:2746)
V  [jvm.dll+0x21ce81]  Compile::Compile+0xe61  (compile.cpp:836)
V  [jvm.dll+0x1a66dd]  C2Compiler::compile_method+0xad  (c2compiler.cpp:110)
V  [jvm.dll+0x22cd28]  CompileBroker::invoke_compiler_on_method+0x878  (compileBroker.cpp:2357)
V  [jvm.dll+0x22ae60]  CompileBroker::compiler_thread_loop+0x2d0  (compileBroker.cpp:2015)
V  [jvm.dll+0x7f6087]  JavaThread::run+0x147  (thread.cpp:1299)
V  [jvm.dll+0x7f043a]  Thread::call_run+0x8a  (thread.cpp:405)
V  [jvm.dll+0x6871c5]  thread_native_entry+0x75  (os_windows.cpp:550)
C  [ucrtbase.dll+0x21bb2]
C  [KERNEL32.DLL+0x17344]
C  [ntdll.dll+0x526b1]


siginfo: EXCEPTION_ACCESS_VIOLATION (0xc0000005), reading address 0x00007ff2c3f33158


Registers:
RAX=0x0000000000000000, RBX=0x000000d5583fbc80, RCX=0x0000000000000000, RDX=0x00007ff2c3f33158
RSP=0x000000d5583fbc30, RBP=0x000000d5583fbda0, RSI=0x00007ffac3f33158, RDI=0x000000000000000e
R8 =0x00000000000009c0, R9 =0x0000000000000045, R10=0x00000000000009d9, R11=0x0000000000000004
R12=0x0000000000000000, R13=0x0000000000000000, R14=0x00000000000009da, R15=0x00000000000009da
RIP=0x00007ffac3710e60, EFLAGS=0x0000000000010246


Register to memory mapping:

RIP=0x00007ffac3710e60 jvm.dll::IndexSetIterator::advance_and_next + 0x80
RAX=0x0 is NULL
RBX=0x000000d5583fbc80 is pointing into the stack for thread: 0x000002bf71756ed0
RCX=0x0 is NULL
RDX=0x00007ff2c3f33158 is an unknown value
RSP=0x000000d5583fbc30 is pointing into the stack for thread: 0x000002bf71756ed0
RBP=0x000000d5583fbda0 is pointing into the stack for thread: 0x000002bf71756ed0
RSI=0x00007ffac3f33158 jvm.dll::IndexSet::_empty_block + 0x0
RDI=0x000000000000000e is an unknown value
R8 =0x00000000000009c0 is an unknown value
R9 =0x0000000000000045 is an unknown value
R10=0x00000000000009d9 is an unknown value
R11=0x0000000000000004 is an unknown value
R12=0x0 is NULL
R13=0x0 is NULL
R14=0x00000000000009da is an unknown value
R15=0x00000000000009da is an unknown value


Top of Stack: (sp=0x000000d5583fbc30)
0x000000d5583fbc30:   00000000000066c1 00007ffac3710fb4
0x000000d5583fbc40:   000002bf71751f10 000002bf7dc81700
0x000000d5583fbc50:   0000000000000001 00007ffac370a0b8
0x000000d5583fbc60:   0000000000000001 000000000000000a
0x000000d5583fbc70:   00000000000066c7 00000000000066c7
0x000000d5583fbc80:   0000000000000000 00000004000009d9
0x000000d5583fbc90:   000000450000000a 00007ff2c3f33158
0x000000d5583fbca0:   000002bf7ad9fc90 000002bf7afad890
0x000000d5583fbcb0:   00000000000003d8 000002bf71a11280
0x000000d5583fbcc0:   000002bf71a11270 000002bf71a11658
0x000000d5583fbcd0:   000000d5583fbde0 00007ffac355e668
0x000000d5583fbce0:   000000d5583fc130 000000d5583fc210
0x000000d5583fbcf0:   0000000000000000 000002bf71a11270
0x000000d5583fbd00:   0000000000000000 00007ffb06ecfde6
0x000000d5583fbd10:   0000000000000006 000002bf71a11270
0x000000d5583fbd20:   000002bf7e5dabb0 000002bf7e5dd200
0x000000d5583fbd30:   000002bf7e5e2b98 0000000002774220
0x000000d5583fbd40:   0000000000000000 0000000000000000
0x000000d5583fbd50:   0000000000000000 0000000000000000
0x000000d5583fbd60:   0000000000000000 00007ffac3cde038
0x000000d5583fbd70:   0000000000000000 000000d5583fea80
0x000000d5583fbd80:   0000000000000000 00007ffac3cde038
0x000000d5583fbd90:   0000000000000000 0000000000000164
0x000000d5583fbda0:   000002bf0000000c 000000d5583fea80
0x000000d5583fbdb0:   000002bf7af4b050 0000000000000001
0x000000d5583fbdc0:   000002bf7b35c050 00000000000066cb
0x000000d5583fbdd0:   000000d5583fbd10 000002bf71a11280
0x000000d5583fbde0:   00007ffac3cde008 000000000000000d
0x000000d5583fbdf0:   000000d5583fea80 000000d5583fc130
0x000000d5583fbe00:   00000000000035fa 000002bf71751f10
0x000000d5583fbe10:   00007ffa0000000a 000000d5583fea80
0x000000d5583fbe20:   000002bf7e204500 0000000000000000 

Instructions: (pc=0x00007ffac3710e60)
0x00007ffac3710d60:   48 8b a8 80 00 00 00 48 8b 8d d0 08 00 00 48 85
0x00007ffac3710d70:   c9 75 0c e8 e8 0b 00 00 48 8b 8d d0 08 00 00 48
0x00007ffac3710d80:   8b 01 0f 57 c0 48 89 85 d0 08 00 00 0f 11 01 0f
0x00007ffac3710d90:   11 41 10 41 0f 10 06 0f 11 01 41 0f 10 4e 10 0f
0x00007ffac3710da0:   11 49 10 48 8b 43 08 48 89 0c 06 ff c7 ba 50 00
0x00007ffac3710db0:   00 00 3b bb 90 00 00 00 0f 82 62 ff ff ff 4c 8b
0x00007ffac3710dc0:   74 24 60 4c 8b 6c 24 58 4c 8b 64 24 50 48 8b c3
0x00007ffac3710dd0:   48 83 c4 20 41 5f 5f 5e 5d 5b c3 cc cc cc cc cc
0x00007ffac3710de0:   40 53 48 83 ec 20 8b 51 0c 48 8b d9 83 fa 04 73
0x00007ffac3710df0:   2a 4c 8b 59 18 66 66 66 0f 1f 84 00 00 00 00 00
0x00007ffac3710e00:   44 8b d2 44 8d 4a 01 4b 83 3c d3 00 0f 85 8f 00
0x00007ffac3710e10:   00 00 41 8b d1 41 83 f9 04 72 e5 48 89 74 24 30
0x00007ffac3710e20:   48 89 7c 24 38 8b 79 10 3b 79 14 73 62 48 8d 35
0x00007ffac3710e30:   24 23 82 00 0f 1f 40 00 0f 1f 84 00 00 00 00 00
0x00007ffac3710e40:   48 8b 43 20 8b cf 48 8b 14 c8 48 3b d6 74 39 33
0x00007ffac3710e50:   c0 48 89 53 18 33 c9 66 0f 1f 84 00 00 00 00 00
0x00007ffac3710e60:   48 83 3c 11 00 44 8d 48 01 75 6f 48 83 c1 08 41
0x00007ffac3710e70:   8b c1 41 83 f9 04 72 e8 48 8b 4b 28 48 85 c9 74
0x00007ffac3710e80:   07 8b d7 e8 58 01 00 00 ff c7 3b 7b 14 72 b1 48
0x00007ffac3710e90:   8b 74 24 30 33 c0 48 8b 7c 24 38 48 83 c4 20 5b
0x00007ffac3710ea0:   c3 8b 41 10 44 8d 04 82 41 c1 e0 06 41 81 c0 00
0x00007ffac3710eb0:   ff ff ff 44 89 41 08 4b 8b 14 d3 48 0f bc c2 44
0x00007ffac3710ec0:   89 49 0c 8b c8 48 d3 ea 48 ff ca 41 03 c0 48 89
0x00007ffac3710ed0:   13 89 43 08 48 83 c4 20 5b c3 48 8b 74 24 30 44
0x00007ffac3710ee0:   8d 04 b8 8b c8 8d 47 01 48 8b 7c 24 38 41 c1 e0
0x00007ffac3710ef0:   06 44 89 43 08 48 8b 14 ca 89 43 10 48 0f bc c2
0x00007ffac3710f00:   44 89 4b 0c 8b c8 48 d3 ea 48 ff ca 41 03 c0 48
0x00007ffac3710f10:   89 13 89 43 08 48 83 c4 20 5b c3 cc cc cc cc cc
0x00007ffac3710f20:   40 53 48 83 ec 20 65 48 8b 04 25 58 00 00 00 8b
0x00007ffac3710f30:   0d c3 0d 87 00 48 8b 1c c8 b8 50 00 00 00 80 3c
0x00007ffac3710f40:   18 00 75 05 e8 cf c6 52 00 b8 20 00 00 00 48 8b
0x00007ffac3710f50:   04 18 48 8b 88 e0 04 00 00 48 8b 99 80 00 00 00 


Stack slot to memory mapping:
stack at sp + 0 slots: 0x00000000000066c1 is an unknown value
stack at sp + 1 slots: 0x00007ffac3710fb4 jvm.dll::IndexSet::alloc_block_containing + 0x14
stack at sp + 2 slots: 0x000002bf71751f10 points into unknown readable memory: 0x000a000000000006 | 06 00 00 00 00 00 0a 00
stack at sp + 3 slots: 0x000002bf7dc81700 points into unknown readable memory: 0x000000000000000f | 0f 00 00 00 00 00 00 00
stack at sp + 4 slots: 0x0000000000000001 is an unknown value
stack at sp + 5 slots: 0x00007ffac370a0b8 jvm.dll::PhaseIFG::Compute_Effective_Degree + 0xf8
stack at sp + 6 slots: 0x0000000000000001 is an unknown value
stack at sp + 7 slots: 0x000000000000000a is an unknown value


---------------  P R O C E S S  ---------------

Threads class SMR info:
_java_thread_list=0x000002bf76344280, length=24, elements={
0x000002bf57dc27c0, 0x000002bf715d5640, 0x000002bf715d64e0, 0x000002bf71752130,
0x000002bf71753b20, 0x000002bf71758eb0, 0x000002bf7175bc40, 0x000002bf71756ed0,
0x000002bf7176bf30, 0x000002bf7177e530, 0x000002bf7175c150, 0x000002bf71a637e0,
0x000002bf71ae0b20, 0x000002bf71ae1020, 0x000002bf7175a2f0, 0x000002bf7175a800,
0x000002bf717593c0, 0x000002bf71759de0, 0x000002bf7175b220, 0x000002bf7175b730,
0x000002bf717589a0, 0x000002bf78b26950, 0x000002bf7d9bb7a0, 0x000002bf7d9ba870
}

Java Threads: ( => current thread )
  0x000002bf57dc27c0 JavaThread "main" [_thread_blocked, id=7508, stack(0x000000d557600000,0x000000d557700000)]
  0x000002bf715d5640 JavaThread "Reference Handler" daemon [_thread_blocked, id=11044, stack(0x000000d557d00000,0x000000d557e00000)]
  0x000002bf715d64e0 JavaThread "Finalizer" daemon [_thread_blocked, id=1220, stack(0x000000d557e00000,0x000000d557f00000)]
  0x000002bf71752130 JavaThread "Signal Dispatcher" daemon [_thread_blocked, id=13160, stack(0x000000d557f00000,0x000000d558000000)]
  0x000002bf71753b20 JavaThread "Attach Listener" daemon [_thread_blocked, id=2892, stack(0x000000d558000000,0x000000d558100000)]
  0x000002bf71758eb0 JavaThread "Service Thread" daemon [_thread_blocked, id=10704, stack(0x000000d558100000,0x000000d558200000)]
  0x000002bf7175bc40 JavaThread "Monitor Deflation Thread" daemon [_thread_blocked, id=9448, stack(0x000000d558200000,0x000000d558300000)]
=>0x000002bf71756ed0 JavaThread "C2 CompilerThread0" daemon [_thread_in_native, id=11728, stack(0x000000d558300000,0x000000d558400000)]
  0x000002bf7176bf30 JavaThread "C1 CompilerThread0" daemon [_thread_in_native, id=10308, stack(0x000000d558400000,0x000000d558500000)]
  0x000002bf7177e530 JavaThread "Sweeper thread" daemon [_thread_blocked, id=10768, stack(0x000000d558500000,0x000000d558600000)]
  0x000002bf7175c150 JavaThread "Common-Cleaner" daemon [_thread_blocked, id=6344, stack(0x000000d558600000,0x000000d558700000)]
  0x000002bf71a637e0 JavaThread "JDWP Transport Listener: dt_socket" daemon [_thread_blocked, id=10904, stack(0x000000d558700000,0x000000d558800000)]
  0x000002bf71ae0b20 JavaThread "JDWP Event Helper Thread" daemon [_thread_blocked, id=2988, stack(0x000000d558800000,0x000000d558900000)]
  0x000002bf71ae1020 JavaThread "JDWP Command Reader" daemon [_thread_in_native, id=13264, stack(0x000000d558900000,0x000000d558a00000)]
  0x000002bf7175a2f0 JavaThread "Notification Thread" daemon [_thread_blocked, id=13196, stack(0x000000d558a00000,0x000000d558b00000)]
  0x000002bf7175a800 JavaThread "Thread-0" [_thread_blocked, id=10564, stack(0x000000d559000000,0x000000d559100000)]
  0x000002bf717593c0 JavaThread "restartedMain" [_thread_in_Java, id=7396, stack(0x000000d559100000,0x000000d559200000)]
  0x000002bf71759de0 JavaThread "Catalina-utility-1" [_thread_blocked, id=2220, stack(0x000000d559200000,0x000000d559300000)]
  0x000002bf7175b220 JavaThread "Catalina-utility-2" [_thread_blocked, id=9576, stack(0x000000d559300000,0x000000d559400000)]
  0x000002bf7175b730 JavaThread "container-0" [_thread_blocked, id=12804, stack(0x000000d559400000,0x000000d559500000)]
  0x000002bf717589a0 JavaThread "mysql-cj-abandoned-connection-cleanup" daemon [_thread_blocked, id=7884, stack(0x000000d559500000,0x000000d559600000)]
  0x000002bf78b26950 JavaThread "C2 CompilerThread1" daemon [_thread_in_native, id=5008, stack(0x000000d559600000,0x000000d559700000)]
  0x000002bf7d9bb7a0 JavaThread "HikariPool-1 housekeeper" daemon [_thread_blocked, id=9884, stack(0x000000d559700000,0x000000d559800000)]
  0x000002bf7d9ba870 JavaThread "HikariPool-1 connection adder" daemon [_thread_blocked, id=7764, stack(0x000000d559800000,0x000000d559900000)]

Other Threads:
  0x000002bf71575220 VMThread "VM Thread" [stack: 0x000000d557c00000,0x000000d557d00000] [id=2132]
  0x000002bf71b06100 WatcherThread [stack: 0x000000d558b00000,0x000000d558c00000] [id=7652]
  0x000002bf57e1d130 GCTaskThread "GC Thread#0" [stack: 0x000000d557700000,0x000000d557800000] [id=7368]
  0x000002bf76388c10 GCTaskThread "GC Thread#1" [stack: 0x000000d558d00000,0x000000d558e00000] [id=9412]
  0x000002bf766b5580 GCTaskThread "GC Thread#2" [stack: 0x000000d558e00000,0x000000d558f00000] [id=9236]
  0x000002bf768881e0 GCTaskThread "GC Thread#3" [stack: 0x000000d558f00000,0x000000d559000000] [id=10656]
  0x000002bf55c7dee0 ConcurrentGCThread "G1 Main Marker" [stack: 0x000000d557800000,0x000000d557900000] [id=10396]
  0x000002bf57e29e70 ConcurrentGCThread "G1 Conc#0" [stack: 0x000000d557900000,0x000000d557a00000] [id=8448]
  0x000002bf7142a510 ConcurrentGCThread "G1 Refine#0" [stack: 0x000000d557a00000,0x000000d557b00000] [id=8216]
  0x000002bf7142ab50 ConcurrentGCThread "G1 Service" [stack: 0x000000d557b00000,0x000000d557c00000] [id=9340]

Threads with active compile tasks:
C2 CompilerThread0    19171 6651   !   4       org.springframework.core.annotation.AnnotationsScanner::processMethodHierarchy (276 bytes)
C1 CompilerThread0    19171 7011       3       jdk.internal.org.objectweb.asm.ClassWriter::toByteArray (1515 bytes)
C2 CompilerThread1    19171 6851       4       org.antlr.v4.runtime.atn.ParserATNSimulator::closure_ (311 bytes)

VM state: not at safepoint (normal execution)

VM Mutex/Monitor currently owned by a thread: None

Heap address: 0x0000000081a00000, size: 2022 MB, Compressed Oops mode: 32-bit

CDS archive(s) not mapped
Compressed class space mapped at: 0x0000000100000000-0x0000000140000000, reserved size: 1073741824
Narrow klass base: 0x0000000000000000, Narrow klass shift: 3, Narrow klass range: 0x140000000

GC Precious Log:
 CPUs: 4 total, 4 available
 Memory: 8082M
 Large Page Support: Disabled
 NUMA Support: Disabled
 Compressed Oops: Enabled (32-bit)
 Heap Region Size: 1M
 Heap Min Capacity: 8M
 Heap Initial Capacity: 128M
 Heap Max Capacity: 2022M
 Pre-touch: Disabled
 Parallel Workers: 4
 Concurrent Workers: 1
 Concurrent Refinement Workers: 4
 Periodic GC: Disabled

Heap:
 garbage-first heap   total 78848K, used 39167K [0x0000000081a00000, 0x0000000100000000)
  region size 1024K, 4 young (4096K), 3 survivors (3072K)
 Metaspace       used 72850K, committed 73344K, reserved 1114112K
  class space    used 9550K, committed 9792K, reserved 1048576K

Heap Regions: E=young(eden), S=young(survivor), O=old, HS=humongous(starts), HC=humongous(continues), CS=collection set, F=free, OA=open archive, CA=closed archive, TAMS=top-at-mark-start (previous, next)
|   0|0x0000000081a00000, 0x0000000081b00000, 0x0000000081b00000|100%|HS|  |TAMS 0x0000000081b00000, 0x0000000081b00000| Complete 
|   1|0x0000000081b00000, 0x0000000081c00000, 0x0000000081c00000|100%|HS|  |TAMS 0x0000000081c00000, 0x0000000081c00000| Complete 
|   2|0x0000000081c00000, 0x0000000081d00000, 0x0000000081d00000|100%| O|  |TAMS 0x0000000081d00000, 0x0000000081d00000| Untracked 
|   3|0x0000000081d00000, 0x0000000081e00000, 0x0000000081e00000|100%| O|  |TAMS 0x0000000081e00000, 0x0000000081e00000| Untracked 
|   4|0x0000000081e00000, 0x0000000081f00000, 0x0000000081f00000|100%| O|  |TAMS 0x0000000081f00000, 0x0000000081f00000| Untracked 
|   5|0x0000000081f00000, 0x0000000082000000, 0x0000000082000000|100%| O|  |TAMS 0x0000000082000000, 0x0000000082000000| Untracked 
|   6|0x0000000082000000, 0x0000000082100000, 0x0000000082100000|100%| O|  |TAMS 0x0000000082100000, 0x0000000082100000| Untracked 
|   7|0x0000000082100000, 0x0000000082200000, 0x0000000082200000|100%| O|  |TAMS 0x0000000082200000, 0x0000000082200000| Untracked 
|   8|0x0000000082200000, 0x0000000082300000, 0x0000000082300000|100%| O|  |TAMS 0x0000000082300000, 0x0000000082300000| Untracked 
|   9|0x0000000082300000, 0x0000000082400000, 0x0000000082400000|100%| O|  |TAMS 0x0000000082400000, 0x0000000082400000| Untracked 
|  10|0x0000000082400000, 0x0000000082500000, 0x0000000082500000|100%| O|  |TAMS 0x0000000082500000, 0x0000000082500000| Untracked 
|  11|0x0000000082500000, 0x0000000082600000, 0x0000000082600000|100%| O|  |TAMS 0x0000000082600000, 0x0000000082600000| Untracked 
|  12|0x0000000082600000, 0x0000000082652e00, 0x0000000082700000| 32%| O|  |TAMS 0x0000000082652e00, 0x0000000082652e00| Untracked 
|  13|0x0000000082700000, 0x0000000082800000, 0x0000000082800000|100%| O|  |TAMS 0x0000000082800000, 0x0000000082800000| Untracked 
|  14|0x0000000082800000, 0x0000000082900000, 0x0000000082900000|100%| O|  |TAMS 0x0000000082900000, 0x0000000082900000| Untracked 
|  15|0x0000000082900000, 0x0000000082a00000, 0x0000000082a00000|100%| O|  |TAMS 0x0000000082a00000, 0x0000000082a00000| Untracked 
|  16|0x0000000082a00000, 0x0000000082b00000, 0x0000000082b00000|100%| O|  |TAMS 0x0000000082b00000, 0x0000000082b00000| Untracked 
|  17|0x0000000082b00000, 0x0000000082c00000, 0x0000000082c00000|100%| O|  |TAMS 0x0000000082c00000, 0x0000000082c00000| Untracked 
|  18|0x0000000082c00000, 0x0000000082d00000, 0x0000000082d00000|100%| O|  |TAMS 0x0000000082d00000, 0x0000000082d00000| Untracked 
|  19|0x0000000082d00000, 0x0000000082e00000, 0x0000000082e00000|100%| O|  |TAMS 0x0000000082e00000, 0x0000000082e00000| Untracked 
|  20|0x0000000082e00000, 0x0000000082f00000, 0x0000000082f00000|100%| O|  |TAMS 0x0000000082f00000, 0x0000000082f00000| Untracked 
|  21|0x0000000082f00000, 0x0000000083000000, 0x0000000083000000|100%| O|  |TAMS 0x0000000083000000, 0x0000000083000000| Untracked 
|  22|0x0000000083000000, 0x0000000083100000, 0x0000000083100000|100%| O|  |TAMS 0x0000000083100000, 0x0000000083100000| Untracked 
|  23|0x0000000083100000, 0x0000000083200000, 0x0000000083200000|100%| O|  |TAMS 0x0000000083200000, 0x0000000083200000| Untracked 
|  24|0x0000000083200000, 0x0000000083300000, 0x0000000083300000|100%| O|  |TAMS 0x0000000083300000, 0x0000000083300000| Untracked 
|  25|0x0000000083300000, 0x0000000083400000, 0x0000000083400000|100%| O|  |TAMS 0x0000000083400000, 0x0000000083400000| Untracked 
|  26|0x0000000083400000, 0x0000000083500000, 0x0000000083500000|100%| O|  |TAMS 0x0000000083500000, 0x0000000083500000| Untracked 
|  27|0x0000000083500000, 0x0000000083600000, 0x0000000083600000|100%| O|  |TAMS 0x0000000083600000, 0x0000000083600000| Untracked 
|  28|0x0000000083600000, 0x0000000083700000, 0x0000000083700000|100%| O|  |TAMS 0x0000000083700000, 0x0000000083700000| Untracked 
|  29|0x0000000083700000, 0x0000000083800000, 0x0000000083800000|100%| O|  |TAMS 0x0000000083800000, 0x0000000083800000| Untracked 
|  30|0x0000000083800000, 0x0000000083900000, 0x0000000083900000|100%| O|  |TAMS 0x0000000083900000, 0x0000000083900000| Untracked 
|  31|0x0000000083900000, 0x0000000083a00000, 0x0000000083a00000|100%| O|  |TAMS 0x0000000083a00000, 0x0000000083a00000| Untracked 
|  32|0x0000000083a00000, 0x0000000083b00000, 0x0000000083b00000|100%| O|  |TAMS 0x0000000083b00000, 0x0000000083b00000| Untracked 
|  33|0x0000000083b00000, 0x0000000083c00000, 0x0000000083c00000|100%| O|  |TAMS 0x0000000083b00000, 0x0000000083c00000| Untracked 
|  34|0x0000000083c00000, 0x0000000083d00000, 0x0000000083d00000|100%| O|  |TAMS 0x0000000083c00000, 0x0000000083c5b000| Untracked 
|  35|0x0000000083d00000, 0x0000000083e00000, 0x0000000083e00000|100%| O|  |TAMS 0x0000000083d00000, 0x0000000083d00000| Untracked 
|  36|0x0000000083e00000, 0x0000000083e4ea00, 0x0000000083f00000| 30%| O|  |TAMS 0x0000000083e00000, 0x0000000083e00000| Untracked 
|  37|0x0000000083f00000, 0x0000000083f00000, 0x0000000084000000|  0%| F|  |TAMS 0x0000000083f00000, 0x0000000083f00000| Untracked 
|  38|0x0000000084000000, 0x0000000084000000, 0x0000000084100000|  0%| F|  |TAMS 0x0000000084000000, 0x0000000084000000| Untracked 
|  39|0x0000000084100000, 0x0000000084100000, 0x0000000084200000|  0%| F|  |TAMS 0x0000000084100000, 0x0000000084100000| Untracked 
|  40|0x0000000084200000, 0x0000000084200000, 0x0000000084300000|  0%| F|  |TAMS 0x0000000084200000, 0x0000000084200000| Untracked 
|  41|0x0000000084300000, 0x0000000084300000, 0x0000000084400000|  0%| F|  |TAMS 0x0000000084300000, 0x0000000084300000| Untracked 
|  42|0x0000000084400000, 0x0000000084400000, 0x0000000084500000|  0%| F|  |TAMS 0x0000000084400000, 0x0000000084400000| Untracked 
|  43|0x0000000084500000, 0x0000000084500000, 0x0000000084600000|  0%| F|  |TAMS 0x0000000084500000, 0x0000000084500000| Untracked 
|  44|0x0000000084600000, 0x0000000084600000, 0x0000000084700000|  0%| F|  |TAMS 0x0000000084600000, 0x0000000084600000| Untracked 
|  45|0x0000000084700000, 0x0000000084700000, 0x0000000084800000|  0%| F|  |TAMS 0x0000000084700000, 0x0000000084700000| Untracked 
|  46|0x0000000084800000, 0x0000000084800000, 0x0000000084900000|  0%| F|  |TAMS 0x0000000084800000, 0x0000000084800000| Untracked 
|  47|0x0000000084900000, 0x000000008499e540, 0x0000000084a00000| 61%| S|CS|TAMS 0x0000000084900000, 0x0000000084900000| Complete 
|  48|0x0000000084a00000, 0x0000000084b00000, 0x0000000084b00000|100%| S|CS|TAMS 0x0000000084a00000, 0x0000000084a00000| Complete 
|  49|0x0000000084b00000, 0x0000000084b00000, 0x0000000084c00000|  0%| F|  |TAMS 0x0000000084b00000, 0x0000000084b00000| Untracked 
|  50|0x0000000084c00000, 0x0000000084c00000, 0x0000000084d00000|  0%| F|  |TAMS 0x0000000084c00000, 0x0000000084c00000| Untracked 
|  51|0x0000000084d00000, 0x0000000084e00000, 0x0000000084e00000|100%| S|CS|TAMS 0x0000000084d00000, 0x0000000084d00000| Complete 
|  52|0x0000000084e00000, 0x0000000084e00000, 0x0000000084f00000|  0%| F|  |TAMS 0x0000000084e00000, 0x0000000084e00000| Untracked 
|  53|0x0000000084f00000, 0x0000000084f00000, 0x0000000085000000|  0%| F|  |TAMS 0x0000000084f00000, 0x0000000084f00000| Untracked 
|  54|0x0000000085000000, 0x0000000085000000, 0x0000000085100000|  0%| F|  |TAMS 0x0000000085000000, 0x0000000085000000| Untracked 
|  55|0x0000000085100000, 0x0000000085100000, 0x0000000085200000|  0%| F|  |TAMS 0x0000000085100000, 0x0000000085100000| Untracked 
|  56|0x0000000085200000, 0x0000000085200000, 0x0000000085300000|  0%| F|  |TAMS 0x0000000085200000, 0x0000000085200000| Untracked 
|  57|0x0000000085300000, 0x0000000085300000, 0x0000000085400000|  0%| F|  |TAMS 0x0000000085300000, 0x0000000085300000| Untracked 
|  58|0x0000000085400000, 0x0000000085400000, 0x0000000085500000|  0%| F|  |TAMS 0x0000000085400000, 0x0000000085400000| Untracked 
|  59|0x0000000085500000, 0x0000000085500000, 0x0000000085600000|  0%| F|  |TAMS 0x0000000085500000, 0x0000000085500000| Untracked 
|  60|0x0000000085600000, 0x0000000085600000, 0x0000000085700000|  0%| F|  |TAMS 0x0000000085600000, 0x0000000085600000| Untracked 
|  61|0x0000000085700000, 0x0000000085700000, 0x0000000085800000|  0%| F|  |TAMS 0x0000000085700000, 0x0000000085700000| Untracked 
|  62|0x0000000085800000, 0x0000000085800000, 0x0000000085900000|  0%| F|  |TAMS 0x0000000085800000, 0x0000000085800000| Untracked 
|  63|0x0000000085900000, 0x0000000085900000, 0x0000000085a00000|  0%| F|  |TAMS 0x0000000085900000, 0x0000000085900000| Untracked 
|  64|0x0000000085a00000, 0x0000000085a00000, 0x0000000085b00000|  0%| F|  |TAMS 0x0000000085a00000, 0x0000000085a00000| Untracked 
|  65|0x0000000085b00000, 0x0000000085b00000, 0x0000000085c00000|  0%| F|  |TAMS 0x0000000085b00000, 0x0000000085b00000| Untracked 
|  66|0x0000000085c00000, 0x0000000085c00000, 0x0000000085d00000|  0%| F|  |TAMS 0x0000000085c00000, 0x0000000085c00000| Untracked 
|  67|0x0000000085d00000, 0x0000000085d00000, 0x0000000085e00000|  0%| F|  |TAMS 0x0000000085d00000, 0x0000000085d00000| Untracked 
|  68|0x0000000085e00000, 0x0000000085e00000, 0x0000000085f00000|  0%| F|  |TAMS 0x0000000085e00000, 0x0000000085e00000| Untracked 
|  69|0x0000000085f00000, 0x0000000085f00000, 0x0000000086000000|  0%| F|  |TAMS 0x0000000085f00000, 0x0000000085f00000| Untracked 
|  70|0x0000000086000000, 0x0000000086000000, 0x0000000086100000|  0%| F|  |TAMS 0x0000000086000000, 0x0000000086000000| Untracked 
|  71|0x0000000086100000, 0x0000000086100000, 0x0000000086200000|  0%| F|  |TAMS 0x0000000086100000, 0x0000000086100000| Untracked 
|  72|0x0000000086200000, 0x0000000086200000, 0x0000000086300000|  0%| F|  |TAMS 0x0000000086200000, 0x0000000086200000| Untracked 
|  85|0x0000000086f00000, 0x0000000086f00000, 0x0000000087000000|  0%| F|  |TAMS 0x0000000086f00000, 0x0000000086f00000| Untracked 
|  86|0x0000000087000000, 0x0000000087000000, 0x0000000087100000|  0%| F|  |TAMS 0x0000000087000000, 0x0000000087000000| Untracked 
|  87|0x0000000087100000, 0x0000000087100000, 0x0000000087200000|  0%| F|  |TAMS 0x0000000087100000, 0x0000000087100000| Untracked 
| 127|0x0000000089900000, 0x00000000899f5740, 0x0000000089a00000| 95%| E|  |TAMS 0x0000000089900000, 0x0000000089900000| Complete 

Card table byte_map: [0x000002bf6a970000,0x000002bf6ad70000] _byte_map_base: 0x000002bf6a563000

Marking Bits (Prev, Next): (CMBitMap*) 0x000002bf57e1d660, (CMBitMap*) 0x000002bf57e1d6a0
 Prev Bits: [0x000002bf6b170000, 0x000002bf6d108000)
 Next Bits: [0x000002bf6d110000, 0x000002bf6f0a8000)

Polling page: 0x000002bf55da0000

Metaspace:

Usage:
  Non-class:     61.84 MB used.
      Class:      9.33 MB used.
       Both:     71.17 MB used.

Virtual space:
  Non-class space:       64.00 MB reserved,      62.06 MB ( 97%) committed,  1 nodes.
      Class space:        1.00 GB reserved,       9.56 MB ( <1%) committed,  1 nodes.
             Both:        1.06 GB reserved,      71.62 MB (  7%) committed. 

Chunk freelists:
   Non-Class:  1.94 MB
       Class:  6.48 MB
        Both:  8.42 MB

MaxMetaspaceSize: unlimited
CompressedClassSpaceSize: 1.00 GB
Initial GC threshold: 21.00 MB
Current GC threshold: 107.00 MB
CDS: off
MetaspaceReclaimPolicy: balanced
 - commit_granule_bytes: 65536.
 - commit_granule_words: 8192.
 - virtual_space_node_default_size: 8388608.
 - enlarge_chunks_in_place: 1.
 - new_chunks_are_fully_committed: 0.
 - uncommit_free_chunks: 1.
 - use_allocation_guard: 0.
 - handle_deallocations: 1.


Internal statistics:

num_allocs_failed_limit: 8.
num_arena_births: 630.
num_arena_deaths: 0.
num_vsnodes_births: 2.
num_vsnodes_deaths: 0.
num_space_committed: 1146.
num_space_uncommitted: 0.
num_chunks_returned_to_freelist: 8.
num_chunks_taken_from_freelist: 2848.
num_chunk_merges: 5.
num_chunk_splits: 2110.
num_chunks_enlarged: 1700.
num_inconsistent_stats: 0.

CodeHeap 'non-profiled nmethods': size=120000Kb used=4483Kb max_used=4483Kb free=115516Kb
 bounds [0x000002bf63040000, 0x000002bf634b0000, 0x000002bf6a570000]
CodeHeap 'profiled nmethods': size=120000Kb used=12520Kb max_used=12520Kb free=107479Kb
 bounds [0x000002bf5b570000, 0x000002bf5c1b0000, 0x000002bf62aa0000]
CodeHeap 'non-nmethods': size=5760Kb used=1381Kb max_used=1433Kb free=4378Kb
 bounds [0x000002bf62aa0000, 0x000002bf62d10000, 0x000002bf63040000]
 total_blobs=6871 nmethods=6228 adapters=554
 compilation: enabled
              stopped_count=0, restarted_count=0
 full_count=0

Compilation events (20 events):
Event: 18.826 Thread 0x000002bf7176bf30 6898   !   2       jdk.proxy2.$Proxy93::annotationType (29 bytes)
Event: 18.826 Thread 0x000002bf7176bf30 nmethod 6898 0x000002bf5c170e10 code [0x000002bf5c170fe0, 0x000002bf5c171298]
Event: 18.826 Thread 0x000002bf7176bf30 6899       2       org.springframework.core.annotation.AnnotatedElementUtils::findMergedAnnotation (59 bytes)
Event: 18.827 Thread 0x000002bf7176bf30 nmethod 6899 0x000002bf5c171490 code [0x000002bf5c1716e0, 0x000002bf5c171c48]
Event: 18.827 Thread 0x000002bf7176bf30 6900       2       org.springframework.data.mapping.model.AnnotationBasedPersistentProperty$$Lambda$1062/0x00000001008d1088::apply (12 bytes)
Event: 18.828 Thread 0x000002bf7176bf30 nmethod 6900 0x000002bf5c172010 code [0x000002bf5c1721c0, 0x000002bf5c172348]
Event: 18.828 Thread 0x000002bf7176bf30 6901       2       org.springframework.data.mapping.model.AnnotationBasedPersistentProperty::lambda$doFindAnnotation$11 (6 bytes)
Event: 18.828 Thread 0x000002bf7176bf30 nmethod 6901 0x000002bf5c172410 code [0x000002bf5c1725a0, 0x000002bf5c1726a8]
Event: 18.828 Thread 0x000002bf7176bf30 6902       2       org.springframework.data.mapping.model.AnnotationBasedPersistentProperty$$Lambda$1063/0x00000001008d12f0::apply (8 bytes)
Event: 18.828 Thread 0x000002bf7176bf30 nmethod 6902 0x000002bf5c172790 code [0x000002bf5c172940, 0x000002bf5c172bf8]
Event: 18.828 Thread 0x000002bf7176bf30 6903       2       org.springframework.data.util.StreamUtils::fromNullable (15 bytes)
Event: 18.829 Thread 0x000002bf7176bf30 nmethod 6903 0x000002bf5c172d90 code [0x000002bf5c172f40, 0x000002bf5c173158]
Event: 18.830 Thread 0x000002bf7176bf30 6904       2       java.lang.StringLatin1::canEncode (13 bytes)
Event: 18.830 Thread 0x000002bf7176bf30 nmethod 6904 0x000002bf5c173290 code [0x000002bf5c173420, 0x000002bf5c173518]
Event: 18.870 Thread 0x000002bf7176bf30 6905       2       org.springframework.data.repository.core.RepositoryInformationSupport::getQueryMethods (77 bytes)
Event: 18.872 Thread 0x000002bf7176bf30 nmethod 6905 0x000002bf5c173590 code [0x000002bf5c173800, 0x000002bf5c174008]
Event: 18.877 Thread 0x000002bf7176bf30 6906       2       org.springframework.aop.framework.autoproxy.AutoProxyUtils::isOriginalInstance (55 bytes)
Event: 18.878 Thread 0x000002bf7176bf30 nmethod 6906 0x000002bf5c174590 code [0x000002bf5c174760, 0x000002bf5c174a58]
Event: 18.878 Thread 0x000002bf7176bf30 6907       2       java.lang.reflect.Field::getFieldAccessor (35 bytes)
Event: 18.878 Thread 0x000002bf7176bf30 nmethod 6907 0x000002bf5c174d10 code [0x000002bf5c174ea0, 0x000002bf5c175008]

GC Heap History (20 events):
Event: 12.408 GC heap before
{Heap before GC invocations=21 (full 0):
 garbage-first heap   total 63488K, used 44309K [0x0000000081a00000, 0x0000000100000000)
  region size 1024K, 15 young (15360K), 1 survivors (1024K)
 Metaspace       used 44172K, committed 44544K, reserved 1114112K
  class space    used 5375K, committed 5568K, reserved 1048576K
}
Event: 12.412 GC heap after
{Heap after GC invocations=22 (full 0):
 garbage-first heap   total 63488K, used 30232K [0x0000000081a00000, 0x0000000100000000)
  region size 1024K, 1 young (1024K), 1 survivors (1024K)
 Metaspace       used 44172K, committed 44544K, reserved 1114112K
  class space    used 5375K, committed 5568K, reserved 1048576K
}
Event: 13.259 GC heap before
{Heap before GC invocations=22 (full 0):
 garbage-first heap   total 63488K, used 45592K [0x0000000081a00000, 0x0000000100000000)
  region size 1024K, 17 young (17408K), 1 survivors (1024K)
 Metaspace       used 47511K, committed 47936K, reserved 1114112K
  class space    used 5894K, committed 6080K, reserved 1048576K
}
Event: 13.263 GC heap after
{Heap after GC invocations=23 (full 0):
 garbage-first heap   total 63488K, used 30674K [0x0000000081a00000, 0x0000000100000000)
  region size 1024K, 2 young (2048K), 2 survivors (2048K)
 Metaspace       used 47511K, committed 47936K, reserved 1114112K
  class space    used 5894K, committed 6080K, reserved 1048576K
}
Event: 13.950 GC heap before
{Heap before GC invocations=24 (full 0):
 garbage-first heap   total 63488K, used 46034K [0x0000000081a00000, 0x0000000100000000)
  region size 1024K, 18 young (18432K), 2 survivors (2048K)
 Metaspace       used 51477K, committed 51904K, reserved 1114112K
  class space    used 6391K, committed 6592K, reserved 1048576K
}
Event: 13.954 GC heap after
{Heap after GC invocations=25 (full 0):
 garbage-first heap   total 63488K, used 31614K [0x0000000081a00000, 0x0000000100000000)
  region size 1024K, 3 young (3072K), 3 survivors (3072K)
 Metaspace       used 51477K, committed 51904K, reserved 1114112K
  class space    used 6391K, committed 6592K, reserved 1048576K
}
Event: 14.530 GC heap before
{Heap before GC invocations=25 (full 0):
 garbage-first heap   total 63488K, used 46974K [0x0000000081a00000, 0x0000000100000000)
  region size 1024K, 19 young (19456K), 3 survivors (3072K)
 Metaspace       used 54794K, committed 55168K, reserved 1114112K
  class space    used 6853K, committed 7040K, reserved 1048576K
}
Event: 14.535 GC heap after
{Heap after GC invocations=26 (full 0):
 garbage-first heap   total 63488K, used 33176K [0x0000000081a00000, 0x0000000100000000)
  region size 1024K, 3 young (3072K), 3 survivors (3072K)
 Metaspace       used 54794K, committed 55168K, reserved 1114112K
  class space    used 6853K, committed 7040K, reserved 1048576K
}
Event: 15.190 GC heap before
{Heap before GC invocations=27 (full 0):
 garbage-first heap   total 63488K, used 48536K [0x0000000081a00000, 0x0000000100000000)
  region size 1024K, 18 young (18432K), 3 survivors (3072K)
 Metaspace       used 57371K, committed 57728K, reserved 1114112K
  class space    used 7199K, committed 7360K, reserved 1048576K
}
Event: 15.201 GC heap after
{Heap after GC invocations=28 (full 0):
 garbage-first heap   total 63488K, used 34123K [0x0000000081a00000, 0x0000000100000000)
  region size 1024K, 1 young (1024K), 1 survivors (1024K)
 Metaspace       used 57371K, committed 57728K, reserved 1114112K
  class space    used 7199K, committed 7360K, reserved 1048576K
}
Event: 15.959 GC heap before
{Heap before GC invocations=28 (full 0):
 garbage-first heap   total 63488K, used 49483K [0x0000000081a00000, 0x0000000100000000)
  region size 1024K, 17 young (17408K), 1 survivors (1024K)
 Metaspace       used 61353K, committed 61824K, reserved 1114112K
  class space    used 7839K, committed 8064K, reserved 1048576K
}
Event: 15.965 GC heap after
{Heap after GC invocations=29 (full 0):
 garbage-first heap   total 63488K, used 34585K [0x0000000081a00000, 0x0000000100000000)
  region size 1024K, 2 young (2048K), 2 survivors (2048K)
 Metaspace       used 61353K, committed 61824K, reserved 1114112K
  class space    used 7839K, committed 8064K, reserved 1048576K
}
Event: 16.684 GC heap before
{Heap before GC invocations=30 (full 0):
 garbage-first heap   total 63488K, used 49945K [0x0000000081a00000, 0x0000000100000000)
  region size 1024K, 17 young (17408K), 2 survivors (2048K)
 Metaspace       used 63244K, committed 63680K, reserved 1114112K
  class space    used 8184K, committed 8384K, reserved 1048576K
}
Event: 16.688 GC heap after
{Heap after GC invocations=31 (full 0):
 garbage-first heap   total 63488K, used 34967K [0x0000000081a00000, 0x0000000100000000)
  region size 1024K, 2 young (2048K), 2 survivors (2048K)
 Metaspace       used 63244K, committed 63680K, reserved 1114112K
  class space    used 8184K, committed 8384K, reserved 1048576K
}
Event: 17.062 GC heap before
{Heap before GC invocations=31 (full 0):
 garbage-first heap   total 63488K, used 50327K [0x0000000081a00000, 0x0000000100000000)
  region size 1024K, 18 young (18432K), 2 survivors (2048K)
 Metaspace       used 64928K, committed 65408K, reserved 1114112K
  class space    used 8407K, committed 8640K, reserved 1048576K
}
Event: 17.066 GC heap after
{Heap after GC invocations=32 (full 0):
 garbage-first heap   total 63488K, used 35631K [0x0000000081a00000, 0x0000000100000000)
  region size 1024K, 2 young (2048K), 2 survivors (2048K)
 Metaspace       used 64928K, committed 65408K, reserved 1114112K
  class space    used 8407K, committed 8640K, reserved 1048576K
}
Event: 17.789 GC heap before
{Heap before GC invocations=33 (full 0):
 garbage-first heap   total 65536K, used 49967K [0x0000000081a00000, 0x0000000100000000)
  region size 1024K, 17 young (17408K), 2 survivors (2048K)
 Metaspace       used 67572K, committed 68032K, reserved 1114112K
  class space    used 8722K, committed 8960K, reserved 1048576K
}
Event: 17.794 GC heap after
{Heap after GC invocations=34 (full 0):
 garbage-first heap   total 78848K, used 36507K [0x0000000081a00000, 0x0000000100000000)
  region size 1024K, 3 young (3072K), 3 survivors (3072K)
 Metaspace       used 67572K, committed 68032K, reserved 1114112K
  class space    used 8722K, committed 8960K, reserved 1048576K
}
Event: 18.644 GC heap before
{Heap before GC invocations=34 (full 0):
 garbage-first heap   total 78848K, used 62107K [0x0000000081a00000, 0x0000000100000000)
  region size 1024K, 29 young (29696K), 3 survivors (3072K)
 Metaspace       used 71510K, committed 71936K, reserved 1114112K
  class space    used 9402K, committed 9600K, reserved 1048576K
}
Event: 18.652 GC heap after
{Heap after GC invocations=35 (full 0):
 garbage-first heap   total 78848K, used 38225K [0x0000000081a00000, 0x0000000100000000)
  region size 1024K, 4 young (4096K), 4 survivors (4096K)
 Metaspace       used 71510K, committed 71936K, reserved 1114112K
  class space    used 9402K, committed 9600K, reserved 1048576K
}

Dll operation events (4 events):
Event: 0.021 Loaded shared library C:\Users\User\.jdks\jbrsdk-17.0.9\bin\java.dll
Event: 0.026 Loaded shared library C:\Users\User\.jdks\jbrsdk-17.0.9\bin\zip.dll
Event: 0.076 Loaded shared library C:\Users\User\.jdks\jbrsdk-17.0.9\bin\jsvml.dll
Event: 4.225 Loaded shared library C:\Users\User\.jdks\jbrsdk-17.0.9\bin\verify.dll

Deoptimization events (20 events):
Event: 18.792 Thread 0x000002bf717593c0 DEOPT PACKING pc=0x000002bf5bb70d4c sp=0x000000d5591fbc80
Event: 18.792 Thread 0x000002bf717593c0 DEOPT UNPACKING pc=0x000002bf62af7143 sp=0x000000d5591fb250 mode 1
Event: 18.792 Thread 0x000002bf717593c0 DEOPT PACKING pc=0x000002bf5ba6c7d1 sp=0x000000d5591fba70
Event: 18.792 Thread 0x000002bf717593c0 DEOPT UNPACKING pc=0x000002bf62af7143 sp=0x000000d5591faf58 mode 1
Event: 18.792 Thread 0x000002bf717593c0 DEOPT PACKING pc=0x000002bf5ba6ad14 sp=0x000000d5591fbb10
Event: 18.792 Thread 0x000002bf717593c0 DEOPT UNPACKING pc=0x000002bf62af7143 sp=0x000000d5591fb0c0 mode 1
Event: 18.793 Thread 0x000002bf717593c0 DEOPT PACKING pc=0x000002bf5bb70d4c sp=0x000000d5591fbc80
Event: 18.793 Thread 0x000002bf717593c0 DEOPT UNPACKING pc=0x000002bf62af7143 sp=0x000000d5591fb250 mode 1
Event: 18.793 Thread 0x000002bf717593c0 DEOPT PACKING pc=0x000002bf5ba6c7d1 sp=0x000000d5591fba70
Event: 18.793 Thread 0x000002bf717593c0 DEOPT UNPACKING pc=0x000002bf62af7143 sp=0x000000d5591faf58 mode 1
Event: 18.793 Thread 0x000002bf717593c0 DEOPT PACKING pc=0x000002bf5ba6ad14 sp=0x000000d5591fbb10
Event: 18.793 Thread 0x000002bf717593c0 DEOPT UNPACKING pc=0x000002bf62af7143 sp=0x000000d5591fb0c0 mode 1
Event: 18.793 Thread 0x000002bf717593c0 DEOPT PACKING pc=0x000002bf5bb70d4c sp=0x000000d5591fbc80
Event: 18.793 Thread 0x000002bf717593c0 DEOPT UNPACKING pc=0x000002bf62af7143 sp=0x000000d5591fb250 mode 1
Event: 18.793 Thread 0x000002bf717593c0 DEOPT PACKING pc=0x000002bf5ba6c7d1 sp=0x000000d5591fba70
Event: 18.793 Thread 0x000002bf717593c0 DEOPT UNPACKING pc=0x000002bf62af7143 sp=0x000000d5591faf58 mode 1
Event: 18.793 Thread 0x000002bf717593c0 DEOPT PACKING pc=0x000002bf5ba6ad14 sp=0x000000d5591fbb10
Event: 18.793 Thread 0x000002bf717593c0 DEOPT UNPACKING pc=0x000002bf62af7143 sp=0x000000d5591fb0c0 mode 1
Event: 18.793 Thread 0x000002bf717593c0 DEOPT PACKING pc=0x000002bf5bb70d4c sp=0x000000d5591fbc80
Event: 18.793 Thread 0x000002bf717593c0 DEOPT UNPACKING pc=0x000002bf62af7143 sp=0x000000d5591fb250 mode 1

Classes unloaded (0 events):
No events

Classes redefined (0 events):
No events

Internal exceptions (20 events):
Event: 14.504 Thread 0x000002bf717593c0 Exception <a 'java/lang/NoSuchMethodError'{0x000000008483fed8}: 'java.lang.Object java.lang.invoke.DirectMethodHandle$Holder.invokeSpecial(java.lang.Object, java.lang.Object, java.lang.Object, java.lang.Object, int)'> (0x000000008483fed8) 
thrown [s\src\hotspot\share\interpreter\linkResolver.cpp, line 771]
Event: 14.504 Thread 0x000002bf717593c0 Exception <a 'java/lang/NoSuchMethodError'{0x0000000084843aa0}: 'java.lang.Object java.lang.invoke.Invokers$Holder.linkToTargetMethod(java.lang.Object, java.lang.Object, int, java.lang.Object)'> (0x0000000084843aa0) 
thrown [s\src\hotspot\share\interpreter\linkResolver.cpp, line 771]
Event: 14.670 Thread 0x000002bf717593c0 Implicit null exception at 0x000002bf632ddd6d to 0x000002bf632df354
Event: 15.532 Thread 0x000002bf717593c0 Exception <a 'java/lang/NoSuchMethodError'{0x0000000085197ad8}: 'java.lang.Object java.lang.invoke.DirectMethodHandle$Holder.invokeStatic(java.lang.Object, java.lang.Object, int, java.lang.Object)'> (0x0000000085197ad8) 
thrown [s\src\hotspot\share\interpreter\linkResolver.cpp, line 771]
Event: 15.533 Thread 0x000002bf717593c0 Exception <a 'java/lang/NoSuchMethodError'{0x000000008519b570}: 'java.lang.Object java.lang.invoke.DirectMethodHandle$Holder.invokeStaticInit(java.lang.Object, java.lang.Object, int, java.lang.Object)'> (0x000000008519b570) 
thrown [s\src\hotspot\share\interpreter\linkResolver.cpp, line 771]
Event: 15.591 Thread 0x000002bf717593c0 Exception <a 'java/lang/IncompatibleClassChangeError'{0x0000000084f318d8}: Found class java.lang.Object, but interface was expected> (0x0000000084f318d8) 
thrown [s\src\hotspot\share\interpreter\linkResolver.cpp, line 838]
Event: 16.967 Thread 0x000002bf717593c0 Exception <a 'java/lang/NoSuchMethodError'{0x0000000084b5f570}: 'java.lang.Object java.lang.invoke.DirectMethodHandle$Holder.newInvokeSpecial(java.lang.Object, java.lang.Object, java.lang.Object, java.lang.Object, java.lang.Object, java.lang.Object, java.lang.Object)'> (0x0000000084b5f570) 
thrown [s\src\hotspot\share\interpreter\linkResolver.cpp, line 771]
Event: 16.971 Thread 0x000002bf717593c0 Exception <a 'java/lang/NoSuchMethodError'{0x0000000084b88ae0}: 'java.lang.Object java.lang.invoke.DirectMethodHandle$Holder.newInvokeSpecial(java.lang.Object, java.lang.Object, int, java.lang.Object, int, java.lang.Object, java.lang.Object, java.lang.Object)'> (0x0000000084b88ae0) 
thrown [s\src\hotspot\share\interpreter\linkResolver.cpp, line 771]
Event: 16.974 Thread 0x000002bf717593c0 Exception <a 'java/lang/NoSuchMethodError'{0x0000000084ba54c8}: 'void java.lang.invoke.DirectMethodHandle$Holder.invokeSpecial(java.lang.Object, java.lang.Object, java.lang.Object, java.lang.Object, java.lang.Object, java.lang.Object, java.lang.Object)'> (0x0000000084ba54c8) 
thrown [s\src\hotspot\share\interpreter\linkResolver.cpp, line 771]
Event: 16.986 Thread 0x000002bf717593c0 Exception <a 'java/lang/NoSuchMethodError'{0x0000000084a16018}: 'java.lang.Object java.lang.invoke.DirectMethodHandle$Holder.newInvokeSpecial(java.lang.Object, java.lang.Object, java.lang.Object, java.lang.Object, java.lang.Object, java.lang.Object, java.lang.Object, int)'> (0x0000000084a16018) 
thrown [s\src\hotspot\share\interpreter\linkResolver.cpp, line 771]
Event: 16.987 Thread 0x000002bf717593c0 Exception <a 'java/lang/NoSuchMethodError'{0x0000000084a1b010}: 'java.lang.Object java.lang.invoke.DirectMethodHandle$Holder.invokeSpecial(java.lang.Object, java.lang.Object, java.lang.Object, java.lang.Object, java.lang.Object, java.lang.Object, java.lang.Object, java.lang.Object, int)'> (0x0000000084a1b010) 
thrown [s\src\hotspot\share\interpreter\linkResolver.cpp, line 771]
Event: 17.043 Thread 0x000002bf717593c0 Exception <a 'java/lang/NoSuchMethodError'{0x0000000084613518}: 'void java.lang.invoke.DirectMethodHandle$Holder.invokeInterface(java.lang.Object, java.lang.Object)'> (0x0000000084613518) 
thrown [s\src\hotspot\share\interpreter\linkResolver.cpp, line 771]
Event: 17.382 Thread 0x000002bf717593c0 Exception <a 'java/lang/NoSuchMethodError'{0x000000008552fe88}: 'java.lang.Object java.lang.invoke.DirectMethodHandle$Holder.invokeSpecial(java.lang.Object, java.lang.Object, int, java.lang.Object, int)'> (0x000000008552fe88) 
thrown [s\src\hotspot\share\interpreter\linkResolver.cpp, line 771]
Event: 17.607 Thread 0x000002bf717593c0 Exception <a 'java/lang/IncompatibleClassChangeError'{0x0000000084fb9120}: Found class java.lang.Object, but interface was expected> (0x0000000084fb9120) 
thrown [s\src\hotspot\share\interpreter\linkResolver.cpp, line 838]
Event: 17.663 Thread 0x000002bf717593c0 Exception <a 'java/lang/IncompatibleClassChangeError'{0x0000000084d84ff0}: Found class java.lang.Object, but interface was expected> (0x0000000084d84ff0) 
thrown [s\src\hotspot\share\interpreter\linkResolver.cpp, line 838]
Event: 17.987 Thread 0x000002bf717593c0 Implicit null exception at 0x000002bf63461e7b to 0x000002bf634640e0
Event: 18.037 Thread 0x000002bf717593c0 Exception <a 'java/lang/IncompatibleClassChangeError'{0x00000000861dd9f8}: Found class java.lang.Object, but interface was expected> (0x00000000861dd9f8) 
thrown [s\src\hotspot\share\interpreter\linkResolver.cpp, line 838]
Event: 18.214 Thread 0x000002bf717593c0 Exception <a 'java/lang/NoSuchMethodError'{0x0000000085a263c8}: 'int java.lang.invoke.DirectMethodHandle$Holder.invokeStatic(java.lang.Object, int, java.lang.Object)'> (0x0000000085a263c8) 
thrown [s\src\hotspot\share\interpreter\linkResolver.cpp, line 771]
Event: 18.246 Thread 0x000002bf717593c0 Exception <a 'java/lang/reflect/InvocationTargetException'{0x0000000085921578}> (0x0000000085921578) 
thrown [s\src\hotspot\share\runtime\reflection.cpp, line 1127]
Event: 18.712 Thread 0x000002bf717593c0 Exception <a 'java/lang/NoSuchMethodError'{0x0000000086212298}: 'int java.lang.invoke.DirectMethodHandle$Holder.invokeStatic(java.lang.Object)'> (0x0000000086212298) 
thrown [s\src\hotspot\share\interpreter\linkResolver.cpp, line 771]

VM Operations (20 events):
Event: 17.193 Executing VM operation: HandshakeAllThreads
Event: 17.193 Executing VM operation: HandshakeAllThreads done
Event: 17.789 Executing VM operation: G1CollectForAllocation
Event: 17.795 Executing VM operation: G1CollectForAllocation done
Event: 17.925 Executing VM operation: HandshakeAllThreads
Event: 17.925 Executing VM operation: HandshakeAllThreads done
Event: 17.992 Executing VM operation: HandshakeAllThreads
Event: 17.992 Executing VM operation: HandshakeAllThreads done
Event: 18.123 Executing VM operation: HandshakeAllThreads
Event: 18.123 Executing VM operation: HandshakeAllThreads done
Event: 18.123 Executing VM operation: HandshakeAllThreads
Event: 18.123 Executing VM operation: HandshakeAllThreads done
Event: 18.344 Executing VM operation: HandshakeAllThreads
Event: 18.344 Executing VM operation: HandshakeAllThreads done
Event: 18.350 Executing VM operation: HandshakeAllThreads
Event: 18.350 Executing VM operation: HandshakeAllThreads done
Event: 18.644 Executing VM operation: G1CollectForAllocation
Event: 18.652 Executing VM operation: G1CollectForAllocation done
Event: 18.660 Executing VM operation: HandshakeAllThreads
Event: 18.660 Executing VM operation: HandshakeAllThreads done

Events (20 events):
Event: 18.785 loading class org/hibernate/internal/SessionImpl
Event: 18.785 loading class org/hibernate/internal/SessionImpl done
Event: 18.786 loading class org/hibernate/jpa/internal/LegacySpecHelper
Event: 18.786 loading class org/hibernate/jpa/internal/LegacySpecHelper done
Event: 18.787 loading class org/hibernate/internal/SessionImpl
Event: 18.787 loading class org/hibernate/internal/SessionImpl done
Event: 18.788 loading class org/springframework/data/util/Pair
Event: 18.788 loading class org/springframework/data/util/Pair done
Event: 18.789 loading class org/springframework/data/repository/core/support/RepositoryFactorySupport$ImplementationMethodExecutionInterceptor
Event: 18.789 loading class org/springframework/data/repository/core/support/RepositoryFactorySupport$ImplementationMethodExecutionInterceptor done
Event: 18.799 loading class org/springframework/data/domain/Sort$Order
Event: 18.799 loading class org/springframework/data/domain/Sort$Order done
Event: 18.800 loading class org/springframework/data/domain/Sort$Direction
Event: 18.800 loading class org/springframework/data/domain/Sort$Direction done
Event: 18.805 loading class org/springframework/transaction/annotation/Propagation
Event: 18.805 loading class org/springframework/transaction/annotation/Propagation done
Event: 18.806 loading class org/springframework/transaction/annotation/Isolation
Event: 18.806 loading class org/springframework/transaction/annotation/Isolation done
Event: 18.811 loading class org/springframework/beans/factory/annotation/AutowiredAnnotationBeanPostProcessor$ShortcutDependencyDescriptor
Event: 18.811 loading class org/springframework/beans/factory/annotation/AutowiredAnnotationBeanPostProcessor$ShortcutDependencyDescriptor done


Dynamic libraries:
0x00007ff64d3d0000 - 0x00007ff64d3da000 	C:\Users\User\.jdks\jbrsdk-17.0.9\bin\java.exe
0x00007ffb099b0000 - 0x00007ffb09ba8000 	C:\WINDOWS\SYSTEM32\ntdll.dll
0x00007ffb07ad0000 - 0x00007ffb07b8d000 	C:\WINDOWS\System32\KERNEL32.DLL
0x00007ffb06fc0000 - 0x00007ffb072b6000 	C:\WINDOWS\System32\KERNELBASE.dll
0x00007ffb06ec0000 - 0x00007ffb06fc0000 	C:\WINDOWS\System32\ucrtbase.dll
0x00007ffaf82e0000 - 0x00007ffaf82fb000 	C:\Users\User\.jdks\jbrsdk-17.0.9\bin\VCRUNTIME140.dll
0x00007ffaf8300000 - 0x00007ffaf8317000 	C:\Users\User\.jdks\jbrsdk-17.0.9\bin\jli.dll
0x00007ffb07730000 - 0x00007ffb078ce000 	C:\WINDOWS\System32\USER32.dll
0x00007ffb06bf0000 - 0x00007ffb06c12000 	C:\WINDOWS\System32\win32u.dll
0x00007ffb09810000 - 0x00007ffb0983b000 	C:\WINDOWS\System32\GDI32.dll
0x00007ffb06a50000 - 0x00007ffb06b67000 	C:\WINDOWS\System32\gdi32full.dll
0x00007ffb06cc0000 - 0x00007ffb06d5d000 	C:\WINDOWS\System32\msvcp_win.dll
0x00007ffafa570000 - 0x00007ffafa80a000 	C:\WINDOWS\WinSxS\amd64_microsoft.windows.common-controls_6595b64144ccf1df_6.0.19041.3636_none_60b6a03d71f818d5\COMCTL32.dll
0x00007ffb08900000 - 0x00007ffb0899e000 	C:\WINDOWS\System32\msvcrt.dll
0x00007ffb08a30000 - 0x00007ffb08a62000 	C:\WINDOWS\System32\IMM32.DLL
0x00007ffaf82d0000 - 0x00007ffaf82dc000 	C:\Users\User\.jdks\jbrsdk-17.0.9\bin\vcruntime140_1.dll
0x00007ffaf8240000 - 0x00007ffaf82cd000 	C:\Users\User\.jdks\jbrsdk-17.0.9\bin\msvcp140.dll
0x00007ffac33a0000 - 0x00007ffac4022000 	C:\Users\User\.jdks\jbrsdk-17.0.9\bin\server\jvm.dll
0x00007ffb07bb0000 - 0x00007ffb07c60000 	C:\WINDOWS\System32\ADVAPI32.dll
0x00007ffb08040000 - 0x00007ffb080e0000 	C:\WINDOWS\System32\sechost.dll
0x00007ffb078d0000 - 0x00007ffb079f5000 	C:\WINDOWS\System32\RPCRT4.dll
0x00007ffb07580000 - 0x00007ffb075a7000 	C:\WINDOWS\System32\bcrypt.dll
0x00007ffb07d10000 - 0x00007ffb07d19000 	C:\WINDOWS\System32\WSOCK32.dll
0x00007ffb09030000 - 0x00007ffb0909b000 	C:\WINDOWS\System32\WS2_32.dll
0x00007ffb07e20000 - 0x00007ffb07e2a000 	C:\WINDOWS\System32\VERSION.dll
0x00007ffb06930000 - 0x00007ffb0697b000 	C:\WINDOWS\SYSTEM32\POWRPROF.dll
0x00007ffafa370000 - 0x00007ffafa397000 	C:\WINDOWS\SYSTEM32\WINMM.dll
0x00007ffb06910000 - 0x00007ffb06922000 	C:\WINDOWS\SYSTEM32\UMPDC.dll
0x00007ffb04930000 - 0x00007ffb04942000 	C:\WINDOWS\SYSTEM32\kernel.appcore.dll
0x00007ffadfe30000 - 0x00007ffadfe3a000 	C:\Users\User\.jdks\jbrsdk-17.0.9\bin\jimage.dll
0x00007ffaf0b20000 - 0x00007ffaf0d04000 	C:\WINDOWS\SYSTEM32\DBGHELP.DLL
0x00007ffaf43f0000 - 0x00007ffaf4424000 	C:\WINDOWS\SYSTEM32\dbgcore.DLL
0x00007ffb06c20000 - 0x00007ffb06ca2000 	C:\WINDOWS\System32\bcryptPrimitives.dll
0x00007ffafdba0000 - 0x00007ffafdbdb000 	C:\Users\User\.jdks\jbrsdk-17.0.9\bin\jdwp.dll
0x00007ffb03320000 - 0x00007ffb0332e000 	C:\Users\User\.jdks\jbrsdk-17.0.9\bin\instrument.dll
0x00007ffada820000 - 0x00007ffada845000 	C:\Users\User\.jdks\jbrsdk-17.0.9\bin\java.dll
0x00007ffada800000 - 0x00007ffada818000 	C:\Users\User\.jdks\jbrsdk-17.0.9\bin\zip.dll
0x00007ffad1ec0000 - 0x00007ffad1f97000 	C:\Users\User\.jdks\jbrsdk-17.0.9\bin\jsvml.dll
0x00007ffb090a0000 - 0x00007ffb0980b000 	C:\WINDOWS\System32\SHELL32.dll
0x00007ffb04b30000 - 0x00007ffb052ce000 	C:\WINDOWS\SYSTEM32\windows.storage.dll
0x00007ffb08340000 - 0x00007ffb08693000 	C:\WINDOWS\System32\combase.dll
0x00007ffb063b0000 - 0x00007ffb063de000 	C:\WINDOWS\SYSTEM32\Wldp.dll
0x00007ffb080e0000 - 0x00007ffb081ad000 	C:\WINDOWS\System32\OLEAUT32.dll
0x00007ffb08850000 - 0x00007ffb088fd000 	C:\WINDOWS\System32\SHCORE.dll
0x00007ffb082e0000 - 0x00007ffb08335000 	C:\WINDOWS\System32\shlwapi.dll
0x00007ffb06980000 - 0x00007ffb069a5000 	C:\WINDOWS\SYSTEM32\profapi.dll
0x00007ffaffd70000 - 0x00007ffaffd7c000 	C:\Users\User\.jdks\jbrsdk-17.0.9\bin\dt_socket.dll
0x00007ffb05e10000 - 0x00007ffb05e4b000 	C:\WINDOWS\SYSTEM32\IPHLPAPI.DLL
0x00007ffaf0360000 - 0x00007ffaf0504000 	C:\WINDOWS\system32\mwtsp.dll
0x00007ffb081b0000 - 0x00007ffb082db000 	C:\WINDOWS\System32\ole32.dll
0x00007ffb00b60000 - 0x00007ffb00c6a000 	C:\WINDOWS\SYSTEM32\WINHTTP.dll
0x00007ffb06890000 - 0x00007ffb068c2000 	C:\WINDOWS\SYSTEM32\SspiCli.dll
0x00007ffb06110000 - 0x00007ffb0617a000 	C:\WINDOWS\system32\mswsock.dll
0x00007ffada790000 - 0x00007ffada7a9000 	C:\Users\User\.jdks\jbrsdk-17.0.9\bin\net.dll
0x00007ffad27b0000 - 0x00007ffad27c6000 	C:\Users\User\.jdks\jbrsdk-17.0.9\bin\nio.dll
0x00007ffb02900000 - 0x00007ffb02909000 	C:\Users\User\.jdks\jbrsdk-17.0.9\bin\management.dll
0x00007ffb028e0000 - 0x00007ffb028eb000 	C:\Users\User\.jdks\jbrsdk-17.0.9\bin\management_ext.dll
0x00007ffb09960000 - 0x00007ffb09968000 	C:\WINDOWS\System32\PSAPI.DLL
0x00007ffada7f0000 - 0x00007ffada800000 	C:\Users\User\.jdks\jbrsdk-17.0.9\bin\verify.dll
0x00007ffb06300000 - 0x00007ffb06318000 	C:\WINDOWS\SYSTEM32\CRYPTSP.dll
0x00007ffb05a50000 - 0x00007ffb05a84000 	C:\WINDOWS\system32\rsaenh.dll
0x00007ffb068d0000 - 0x00007ffb068fe000 	C:\WINDOWS\SYSTEM32\USERENV.dll
0x00007ffb06320000 - 0x00007ffb0632c000 	C:\WINDOWS\SYSTEM32\CRYPTBASE.dll
0x00007ffb07e40000 - 0x00007ffb07e48000 	C:\WINDOWS\System32\NSI.dll
0x00007ffb01010000 - 0x00007ffb01027000 	C:\WINDOWS\SYSTEM32\dhcpcsvc6.DLL
0x00007ffb01740000 - 0x00007ffb0175d000 	C:\WINDOWS\SYSTEM32\dhcpcsvc.DLL
0x00007ffb05e50000 - 0x00007ffb05f1b000 	C:\WINDOWS\SYSTEM32\DNSAPI.dll
0x00007ffaf9cf0000 - 0x00007ffaf9cfe000 	C:\Users\User\.jdks\jbrsdk-17.0.9\bin\sunmscapi.dll
0x00007ffb06d60000 - 0x00007ffb06ebd000 	C:\WINDOWS\System32\CRYPT32.dll
0x00007ffb06420000 - 0x00007ffb06448000 	C:\WINDOWS\SYSTEM32\ncrypt.dll
0x00007ffb063e0000 - 0x00007ffb0641b000 	C:\WINDOWS\SYSTEM32\NTASN1.dll
0x00007ffafd7f0000 - 0x00007ffafd7fa000 	C:\Windows\System32\rasadhlp.dll
0x00007ffafe840000 - 0x00007ffafe8c0000 	C:\WINDOWS\System32\fwpuclnt.dll

dbghelp: loaded successfully - version: 4.0.5 - missing functions: none
symbol engine: initialized successfully - sym options: 0x614 - pdb path: .;C:\Users\User\.jdks\jbrsdk-17.0.9\bin;C:\WINDOWS\SYSTEM32;C:\WINDOWS\WinSxS\amd64_microsoft.windows.common-controls_6595b64144ccf1df_6.0.19041.3636_none_60b6a03d71f818d5;C:\Users\User\.jdks\jbrsdk-17.0.9\bin\server

VM Arguments:
jvm_args: -agentlib:jdwp=transport=dt_socket,address=127.0.0.1:52675,suspend=y,server=n -javaagent:C:\Users\User\AppData\Local\JetBrains\IdeaIC2023.2\captureAgent\debugger-agent.jar -Dfile.encoding=UTF-8 
java_command: com.sbs.SmartBillingSystem.SmartBillingSystemApplication
java_class_path (initial): D:\Rettalore management system\Retail-Store-Management-System\target\classes;C:\Users\User\.m2\repository\org\springframework\boot\spring-boot-starter-mail\3.0.1\spring-boot-starter-mail-3.0.1.jar;C:\Users\User\.m2\repository\org\springframework\boot\spring-boot-starter\3.0.1\spring-boot-starter-3.0.1.jar;C:\Users\User\.m2\repository\org\springframework\boot\spring-boot-starter-logging\3.0.1\spring-boot-starter-logging-3.0.1.jar;C:\Users\User\.m2\repository\ch\qos\logback\logback-classic\1.4.5\logback-classic-1.4.5.jar;C:\Users\User\.m2\repository\ch\qos\logback\logback-core\1.4.5\logback-core-1.4.5.jar;C:\Users\User\.m2\repository\org\apache\logging\log4j\log4j-to-slf4j\2.19.0\log4j-to-slf4j-2.19.0.jar;C:\Users\User\.m2\repository\org\apache\logging\log4j\log4j-api\2.19.0\log4j-api-2.19.0.jar;C:\Users\User\.m2\repository\org\slf4j\jul-to-slf4j\2.0.6\jul-to-slf4j-2.0.6.jar;C:\Users\User\.m2\repository\jakarta\annotation\jakarta.annotation-api\2.1.1\jakarta.annotation-api-2.1.1.jar;C:\Users\User\.m2\repository\org\yaml\snakeyaml\1.33\snakeyaml-1.33.jar;C:\Users\User\.m2\repository\org\springframework\spring-context-support\6.0.3\spring-context-support-6.0.3.jar;C:\Users\User\.m2\repository\org\springframework\spring-beans\6.0.3\spring-beans-6.0.3.jar;C:\Users\User\.m2\repository\org\springframework\spring-context\6.0.3\spring-context-6.0.3.jar;C:\Users\User\.m2\repository\org\eclipse\angus\jakarta.mail\1.0.0\jakarta.mail-1.0.0.jar;C:\Users\User\.m2\repository\jakarta\activation\jakarta.activation-api\2.1.0\jakarta.activation-api-2.1.0.jar;C:\Users\User\.m2\repository\org\eclipse\angus\angus-activation\1.0.0\angus-activation-1.0.0.jar;C:\Users\User\.m2\repository\com\sun\mail\javax.mail\1.6.2\javax.mail-1.6.2.jar;C:\Users\User\.m2\repository\javax\activation\activation\1.1\activation-1.1.jar;C:\Users\User\.m2\repository\org\springframework\boot\spring-boot-starter-thymeleaf\3.0.1\spring-boot-starter-thymeleaf-3.0.1.jar;C:\Users\User\.m2\re
Launcher Type: SUN_STANDARD

[Global flags]
     intx CICompilerCount                          = 3                                         {product} {ergonomic}
     uint ConcGCThreads                            = 1                                         {product} {ergonomic}
     uint G1ConcRefinementThreads                  = 4                                         {product} {ergonomic}
   size_t G1HeapRegionSize                         = 1048576                                   {product} {ergonomic}
    uintx GCDrainStackTargetSize                   = 64                                        {product} {ergonomic}
   size_t InitialHeapSize                          = 134217728                                 {product} {ergonomic}
   size_t MarkStackSize                            = 4194304                                   {product} {ergonomic}
   size_t MaxHeapSize                              = 2120220672                                {product} {ergonomic}
   size_t MaxNewSize                               = 1271922688                                {product} {ergonomic}
   size_t MinHeapDeltaBytes                        = 1048576                                   {product} {ergonomic}
   size_t MinHeapSize                              = 8388608                                   {product} {ergonomic}
    uintx NonNMethodCodeHeapSize                   = 5832780                                {pd product} {ergonomic}
    uintx NonProfiledCodeHeapSize                  = 122912730                              {pd product} {ergonomic}
    uintx ProfiledCodeHeapSize                     = 122912730                              {pd product} {ergonomic}
    uintx ReservedCodeCacheSize                    = 251658240                              {pd product} {ergonomic}
     bool SegmentedCodeCache                       = true                                      {product} {ergonomic}
   size_t SoftMaxHeapSize                          = 2120220672                             {manageable} {ergonomic}
     bool UseCompressedClassPointers               = true                           {product lp64_product} {ergonomic}
     bool UseCompressedOops                        = true                           {product lp64_product} {ergonomic}
     bool UseG1GC                                  = true                                      {product} {ergonomic}
     bool UseLargePagesIndividualAllocation        = false                                  {pd product} {ergonomic}

Logging:
Log output configuration:
 #0: stdout all=warning uptime,level,tags
 #1: stderr all=off uptime,level,tags

Environment Variables:
JAVA_HOME=C:\Program Files\Java\jdk-15.0.2
CLASSPATH=C:\mysql-connector-java-8.0.29.jar;.;
PATH=C:\WINDOWS\system32;C:\WINDOWS;C:\WINDOWS\system32\Wbem;C:\Program Files\Common Files\Oracle\Java\javapath;C:\Program Files\Java\jdk-15.0.2\bin;C:\Program Files\Git\cmd;C:\ProgramData\Microsoft VS Code\bin;C:\Users\User\AppData\Local\Microsoft\WindowsApps;%IntelliJ IDEA Community Edition%;
USERNAME=User
OS=Windows_NT
PROCESSOR_IDENTIFIER=Intel64 Family 6 Model 58 Stepping 9, GenuineIntel
TMP=C:\Users\User\AppData\Local\Temp
TEMP=C:\Users\User\AppData\Local\Temp



Periodic native trim disabled

JNI global refs:
JNI global refs: 55, weak refs: 9985

JNI global refs memory usage: 1539, weak refs: 101417

OOME stack traces (most recent first):
Classloader memory used:
Loader jdk.internal.loader.ClassLoaders$AppClassLoader                                 : 6361K
Loader bootstrap                                                                       : 2572K
Loader org.springframework.boot.devtools.restart.classloader.RestartClassLoader        : 92421B
Loader jdk.internal.loader.ClassLoaders$PlatformClassLoader                            : 69048B
Loader jdk.internal.reflect.DelegatingClassLoader                                      : 19821B
Loader net.bytebuddy.utility.dispatcher.JavaDispatcher$DynamicClassLoader              : 285B

Classes loaded by more than one classloader:
Class com.sbs.SmartBillingSystem.SmartBillingSystemApplication                        : loaded 2 times (x 69B)


---------------  S Y S T E M  ---------------

OS:
 Windows 10 , 64 bit Build 19041 (10.0.19041.3636)
OS uptime: 1 days 1:15 hours

CPU: total 4 (initial active 4) (2 cores per cpu, 2 threads per core) family 6 model 58 stepping 9 microcode 0x21, cx8, cmov, fxsr, ht, mmx, sse, sse2, sse3, ssse3, sse4.1, sse4.2, popcnt, tsc, tscinvbit, avx, erms, clmul, vzeroupper, clflush
Processor Information for all 4 processors :
  Max Mhz: 3300, Current Mhz: 3300, Mhz Limit: 3300

Memory: 4k page, system-wide physical 8082M (908M free)
TotalPageFile size 11154M (AvailPageFile size 2368M)
current process WorkingSet (physical memory assigned to process): 342M, peak: 342M
current process commit charge ("private bytes"): 367M, peak: 367M

vm_info: OpenJDK 64-Bit Server VM (17.0.9+7-b1087.9) for windows-amd64 JRE (17.0.9+7-b1087.9), built on 2023-12-05 by "builduser" with MS VC++ 16.10 / 16.11 (VS2019)

END.
