#
# A fatal error has been detected by the Java Runtime Environment:
#
#  EXCEPTION_ACCESS_VIOLATION (0xc0000005) at pc=0x00007ff8c2873611, pid=7092, tid=10192
#
# JRE version: OpenJDK Runtime Environment Temurin-17.0.10+7 (17.0.10+7) (build 17.0.10+7)
# Java VM: OpenJDK 64-Bit Server VM Temurin-17.0.10+7 (17.0.10+7, mixed mode, tiered, compressed oops, compressed class ptrs, parallel gc, windows-amd64)
# Problematic frame:
# V  [jvm.dll+0x6b3611]
#
# No core dump will be written. Minidumps are not enabled by default on client versions of Windows
#
# If you would like to submit a bug report, please visit:
#   https://github.com/adoptium/adoptium-support/issues
#

---------------  S U M M A R Y ------------

Command Line: --add-modules=ALL-SYSTEM --add-opens=java.base/java.util=ALL-UNNAMED --add-opens=java.base/java.lang=ALL-UNNAMED --add-opens=java.base/sun.nio.fs=ALL-UNNAMED -Declipse.application=org.eclipse.jdt.ls.core.id1 -Dosgi.bundles.defaultStartLevel=4 -Declipse.product=org.eclipse.jdt.ls.core.product -Djava.import.generatesMetadataFilesAtProjectRoot=false -DDetectVMInstallationsJob.disabled=true -Dfile.encoding=utf8 -XX:+UseParallelGC -XX:GCTimeRatio=4 -XX:AdaptiveSizePolicyWeight=90 -Dsun.zip.disableMemoryMapping=true -Xmx1G -Xms100m -Xlog:disable -javaagent:c:\Users\User\.vscode\extensions\redhat.java-1.28.1-win32-x64\lombok\lombok-1.18.31.jar -XX:+HeapDumpOnOutOfMemoryError -XX:HeapDumpPath=c:\Users\User\AppData\Roaming\Code\User\workspaceStorage\fa6277eb2518f508ced274ced3ce914a\redhat.java -Daether.dependencyCollector.impl=bf c:\Users\User\.vscode\extensions\redhat.java-1.28.1-win32-x64\server\plugins\org.eclipse.equinox.launcher_1.6.700.v20231214-2017.jar -configuration c:\Users\User\AppData\Roaming\Code\User\globalStorage\redhat.java\1.28.1\config_win -data c:\Users\User\AppData\Roaming\Code\User\workspaceStorage\fa6277eb2518f508ced274ced3ce914a\redhat.java\jdt_ws --stdio

Host: Intel(R) Core(TM) i3-3220 CPU @ 3.30GHz, 4 cores, 7G,  Windows 10 , 64 bit Build 19041 (10.0.19041.3636)
Time: Thu Mar  7 23:51:09 2024 India Standard Time elapsed time: 4505.398816 seconds (0d 1h 15m 5s)

---------------  T H R E A D  ---------------

Current thread (0x00000287657cb870):  VMThread "VM Thread" [stack: 0x000000fe1e000000,0x000000fe1e100000] [id=10192]

Stack: [0x000000fe1e000000,0x000000fe1e100000],  sp=0x000000fe1e0febe0,  free space=1018k
Native frames: (J=compiled Java code, j=interpreted, Vv=VM code, C=native code)
V  [jvm.dll+0x6b3611]
V  [jvm.dll+0x6af59b]
V  [jvm.dll+0x6b3e68]
V  [jvm.dll+0x6b67bf]
V  [jvm.dll+0x6bcf31]
V  [jvm.dll+0x688643]
V  [jvm.dll+0x6be604]
V  [jvm.dll+0x83b11b]
V  [jvm.dll+0x83be61]
V  [jvm.dll+0x83c37d]
V  [jvm.dll+0x83c754]
V  [jvm.dll+0x83c820]
V  [jvm.dll+0x7e3fba]
V  [jvm.dll+0x67c1b5]
C  [ucrtbase.dll+0x21bb2]
C  [KERNEL32.DLL+0x17344]
C  [ntdll.dll+0x526b1]


siginfo: EXCEPTION_ACCESS_VIOLATION (0xc0000005), reading address 0xffffffffffffffff


Registers:
RAX=0x000002874fb30000, RBX=0x00000000c9480008, RCX=0x00007ff8c2d5d810, RDX=0x0000000000000001
RSP=0x000000fe1e0febe0, RBP=0x0000000000000001, RSI=0x00000000c9480070, RDI=0x0000000000010000
R8 =0x00000287657a7850, R9 =0x00009fffffff8800, R10=0x00000287657a7850, R11=0x000002874f7f6190
R12=0x0000000000000000, R13=0x00007ff8c2d5d810, R14=0x00000287657a7850, R15=0x00007ff8c2cec770
RIP=0x00007ff8c2873611, EFLAGS=0x0000000000010a06


Register to memory mapping:

RIP=0x00007ff8c2873611 jvm.dll
RAX=0x000002874fb30000 points into unknown readable memory: 0x00000000c0000000 | 00 00 00 c0 00 00 00 00
RBX=0x00000000c9480008 is an oop: java.util.HashMap$Node 
{0x00000000c9480008} - klass: 'java/util/HashMap$Node'
 - ---- fields (total size 4 words):
 - final 'hash' 'I' @12  -412490809 (e769e3c7)
 - final 'key' 'Ljava/lang/Object;' @16  "com/sun/security/auth/callback"{0x00000000c9480028} (c9480028)
 - 'value' 'Ljava/lang/Object;' @20  a 'java/util/LinkedHashSet'{0x00000000c9480070} (c9480070)
 - 'next' 'Ljava/util/HashMap$Node;' @24  NULL (0)
RCX=0x00007ff8c2d5d810 jvm.dll
RDX=0x0000000000000001 is an unknown value
RSP=0x000000fe1e0febe0 points into unknown readable memory: 0x00000000c9399d24 | 24 9d 39 c9 00 00 00 00
RBP=0x0000000000000001 is an unknown value
RSI=0x00000000c9480070 is an oop: java.util.LinkedHashSet 
{0x00000000c9480070} - klass: 'java/util/LinkedHashSet'
 - ---- fields (total size 2 words):
 - private transient 'map' 'Ljava/util/HashMap;' @12  a 'java/util/LinkedHashMap'{0x00000000c9480080} (c9480080)
RDI=0x0000000000010000 is an unknown value
R8 =0x00000287657a7850 points into unknown readable memory: 0x000002874f7c0150 | 50 01 7c 4f 87 02 00 00
R9 =0x00009fffffff8800 is an unknown value
R10=0x00000287657a7850 points into unknown readable memory: 0x000002874f7c0150 | 50 01 7c 4f 87 02 00 00
R11=0x000002874f7f6190 points into unknown readable memory: 0x000000200000001a | 1a 00 00 00 20 00 00 00
R12=0x0 is NULL
R13=0x00007ff8c2d5d810 jvm.dll
R14=0x00000287657a7850 points into unknown readable memory: 0x000002874f7c0150 | 50 01 7c 4f 87 02 00 00
R15=0x00007ff8c2cec770 jvm.dll


Top of Stack: (sp=0x000000fe1e0febe0)
0x000000fe1e0febe0:   00000000c9399d24 000000000000944f
0x000000fe1e0febf0:   00000000cf5d0728 0000000000010000
0x000000fe1e0fec00:   00000001003895e8 00000000c8e00010
0x000000fe1e0fec10:   0000000100240d68 000000fe1e0fecf8
0x000000fe1e0fec20:   00007ff8c2cec770 00000287657a7850
0x000000fe1e0fec30:   00007ff8c2b718e8 0000000000000001
0x000000fe1e0fec40:   000000fe1e0fecf8 00007ff8c286f59b
0x000000fe1e0fec50:   00000287657a7850 000002874fb302a8
0x000000fe1e0fec60:   00000287657a7850 00000287657a7850
0x000000fe1e0fec70:   000002874fb32f80 00007ff8c2873e68
0x000000fe1e0fec80:   000002874fa5aa90 000002874fb32e40
0x000000fe1e0fec90:   000000fe1e0fed80 000000fe1e0fed80
0x000000fe1e0feca0:   0000000a7d627eba 00000d7dbbba042e
0x000000fe1e0fecb0:   ffffffff00000000 0000000000000000
0x000000fe1e0fecc0:   0000000a00000001 00007ff8c2d39c70
0x000000fe1e0fecd0:   00007ff800000001 00007ff8c2d39c00
0x000000fe1e0fece0:   0000004400000015 000000fe00000011
0x000000fe1e0fecf0:   000002876c99ad40 00007ff8c2b718e8
0x000000fe1e0fed00:   0000000000000000 00000287657a7850
0x000000fe1e0fed10:   00007ff8c2afdf00 00007ff8c2b71c00
0x000000fe1e0fed20:   00007ff8c2b71d60 000002000000000d
0x000000fe1e0fed30:   00007ff800000001 00007ff8c2d39c00
0x000000fe1e0fed40:   0000000a00000001 00007ff8c2d39c70
0x000000fe1e0fed50:   ffffffffffffffff 0000000000000000
0x000000fe1e0fed60:   0000000000000000 00007ff8c2afdf18
0x000000fe1e0fed70:   00007ff8c2b71d60 00007ff8c2cec7f0
0x000000fe1e0fed80:   0000000000000000 000000fe1e0fed68
0x000000fe1e0fed90:   0000000000000000 000002874fa35d20
0x000000fe1e0feda0:   00007ff8c2afdf00 0000000000000000
0x000000fe1e0fedb0:   00007ff8c2b71d70 000000000000000d
0x000000fe1e0fedc0:   00007ff800000001 00007ff8c2d39c00
0x000000fe1e0fedd0:   0000000a00000001 00007ff8c2d39c70 

Instructions: (pc=0x00007ff8c2873611)
0x00007ff8c2873511:   9b 9c fb ff 48 8d 8d c8 02 00 00 e8 8f 9c fb ff
0x00007ff8c2873521:   48 8d 8d 98 02 00 00 e8 83 9c fb ff 48 8d 8d 68
0x00007ff8c2873531:   02 00 00 e8 77 9c fb ff 48 8d 4d f8 e8 3e 6b c2
0x00007ff8c2873541:   ff 48 8d 4d e8 e8 35 e9 1a 00 48 83 7d a0 00 75
0x00007ff8c2873551:   0e 48 83 7d a8 00 75 07 48 83 7d b0 00 74 5a 48
0x00007ff8c2873561:   8d 4c 24 20 e8 e6 f1 13 00 48 8b 4d a0 0f 10 30
0x00007ff8c2873571:   48 85 c9 74 10 48 8b 01 48 8d 54 24 20 0f 29 74
0x00007ff8c2873581:   24 20 ff 50 08 48 8b 4d a8 48 85 c9 74 11 48 8b
0x00007ff8c2873591:   01 48 8d 54 24 20 66 0f 7f 74 24 20 ff 50 08 48
0x00007ff8c28735a1:   8b 4d b0 48 85 c9 74 11 48 8b 01 48 8d 54 24 20
0x00007ff8c28735b1:   66 0f 7f 74 24 20 ff 50 08 4c 8d 9c 24 80 04 00
0x00007ff8c28735c1:   00 49 8b 5b 10 49 8b 7b 18 41 0f 28 73 f0 49 8b
0x00007ff8c28735d1:   e3 5d c3 cc cc cc cc cc cc cc cc cc cc cc cc 4c
0x00007ff8c28735e1:   89 44 24 18 55 57 41 55 41 56 41 57 48 83 ec 40
0x00007ff8c28735f1:   48 8b c2 bf 00 00 01 00 48 2b 01 4d 8b d0 48 c1
0x00007ff8c2873601:   e8 13 48 8b ea 4c 8b e9 4c 8d 0c 80 48 8b 41 18
0x00007ff8c2873611:   4e 8b 34 c8 4e 8d 3c c8 46 8b 4c c8 1c 41 8b 47
0x00007ff8c2873621:   18 41 81 e1 ff ff ff 07 4c 03 c8 4c 89 bc 24 88
0x00007ff8c2873631:   00 00 00 4c 89 74 24 70 4c 3b cf 75 18 48 c1 ed
0x00007ff8c2873641:   03 0f b7 c5 49 8d 04 c6 48 83 c4 40 41 5f 41 5e
0x00007ff8c2873651:   41 5d 5f 5d c3 41 0f b6 47 20 90 48 89 5c 24 38
0x00007ff8c2873661:   84 c0 0f 85 13 01 00 00 48 2b 11 48 8b 05 b5 a1
0x00007ff8c2873671:   4e 00 48 c1 ea 13 48 89 74 24 30 48 8d 0c 92 8b
0x00007ff8c2873681:   74 c8 18 48 3b f7 0f 83 e4 00 00 00 48 63 0d a4
0x00007ff8c2873691:   4b 46 00 41 b8 07 00 00 00 4c 8b 35 a7 a1 4e 00
0x00007ff8c28736a1:   4c 2b c1 48 c1 e2 10 48 d3 ea 48 d3 ef 48 03 fa
0x00007ff8c28736b1:   48 d3 ee 4c 89 44 24 78 48 8d 0d 20 a1 4e 00 4c
0x00007ff8c28736c1:   8b c7 48 03 d6 e8 65 38 fd ff 48 8b d8 48 3b c7
0x00007ff8c28736d1:   0f 83 8d 00 00 00 4c 8b 7c 24 78 4c 89 64 24 28
0x00007ff8c28736e1:   4c 8d 67 ff 66 66 66 0f 1f 84 00 00 00 00 00 48
0x00007ff8c28736f1:   8b d3 49 8b cf 48 d3 ea 49 3b d6 74 1b 8b 0d 34
0x00007ff8c2873701:   4b 46 00 4c 8b c6 48 8b 05 32 a1 4e 00 4c 8b f2 


Stack slot to memory mapping:
stack at sp + 0 slots: 0x00000000c9399d24 is pointing into object: [[C 
{0x00000000c9363d20} - klass: {type array char}[]
 - length: 55293
stack at sp + 1 slots: 0x000000000000944f is an unknown value
stack at sp + 2 slots: 0x00000000cf5d0728 is an oop: [C 
{0x00000000cf5d0728} - klass: {type array char}
 - length: 55
stack at sp + 3 slots: 0x0000000000010000 is an unknown value
stack at sp + 4 slots: 0x00000001003895e8 is a pointer to class: 
stack at sp + 5 slots: 0x00000000c8e00010 is pointing into object: org.eclipse.jdt.internal.core.ClassFile 
{0x00000000c8dffff8} - klass: 'org/eclipse/jdt/internal/core/ClassFile'
 - ---- fields (total size 5 words):
 - private 'hashCode' 'I' @12  0
 - private final 'parent' 'Lorg/eclipse/jdt/internal/core/JavaElement;' @16  a 'org/eclipse/jdt/internal/core/JarPackageFragment'{0x00000000c81d8138} (c81d8138)
 - private final 'project' 'Lorg/eclipse/jdt/internal/core/JavaProject;' @20  a 'org/eclipse/jdt/internal/core/JavaProject'{0x00000000c7bf9080} (c7bf9080)
 - protected final 'name' 'Ljava/lang/String;' @24  "WebSocketServletAutoConfiguration$JettyWebSocketConfiguration"{0x00000000c8e00020} (c8e00020)
 - protected 'binaryType' 'Lorg/eclipse/jdt/internal/core/BinaryType;' @28  NULL (0)
 - private 'externalAnnotationBase' 'Lorg/eclipse/core/runtime/IPath;' @32  NULL (0)
stack at sp + 6 slots: 0x0000000100240d68 is a pointer to class: 
org.eclipse.core.internal.resources.ProjectInfo {0x0000000100240d70}
 - instance size:     10
 - klass size:        122
 - access:            public synchronized 
 - state:             fully_initialized
 - name:              'org/eclipse/core/internal/resources/ProjectInfo'
 - super:             'org/eclipse/core/internal/resources/ResourceInfo'
 - sub:               
 - arrays:            NULL
 - methods:           Array<T>(0x00000287672c60a0)
 - method ordering:   Array<T>(0x0000028766000018)
 - default_methods:   Array<T>(0x0000000000000000)
 - local interfaces:  Array<T>(0x0000028766000058)
 - trans. interfaces: Array<T>(0x00000287672c5be0)
 - constants:         constant pool [108] {0x00000287672c5c88} for 'org/eclipse/core/internal/resources/ProjectInfo' cache=0x00000287673df428
 - class loader data:  loader data: 0x000002876b4a88c0 for instance a 'org/eclipse/osgi/internal/loader/EquinoxClassLoader'{0x00000000c037adf0}
 - source file:       'ProjectInfo.java'
 - class annotations:       Array<T>(0x0000000000000000)
 - class type annotations:  Array<T>(0x0000000000000000)
 - field annotations:       Array<T>(0x0000000000000000)
 - field type annotations:  Array<T>(0x0000000000000000)
 - inner classes:     Array<T>(0x0000028766000028)
 - nest members:     Array<T>(0x0000028766000028)
 - permitted subclasses:     Array<T>(0x0000028766000028)
 - java mirror:       a 'java/lang/Class'{0x00000000c05c6d90} = 'org/eclipse/core/internal/resources/ProjectInfo'
 - vtable length      56  (start addr: 0x0000000100240f30)
 - itable length      8 (start addr: 0x00000001002410f0)
 - ---- static fields (0 words):
 - ---- non-static fields (17 words):
 - protected volatile 'charsetAndContentId' 'I' @12 
 - protected volatile 'localInfo' 'J' @16 
 - protected 'modStamp' 'J' @24 
 - protected volatile 'nodeId' 'J' @32 
 - protected 'flags' 'I' @40 
 - protected volatile 'markerAndSyncStamp' 'I' @44 
 - protected 'fileStoreRoot' 'Lorg/eclipse/core/internal/localstore/FileStoreRoot;' @48 
 - protected 'markers' 'Lorg/eclipse/core/internal/resources/MarkerSet;' @52 
 - protected 'sessionProperties' 'Lorg/eclipse/core/internal/utils/ObjectMap;' @56 
 - protected 'syncInfo' 'Lorg/eclipse/core/internal/utils/ObjectMap;' @60 
 - protected 'description' 'Lorg/eclipse/core/internal/resources/ProjectDescription;' @64 
 - protected 'natures' 'Ljava/util/HashMap;' @68 
 - protected 'propertyStore' 'Ljava/lang/Object;' @72 
 - protected 'matcher' 'Lorg/eclipse/core/runtime/content/IContentTypeMatcher;' @76 
 - non-static oop maps: 48-76 
stack at sp + 7 slots: 0x000000fe1e0fecf8 points into unknown readable memory: 0x00007ff8c2b718e8 | e8 18 b7 c2 f8 7f 00 00

VM_Operation (0x000000fe1fcfeae0): ParallelGCFailedAllocation, mode: safepoint, requested by thread 0x000002876db25050


---------------  P R O C E S S  ---------------

Threads class SMR info:
_java_thread_list=0x000002876d590900, length=38, elements={
0x000002874fa46610, 0x00000287657e1740, 0x00000287657e2c50, 0x0000028765811cb0,
0x0000028765812a40, 0x00000287658137d0, 0x00000287657f8cf0, 0x00000287657f9aa0,
0x000002876a9bf7e0, 0x000002876a9c44c0, 0x000002876aa3c350, 0x000002876abf40e0,
0x000002876b5ad160, 0x000002876b5ad670, 0x000002876b5ae5a0, 0x000002876b5acc50,
0x000002876b5ab300, 0x000002876b5ae090, 0x000002876db25050, 0x000002876db29220,
0x000002876db29730, 0x000002876db29c40, 0x000002876db2ab70, 0x000002876d4ea510,
0x000002876d4eaf30, 0x000002876d4e90d0, 0x000002876d4e7270, 0x000002876d4eb440,
0x000002876d4eb950, 0x000002876d4e86b0, 0x000002876b5ac740, 0x000002876b5adb80,
0x000002876d4e8bc0, 0x000002876d4e6340, 0x000002876d4e5e30, 0x000002876d4e4f00,
0x000002876db2c4c0, 0x000002876db25a70
}

Java Threads: ( => current thread )
  0x000002874fa46610 JavaThread "main" [_thread_blocked, id=6012, stack(0x000000fe1de00000,0x000000fe1df00000)]
  0x00000287657e1740 JavaThread "Reference Handler" daemon [_thread_blocked, id=4168, stack(0x000000fe1e100000,0x000000fe1e200000)]
  0x00000287657e2c50 JavaThread "Finalizer" daemon [_thread_blocked, id=1824, stack(0x000000fe1e200000,0x000000fe1e300000)]
  0x0000028765811cb0 JavaThread "Signal Dispatcher" daemon [_thread_blocked, id=8912, stack(0x000000fe1e300000,0x000000fe1e400000)]
  0x0000028765812a40 JavaThread "Attach Listener" daemon [_thread_blocked, id=5256, stack(0x000000fe1e400000,0x000000fe1e500000)]
  0x00000287658137d0 JavaThread "Service Thread" daemon [_thread_blocked, id=3076, stack(0x000000fe1e500000,0x000000fe1e600000)]
  0x00000287657f8cf0 JavaThread "Monitor Deflation Thread" daemon [_thread_blocked, id=1368, stack(0x000000fe1e600000,0x000000fe1e700000)]
  0x00000287657f9aa0 JavaThread "C2 CompilerThread0" daemon [_thread_blocked, id=8184, stack(0x000000fe1e700000,0x000000fe1e800000)]
  0x000002876a9bf7e0 JavaThread "C1 CompilerThread0" daemon [_thread_blocked, id=9028, stack(0x000000fe1e800000,0x000000fe1e900000)]
  0x000002876a9c44c0 JavaThread "Sweeper thread" daemon [_thread_blocked, id=8164, stack(0x000000fe1e900000,0x000000fe1ea00000)]
  0x000002876aa3c350 JavaThread "Common-Cleaner" daemon [_thread_blocked, id=7452, stack(0x000000fe1ea00000,0x000000fe1eb00000)]
  0x000002876abf40e0 JavaThread "Notification Thread" daemon [_thread_blocked, id=7520, stack(0x000000fe1eb00000,0x000000fe1ec00000)]
  0x000002876b5ad160 JavaThread "Active Thread: Equinox Container: a414b41f-b823-453b-85a0-a9a6bff09cbb" [_thread_blocked, id=6004, stack(0x000000fe1f000000,0x000000fe1f100000)]
  0x000002876b5ad670 JavaThread "Framework Event Dispatcher: Equinox Container: a414b41f-b823-453b-85a0-a9a6bff09cbb" daemon [_thread_blocked, id=3128, stack(0x000000fe1f100000,0x000000fe1f200000)]
  0x000002876b5ae5a0 JavaThread "Start Level: Equinox Container: a414b41f-b823-453b-85a0-a9a6bff09cbb" daemon [_thread_blocked, id=9528, stack(0x000000fe1f200000,0x000000fe1f300000)]
  0x000002876b5acc50 JavaThread "Bundle File Closer" daemon [_thread_blocked, id=3208, stack(0x000000fe1f300000,0x000000fe1f400000)]
  0x000002876b5ab300 JavaThread "SCR Component Actor" daemon [_thread_blocked, id=1356, stack(0x000000fe1f600000,0x000000fe1f700000)]
  0x000002876b5ae090 JavaThread "Worker-JM" [_thread_blocked, id=9324, stack(0x000000fe1f800000,0x000000fe1f900000)]
  0x000002876db25050 JavaThread "Java indexing" daemon [_thread_blocked, id=1732, stack(0x000000fe1fc00000,0x000000fe1fd00000)]
  0x000002876db29220 JavaThread "JNA Cleaner" daemon [_thread_blocked, id=9372, stack(0x000000fe1fe00000,0x000000fe1ff00000)]
  0x000002876db29730 JavaThread "pool-2-thread-1" [_thread_blocked, id=8360, stack(0x000000fe1fb00000,0x000000fe1fc00000)]
  0x000002876db29c40 JavaThread "WorkspaceEventsHandler" [_thread_blocked, id=8284, stack(0x000000fe20000000,0x000000fe20100000)]
  0x000002876db2ab70 JavaThread "pool-1-thread-1" [_thread_in_native, id=7352, stack(0x000000fe20100000,0x000000fe20200000)]
  0x000002876d4ea510 JavaThread "Worker-10: Java indexing... " [_thread_blocked, id=14144, stack(0x000000fe1f500000,0x000000fe1f600000)]
  0x000002876d4eaf30 JavaThread "ForkJoinPool.commonPool-worker-8" daemon [_thread_blocked, id=12436, stack(0x000000fe1f700000,0x000000fe1f800000)]
  0x000002876d4e90d0 JavaThread "ForkJoinPool.commonPool-worker-9" daemon [_thread_blocked, id=5564, stack(0x000000fe1f900000,0x000000fe1fa00000)]
  0x000002876d4e7270 JavaThread "ForkJoinPool.commonPool-worker-10" daemon [_thread_blocked, id=8456, stack(0x000000fe1fa00000,0x000000fe1fb00000)]
  0x000002876d4eb440 JavaThread "Worker-14" [_thread_blocked, id=13040, stack(0x000000fe1f400000,0x000000fe1f500000)]
  0x000002876d4eb950 JavaThread "ForkJoinPool.commonPool-worker-11" daemon [_thread_blocked, id=11964, stack(0x000000fe20200000,0x000000fe20300000)]
  0x000002876d4e86b0 JavaThread "ForkJoinPool.commonPool-worker-12" daemon [_thread_blocked, id=7072, stack(0x000000fe1ff00000,0x000000fe20000000)]
  0x000002876b5ac740 JavaThread "Worker-17" [_thread_blocked, id=7256, stack(0x000000fe1dc00000,0x000000fe1dd00000)]
  0x000002876b5adb80 JavaThread "Worker-18" [_thread_blocked, id=12068, stack(0x000000fe1dd00000,0x000000fe1de00000)]
  0x000002876d4e8bc0 JavaThread "ForkJoinPool.commonPool-worker-13" daemon [_thread_blocked, id=2112, stack(0x000000fe1fd00000,0x000000fe1fe00000)]
  0x000002876d4e6340 JavaThread "Worker-19" [_thread_blocked, id=6948, stack(0x000000fe20600000,0x000000fe20700000)]
  0x000002876d4e5e30 JavaThread "Worker-20" [_thread_blocked, id=13428, stack(0x000000fe20700000,0x000000fe20800000)]
  0x000002876d4e4f00 JavaThread "Worker-21" [_thread_blocked, id=1420, stack(0x000000fe20c00000,0x000000fe20d00000)]
  0x000002876db2c4c0 JavaThread "Worker-22" [_thread_blocked, id=10848, stack(0x000000fe20500000,0x000000fe20600000)]
  0x000002876db25a70 JavaThread "Worker-23" [_thread_blocked, id=10768, stack(0x000000fe20d00000,0x000000fe20e00000)]

Other Threads:
=>0x00000287657cb870 VMThread "VM Thread" [stack: 0x000000fe1e000000,0x000000fe1e100000] [id=10192]
  0x000002876abf45c0 WatcherThread [stack: 0x000000fe1ec00000,0x000000fe1ed00000] [id=4160]
  0x000002874fa59540 GCTaskThread "GC Thread#0" [stack: 0x000000fe1df00000,0x000000fe1e000000] [id=1404]
  0x000002876b270910 GCTaskThread "GC Thread#1" [stack: 0x000000fe1ed00000,0x000000fe1ee00000] [id=7416]
  0x000002876b270bd0 GCTaskThread "GC Thread#2" [stack: 0x000000fe1ee00000,0x000000fe1ef00000] [id=1340]
  0x000002876b9104b0 GCTaskThread "GC Thread#3" [stack: 0x000000fe1ef00000,0x000000fe1f000000] [id=5508]

Threads with active compile tasks:
C2 CompilerThread0  4505523 25178       4       org.eclipse.jdt.internal.core.search.indexing.AbstractIndexer::addConstructorReference (58 bytes)

VM state: at safepoint (normal execution)

VM Mutex/Monitor currently owned by a thread:  ([mutex/lock_event])
[0x000002874fa42530] Threads_lock - owner thread: 0x00000287657cb870
[0x000002874fa41ba0] Heap_lock - owner thread: 0x000002876db25050

Heap address: 0x00000000c0000000, size: 1024 MB, Compressed Oops mode: 32-bit

CDS archive(s) not mapped
Compressed class space mapped at: 0x0000000100000000-0x0000000140000000, reserved size: 1073741824
Narrow klass base: 0x0000000000000000, Narrow klass shift: 3, Narrow klass range: 0x140000000

GC Precious Log:
 CPUs: 4 total, 4 available
 Memory: 8082M
 Large Page Support: Disabled
 NUMA Support: Disabled
 Compressed Oops: Enabled (32-bit)
 Alignments: Space 512K, Generation 512K, Heap 2M
 Heap Min Capacity: 100M
 Heap Initial Capacity: 100M
 Heap Max Capacity: 1G
 Pre-touch: Disabled
 Parallel Workers: 4

Heap:
 PSYoungGen      total 2048K, used 794K [0x00000000eab00000, 0x00000000eaf80000, 0x0000000100000000)
  eden space 1024K, 0% used [0x00000000eab00000,0x00000000eab00000,0x00000000eac00000)
  from space 1024K, 77% used [0x00000000eac00000,0x00000000eacc6aa0,0x00000000ead00000)
  to   space 1536K, 0% used [0x00000000eae00000,0x00000000eae00000,0x00000000eaf80000)
 ParOldGen       total 338944K, used 338795K [0x00000000c0000000, 0x00000000d4b00000, 0x00000000eab00000)
  object space 338944K, 99% used [0x00000000c0000000,0x00000000d4adacf8,0x00000000d4b00000)
 Metaspace       used 96512K, committed 98176K, reserved 1179648K
  class space    used 9725K, committed 10496K, reserved 1048576K

Card table byte_map: [0x00000287630d0000,0x00000287632e0000] _byte_map_base: 0x0000028762ad0000

Marking Bits: (ParMarkBitMap*) 0x00007ff8c2d5d7d0
 Begin Bits: [0x0000028763440000, 0x0000028764440000)
 End Bits:   [0x0000028764440000, 0x0000028765440000)

Polling page: 0x000002874fb00000

Metaspace:

Usage:
  Non-class:     84.75 MB used.
      Class:      9.50 MB used.
       Both:     94.25 MB used.

Virtual space:
  Non-class space:      128.00 MB reserved,      85.62 MB ( 67%) committed,  2 nodes.
      Class space:        1.00 GB reserved,      10.25 MB (  1%) committed,  1 nodes.
             Both:        1.12 GB reserved,      95.88 MB (  8%) committed. 

Chunk freelists:
   Non-Class:  10.22 MB
       Class:  5.66 MB
        Both:  15.88 MB

MaxMetaspaceSize: unlimited
CompressedClassSpaceSize: 1.00 GB
Initial GC threshold: 21.00 MB
Current GC threshold: 158.75 MB
CDS: off
MetaspaceReclaimPolicy: balanced
 - commit_granule_bytes: 65536.
 - commit_granule_words: 8192.
 - virtual_space_node_default_size: 8388608.
 - enlarge_chunks_in_place: 1.
 - new_chunks_are_fully_committed: 0.
 - uncommit_free_chunks: 1.
 - use_allocation_guard: 0.
 - handle_deallocations: 1.


Internal statistics:

num_allocs_failed_limit: 9.
num_arena_births: 1540.
num_arena_deaths: 530.
num_vsnodes_births: 3.
num_vsnodes_deaths: 0.
num_space_committed: 1537.
num_space_uncommitted: 3.
num_chunks_returned_to_freelist: 711.
num_chunks_taken_from_freelist: 6103.
num_chunk_merges: 267.
num_chunk_splits: 3511.
num_chunks_enlarged: 1869.
num_inconsistent_stats: 0.

CodeHeap 'non-profiled nmethods': size=120000Kb used=20483Kb max_used=20483Kb free=99516Kb
 bounds [0x000002875b9c0000, 0x000002875cdd0000, 0x0000028762ef0000]
CodeHeap 'profiled nmethods': size=120000Kb used=42525Kb max_used=42525Kb free=77474Kb
 bounds [0x0000028753ef0000, 0x0000028756880000, 0x000002875b420000]
CodeHeap 'non-nmethods': size=5760Kb used=1448Kb max_used=1516Kb free=4311Kb
 bounds [0x000002875b420000, 0x000002875b690000, 0x000002875b9c0000]
 total_blobs=19861 nmethods=19060 adapters=710
 compilation: enabled
              stopped_count=0, restarted_count=0
 full_count=0

Compilation events (20 events):
Event: 4504.937 Thread 0x00000287657f9aa0 nmethod 25169 0x000002875cdbec10 code [0x000002875cdbedc0, 0x000002875cdbf5d8]
Event: 4504.946 Thread 0x000002876a9bf7e0 25170       3       org.eclipse.jdt.internal.compiler.parser.Parser::isAFieldDeclarationInRecord (206 bytes)
Event: 4504.946 Thread 0x000002876a9bf7e0 nmethod 25170 0x000002875687c590 code [0x000002875687c800, 0x000002875687d828]
Event: 4504.946 Thread 0x000002876a9bf7e0 25171   !   3       org.eclipse.jdt.internal.core.search.indexing.IndexManager::indexDocument (31 bytes)
Event: 4504.947 Thread 0x000002876a9bf7e0 nmethod 25171 0x0000028754dd6490 code [0x0000028754dd6640, 0x0000028754dd6a68]
Event: 4504.948 Thread 0x000002876a9bf7e0 25172       3       org.eclipse.jdt.internal.core.search.JavaSearchParticipant::indexDocument (89 bytes)
Event: 4504.949 Thread 0x00000287657f9aa0 25173       4       org.eclipse.jdt.internal.core.search.indexing.AbstractIndexer::<init> (10 bytes)
Event: 4504.949 Thread 0x00000287657f9aa0 nmethod 25173 0x000002875cdbfb10 code [0x000002875cdbfc80, 0x000002875cdbfd18]
Event: 4504.950 Thread 0x000002876a9bf7e0 nmethod 25172 0x000002875687dc10 code [0x000002875687df00, 0x000002875687ef88]
Event: 4504.954 Thread 0x00000287657f9aa0 25174       4       org.eclipse.jdt.core.search.SearchDocument::removeAllIndexEntries (19 bytes)
Event: 4504.957 Thread 0x000002876a9bf7e0 25176       3       org.eclipse.jdt.internal.compiler.parser.Parser::consumeStatementIfWithElse (106 bytes)
Event: 4504.958 Thread 0x000002876a9bf7e0 nmethod 25176 0x0000028756445b10 code [0x0000028756445ce0, 0x00000287564462a8]
Event: 4504.958 Thread 0x000002876a9bf7e0 25177       3       org.eclipse.jdt.internal.compiler.ast.IfStatement::<init> (99 bytes)
Event: 4504.958 Thread 0x000002876a9bf7e0 nmethod 25177 0x000002875687f610 code [0x000002875687f7e0, 0x000002875687fe18]
Event: 4504.963 Thread 0x000002876a9bf7e0 25180       3       org.eclipse.jdt.internal.compiler.ASTVisitor::endVisit (1 bytes)
Event: 4504.964 Thread 0x000002876a9bf7e0 nmethod 25180 0x0000028755a35510 code [0x0000028755a356a0, 0x0000028755a357b8]
Event: 4504.965 Thread 0x00000287657f9aa0 nmethod 25174 0x000002875cdbfe10 code [0x000002875cdbffe0, 0x000002875cdc08d8]
Event: 4504.965 Thread 0x00000287657f9aa0 25178       4       org.eclipse.jdt.internal.core.search.indexing.AbstractIndexer::addConstructorReference (58 bytes)
Event: 4505.029 Thread 0x000002876a9bf7e0 25181       3       org.eclipse.jdt.internal.core.search.matching.JavaSearchNameEnvironment::addModuleClassPathInfo (43 bytes)
Event: 4505.030 Thread 0x000002876a9bf7e0 nmethod 25181 0x0000028756445410 code [0x00000287564455e0, 0x0000028756445968]

GC Heap History (20 events):
Event: 4504.227 GC heap after
{Heap after GC invocations=2241 (full 18):
 PSYoungGen      total 5120K, used 512K [0x00000000eab00000, 0x00000000eb100000, 0x0000000100000000)
  eden space 4096K, 0% used [0x00000000eab00000,0x00000000eab00000,0x00000000eaf00000)
  from space 1024K, 50% used [0x00000000eb000000,0x00000000eb080000,0x00000000eb100000)
  to   space 1024K, 0% used [0x00000000eaf00000,0x00000000eaf00000,0x00000000eb000000)
 ParOldGen       total 338432K, used 333347K [0x00000000c0000000, 0x00000000d4a80000, 0x00000000eab00000)
  object space 338432K, 98% used [0x00000000c0000000,0x00000000d4588ca8,0x00000000d4a80000)
 Metaspace       used 96508K, committed 98176K, reserved 1179648K
  class space    used 9725K, committed 10496K, reserved 1048576K
}
Event: 4504.239 GC heap before
{Heap before GC invocations=2242 (full 18):
 PSYoungGen      total 5120K, used 4608K [0x00000000eab00000, 0x00000000eb100000, 0x0000000100000000)
  eden space 4096K, 100% used [0x00000000eab00000,0x00000000eaf00000,0x00000000eaf00000)
  from space 1024K, 50% used [0x00000000eb000000,0x00000000eb080000,0x00000000eb100000)
  to   space 1024K, 0% used [0x00000000eaf00000,0x00000000eaf00000,0x00000000eb000000)
 ParOldGen       total 338432K, used 333347K [0x00000000c0000000, 0x00000000d4a80000, 0x00000000eab00000)
  object space 338432K, 98% used [0x00000000c0000000,0x00000000d4588ca8,0x00000000d4a80000)
 Metaspace       used 96508K, committed 98176K, reserved 1179648K
  class space    used 9725K, committed 10496K, reserved 1048576K
}
Event: 4504.242 GC heap after
{Heap after GC invocations=2242 (full 18):
 PSYoungGen      total 5120K, used 696K [0x00000000eab00000, 0x00000000eb100000, 0x0000000100000000)
  eden space 4096K, 0% used [0x00000000eab00000,0x00000000eab00000,0x00000000eaf00000)
  from space 1024K, 67% used [0x00000000eaf00000,0x00000000eafae008,0x00000000eb000000)
  to   space 1024K, 0% used [0x00000000eb000000,0x00000000eb000000,0x00000000eb100000)
 ParOldGen       total 338432K, used 333843K [0x00000000c0000000, 0x00000000d4a80000, 0x00000000eab00000)
  object space 338432K, 98% used [0x00000000c0000000,0x00000000d4604ca8,0x00000000d4a80000)
 Metaspace       used 96508K, committed 98176K, reserved 1179648K
  class space    used 9725K, committed 10496K, reserved 1048576K
}
Event: 4504.268 GC heap before
{Heap before GC invocations=2243 (full 18):
 PSYoungGen      total 5120K, used 4792K [0x00000000eab00000, 0x00000000eb100000, 0x0000000100000000)
  eden space 4096K, 100% used [0x00000000eab00000,0x00000000eaf00000,0x00000000eaf00000)
  from space 1024K, 67% used [0x00000000eaf00000,0x00000000eafae008,0x00000000eb000000)
  to   space 1024K, 0% used [0x00000000eb000000,0x00000000eb000000,0x00000000eb100000)
 ParOldGen       total 338432K, used 333843K [0x00000000c0000000, 0x00000000d4a80000, 0x00000000eab00000)
  object space 338432K, 98% used [0x00000000c0000000,0x00000000d4604ca8,0x00000000d4a80000)
 Metaspace       used 96508K, committed 98176K, reserved 1179648K
  class space    used 9725K, committed 10496K, reserved 1048576K
}
Event: 4504.271 GC heap after
{Heap after GC invocations=2243 (full 18):
 PSYoungGen      total 3584K, used 1004K [0x00000000eab00000, 0x00000000eb400000, 0x0000000100000000)
  eden space 2560K, 0% used [0x00000000eab00000,0x00000000eab00000,0x00000000ead80000)
  from space 1024K, 98% used [0x00000000eb000000,0x00000000eb0fb000,0x00000000eb100000)
  to   space 2560K, 0% used [0x00000000ead80000,0x00000000ead80000,0x00000000eb000000)
 ParOldGen       total 338432K, used 334936K [0x00000000c0000000, 0x00000000d4a80000, 0x00000000eab00000)
  object space 338432K, 98% used [0x00000000c0000000,0x00000000d47160b0,0x00000000d4a80000)
 Metaspace       used 96508K, committed 98176K, reserved 1179648K
  class space    used 9725K, committed 10496K, reserved 1048576K
}
Event: 4504.568 GC heap before
{Heap before GC invocations=2244 (full 18):
 PSYoungGen      total 3584K, used 3564K [0x00000000eab00000, 0x00000000eb400000, 0x0000000100000000)
  eden space 2560K, 100% used [0x00000000eab00000,0x00000000ead80000,0x00000000ead80000)
  from space 1024K, 98% used [0x00000000eb000000,0x00000000eb0fb000,0x00000000eb100000)
  to   space 2560K, 0% used [0x00000000ead80000,0x00000000ead80000,0x00000000eb000000)
 ParOldGen       total 338432K, used 334936K [0x00000000c0000000, 0x00000000d4a80000, 0x00000000eab00000)
  object space 338432K, 98% used [0x00000000c0000000,0x00000000d47160b0,0x00000000d4a80000)
 Metaspace       used 96508K, committed 98176K, reserved 1179648K
  class space    used 9725K, committed 10496K, reserved 1048576K
}
Event: 4504.570 GC heap after
{Heap after GC invocations=2244 (full 18):
 PSYoungGen      total 3072K, used 320K [0x00000000eab00000, 0x00000000eb080000, 0x0000000100000000)
  eden space 2560K, 0% used [0x00000000eab00000,0x00000000eab00000,0x00000000ead80000)
  from space 512K, 62% used [0x00000000ead80000,0x00000000eadd0000,0x00000000eae00000)
  to   space 1024K, 0% used [0x00000000eaf80000,0x00000000eaf80000,0x00000000eb080000)
 ParOldGen       total 338432K, used 335088K [0x00000000c0000000, 0x00000000d4a80000, 0x00000000eab00000)
  object space 338432K, 99% used [0x00000000c0000000,0x00000000d473c0b0,0x00000000d4a80000)
 Metaspace       used 96508K, committed 98176K, reserved 1179648K
  class space    used 9725K, committed 10496K, reserved 1048576K
}
Event: 4504.579 GC heap before
{Heap before GC invocations=2245 (full 18):
 PSYoungGen      total 3072K, used 2880K [0x00000000eab00000, 0x00000000eb080000, 0x0000000100000000)
  eden space 2560K, 100% used [0x00000000eab00000,0x00000000ead80000,0x00000000ead80000)
  from space 512K, 62% used [0x00000000ead80000,0x00000000eadd0000,0x00000000eae00000)
  to   space 1024K, 0% used [0x00000000eaf80000,0x00000000eaf80000,0x00000000eb080000)
 ParOldGen       total 338432K, used 335088K [0x00000000c0000000, 0x00000000d4a80000, 0x00000000eab00000)
  object space 338432K, 99% used [0x00000000c0000000,0x00000000d473c0b0,0x00000000d4a80000)
 Metaspace       used 96508K, committed 98176K, reserved 1179648K
  class space    used 9725K, committed 10496K, reserved 1048576K
}
Event: 4504.581 GC heap after
{Heap after GC invocations=2245 (full 18):
 PSYoungGen      total 3072K, used 384K [0x00000000eab00000, 0x00000000eb000000, 0x0000000100000000)
  eden space 2560K, 0% used [0x00000000eab00000,0x00000000eab00000,0x00000000ead80000)
  from space 512K, 75% used [0x00000000eaf80000,0x00000000eafe0000,0x00000000eb000000)
  to   space 512K, 0% used [0x00000000ead80000,0x00000000ead80000,0x00000000eae00000)
 ParOldGen       total 338432K, used 335375K [0x00000000c0000000, 0x00000000d4a80000, 0x00000000eab00000)
  object space 338432K, 99% used [0x00000000c0000000,0x00000000d4783e50,0x00000000d4a80000)
 Metaspace       used 96508K, committed 98176K, reserved 1179648K
  class space    used 9725K, committed 10496K, reserved 1048576K
}
Event: 4504.751 GC heap before
{Heap before GC invocations=2246 (full 18):
 PSYoungGen      total 3072K, used 2944K [0x00000000eab00000, 0x00000000eb000000, 0x0000000100000000)
  eden space 2560K, 100% used [0x00000000eab00000,0x00000000ead80000,0x00000000ead80000)
  from space 512K, 75% used [0x00000000eaf80000,0x00000000eafe0000,0x00000000eb000000)
  to   space 512K, 0% used [0x00000000ead80000,0x00000000ead80000,0x00000000eae00000)
 ParOldGen       total 338432K, used 335375K [0x00000000c0000000, 0x00000000d4a80000, 0x00000000eab00000)
  object space 338432K, 99% used [0x00000000c0000000,0x00000000d4783e50,0x00000000d4a80000)
 Metaspace       used 96508K, committed 98176K, reserved 1179648K
  class space    used 9725K, committed 10496K, reserved 1048576K
}
Event: 4504.753 GC heap after
{Heap after GC invocations=2246 (full 18):
 PSYoungGen      total 3072K, used 256K [0x00000000eab00000, 0x00000000eb000000, 0x0000000100000000)
  eden space 2560K, 0% used [0x00000000eab00000,0x00000000eab00000,0x00000000ead80000)
  from space 512K, 50% used [0x00000000ead80000,0x00000000eadc0000,0x00000000eae00000)
  to   space 512K, 0% used [0x00000000eaf80000,0x00000000eaf80000,0x00000000eb000000)
 ParOldGen       total 338432K, used 335682K [0x00000000c0000000, 0x00000000d4a80000, 0x00000000eab00000)
  object space 338432K, 99% used [0x00000000c0000000,0x00000000d47d0a58,0x00000000d4a80000)
 Metaspace       used 96508K, committed 98176K, reserved 1179648K
  class space    used 9725K, committed 10496K, reserved 1048576K
}
Event: 4504.940 GC heap before
{Heap before GC invocations=2247 (full 18):
 PSYoungGen      total 3072K, used 2816K [0x00000000eab00000, 0x00000000eb000000, 0x0000000100000000)
  eden space 2560K, 100% used [0x00000000eab00000,0x00000000ead80000,0x00000000ead80000)
  from space 512K, 50% used [0x00000000ead80000,0x00000000eadc0000,0x00000000eae00000)
  to   space 512K, 0% used [0x00000000eaf80000,0x00000000eaf80000,0x00000000eb000000)
 ParOldGen       total 338432K, used 335682K [0x00000000c0000000, 0x00000000d4a80000, 0x00000000eab00000)
  object space 338432K, 99% used [0x00000000c0000000,0x00000000d47d0a58,0x00000000d4a80000)
 Metaspace       used 96510K, committed 98176K, reserved 1179648K
  class space    used 9725K, committed 10496K, reserved 1048576K
}
Event: 4504.943 GC heap after
{Heap after GC invocations=2247 (full 18):
 PSYoungGen      total 3072K, used 426K [0x00000000eab00000, 0x00000000eb000000, 0x0000000100000000)
  eden space 2560K, 0% used [0x00000000eab00000,0x00000000eab00000,0x00000000ead80000)
  from space 512K, 83% used [0x00000000eaf80000,0x00000000eafeab30,0x00000000eb000000)
  to   space 512K, 0% used [0x00000000ead80000,0x00000000ead80000,0x00000000eae00000)
 ParOldGen       total 338432K, used 335890K [0x00000000c0000000, 0x00000000d4a80000, 0x00000000eab00000)
  object space 338432K, 99% used [0x00000000c0000000,0x00000000d4804a58,0x00000000d4a80000)
 Metaspace       used 96510K, committed 98176K, reserved 1179648K
  class space    used 9725K, committed 10496K, reserved 1048576K
}
Event: 4505.000 GC heap before
{Heap before GC invocations=2248 (full 18):
 PSYoungGen      total 3072K, used 2986K [0x00000000eab00000, 0x00000000eb000000, 0x0000000100000000)
  eden space 2560K, 100% used [0x00000000eab00000,0x00000000ead80000,0x00000000ead80000)
  from space 512K, 83% used [0x00000000eaf80000,0x00000000eafeab30,0x00000000eb000000)
  to   space 512K, 0% used [0x00000000ead80000,0x00000000ead80000,0x00000000eae00000)
 ParOldGen       total 338432K, used 335890K [0x00000000c0000000, 0x00000000d4a80000, 0x00000000eab00000)
  object space 338432K, 99% used [0x00000000c0000000,0x00000000d4804a58,0x00000000d4a80000)
 Metaspace       used 96512K, committed 98176K, reserved 1179648K
  class space    used 9725K, committed 10496K, reserved 1048576K
}
Event: 4505.002 GC heap after
{Heap after GC invocations=2248 (full 18):
 PSYoungGen      total 3072K, used 480K [0x00000000eab00000, 0x00000000eb080000, 0x0000000100000000)
  eden space 2560K, 0% used [0x00000000eab00000,0x00000000eab00000,0x00000000ead80000)
  from space 512K, 93% used [0x00000000ead80000,0x00000000eadf80f0,0x00000000eae00000)
  to   space 1536K, 0% used [0x00000000eaf00000,0x00000000eaf00000,0x00000000eb080000)
 ParOldGen       total 338432K, used 336386K [0x00000000c0000000, 0x00000000d4a80000, 0x00000000eab00000)
  object space 338432K, 99% used [0x00000000c0000000,0x00000000d4880a58,0x00000000d4a80000)
 Metaspace       used 96512K, committed 98176K, reserved 1179648K
  class space    used 9725K, committed 10496K, reserved 1048576K
}
Event: 4505.058 GC heap before
{Heap before GC invocations=2249 (full 18):
 PSYoungGen      total 3072K, used 3029K [0x00000000eab00000, 0x00000000eb080000, 0x0000000100000000)
  eden space 2560K, 99% used [0x00000000eab00000,0x00000000ead7d3b8,0x00000000ead80000)
  from space 512K, 93% used [0x00000000ead80000,0x00000000eadf80f0,0x00000000eae00000)
  to   space 1536K, 0% used [0x00000000eaf00000,0x00000000eaf00000,0x00000000eb080000)
 ParOldGen       total 338432K, used 336386K [0x00000000c0000000, 0x00000000d4a80000, 0x00000000eab00000)
  object space 338432K, 99% used [0x00000000c0000000,0x00000000d4880a58,0x00000000d4a80000)
 Metaspace       used 96512K, committed 98176K, reserved 1179648K
  class space    used 9725K, committed 10496K, reserved 1048576K
}
Event: 4505.063 GC heap after
{Heap after GC invocations=2249 (full 18):
 PSYoungGen      total 2560K, used 1514K [0x00000000eab00000, 0x00000000eb380000, 0x0000000100000000)
  eden space 1024K, 0% used [0x00000000eab00000,0x00000000eab00000,0x00000000eac00000)
  from space 1536K, 98% used [0x00000000eaf00000,0x00000000eb07ab30,0x00000000eb080000)
  to   space 3072K, 0% used [0x00000000eac00000,0x00000000eac00000,0x00000000eaf00000)
 ParOldGen       total 338432K, used 337282K [0x00000000c0000000, 0x00000000d4a80000, 0x00000000eab00000)
  object space 338432K, 99% used [0x00000000c0000000,0x00000000d4960a60,0x00000000d4a80000)
 Metaspace       used 96512K, committed 98176K, reserved 1179648K
  class space    used 9725K, committed 10496K, reserved 1048576K
}
Event: 4505.087 GC heap before
{Heap before GC invocations=2250 (full 18):
 PSYoungGen      total 2560K, used 2405K [0x00000000eab00000, 0x00000000eb380000, 0x0000000100000000)
  eden space 1024K, 86% used [0x00000000eab00000,0x00000000eabdeaa8,0x00000000eac00000)
  from space 1536K, 98% used [0x00000000eaf00000,0x00000000eb07ab30,0x00000000eb080000)
  to   space 3072K, 0% used [0x00000000eac00000,0x00000000eac00000,0x00000000eaf00000)
 ParOldGen       total 338432K, used 337282K [0x00000000c0000000, 0x00000000d4a80000, 0x00000000eab00000)
  object space 338432K, 99% used [0x00000000c0000000,0x00000000d4960a60,0x00000000d4a80000)
 Metaspace       used 96512K, committed 98176K, reserved 1179648K
  class space    used 9725K, committed 10496K, reserved 1048576K
}
Event: 4505.090 GC heap after
{Heap after GC invocations=2250 (full 18):
 PSYoungGen      total 2048K, used 794K [0x00000000eab00000, 0x00000000eaf80000, 0x0000000100000000)
  eden space 1024K, 0% used [0x00000000eab00000,0x00000000eab00000,0x00000000eac00000)
  from space 1024K, 77% used [0x00000000eac00000,0x00000000eacc6aa0,0x00000000ead00000)
  to   space 1536K, 0% used [0x00000000eae00000,0x00000000eae00000,0x00000000eaf80000)
 ParOldGen       total 338944K, used 338795K [0x00000000c0000000, 0x00000000d4b00000, 0x00000000eab00000)
  object space 338944K, 99% used [0x00000000c0000000,0x00000000d4adacf8,0x00000000d4b00000)
 Metaspace       used 96512K, committed 98176K, reserved 1179648K
  class space    used 9725K, committed 10496K, reserved 1048576K
}
Event: 4505.090 GC heap before
{Heap before GC invocations=2251 (full 19):
 PSYoungGen      total 2048K, used 794K [0x00000000eab00000, 0x00000000eaf80000, 0x0000000100000000)
  eden space 1024K, 0% used [0x00000000eab00000,0x00000000eab00000,0x00000000eac00000)
  from space 1024K, 77% used [0x00000000eac00000,0x00000000eacc6aa0,0x00000000ead00000)
  to   space 1536K, 0% used [0x00000000eae00000,0x00000000eae00000,0x00000000eaf80000)
 ParOldGen       total 338944K, used 338795K [0x00000000c0000000, 0x00000000d4b00000, 0x00000000eab00000)
  object space 338944K, 99% used [0x00000000c0000000,0x00000000d4adacf8,0x00000000d4b00000)
 Metaspace       used 96512K, committed 98176K, reserved 1179648K
  class space    used 9725K, committed 10496K, reserved 1048576K
}

Dll operation events (12 events):
Event: 0.022 Loaded shared library c:\Users\User\.vscode\extensions\redhat.java-1.28.1-win32-x64\jre\17.0.10-win32-x86_64\bin\java.dll
Event: 0.352 Loaded shared library c:\Users\User\.vscode\extensions\redhat.java-1.28.1-win32-x64\jre\17.0.10-win32-x86_64\bin\zip.dll
Event: 0.359 Loaded shared library C:\Users\User\.vscode\extensions\redhat.java-1.28.1-win32-x64\jre\17.0.10-win32-x86_64\bin\instrument.dll
Event: 0.385 Loaded shared library C:\Users\User\.vscode\extensions\redhat.java-1.28.1-win32-x64\jre\17.0.10-win32-x86_64\bin\net.dll
Event: 0.482 Loaded shared library C:\Users\User\.vscode\extensions\redhat.java-1.28.1-win32-x64\jre\17.0.10-win32-x86_64\bin\nio.dll
Event: 0.494 Loaded shared library C:\Users\User\.vscode\extensions\redhat.java-1.28.1-win32-x64\jre\17.0.10-win32-x86_64\bin\zip.dll
Event: 0.523 Loaded shared library C:\Users\User\.vscode\extensions\redhat.java-1.28.1-win32-x64\jre\17.0.10-win32-x86_64\bin\jimage.dll
Event: 0.676 Loaded shared library c:\Users\User\.vscode\extensions\redhat.java-1.28.1-win32-x64\jre\17.0.10-win32-x86_64\bin\verify.dll
Event: 4.008 Loaded shared library C:\Users\User\AppData\Roaming\Code\User\globalStorage\redhat.java\1.28.1\config_win\org.eclipse.equinox.launcher\org.eclipse.equinox.launcher.win32.win32.x86_64_1.2.900.v20240129-1338\eclipse_11900.dll
Event: 43.658 Loaded shared library C:\Users\User\AppData\Local\Temp\jna-2645995\jna13459202646179069242.dll
Event: 4454.658 Loaded shared library C:\Users\User\.vscode\extensions\redhat.java-1.28.1-win32-x64\jre\17.0.10-win32-x86_64\bin\extnet.dll
Event: 4455.018 Loaded shared library C:\Users\User\.vscode\extensions\redhat.java-1.28.1-win32-x64\jre\17.0.10-win32-x86_64\bin\sunmscapi.dll

Deoptimization events (20 events):
Event: 4504.758 Thread 0x000002876db25050 Uncommon trap: trap_request=0xffffffde fr.pc=0x000002875c52df44 relative=0x0000000000002324
Event: 4504.758 Thread 0x000002876db25050 Uncommon trap: reason=class_check action=maybe_recompile pc=0x000002875c52df44 method=org.eclipse.jdt.internal.core.search.indexing.AbstractIndexer.addConstructorReference([CI)V @ 9 c2
Event: 4504.758 Thread 0x000002876db25050 DEOPT PACKING pc=0x000002875c52df44 sp=0x000000fe1fcfecb0
Event: 4504.758 Thread 0x000002876db25050 DEOPT UNPACKING pc=0x000002875b4766a3 sp=0x000000fe1fcfecc8 mode 2
Event: 4504.777 Thread 0x000002876db25050 Uncommon trap: trap_request=0xffffffde fr.pc=0x000002875c52df44 relative=0x0000000000002324
Event: 4504.777 Thread 0x000002876db25050 Uncommon trap: reason=class_check action=maybe_recompile pc=0x000002875c52df44 method=org.eclipse.jdt.internal.core.search.indexing.AbstractIndexer.addConstructorReference([CI)V @ 9 c2
Event: 4504.777 Thread 0x000002876db25050 DEOPT PACKING pc=0x000002875c52df44 sp=0x000000fe1fcfecc0
Event: 4504.777 Thread 0x000002876db25050 DEOPT UNPACKING pc=0x000002875b4766a3 sp=0x000000fe1fcfecd8 mode 2
Event: 4504.781 Thread 0x000002876db25050 Uncommon trap: trap_request=0xffffffde fr.pc=0x000002875c52df44 relative=0x0000000000002324
Event: 4504.781 Thread 0x000002876db25050 Uncommon trap: reason=class_check action=maybe_recompile pc=0x000002875c52df44 method=org.eclipse.jdt.internal.core.search.indexing.AbstractIndexer.addConstructorReference([CI)V @ 9 c2
Event: 4504.781 Thread 0x000002876db25050 DEOPT PACKING pc=0x000002875c52df44 sp=0x000000fe1fcfecc0
Event: 4504.781 Thread 0x000002876db25050 DEOPT UNPACKING pc=0x000002875b4766a3 sp=0x000000fe1fcfecd8 mode 2
Event: 4504.781 Thread 0x000002876db25050 Uncommon trap: trap_request=0xffffff45 fr.pc=0x000002875baa5fec relative=0x000000000000170c
Event: 4504.781 Thread 0x000002876db25050 Uncommon trap: reason=unstable_if action=reinterpret pc=0x000002875baa5fec method=org.eclipse.jdt.internal.core.search.matching.ConstructorPattern.createDeclarationIndexKey([CI[C[[C[[CI[CII)[C @ 51 c2
Event: 4504.781 Thread 0x000002876db25050 DEOPT PACKING pc=0x000002875baa5fec sp=0x000000fe1fcfebe0
Event: 4504.781 Thread 0x000002876db25050 DEOPT UNPACKING pc=0x000002875b4766a3 sp=0x000000fe1fcfeb88 mode 2
Event: 4504.835 Thread 0x000002876db25050 Uncommon trap: trap_request=0xffffff45 fr.pc=0x000002875ba157dc relative=0x00000000000000dc
Event: 4504.835 Thread 0x000002876db25050 Uncommon trap: reason=unstable_if action=reinterpret pc=0x000002875ba157dc method=org.eclipse.jdt.internal.core.search.matching.MethodDeclarationPattern.getTypeErasure([C)[C @ 9 c2
Event: 4504.835 Thread 0x000002876db25050 DEOPT PACKING pc=0x000002875ba157dc sp=0x000000fe1fcfebf0
Event: 4504.835 Thread 0x000002876db25050 DEOPT UNPACKING pc=0x000002875b4766a3 sp=0x000000fe1fcfeb58 mode 2

Classes unloaded (20 events):
Event: 4486.816 Thread 0x00000287657cb870 Unloading class 0x0000000100812ba0 'org/apache/maven/shared/filtering/MavenFileFilterRequest'
Event: 4486.816 Thread 0x00000287657cb870 Unloading class 0x00000001008129a8 'org/codehaus/plexus/interpolation/Interpolator'
Event: 4486.816 Thread 0x00000287657cb870 Unloading class 0x00000001008127b0 'org/codehaus/plexus/interpolation/BasicInterpolator'
Event: 4486.816 Thread 0x00000287657cb870 Unloading class 0x00000001008125b8 'org/codehaus/plexus/interpolation/InterpolationPostProcessor'
Event: 4486.816 Thread 0x00000287657cb870 Unloading class 0x00000001008123c0 'org/codehaus/plexus/interpolation/ValueSource'
Event: 4486.816 Thread 0x00000287657cb870 Unloading class 0x0000000100812000 'org/apache/maven/shared/filtering/MavenResourcesExecution'
Event: 4486.816 Thread 0x00000287657cb870 Unloading class 0x0000000100811cb8 'org/apache/maven/shared/filtering/AbstractMavenFilteringRequest'
Event: 4486.816 Thread 0x00000287657cb870 Unloading class 0x0000000100811a60 'org/apache/maven/shared/filtering/MavenFilteringException'
Event: 4486.816 Thread 0x00000287657cb870 Unloading class 0x0000000100811818 'org/apache/maven/shared/filtering/DefaultMavenResourcesFiltering'
Event: 4486.816 Thread 0x00000287657cb870 Unloading class 0x0000000100811620 'org/apache/maven/shared/filtering/MavenResourcesFiltering'
Event: 4486.816 Thread 0x00000287657cb870 Unloading class 0x0000000100811398 'org/apache/maven/shared/filtering/DefaultMavenReaderFilter'
Event: 4486.816 Thread 0x00000287657cb870 Unloading class 0x00000001008111a0 'org/apache/maven/shared/filtering/MavenReaderFilter'
Event: 4486.816 Thread 0x00000287657cb870 Unloading class 0x0000000100810f08 'org/apache/maven/shared/filtering/DefaultMavenFileFilter'
Event: 4486.816 Thread 0x00000287657cb870 Unloading class 0x0000000100810cc0 'org/apache/maven/shared/filtering/BaseFilter'
Event: 4486.816 Thread 0x00000287657cb870 Unloading class 0x0000000100810ac8 'org/apache/maven/shared/filtering/MavenFileFilter'
Event: 4486.816 Thread 0x00000287657cb870 Unloading class 0x00000001008108d0 'org/apache/maven/shared/filtering/DefaultFilterInfo'
Event: 4486.816 Thread 0x00000287657cb870 Unloading class 0x00000001008105a8 'org/apache/maven/plugins/resources/TestResourcesMojo'
Event: 4486.816 Thread 0x00000287657cb870 Unloading class 0x0000000100810328 'org/apache/maven/plugins/resources/HelpMojo'
Event: 4486.816 Thread 0x00000287657cb870 Unloading class 0x0000000100810000 'org/apache/maven/plugins/resources/CopyResourcesMojo'
Event: 4486.816 Thread 0x00000287657cb870 Unloading class 0x000000010080dc00 'org/apache/maven/plugins/resources/ResourcesMojo'

Classes redefined (0 events):
No events

Internal exceptions (20 events):
Event: 4503.527 Thread 0x000002876db25050 Exception <a 'sun/nio/fs/WindowsException'{0x00000000eaef4af8}> (0x00000000eaef4af8) 
thrown [s\src\hotspot\share\prims\jni.cpp, line 516]
Event: 4503.551 Thread 0x000002876db25050 Exception <a 'sun/nio/fs/WindowsException'{0x00000000eab13af8}> (0x00000000eab13af8) 
thrown [s\src\hotspot\share\prims\jni.cpp, line 516]
Event: 4503.578 Thread 0x000002876db25050 Exception <a 'sun/nio/fs/WindowsException'{0x00000000eab2d318}> (0x00000000eab2d318) 
thrown [s\src\hotspot\share\prims\jni.cpp, line 516]
Event: 4503.637 Thread 0x000002876db25050 Exception <a 'sun/nio/fs/WindowsException'{0x00000000ead8f5c0}> (0x00000000ead8f5c0) 
thrown [s\src\hotspot\share\prims\jni.cpp, line 516]
Event: 4503.753 Thread 0x000002876db25050 Exception <a 'sun/nio/fs/WindowsException'{0x00000000eab1fc60}> (0x00000000eab1fc60) 
thrown [s\src\hotspot\share\prims\jni.cpp, line 516]
Event: 4503.812 Thread 0x000002876db25050 Exception <a 'sun/nio/fs/WindowsException'{0x00000000ead28008}> (0x00000000ead28008) 
thrown [s\src\hotspot\share\prims\jni.cpp, line 516]
Event: 4503.835 Thread 0x000002876db25050 Exception <a 'sun/nio/fs/WindowsException'{0x00000000ead9af58}> (0x00000000ead9af58) 
thrown [s\src\hotspot\share\prims\jni.cpp, line 516]
Event: 4503.869 Thread 0x000002876db25050 Exception <a 'sun/nio/fs/WindowsException'{0x00000000eab2d6c0}> (0x00000000eab2d6c0) 
thrown [s\src\hotspot\share\prims\jni.cpp, line 516]
Event: 4503.921 Thread 0x000002876db25050 Exception <a 'sun/nio/fs/WindowsException'{0x00000000eacf53c8}> (0x00000000eacf53c8) 
thrown [s\src\hotspot\share\prims\jni.cpp, line 516]
Event: 4503.972 Thread 0x000002876db25050 Exception <a 'sun/nio/fs/WindowsException'{0x00000000eabe4cd0}> (0x00000000eabe4cd0) 
thrown [s\src\hotspot\share\prims\jni.cpp, line 516]
Event: 4504.022 Thread 0x000002876db25050 Exception <a 'sun/nio/fs/WindowsException'{0x00000000eab4b1b8}> (0x00000000eab4b1b8) 
thrown [s\src\hotspot\share\prims\jni.cpp, line 516]
Event: 4504.045 Thread 0x000002876db25050 Exception <a 'sun/nio/fs/WindowsException'{0x00000000eab6a9f8}> (0x00000000eab6a9f8) 
thrown [s\src\hotspot\share\prims\jni.cpp, line 516]
Event: 4504.072 Thread 0x000002876db25050 Exception <a 'sun/nio/fs/WindowsException'{0x00000000eac0e040}> (0x00000000eac0e040) 
thrown [s\src\hotspot\share\prims\jni.cpp, line 516]
Event: 4504.108 Thread 0x000002876db25050 Exception <a 'sun/nio/fs/WindowsException'{0x00000000eae29b10}> (0x00000000eae29b10) 
thrown [s\src\hotspot\share\prims\jni.cpp, line 516]
Event: 4504.549 Thread 0x000002876db25050 Exception <a 'sun/nio/fs/WindowsException'{0x00000000eab39f48}> (0x00000000eab39f48) 
thrown [s\src\hotspot\share\prims\jni.cpp, line 516]
Event: 4504.631 Thread 0x000002876db25050 Exception <a 'sun/nio/fs/WindowsException'{0x00000000ead6b850}> (0x00000000ead6b850) 
thrown [s\src\hotspot\share\prims\jni.cpp, line 516]
Event: 4504.754 Thread 0x000002876db25050 Implicit null exception at 0x000002875ccc0289 to 0x000002875ccc6a94
Event: 4504.754 Thread 0x000002876db25050 Implicit null exception at 0x000002875c4e3993 to 0x000002875c4e6c24
Event: 4504.754 Thread 0x000002876db25050 Implicit null exception at 0x000002875caecb22 to 0x000002875caed578
Event: 4504.758 Thread 0x000002876db25050 Implicit null exception at 0x000002875bfbbe18 to 0x000002875bfbc6c4

VM Operations (20 events):
Event: 4504.213 Executing VM operation: ParallelGCFailedAllocation done
Event: 4504.225 Executing VM operation: ParallelGCFailedAllocation
Event: 4504.227 Executing VM operation: ParallelGCFailedAllocation done
Event: 4504.239 Executing VM operation: ParallelGCFailedAllocation
Event: 4504.242 Executing VM operation: ParallelGCFailedAllocation done
Event: 4504.268 Executing VM operation: ParallelGCFailedAllocation
Event: 4504.271 Executing VM operation: ParallelGCFailedAllocation done
Event: 4504.568 Executing VM operation: ParallelGCFailedAllocation
Event: 4504.570 Executing VM operation: ParallelGCFailedAllocation done
Event: 4504.579 Executing VM operation: ParallelGCFailedAllocation
Event: 4504.581 Executing VM operation: ParallelGCFailedAllocation done
Event: 4504.751 Executing VM operation: ParallelGCFailedAllocation
Event: 4504.753 Executing VM operation: ParallelGCFailedAllocation done
Event: 4504.940 Executing VM operation: ParallelGCFailedAllocation
Event: 4504.943 Executing VM operation: ParallelGCFailedAllocation done
Event: 4505.000 Executing VM operation: ParallelGCFailedAllocation
Event: 4505.002 Executing VM operation: ParallelGCFailedAllocation done
Event: 4505.058 Executing VM operation: ParallelGCFailedAllocation
Event: 4505.063 Executing VM operation: ParallelGCFailedAllocation done
Event: 4505.087 Executing VM operation: ParallelGCFailedAllocation

Events (20 events):
Event: 4498.110 Thread 0x000002876a9c44c0 flushing nmethod 0x00000287557a1790
Event: 4498.123 Thread 0x000002876a9c44c0 flushing nmethod 0x00000287567f7310
Event: 4498.123 Thread 0x000002876a9c44c0 flushing nmethod 0x00000287567f7690
Event: 4498.123 Thread 0x000002876a9c44c0 flushing nmethod 0x00000287567f8510
Event: 4498.257 Thread 0x000002876db27de0 Thread added: 0x000002876db27de0
Event: 4498.257 Thread 0x000002876c944ed0 Thread added: 0x000002876c944ed0
Event: 4498.257 Thread 0x000002876c948680 Thread added: 0x000002876c948680
Event: 4498.257 Thread 0x000002876c947750 Thread added: 0x000002876c947750
Event: 4498.391 Thread 0x000002876c945e00 Thread added: 0x000002876c945e00
Event: 4498.501 Thread 0x000002876db27de0 Thread exited: 0x000002876db27de0
Event: 4498.501 Thread 0x000002876c947750 Thread exited: 0x000002876c947750
Event: 4498.501 Thread 0x000002876c948680 Thread exited: 0x000002876c948680
Event: 4498.502 Thread 0x000002876c945e00 Thread exited: 0x000002876c945e00
Event: 4498.502 Thread 0x000002876c944ed0 Thread exited: 0x000002876c944ed0
Event: 4498.777 Thread 0x000002876d52a690 Thread added: 0x000002876d52a690
Event: 4499.950 Thread 0x000002876d52a690 Thread exited: 0x000002876d52a690
Event: 4502.462 Thread 0x000002876db27de0 Thread added: 0x000002876db27de0
Event: 4502.463 Thread 0x000002876f681070 Thread added: 0x000002876f681070
Event: 4502.465 Thread 0x000002876f681070 Thread exited: 0x000002876f681070
Event: 4502.465 Thread 0x000002876db27de0 Thread exited: 0x000002876db27de0


Dynamic libraries:
0x00007ff6c2ae0000 - 0x00007ff6c2aee000 	c:\Users\User\.vscode\extensions\redhat.java-1.28.1-win32-x64\jre\17.0.10-win32-x86_64\bin\java.exe
0x00007ff90d130000 - 0x00007ff90d328000 	C:\WINDOWS\SYSTEM32\ntdll.dll
0x00007ff90aed0000 - 0x00007ff90af8d000 	C:\WINDOWS\System32\KERNEL32.DLL
0x00007ff90a660000 - 0x00007ff90a956000 	C:\WINDOWS\System32\KERNELBASE.dll
0x00007ff90a420000 - 0x00007ff90a520000 	C:\WINDOWS\System32\ucrtbase.dll
0x00007ff8fa420000 - 0x00007ff8fa437000 	c:\Users\User\.vscode\extensions\redhat.java-1.28.1-win32-x64\jre\17.0.10-win32-x86_64\bin\jli.dll
0x00007ff8f60b0000 - 0x00007ff8f60cb000 	c:\Users\User\.vscode\extensions\redhat.java-1.28.1-win32-x64\jre\17.0.10-win32-x86_64\bin\VCRUNTIME140.dll
0x00007ff90cad0000 - 0x00007ff90cc6e000 	C:\WINDOWS\System32\USER32.dll
0x00007ff90ac50000 - 0x00007ff90ac72000 	C:\WINDOWS\System32\win32u.dll
0x00007ff90b610000 - 0x00007ff90b63b000 	C:\WINDOWS\System32\GDI32.dll
0x00007ff90ad30000 - 0x00007ff90ae47000 	C:\WINDOWS\System32\gdi32full.dll
0x00007ff90a5c0000 - 0x00007ff90a65d000 	C:\WINDOWS\System32\msvcp_win.dll
0x00007ff8fc820000 - 0x00007ff8fcaba000 	C:\WINDOWS\WinSxS\amd64_microsoft.windows.common-controls_6595b64144ccf1df_6.0.19041.3636_none_60b6a03d71f818d5\COMCTL32.dll
0x00007ff90b660000 - 0x00007ff90b6fe000 	C:\WINDOWS\System32\msvcrt.dll
0x00007ff90b5d0000 - 0x00007ff90b602000 	C:\WINDOWS\System32\IMM32.DLL
0x00007ff8f6230000 - 0x00007ff8f623c000 	c:\Users\User\.vscode\extensions\redhat.java-1.28.1-win32-x64\jre\17.0.10-win32-x86_64\bin\vcruntime140_1.dll
0x00007ff8f2e10000 - 0x00007ff8f2e9d000 	c:\Users\User\.vscode\extensions\redhat.java-1.28.1-win32-x64\jre\17.0.10-win32-x86_64\bin\msvcp140.dll
0x00007ff8c21c0000 - 0x00007ff8c2e22000 	c:\Users\User\.vscode\extensions\redhat.java-1.28.1-win32-x64\jre\17.0.10-win32-x86_64\bin\server\jvm.dll
0x00007ff90bca0000 - 0x00007ff90bd53000 	C:\WINDOWS\System32\ADVAPI32.dll
0x00007ff90be60000 - 0x00007ff90beff000 	C:\WINDOWS\System32\sechost.dll
0x00007ff90bac0000 - 0x00007ff90bbe6000 	C:\WINDOWS\System32\RPCRT4.dll
0x00007ff90a520000 - 0x00007ff90a547000 	C:\WINDOWS\System32\bcrypt.dll
0x00007ff90bd80000 - 0x00007ff90bd89000 	C:\WINDOWS\System32\WSOCK32.dll
0x00007ff90ca60000 - 0x00007ff90cacb000 	C:\WINDOWS\System32\WS2_32.dll
0x00007ff90b250000 - 0x00007ff90b25a000 	C:\WINDOWS\System32\VERSION.dll
0x00007ff90a0c0000 - 0x00007ff90a10b000 	C:\WINDOWS\SYSTEM32\POWRPROF.dll
0x00007ff8fc1b0000 - 0x00007ff8fc1d7000 	C:\WINDOWS\SYSTEM32\WINMM.dll
0x00007ff90a050000 - 0x00007ff90a062000 	C:\WINDOWS\SYSTEM32\UMPDC.dll
0x00007ff907fb0000 - 0x00007ff907fc2000 	C:\WINDOWS\SYSTEM32\kernel.appcore.dll
0x00007ff8f6090000 - 0x00007ff8f609a000 	c:\Users\User\.vscode\extensions\redhat.java-1.28.1-win32-x64\jre\17.0.10-win32-x86_64\bin\jimage.dll
0x00007ff8ea760000 - 0x00007ff8ea944000 	C:\WINDOWS\SYSTEM32\DBGHELP.DLL
0x00007ff8ea230000 - 0x00007ff8ea264000 	C:\WINDOWS\SYSTEM32\dbgcore.DLL
0x00007ff90a340000 - 0x00007ff90a3c2000 	C:\WINDOWS\System32\bcryptPrimitives.dll
0x00007ff8f6080000 - 0x00007ff8f608e000 	c:\Users\User\.vscode\extensions\redhat.java-1.28.1-win32-x64\jre\17.0.10-win32-x86_64\bin\instrument.dll
0x00007ff8f4990000 - 0x00007ff8f49b5000 	c:\Users\User\.vscode\extensions\redhat.java-1.28.1-win32-x64\jre\17.0.10-win32-x86_64\bin\java.dll
0x00007ff8f4be0000 - 0x00007ff8f4bf8000 	c:\Users\User\.vscode\extensions\redhat.java-1.28.1-win32-x64\jre\17.0.10-win32-x86_64\bin\zip.dll
0x00007ff90bf10000 - 0x00007ff90c655000 	C:\WINDOWS\System32\SHELL32.dll
0x00007ff9082c0000 - 0x00007ff908a5c000 	C:\WINDOWS\SYSTEM32\windows.storage.dll
0x00007ff90b700000 - 0x00007ff90ba54000 	C:\WINDOWS\System32\combase.dll
0x00007ff909b40000 - 0x00007ff909b6e000 	C:\WINDOWS\SYSTEM32\Wldp.dll
0x00007ff90bd90000 - 0x00007ff90be5d000 	C:\WINDOWS\System32\OLEAUT32.dll
0x00007ff90bbf0000 - 0x00007ff90bc9d000 	C:\WINDOWS\System32\SHCORE.dll
0x00007ff90ca00000 - 0x00007ff90ca55000 	C:\WINDOWS\System32\shlwapi.dll
0x00007ff90a110000 - 0x00007ff90a135000 	C:\WINDOWS\SYSTEM32\profapi.dll
0x00007ff8f2df0000 - 0x00007ff8f2e09000 	C:\Users\User\.vscode\extensions\redhat.java-1.28.1-win32-x64\jre\17.0.10-win32-x86_64\bin\net.dll
0x00007ff904060000 - 0x00007ff90416a000 	C:\WINDOWS\SYSTEM32\WINHTTP.dll
0x00007ff8ee060000 - 0x00007ff8ee204000 	C:\WINDOWS\system32\mwtsp.dll
0x00007ff90b310000 - 0x00007ff90b43b000 	C:\WINDOWS\System32\ole32.dll
0x00007ff90a070000 - 0x00007ff90a0a2000 	C:\WINDOWS\SYSTEM32\SspiCli.dll
0x00007ff9098a0000 - 0x00007ff90990a000 	C:\WINDOWS\system32\mswsock.dll
0x00007ff8f2dd0000 - 0x00007ff8f2de6000 	C:\Users\User\.vscode\extensions\redhat.java-1.28.1-win32-x64\jre\17.0.10-win32-x86_64\bin\nio.dll
0x00007ff907150000 - 0x00007ff907160000 	c:\Users\User\.vscode\extensions\redhat.java-1.28.1-win32-x64\jre\17.0.10-win32-x86_64\bin\verify.dll
0x00007ff8f11a0000 - 0x00007ff8f11de000 	C:\Users\User\AppData\Roaming\Code\User\globalStorage\redhat.java\1.28.1\config_win\org.eclipse.equinox.launcher\org.eclipse.equinox.launcher.win32.win32.x86_64_1.2.900.v20240129-1338\eclipse_11900.dll
0x00007ff909a90000 - 0x00007ff909aa8000 	C:\WINDOWS\SYSTEM32\CRYPTSP.dll
0x00007ff9091e0000 - 0x00007ff909214000 	C:\WINDOWS\system32\rsaenh.dll
0x00007ff90a020000 - 0x00007ff90a04e000 	C:\WINDOWS\SYSTEM32\USERENV.dll
0x00007ff909ab0000 - 0x00007ff909abc000 	C:\WINDOWS\SYSTEM32\CRYPTBASE.dll
0x00007ff9095a0000 - 0x00007ff9095db000 	C:\WINDOWS\SYSTEM32\IPHLPAPI.DLL
0x00007ff90aec0000 - 0x00007ff90aec8000 	C:\WINDOWS\System32\NSI.dll
0x00007ff9042a0000 - 0x00007ff9042b7000 	C:\WINDOWS\SYSTEM32\dhcpcsvc6.DLL
0x00007ff904830000 - 0x00007ff90484d000 	C:\WINDOWS\SYSTEM32\dhcpcsvc.DLL
0x00007ff9095e0000 - 0x00007ff9096ab000 	C:\WINDOWS\SYSTEM32\DNSAPI.dll
0x00007ff8e6030000 - 0x00007ff8e6075000 	C:\Users\User\AppData\Local\Temp\jna-2645995\jna13459202646179069242.dll
0x00007ff90bf00000 - 0x00007ff90bf08000 	C:\WINDOWS\System32\PSAPI.DLL
0x00007ff909320000 - 0x00007ff909353000 	C:\WINDOWS\SYSTEM32\ntmarta.dll
0x00007ff9035c0000 - 0x00007ff9035ca000 	C:\Windows\System32\rasadhlp.dll
0x00007ff9036d0000 - 0x00007ff903750000 	C:\WINDOWS\System32\fwpuclnt.dll
0x00007ff9071d0000 - 0x00007ff9071d9000 	C:\Users\User\.vscode\extensions\redhat.java-1.28.1-win32-x64\jre\17.0.10-win32-x86_64\bin\extnet.dll
0x00007ff907220000 - 0x00007ff90722e000 	C:\Users\User\.vscode\extensions\redhat.java-1.28.1-win32-x64\jre\17.0.10-win32-x86_64\bin\sunmscapi.dll
0x00007ff90a1e0000 - 0x00007ff90a33d000 	C:\WINDOWS\System32\CRYPT32.dll
0x00007ff909bb0000 - 0x00007ff909bd8000 	C:\WINDOWS\SYSTEM32\ncrypt.dll
0x00007ff909b70000 - 0x00007ff909bab000 	C:\WINDOWS\SYSTEM32\NTASN1.dll

dbghelp: loaded successfully - version: 4.0.5 - missing functions: none
symbol engine: initialized successfully - sym options: 0x614 - pdb path: .;c:\Users\User\.vscode\extensions\redhat.java-1.28.1-win32-x64\jre\17.0.10-win32-x86_64\bin;C:\WINDOWS\SYSTEM32;C:\WINDOWS\WinSxS\amd64_microsoft.windows.common-controls_6595b64144ccf1df_6.0.19041.3636_none_60b6a03d71f818d5;c:\Users\User\.vscode\extensions\redhat.java-1.28.1-win32-x64\jre\17.0.10-win32-x86_64\bin\server;C:\Users\User\AppData\Roaming\Code\User\globalStorage\redhat.java\1.28.1\config_win\org.eclipse.equinox.launcher\org.eclipse.equinox.launcher.win32.win32.x86_64_1.2.900.v20240129-1338;C:\Users\User\AppData\Local\Temp\jna-2645995

VM Arguments:
jvm_args: --add-modules=ALL-SYSTEM --add-opens=java.base/java.util=ALL-UNNAMED --add-opens=java.base/java.lang=ALL-UNNAMED --add-opens=java.base/sun.nio.fs=ALL-UNNAMED -Declipse.application=org.eclipse.jdt.ls.core.id1 -Dosgi.bundles.defaultStartLevel=4 -Declipse.product=org.eclipse.jdt.ls.core.product -Djava.import.generatesMetadataFilesAtProjectRoot=false -DDetectVMInstallationsJob.disabled=true -Dfile.encoding=utf8 -XX:+UseParallelGC -XX:GCTimeRatio=4 -XX:AdaptiveSizePolicyWeight=90 -Dsun.zip.disableMemoryMapping=true -Xmx1G -Xms100m -Xlog:disable -javaagent:c:\Users\User\.vscode\extensions\redhat.java-1.28.1-win32-x64\lombok\lombok-1.18.31.jar -XX:+HeapDumpOnOutOfMemoryError -XX:HeapDumpPath=c:\Users\User\AppData\Roaming\Code\User\workspaceStorage\fa6277eb2518f508ced274ced3ce914a\redhat.java -Daether.dependencyCollector.impl=bf 
java_command: c:\Users\User\.vscode\extensions\redhat.java-1.28.1-win32-x64\server\plugins\org.eclipse.equinox.launcher_1.6.700.v20231214-2017.jar -configuration c:\Users\User\AppData\Roaming\Code\User\globalStorage\redhat.java\1.28.1\config_win -data c:\Users\User\AppData\Roaming\Code\User\workspaceStorage\fa6277eb2518f508ced274ced3ce914a\redhat.java\jdt_ws --stdio
java_class_path (initial): c:\Users\User\.vscode\extensions\redhat.java-1.28.1-win32-x64\server\plugins\org.eclipse.equinox.launcher_1.6.700.v20231214-2017.jar
Launcher Type: SUN_STANDARD

[Global flags]
    uintx AdaptiveSizePolicyWeight                 = 90                                        {product} {command line}
     intx CICompilerCount                          = 3                                         {product} {ergonomic}
    uintx GCTimeRatio                              = 4                                         {product} {command line}
     bool HeapDumpOnOutOfMemoryError               = true                                   {manageable} {command line}
    ccstr HeapDumpPath                             = c:\Users\User\AppData\Roaming\Code\User\workspaceStorage\fa6277eb2518f508ced274ced3ce914a\redhat.java         {manageable} {command line}
   size_t InitialHeapSize                          = 104857600                                 {product} {command line}
   size_t MaxHeapSize                              = 1073741824                                {product} {command line}
   size_t MaxNewSize                               = 357564416                                 {product} {ergonomic}
   size_t MinHeapDeltaBytes                        = 524288                                    {product} {ergonomic}
   size_t MinHeapSize                              = 104857600                                 {product} {command line}
   size_t NewSize                                  = 34603008                                  {product} {ergonomic}
    uintx NonNMethodCodeHeapSize                   = 5832780                                {pd product} {ergonomic}
    uintx NonProfiledCodeHeapSize                  = 122912730                              {pd product} {ergonomic}
   size_t OldSize                                  = 70254592                                  {product} {ergonomic}
    uintx ProfiledCodeHeapSize                     = 122912730                              {pd product} {ergonomic}
    uintx ReservedCodeCacheSize                    = 251658240                              {pd product} {ergonomic}
     bool SegmentedCodeCache                       = true                                      {product} {ergonomic}
   size_t SoftMaxHeapSize                          = 1073741824                             {manageable} {ergonomic}
     bool UseCompressedClassPointers               = true                           {product lp64_product} {ergonomic}
     bool UseCompressedOops                        = true                           {product lp64_product} {ergonomic}
     bool UseLargePagesIndividualAllocation        = false                                  {pd product} {ergonomic}
     bool UseParallelGC                            = true                                      {product} {command line}

Logging:
Log output configuration:
 #0: stdout all=off uptime,level,tags
 #1: stderr all=off uptime,level,tags

Environment Variables:
JAVA_HOME=C:\Program Files\Java\jdk-15.0.2
CLASSPATH=C:\mysql-connector-java-8.0.29.jar;.;
PATH=C:\WINDOWS\system32;C:\WINDOWS;C:\WINDOWS\system32\Wbem;C:\Program Files\Common Files\Oracle\Java\javapath;C:\Program Files\Java\jdk-15.0.2\bin;C:\Program Files\Git\cmd;C:\ProgramData\Microsoft VS Code\bin;C:\Users\User\AppData\Local\Microsoft\WindowsApps;%IntelliJ IDEA Community Edition%;
USERNAME=User
OS=Windows_NT
PROCESSOR_IDENTIFIER=Intel64 Family 6 Model 58 Stepping 9, GenuineIntel
TMP=C:\Users\User\AppData\Local\Temp
TEMP=C:\Users\User\AppData\Local\Temp



Periodic native trim disabled


---------------  S Y S T E M  ---------------

OS:
 Windows 10 , 64 bit Build 19041 (10.0.19041.3636)
OS uptime: 0 days 1:28 hours

CPU: total 4 (initial active 4) (2 cores per cpu, 2 threads per core) family 6 model 58 stepping 9 microcode 0x21, cx8, cmov, fxsr, ht, mmx, sse, sse2, sse3, ssse3, sse4.1, sse4.2, popcnt, tsc, tscinvbit, avx, erms, clmul, vzeroupper, clflush
Processor Information for all 4 processors :
  Max Mhz: 3300, Current Mhz: 3300, Mhz Limit: 3300

Memory: 4k page, system-wide physical 8082M (2394M free)
TotalPageFile size 10770M (AvailPageFile size 2718M)
current process WorkingSet (physical memory assigned to process): 613M, peak: 617M
current process commit charge ("private bytes"): 650M, peak: 667M

vm_info: OpenJDK 64-Bit Server VM (17.0.10+7) for windows-amd64 JRE (17.0.10+7), built on Jan 16 2024 23:25:11 by "admin" with MS VC++ 16.10 / 16.11 (VS2019)

END.
