#
# A fatal error has been detected by the Java Runtime Environment:
#
#  EXCEPTION_ACCESS_VIOLATION (0xc0000005) at pc=0x00007ffd4dd5c050, pid=14112, tid=5464
#
# JRE version: OpenJDK Runtime Environment Temurin-17.0.9+9 (17.0.9+9) (build 17.0.9+9)
# Java VM: OpenJDK 64-Bit Server VM Temurin-17.0.9+9 (17.0.9+9, mixed mode, tiered, compressed oops, compressed class ptrs, parallel gc, windows-amd64)
# Problematic frame:
# V  [jvm.dll+0x36c050]
#
# No core dump will be written. Minidumps are not enabled by default on client versions of Windows
#
# If you would like to submit a bug report, please visit:
#   https://github.com/adoptium/adoptium-support/issues
#

---------------  S U M M A R Y ------------

Command Line: --add-modules=ALL-SYSTEM --add-opens=java.base/java.util=ALL-UNNAMED --add-opens=java.base/java.lang=ALL-UNNAMED --add-opens=java.base/sun.nio.fs=ALL-UNNAMED -Declipse.application=org.eclipse.jdt.ls.core.id1 -Dosgi.bundles.defaultStartLevel=4 -Declipse.product=org.eclipse.jdt.ls.core.product -Djava.import.generatesMetadataFilesAtProjectRoot=false -DDetectVMInstallationsJob.disabled=true -Dfile.encoding=utf8 -XX:+UseParallelGC -XX:GCTimeRatio=4 -XX:AdaptiveSizePolicyWeight=90 -Dsun.zip.disableMemoryMapping=true -Xmx1G -Xms100m -Xlog:disable -javaagent:c:\Users\User\.vscode\extensions\redhat.java-1.25.1-win32-x64\lombok\lombok-1.18.30.jar c:\Users\User\.vscode\extensions\redhat.java-1.25.1-win32-x64\server\plugins\org.eclipse.equinox.launcher_1.6.600.v20231106-1826.jar -configuration c:\Users\User\AppData\Roaming\Code\User\globalStorage\redhat.java\1.25.1\config_ss_win -data c:\Users\User\AppData\Roaming\Code\User\workspaceStorage\fa6277eb2518f508ced274ced3ce914a\redhat.java\ss_ws --stdio

Host: Intel(R) Core(TM) i3-3220 CPU @ 3.30GHz, 4 cores, 7G,  Windows 10 , 64 bit Build 19041 (10.0.19041.3031)
Time: Wed Jan  3 21:05:45 2024 India Standard Time elapsed time: 37.534653 seconds (0d 0h 0m 37s)

---------------  T H R E A D  ---------------

Current thread (0x0000019820c00930):  JavaThread "C2 CompilerThread1" daemon [_thread_in_native, id=5464, stack(0x0000006f28300000,0x0000006f28400000)]


Current CompileTask:
C2:  37534 4614       4       org.lombokweb.asm.ClassReader::readMethod (1066 bytes)

Stack: [0x0000006f28300000,0x0000006f28400000],  sp=0x0000006f283fb870,  free space=1006k
Native frames: (J=compiled Java code, j=interpreted, Vv=VM code, C=native code)
V  [jvm.dll+0x36c050]
V  [jvm.dll+0x3652a8]
V  [jvm.dll+0x1bd768]
V  [jvm.dll+0x21a709]
V  [jvm.dll+0x2199d1]
V  [jvm.dll+0x1a57cd]
V  [jvm.dll+0x2297ae]
V  [jvm.dll+0x22797c]
V  [jvm.dll+0x7e9877]
V  [jvm.dll+0x7e3c3a]
V  [jvm.dll+0x67be35]
C  [ucrtbase.dll+0x21bb2]
C  [KERNEL32.DLL+0x17614]
C  [ntdll.dll+0x526f1]


siginfo: EXCEPTION_ACCESS_VIOLATION (0xc0000005), reading address 0x00007ff54e573d48


Registers:
RAX=0x0000000000000000, RBX=0x0000006f283fb8c0, RCX=0x0000000000000000, RDX=0x00007ff54e573d48
RSP=0x0000006f283fb870, RBP=0x0000006f283fb9e0, RSI=0x00007ffd4e573d48, RDI=0x0000000000000009
R8 =0x0000000000000000, R9 =0x0000000000000004, R10=0x0000000000000003, R11=0x000001982ad9df60
R12=0x0000000000000040, R13=0x0000000000000000, R14=0x0000000000000b57, R15=0x0000000000000b57
RIP=0x00007ffd4dd5c050, EFLAGS=0x0000000000010246


Register to memory mapping:

RIP=0x00007ffd4dd5c050 jvm.dll
RAX=0x0 is NULL
RBX=0x0000006f283fb8c0 is pointing into the stack for thread: 0x0000019820c00930
RCX=0x0 is NULL
RDX=0x00007ff54e573d48 is an unknown value
RSP=0x0000006f283fb870 is pointing into the stack for thread: 0x0000019820c00930
RBP=0x0000006f283fb9e0 is pointing into the stack for thread: 0x0000019820c00930
RSI=0x00007ffd4e573d48 jvm.dll
RDI=0x0000000000000009 is an unknown value
R8 =0x0 is NULL
R9 =0x0000000000000004 is an unknown value
R10=0x0000000000000003 is an unknown value
R11=0x000001982ad9df60 points into unknown readable memory: 0x0000000000000800 | 00 08 00 00 00 00 00 00
R12=0x0000000000000040 is an unknown value
R13=0x0 is NULL
R14=0x0000000000000b57 is an unknown value
R15=0x0000000000000b57 is an unknown value


Top of Stack: (sp=0x0000006f283fb870)
0x0000006f283fb870:   0000000000005079 00007ffd4dd5c1a4
0x0000006f283fb880:   00000198202932e0 000001982b7c5200
0x0000006f283fb890:   0000000000000001 00007ffd4dd552a8
0x0000006f283fb8a0:   0000000000000001 0000000000000001
0x0000006f283fb8b0:   0000019821294830 0000000000005079
0x0000006f283fb8c0:   0000000000000000 000000010000000b
0x0000006f283fb8d0:   0000003c00000001 00007ff54e573d48
0x0000006f283fb8e0:   000001982b40fcb8 0000019820fe66b0
0x0000006f283fb8f0:   00000000000003d8 000001981fdbab20
0x0000006f283fb900:   000001981fdbab10 000001981fdbaef8
0x0000006f283fb910:   0000006f283fba20 00007ffd4dbad768
0x0000006f283fb920:   0000006f283fbd70 0000006f283fbe50
0x0000006f283fb930:   0000000000000000 000001981fdbab10
0x0000006f283fb940:   0000000000000000 00007ffda7edfde6
0x0000006f283fb950:   0000000000000006 000001981fdbab10
0x0000006f283fb960:   000001982c312890 000001982c316860
0x0000006f283fb970:   000001982c31a878 0000000001a072b8
0x0000006f283fb980:   0000000000000000 0000000000000000
0x0000006f283fb990:   0000000000000000 0000000000000000
0x0000006f283fb9a0:   0000000000000000 00007ffd4e320ce8
0x0000006f283fb9b0:   0000000000000000 0000006f283fe6c0
0x0000006f283fb9c0:   0000000000000000 00007ffd4e320ce8
0x0000006f283fb9d0:   0000000000000000 0000000000000144
0x0000006f283fb9e0:   000001980000000c 0000006f283fe6c0
0x0000006f283fb9f0:   0000019820f75050 0000000000000001
0x0000006f283fba00:   000001982c5b2050 000000000000507b
0x0000006f283fba10:   0000006f283fb950 000001981fdbab20
0x0000006f283fba20:   00007ffd4e320cb8 000000000000000d
0x0000006f283fba30:   0000006f283fe6c0 0000006f283fbd70
0x0000006f283fba40:   00000000000030b8 00000198202932e0
0x0000006f283fba50:   00007ffd0000000a 0000006f283fe6c0
0x0000006f283fba60:   000001982b062fa0 0000000000000000 

Instructions: (pc=0x00007ffd4dd5c050)
0x00007ffd4dd5bf50:   48 8b a8 80 00 00 00 48 8b 8d d0 08 00 00 48 85
0x00007ffd4dd5bf60:   c9 75 0c e8 e8 0b 00 00 48 8b 8d d0 08 00 00 48
0x00007ffd4dd5bf70:   8b 01 0f 57 c0 48 89 85 d0 08 00 00 0f 11 01 0f
0x00007ffd4dd5bf80:   11 41 10 41 0f 10 06 0f 11 01 41 0f 10 4e 10 0f
0x00007ffd4dd5bf90:   11 49 10 48 8b 43 08 48 89 0c 06 ff c7 ba 50 00
0x00007ffd4dd5bfa0:   00 00 3b bb 90 00 00 00 0f 82 62 ff ff ff 4c 8b
0x00007ffd4dd5bfb0:   74 24 60 4c 8b 6c 24 58 4c 8b 64 24 50 48 8b c3
0x00007ffd4dd5bfc0:   48 83 c4 20 41 5f 5f 5e 5d 5b c3 cc cc cc cc cc
0x00007ffd4dd5bfd0:   40 53 48 83 ec 20 8b 51 0c 48 8b d9 83 fa 04 73
0x00007ffd4dd5bfe0:   2a 4c 8b 59 18 66 66 66 0f 1f 84 00 00 00 00 00
0x00007ffd4dd5bff0:   44 8b d2 44 8d 4a 01 4b 83 3c d3 00 0f 85 8f 00
0x00007ffd4dd5c000:   00 00 41 8b d1 41 83 f9 04 72 e5 48 89 74 24 30
0x00007ffd4dd5c010:   48 89 7c 24 38 8b 79 10 3b 79 14 73 62 48 8d 35
0x00007ffd4dd5c020:   24 7d 81 00 0f 1f 40 00 0f 1f 84 00 00 00 00 00
0x00007ffd4dd5c030:   48 8b 43 20 8b cf 48 8b 14 c8 48 3b d6 74 39 33
0x00007ffd4dd5c040:   c0 48 89 53 18 33 c9 66 0f 1f 84 00 00 00 00 00
0x00007ffd4dd5c050:   48 83 3c 11 00 44 8d 48 01 75 6f 48 83 c1 08 41
0x00007ffd4dd5c060:   8b c1 41 83 f9 04 72 e8 48 8b 4b 28 48 85 c9 74
0x00007ffd4dd5c070:   07 8b d7 e8 58 01 00 00 ff c7 3b 7b 14 72 b1 48
0x00007ffd4dd5c080:   8b 74 24 30 33 c0 48 8b 7c 24 38 48 83 c4 20 5b
0x00007ffd4dd5c090:   c3 8b 41 10 44 8d 04 82 41 c1 e0 06 41 81 c0 00
0x00007ffd4dd5c0a0:   ff ff ff 44 89 41 08 4b 8b 14 d3 48 0f bc c2 44
0x00007ffd4dd5c0b0:   89 49 0c 8b c8 48 d3 ea 48 ff ca 41 03 c0 48 89
0x00007ffd4dd5c0c0:   13 89 43 08 48 83 c4 20 5b c3 48 8b 74 24 30 44
0x00007ffd4dd5c0d0:   8d 04 b8 8b c8 8d 47 01 48 8b 7c 24 38 41 c1 e0
0x00007ffd4dd5c0e0:   06 44 89 43 08 48 8b 14 ca 89 43 10 48 0f bc c2
0x00007ffd4dd5c0f0:   44 89 4b 0c 8b c8 48 d3 ea 48 ff ca 41 03 c0 48
0x00007ffd4dd5c100:   89 13 89 43 08 48 83 c4 20 5b c3 cc cc cc cc cc
0x00007ffd4dd5c110:   40 53 48 83 ec 20 65 48 8b 04 25 58 00 00 00 8b
0x00007ffd4dd5c120:   0d d3 66 85 00 48 8b 1c c8 b8 50 00 00 00 80 3c
0x00007ffd4dd5c130:   18 00 75 05 e8 cf 3c 52 00 b8 20 00 00 00 48 8b
0x00007ffd4dd5c140:   04 18 48 8b 88 e0 04 00 00 48 8b 99 80 00 00 00 


Stack slot to memory mapping:
stack at sp + 0 slots: 0x0000000000005079 is an unknown value
stack at sp + 1 slots: 0x00007ffd4dd5c1a4 jvm.dll
stack at sp + 2 slots: 0x00000198202932e0 points into unknown readable memory: 0x0000000000000006 | 06 00 00 00 00 00 00 00
stack at sp + 3 slots: 0x000001982b7c5200 points into unknown readable memory: 0x0000005300000000 | 00 00 00 00 53 00 00 00
stack at sp + 4 slots: 0x0000000000000001 is an unknown value
stack at sp + 5 slots: 0x00007ffd4dd552a8 jvm.dll
stack at sp + 6 slots: 0x0000000000000001 is an unknown value
stack at sp + 7 slots: 0x0000000000000001 is an unknown value


---------------  P R O C E S S  ---------------

Threads class SMR info:
_java_thread_list=0x0000019820d38560, length=28, elements={
0x0000019805d41050, 0x0000019805dfc6a0, 0x0000019819b7e010, 0x0000019819bb4670,
0x0000019819bb5400, 0x0000019819bb6930, 0x0000019819bbb2a0, 0x0000019819bc0c00,
0x0000019819bc1d60, 0x0000019819bcb5e0, 0x000001981ef1ee40, 0x000001981f09a1e0,
0x000001981fe8d4d0, 0x000001981ff019f0, 0x00000198200c69d0, 0x000001981ff40860,
0x0000019820107d40, 0x000001982010a0b0, 0x0000019820109690, 0x0000019820108c70,
0x0000019820106900, 0x0000019820106e10, 0x0000019820107320, 0x0000019820108760,
0x000001982064f940, 0x000001982064e500, 0x000001982064dae0, 0x0000019820c00930
}

Java Threads: ( => current thread )
  0x0000019805d41050 JavaThread "main" [_thread_blocked, id=10800, stack(0x0000006f26000000,0x0000006f26100000)]
  0x0000019805dfc6a0 JavaThread "Reference Handler" daemon [_thread_blocked, id=5440, stack(0x0000006f26300000,0x0000006f26400000)]
  0x0000019819b7e010 JavaThread "Finalizer" daemon [_thread_blocked, id=6728, stack(0x0000006f26400000,0x0000006f26500000)]
  0x0000019819bb4670 JavaThread "Signal Dispatcher" daemon [_thread_blocked, id=1192, stack(0x0000006f26500000,0x0000006f26600000)]
  0x0000019819bb5400 JavaThread "Attach Listener" daemon [_thread_blocked, id=9320, stack(0x0000006f26600000,0x0000006f26700000)]
  0x0000019819bb6930 JavaThread "Service Thread" daemon [_thread_blocked, id=8992, stack(0x0000006f26700000,0x0000006f26800000)]
  0x0000019819bbb2a0 JavaThread "Monitor Deflation Thread" daemon [_thread_blocked, id=5972, stack(0x0000006f26800000,0x0000006f26900000)]
  0x0000019819bc0c00 JavaThread "C2 CompilerThread0" daemon [_thread_in_native, id=13668, stack(0x0000006f26900000,0x0000006f26a00000)]
  0x0000019819bc1d60 JavaThread "C1 CompilerThread0" daemon [_thread_blocked, id=7204, stack(0x0000006f26a00000,0x0000006f26b00000)]
  0x0000019819bcb5e0 JavaThread "Sweeper thread" daemon [_thread_blocked, id=8720, stack(0x0000006f26b00000,0x0000006f26c00000)]
  0x000001981ef1ee40 JavaThread "Common-Cleaner" daemon [_thread_blocked, id=6080, stack(0x0000006f26c00000,0x0000006f26d00000)]
  0x000001981f09a1e0 JavaThread "Notification Thread" daemon [_thread_blocked, id=11892, stack(0x0000006f26d00000,0x0000006f26e00000)]
  0x000001981fe8d4d0 JavaThread "Active Thread: Equinox Container: 3ff434be-6b83-4033-8e8e-659372ee42e2" [_thread_blocked, id=10272, stack(0x0000006f27300000,0x0000006f27400000)]
  0x000001981ff019f0 JavaThread "Framework Event Dispatcher: Equinox Container: 3ff434be-6b83-4033-8e8e-659372ee42e2" daemon [_thread_blocked, id=6044, stack(0x0000006f27400000,0x0000006f27500000)]
  0x00000198200c69d0 JavaThread "Start Level: Equinox Container: 3ff434be-6b83-4033-8e8e-659372ee42e2" daemon [_thread_blocked, id=11216, stack(0x0000006f27500000,0x0000006f27600000)]
  0x000001981ff40860 JavaThread "SCR Component Actor" daemon [_thread_blocked, id=12960, stack(0x0000006f27200000,0x0000006f27300000)]
  0x0000019820107d40 JavaThread "Worker-JM" [_thread_blocked, id=10616, stack(0x0000006f27700000,0x0000006f27800000)]
  0x000001982010a0b0 JavaThread "Worker-0" [_thread_blocked, id=4312, stack(0x0000006f27800000,0x0000006f27900000)]
  0x0000019820109690 JavaThread "Worker-1" [_thread_blocked, id=13576, stack(0x0000006f27900000,0x0000006f27a00000)]
  0x0000019820108c70 JavaThread "JNA Cleaner" daemon [_thread_blocked, id=8028, stack(0x0000006f27600000,0x0000006f27700000)]
  0x0000019820106900 JavaThread "pool-2-thread-1" [_thread_blocked, id=7624, stack(0x0000006f27c00000,0x0000006f27d00000)]
  0x0000019820106e10 JavaThread "WorkspaceEventsHandler" [_thread_blocked, id=14188, stack(0x0000006f27d00000,0x0000006f27e00000)]
  0x0000019820107320 JavaThread "pool-1-thread-1" [_thread_in_native, id=2660, stack(0x0000006f27e00000,0x0000006f27f00000)]
  0x0000019820108760 JavaThread "ForkJoinPool.commonPool-worker-1" daemon [_thread_blocked, id=7724, stack(0x0000006f27f00000,0x0000006f28000000)]
  0x000001982064f940 JavaThread "ForkJoinPool.commonPool-worker-2" daemon [_thread_blocked, id=8664, stack(0x0000006f28000000,0x0000006f28100000)]
  0x000001982064e500 JavaThread "ForkJoinPool.commonPool-worker-3" daemon [_thread_blocked, id=2572, stack(0x0000006f28100000,0x0000006f28200000)]
  0x000001982064dae0 JavaThread "Worker-2" [_thread_blocked, id=13744, stack(0x0000006f28200000,0x0000006f28300000)]
=>0x0000019820c00930 JavaThread "C2 CompilerThread1" daemon [_thread_in_native, id=5464, stack(0x0000006f28300000,0x0000006f28400000)]

Other Threads:
  0x0000019819b6c920 VMThread "VM Thread" [stack: 0x0000006f26200000,0x0000006f26300000] [id=10996]
  0x000001981f09ea20 WatcherThread [stack: 0x0000006f26e00000,0x0000006f26f00000] [id=13856]
  0x0000019805d56220 GCTaskThread "GC Thread#0" [stack: 0x0000006f26100000,0x0000006f26200000] [id=8252]
  0x000001981f894db0 GCTaskThread "GC Thread#1" [stack: 0x0000006f26f00000,0x0000006f27000000] [id=4476]
  0x000001981f8960f0 GCTaskThread "GC Thread#2" [stack: 0x0000006f27000000,0x0000006f27100000] [id=13324]
  0x000001981f8963b0 GCTaskThread "GC Thread#3" [stack: 0x0000006f27100000,0x0000006f27200000] [id=4392]

Threads with active compile tasks:
C2 CompilerThread0    37668 4618       4       lombok.patcher.MethodTarget::matches (29 bytes)
C2 CompilerThread1    37668 4614       4       org.lombokweb.asm.ClassReader::readMethod (1066 bytes)

VM state: not at safepoint (normal execution)

VM Mutex/Monitor currently owned by a thread: None

Heap address: 0x00000000c0000000, size: 1024 MB, Compressed Oops mode: 32-bit

CDS archive(s) not mapped
Compressed class space mapped at: 0x0000000100000000-0x0000000140000000, reserved size: 1073741824
Narrow klass base: 0x0000000000000000, Narrow klass shift: 3, Narrow klass range: 0x140000000

GC Precious Log:
 CPUs: 4 total, 4 available
 Memory: 8082M
 Large Page Support: Disabled
 NUMA Support: Disabled
 Compressed Oops: Enabled (32-bit)
 Alignments: Space 512K, Generation 512K, Heap 2M
 Heap Min Capacity: 100M
 Heap Initial Capacity: 100M
 Heap Max Capacity: 1G
 Pre-touch: Disabled
 Parallel Workers: 4

Heap:
 PSYoungGen      total 20480K, used 19087K [0x00000000eab00000, 0x00000000ec200000, 0x0000000100000000)
  eden space 19456K, 93% used [0x00000000eab00000,0x00000000ebcb7e20,0x00000000ebe00000)
  from space 1024K, 92% used [0x00000000ebe00000,0x00000000ebeec040,0x00000000ebf00000)
  to   space 2048K, 0% used [0x00000000ec000000,0x00000000ec000000,0x00000000ec200000)
 ParOldGen       total 68608K, used 28688K [0x00000000c0000000, 0x00000000c4300000, 0x00000000eab00000)
  object space 68608K, 41% used [0x00000000c0000000,0x00000000c1c041b0,0x00000000c4300000)
 Metaspace       used 46685K, committed 47488K, reserved 1114112K
  class space    used 4706K, committed 5056K, reserved 1048576K

Card table byte_map: [0x0000019805700000,0x0000019805910000] _byte_map_base: 0x0000019805100000

Marking Bits: (ParMarkBitMap*) 0x00007ffd4e58d0b0
 Begin Bits: [0x00000198179e0000, 0x00000198189e0000)
 End Bits:   [0x00000198189e0000, 0x00000198199e0000)

Polling page: 0x0000019803ed0000

Metaspace:

Usage:
  Non-class:     40.99 MB used.
      Class:      4.60 MB used.
       Both:     45.59 MB used.

Virtual space:
  Non-class space:       64.00 MB reserved,      41.44 MB ( 65%) committed,  1 nodes.
      Class space:        1.00 GB reserved,       4.94 MB ( <1%) committed,  1 nodes.
             Both:        1.06 GB reserved,      46.38 MB (  4%) committed. 

Chunk freelists:
   Non-Class:  5.85 MB
       Class:  10.97 MB
        Both:  16.82 MB

MaxMetaspaceSize: unlimited
CompressedClassSpaceSize: 1.00 GB
Initial GC threshold: 21.00 MB
Current GC threshold: 58.38 MB
CDS: off
MetaspaceReclaimPolicy: balanced
 - commit_granule_bytes: 65536.
 - commit_granule_words: 8192.
 - virtual_space_node_default_size: 8388608.
 - enlarge_chunks_in_place: 1.
 - new_chunks_are_fully_committed: 0.
 - uncommit_free_chunks: 1.
 - use_allocation_guard: 0.
 - handle_deallocations: 1.


Internal statistics:

num_allocs_failed_limit: 8.
num_arena_births: 412.
num_arena_deaths: 14.
num_vsnodes_births: 2.
num_vsnodes_deaths: 0.
num_space_committed: 742.
num_space_uncommitted: 0.
num_chunks_returned_to_freelist: 22.
num_chunks_taken_from_freelist: 1936.
num_chunk_merges: 12.
num_chunk_splits: 1293.
num_chunks_enlarged: 894.
num_inconsistent_stats: 0.

CodeHeap 'non-profiled nmethods': size=120000Kb used=2627Kb max_used=2627Kb free=117372Kb
 bounds [0x00000198104b0000, 0x0000019810750000, 0x00000198179e0000]
CodeHeap 'profiled nmethods': size=120000Kb used=10275Kb max_used=10275Kb free=109724Kb
 bounds [0x00000198089e0000, 0x00000198093f0000, 0x000001980ff10000]
CodeHeap 'non-nmethods': size=5760Kb used=1320Kb max_used=1386Kb free=4439Kb
 bounds [0x000001980ff10000, 0x0000019810180000, 0x00000198104b0000]
 total_blobs=5291 nmethods=4634 adapters=571
 compilation: enabled
              stopped_count=0, restarted_count=0
 full_count=0

Compilation events (20 events):
Event: 36.326 Thread 0x0000019819bc1d60 4632       3       org.eclipse.jdt.internal.compiler.lookup.PackageBinding::subsumes (9 bytes)
Event: 36.327 Thread 0x0000019819bc1d60 nmethod 4632 0x00000198093e4090 code [0x00000198093e4220, 0x00000198093e4398]
Event: 36.327 Thread 0x0000019819bc1d60 4633       3       java.lang.Class::privateGetDeclaredFields (64 bytes)
Event: 36.328 Thread 0x0000019819bc1d60 nmethod 4633 0x00000198093e4410 code [0x00000198093e4620, 0x00000198093e4d58]
Event: 36.329 Thread 0x0000019819bc1d60 4634       3       java.lang.Class::getInterfaces (49 bytes)
Event: 36.330 Thread 0x0000019819bc1d60 nmethod 4634 0x00000198093e4f90 code [0x00000198093e5180, 0x00000198093e5618]
Event: 36.332 Thread 0x0000019819bc1d60 4635   !   2       java.util.concurrent.ConcurrentHashMap::putVal (433 bytes)
Event: 36.334 Thread 0x0000019819bc1d60 nmethod 4635 0x00000198093e5790 code [0x00000198093e5a20, 0x00000198093e66a8]
Event: 36.336 Thread 0x0000019819bc1d60 4637       3       java.lang.Class::getField0 (99 bytes)
Event: 36.336 Thread 0x0000019819bc1d60 nmethod 4637 0x00000198093e6f90 code [0x00000198093e71c0, 0x00000198093e76e8]
Event: 36.454 Thread 0x0000019819bc1d60 4638   !   3       jdk.internal.loader.AbstractClassLoaderValue::computeIfAbsent (113 bytes)
Event: 36.456 Thread 0x0000019819bc1d60 nmethod 4638 0x00000198093e7910 code [0x00000198093e7bc0, 0x00000198093e8928]
Event: 37.023 Thread 0x0000019819bc0c00 nmethod 4574 0x000001981072f110 code [0x000001981072f880, 0x0000019810737ed8]
Event: 37.025 Thread 0x0000019819bc0c00 4611       4       lombok.patcher.Hook::convertType (64 bytes)
Event: 37.057 Thread 0x0000019819bc0c00 nmethod 4611 0x000001981073d190 code [0x000001981073d380, 0x000001981073e2c8]
Event: 37.057 Thread 0x0000019819bc0c00 4595       4       org.lombokweb.asm.SymbolTable::addConstantMemberReference (147 bytes)
Event: 37.110 Thread 0x0000019819bc0c00 nmethod 4595 0x000001981073ec90 code [0x000001981073eea0, 0x0000019810740090]
Event: 37.110 Thread 0x0000019819bc0c00 4586       4       org.lombokweb.asm.ClassReader::createDebugLabel (23 bytes)
Event: 37.113 Thread 0x0000019819bc0c00 nmethod 4586 0x0000019810740a90 code [0x0000019810740c20, 0x0000019810740d78]
Event: 37.113 Thread 0x0000019819bc0c00 4618       4       lombok.patcher.MethodTarget::matches (29 bytes)

GC Heap History (20 events):
Event: 22.012 GC heap before
{Heap before GC invocations=12 (full 2):
 PSYoungGen      total 26112K, used 25600K [0x00000000eab00000, 0x00000000ec700000, 0x0000000100000000)
  eden space 23552K, 100% used [0x00000000eab00000,0x00000000ec200000,0x00000000ec200000)
  from space 2560K, 80% used [0x00000000ec380000,0x00000000ec580020,0x00000000ec600000)
  to   space 1024K, 0% used [0x00000000ec600000,0x00000000ec600000,0x00000000ec700000)
 ParOldGen       total 68608K, used 11082K [0x00000000c0000000, 0x00000000c4300000, 0x00000000eab00000)
  object space 68608K, 16% used [0x00000000c0000000,0x00000000c0ad28d8,0x00000000c4300000)
 Metaspace       used 36708K, committed 37376K, reserved 1114112K
  class space    used 3730K, committed 4032K, reserved 1048576K
}
Event: 22.017 GC heap after
{Heap after GC invocations=12 (full 2):
 PSYoungGen      total 24064K, used 992K [0x00000000eab00000, 0x00000000eca80000, 0x0000000100000000)
  eden space 23040K, 0% used [0x00000000eab00000,0x00000000eab00000,0x00000000ec180000)
  from space 1024K, 96% used [0x00000000ec600000,0x00000000ec6f8020,0x00000000ec700000)
  to   space 4608K, 0% used [0x00000000ec180000,0x00000000ec180000,0x00000000ec600000)
 ParOldGen       total 68608K, used 14215K [0x00000000c0000000, 0x00000000c4300000, 0x00000000eab00000)
  object space 68608K, 20% used [0x00000000c0000000,0x00000000c0de1c30,0x00000000c4300000)
 Metaspace       used 36708K, committed 37376K, reserved 1114112K
  class space    used 3730K, committed 4032K, reserved 1048576K
}
Event: 22.168 GC heap before
{Heap before GC invocations=13 (full 2):
 PSYoungGen      total 24064K, used 24032K [0x00000000eab00000, 0x00000000eca80000, 0x0000000100000000)
  eden space 23040K, 100% used [0x00000000eab00000,0x00000000ec180000,0x00000000ec180000)
  from space 1024K, 96% used [0x00000000ec600000,0x00000000ec6f8020,0x00000000ec700000)
  to   space 4608K, 0% used [0x00000000ec180000,0x00000000ec180000,0x00000000ec600000)
 ParOldGen       total 68608K, used 14215K [0x00000000c0000000, 0x00000000c4300000, 0x00000000eab00000)
  object space 68608K, 20% used [0x00000000c0000000,0x00000000c0de1c30,0x00000000c4300000)
 Metaspace       used 36737K, committed 37504K, reserved 1114112K
  class space    used 3731K, committed 4032K, reserved 1048576K
}
Event: 22.173 GC heap after
{Heap after GC invocations=13 (full 2):
 PSYoungGen      total 25088K, used 2304K [0x00000000eab00000, 0x00000000ec700000, 0x0000000100000000)
  eden space 22528K, 0% used [0x00000000eab00000,0x00000000eab00000,0x00000000ec100000)
  from space 2560K, 90% used [0x00000000ec180000,0x00000000ec3c0010,0x00000000ec400000)
  to   space 3072K, 0% used [0x00000000ec400000,0x00000000ec400000,0x00000000ec700000)
 ParOldGen       total 68608K, used 15156K [0x00000000c0000000, 0x00000000c4300000, 0x00000000eab00000)
  object space 68608K, 22% used [0x00000000c0000000,0x00000000c0ecd2f0,0x00000000c4300000)
 Metaspace       used 36737K, committed 37504K, reserved 1114112K
  class space    used 3731K, committed 4032K, reserved 1048576K
}
Event: 22.364 GC heap before
{Heap before GC invocations=14 (full 2):
 PSYoungGen      total 25088K, used 24832K [0x00000000eab00000, 0x00000000ec700000, 0x0000000100000000)
  eden space 22528K, 100% used [0x00000000eab00000,0x00000000ec100000,0x00000000ec100000)
  from space 2560K, 90% used [0x00000000ec180000,0x00000000ec3c0010,0x00000000ec400000)
  to   space 3072K, 0% used [0x00000000ec400000,0x00000000ec400000,0x00000000ec700000)
 ParOldGen       total 68608K, used 15156K [0x00000000c0000000, 0x00000000c4300000, 0x00000000eab00000)
  object space 68608K, 22% used [0x00000000c0000000,0x00000000c0ecd2f0,0x00000000c4300000)
 Metaspace       used 36794K, committed 37504K, reserved 1114112K
  class space    used 3743K, committed 4032K, reserved 1048576K
}
Event: 22.369 GC heap after
{Heap after GC invocations=14 (full 2):
 PSYoungGen      total 25088K, used 2656K [0x00000000eab00000, 0x00000000ec700000, 0x0000000100000000)
  eden space 22016K, 0% used [0x00000000eab00000,0x00000000eab00000,0x00000000ec080000)
  from space 3072K, 86% used [0x00000000ec400000,0x00000000ec698010,0x00000000ec700000)
  to   space 3072K, 0% used [0x00000000ec100000,0x00000000ec100000,0x00000000ec400000)
 ParOldGen       total 68608K, used 17413K [0x00000000c0000000, 0x00000000c4300000, 0x00000000eab00000)
  object space 68608K, 25% used [0x00000000c0000000,0x00000000c1101778,0x00000000c4300000)
 Metaspace       used 36794K, committed 37504K, reserved 1114112K
  class space    used 3743K, committed 4032K, reserved 1048576K
}
Event: 22.536 GC heap before
{Heap before GC invocations=15 (full 2):
 PSYoungGen      total 25088K, used 24672K [0x00000000eab00000, 0x00000000ec700000, 0x0000000100000000)
  eden space 22016K, 100% used [0x00000000eab00000,0x00000000ec080000,0x00000000ec080000)
  from space 3072K, 86% used [0x00000000ec400000,0x00000000ec698010,0x00000000ec700000)
  to   space 3072K, 0% used [0x00000000ec100000,0x00000000ec100000,0x00000000ec400000)
 ParOldGen       total 68608K, used 17413K [0x00000000c0000000, 0x00000000c4300000, 0x00000000eab00000)
  object space 68608K, 25% used [0x00000000c0000000,0x00000000c1101778,0x00000000c4300000)
 Metaspace       used 36794K, committed 37504K, reserved 1114112K
  class space    used 3743K, committed 4032K, reserved 1048576K
}
Event: 22.542 GC heap after
{Heap after GC invocations=15 (full 2):
 PSYoungGen      total 25088K, used 2624K [0x00000000eab00000, 0x00000000ec680000, 0x0000000100000000)
  eden space 22016K, 0% used [0x00000000eab00000,0x00000000eab00000,0x00000000ec080000)
  from space 3072K, 85% used [0x00000000ec100000,0x00000000ec390010,0x00000000ec400000)
  to   space 2560K, 0% used [0x00000000ec400000,0x00000000ec400000,0x00000000ec680000)
 ParOldGen       total 68608K, used 20026K [0x00000000c0000000, 0x00000000c4300000, 0x00000000eab00000)
  object space 68608K, 29% used [0x00000000c0000000,0x00000000c138eb58,0x00000000c4300000)
 Metaspace       used 36794K, committed 37504K, reserved 1114112K
  class space    used 3743K, committed 4032K, reserved 1048576K
}
Event: 22.686 GC heap before
{Heap before GC invocations=16 (full 2):
 PSYoungGen      total 25088K, used 24640K [0x00000000eab00000, 0x00000000ec680000, 0x0000000100000000)
  eden space 22016K, 100% used [0x00000000eab00000,0x00000000ec080000,0x00000000ec080000)
  from space 3072K, 85% used [0x00000000ec100000,0x00000000ec390010,0x00000000ec400000)
  to   space 2560K, 0% used [0x00000000ec400000,0x00000000ec400000,0x00000000ec680000)
 ParOldGen       total 68608K, used 20026K [0x00000000c0000000, 0x00000000c4300000, 0x00000000eab00000)
  object space 68608K, 29% used [0x00000000c0000000,0x00000000c138eb58,0x00000000c4300000)
 Metaspace       used 36853K, committed 37568K, reserved 1114112K
  class space    used 3746K, committed 4032K, reserved 1048576K
}
Event: 22.692 GC heap after
{Heap after GC invocations=16 (full 2):
 PSYoungGen      total 22016K, used 2560K [0x00000000eab00000, 0x00000000ecc80000, 0x0000000100000000)
  eden space 19456K, 0% used [0x00000000eab00000,0x00000000eab00000,0x00000000ebe00000)
  from space 2560K, 100% used [0x00000000ec400000,0x00000000ec680000,0x00000000ec680000)
  to   space 6144K, 0% used [0x00000000ebe00000,0x00000000ebe00000,0x00000000ec400000)
 ParOldGen       total 68608K, used 22674K [0x00000000c0000000, 0x00000000c4300000, 0x00000000eab00000)
  object space 68608K, 33% used [0x00000000c0000000,0x00000000c1624b68,0x00000000c4300000)
 Metaspace       used 36853K, committed 37568K, reserved 1114112K
  class space    used 3746K, committed 4032K, reserved 1048576K
}
Event: 28.998 GC heap before
{Heap before GC invocations=17 (full 2):
 PSYoungGen      total 22016K, used 22016K [0x00000000eab00000, 0x00000000ecc80000, 0x0000000100000000)
  eden space 19456K, 100% used [0x00000000eab00000,0x00000000ebe00000,0x00000000ebe00000)
  from space 2560K, 100% used [0x00000000ec400000,0x00000000ec680000,0x00000000ec680000)
  to   space 6144K, 0% used [0x00000000ebe00000,0x00000000ebe00000,0x00000000ec400000)
 ParOldGen       total 68608K, used 22674K [0x00000000c0000000, 0x00000000c4300000, 0x00000000eab00000)
  object space 68608K, 33% used [0x00000000c0000000,0x00000000c1624b68,0x00000000c4300000)
 Metaspace       used 39230K, committed 39936K, reserved 1114112K
  class space    used 4020K, committed 4352K, reserved 1048576K
}
Event: 29.003 GC heap after
{Heap after GC invocations=17 (full 2):
 PSYoungGen      total 20480K, used 919K [0x00000000eab00000, 0x00000000ec480000, 0x0000000100000000)
  eden space 19456K, 0% used [0x00000000eab00000,0x00000000eab00000,0x00000000ebe00000)
  from space 1024K, 89% used [0x00000000ebe00000,0x00000000ebee5d70,0x00000000ebf00000)
  to   space 2560K, 0% used [0x00000000ec200000,0x00000000ec200000,0x00000000ec480000)
 ParOldGen       total 68608K, used 25242K [0x00000000c0000000, 0x00000000c4300000, 0x00000000eab00000)
  object space 68608K, 36% used [0x00000000c0000000,0x00000000c18a6b68,0x00000000c4300000)
 Metaspace       used 39230K, committed 39936K, reserved 1114112K
  class space    used 4020K, committed 4352K, reserved 1048576K
}
Event: 30.544 GC heap before
{Heap before GC invocations=18 (full 2):
 PSYoungGen      total 20480K, used 20375K [0x00000000eab00000, 0x00000000ec480000, 0x0000000100000000)
  eden space 19456K, 100% used [0x00000000eab00000,0x00000000ebe00000,0x00000000ebe00000)
  from space 1024K, 89% used [0x00000000ebe00000,0x00000000ebee5d70,0x00000000ebf00000)
  to   space 2560K, 0% used [0x00000000ec200000,0x00000000ec200000,0x00000000ec480000)
 ParOldGen       total 68608K, used 25242K [0x00000000c0000000, 0x00000000c4300000, 0x00000000eab00000)
  object space 68608K, 36% used [0x00000000c0000000,0x00000000c18a6b68,0x00000000c4300000)
 Metaspace       used 40031K, committed 40768K, reserved 1114112K
  class space    used 4125K, committed 4480K, reserved 1048576K
}
Event: 30.546 GC heap after
{Heap after GC invocations=18 (full 2):
 PSYoungGen      total 19968K, used 384K [0x00000000eab00000, 0x00000000ec280000, 0x0000000100000000)
  eden space 19456K, 0% used [0x00000000eab00000,0x00000000eab00000,0x00000000ebe00000)
  from space 512K, 75% used [0x00000000ec200000,0x00000000ec260010,0x00000000ec280000)
  to   space 1024K, 0% used [0x00000000ec080000,0x00000000ec080000,0x00000000ec180000)
 ParOldGen       total 68608K, used 26020K [0x00000000c0000000, 0x00000000c4300000, 0x00000000eab00000)
  object space 68608K, 37% used [0x00000000c0000000,0x00000000c1969318,0x00000000c4300000)
 Metaspace       used 40031K, committed 40768K, reserved 1114112K
  class space    used 4125K, committed 4480K, reserved 1048576K
}
Event: 34.546 GC heap before
{Heap before GC invocations=19 (full 2):
 PSYoungGen      total 19968K, used 19840K [0x00000000eab00000, 0x00000000ec280000, 0x0000000100000000)
  eden space 19456K, 100% used [0x00000000eab00000,0x00000000ebe00000,0x00000000ebe00000)
  from space 512K, 75% used [0x00000000ec200000,0x00000000ec260010,0x00000000ec280000)
  to   space 1024K, 0% used [0x00000000ec080000,0x00000000ec080000,0x00000000ec180000)
 ParOldGen       total 68608K, used 26020K [0x00000000c0000000, 0x00000000c4300000, 0x00000000eab00000)
  object space 68608K, 37% used [0x00000000c0000000,0x00000000c1969318,0x00000000c4300000)
 Metaspace       used 42557K, committed 43264K, reserved 1114112K
  class space    used 4341K, committed 4672K, reserved 1048576K
}
Event: 34.548 GC heap after
{Heap after GC invocations=19 (full 2):
 PSYoungGen      total 20480K, used 712K [0x00000000eab00000, 0x00000000ec280000, 0x0000000100000000)
  eden space 19456K, 0% used [0x00000000eab00000,0x00000000eab00000,0x00000000ebe00000)
  from space 1024K, 69% used [0x00000000ec080000,0x00000000ec132260,0x00000000ec180000)
  to   space 1024K, 0% used [0x00000000ec180000,0x00000000ec180000,0x00000000ec280000)
 ParOldGen       total 68608K, used 26228K [0x00000000c0000000, 0x00000000c4300000, 0x00000000eab00000)
  object space 68608K, 38% used [0x00000000c0000000,0x00000000c199d318,0x00000000c4300000)
 Metaspace       used 42557K, committed 43264K, reserved 1114112K
  class space    used 4341K, committed 4672K, reserved 1048576K
}
Event: 35.378 GC heap before
{Heap before GC invocations=20 (full 2):
 PSYoungGen      total 20480K, used 20168K [0x00000000eab00000, 0x00000000ec280000, 0x0000000100000000)
  eden space 19456K, 100% used [0x00000000eab00000,0x00000000ebe00000,0x00000000ebe00000)
  from space 1024K, 69% used [0x00000000ec080000,0x00000000ec132260,0x00000000ec180000)
  to   space 1024K, 0% used [0x00000000ec180000,0x00000000ec180000,0x00000000ec280000)
 ParOldGen       total 68608K, used 26228K [0x00000000c0000000, 0x00000000c4300000, 0x00000000eab00000)
  object space 68608K, 38% used [0x00000000c0000000,0x00000000c199d318,0x00000000c4300000)
 Metaspace       used 44847K, committed 45632K, reserved 1114112K
  class space    used 4538K, committed 4864K, reserved 1048576K
}
Event: 35.382 GC heap after
{Heap after GC invocations=20 (full 2):
 PSYoungGen      total 20480K, used 1000K [0x00000000eab00000, 0x00000000ec400000, 0x0000000100000000)
  eden space 19456K, 0% used [0x00000000eab00000,0x00000000eab00000,0x00000000ebe00000)
  from space 1024K, 97% used [0x00000000ec180000,0x00000000ec27a028,0x00000000ec280000)
  to   space 3072K, 0% used [0x00000000ebe00000,0x00000000ebe00000,0x00000000ec100000)
 ParOldGen       total 68608K, used 27879K [0x00000000c0000000, 0x00000000c4300000, 0x00000000eab00000)
  object space 68608K, 40% used [0x00000000c0000000,0x00000000c1b39e28,0x00000000c4300000)
 Metaspace       used 44847K, committed 45632K, reserved 1114112K
  class space    used 4538K, committed 4864K, reserved 1048576K
}
Event: 35.575 GC heap before
{Heap before GC invocations=21 (full 2):
 PSYoungGen      total 20480K, used 20456K [0x00000000eab00000, 0x00000000ec400000, 0x0000000100000000)
  eden space 19456K, 100% used [0x00000000eab00000,0x00000000ebe00000,0x00000000ebe00000)
  from space 1024K, 97% used [0x00000000ec180000,0x00000000ec27a028,0x00000000ec280000)
  to   space 3072K, 0% used [0x00000000ebe00000,0x00000000ebe00000,0x00000000ec100000)
 ParOldGen       total 68608K, used 27879K [0x00000000c0000000, 0x00000000c4300000, 0x00000000eab00000)
  object space 68608K, 40% used [0x00000000c0000000,0x00000000c1b39e28,0x00000000c4300000)
 Metaspace       used 44992K, committed 45760K, reserved 1114112K
  class space    used 4548K, committed 4864K, reserved 1048576K
}
Event: 35.578 GC heap after
{Heap after GC invocations=21 (full 2):
 PSYoungGen      total 20480K, used 944K [0x00000000eab00000, 0x00000000ec200000, 0x0000000100000000)
  eden space 19456K, 0% used [0x00000000eab00000,0x00000000eab00000,0x00000000ebe00000)
  from space 1024K, 92% used [0x00000000ebe00000,0x00000000ebeec040,0x00000000ebf00000)
  to   space 2048K, 0% used [0x00000000ec000000,0x00000000ec000000,0x00000000ec200000)
 ParOldGen       total 68608K, used 28688K [0x00000000c0000000, 0x00000000c4300000, 0x00000000eab00000)
  object space 68608K, 41% used [0x00000000c0000000,0x00000000c1c041b0,0x00000000c4300000)
 Metaspace       used 44992K, committed 45760K, reserved 1114112K
  class space    used 4548K, committed 4864K, reserved 1048576K
}

Dll operation events (10 events):
Event: 0.040 Loaded shared library c:\Users\User\.vscode\extensions\redhat.java-1.25.1-win32-x64\jre\17.0.9-win32-x86_64\bin\java.dll
Event: 0.274 Loaded shared library c:\Users\User\.vscode\extensions\redhat.java-1.25.1-win32-x64\jre\17.0.9-win32-x86_64\bin\zip.dll
Event: 0.281 Loaded shared library C:\Users\User\.vscode\extensions\redhat.java-1.25.1-win32-x64\jre\17.0.9-win32-x86_64\bin\instrument.dll
Event: 0.301 Loaded shared library C:\Users\User\.vscode\extensions\redhat.java-1.25.1-win32-x64\jre\17.0.9-win32-x86_64\bin\net.dll
Event: 0.388 Loaded shared library C:\Users\User\.vscode\extensions\redhat.java-1.25.1-win32-x64\jre\17.0.9-win32-x86_64\bin\nio.dll
Event: 0.399 Loaded shared library C:\Users\User\.vscode\extensions\redhat.java-1.25.1-win32-x64\jre\17.0.9-win32-x86_64\bin\zip.dll
Event: 0.426 Loaded shared library C:\Users\User\.vscode\extensions\redhat.java-1.25.1-win32-x64\jre\17.0.9-win32-x86_64\bin\jimage.dll
Event: 0.592 Loaded shared library c:\Users\User\.vscode\extensions\redhat.java-1.25.1-win32-x64\jre\17.0.9-win32-x86_64\bin\verify.dll
Event: 3.040 Loaded shared library C:\Users\User\AppData\Roaming\Code\User\globalStorage\redhat.java\1.25.1\config_ss_win\org.eclipse.equinox.launcher\org.eclipse.equinox.launcher.win32.win32.x86_64_1.2.800.v20231003-1442\eclipse_11802.dll
Event: 15.427 Loaded shared library C:\Users\User\AppData\Local\Temp\jna-2645995\jna7146200812060309209.dll

Deoptimization events (20 events):
Event: 36.326 Thread 0x000001982064f940 Uncommon trap: trap_request=0xffffffde fr.pc=0x00000198105d3628 relative=0x0000000000000b88
Event: 36.326 Thread 0x000001982064f940 Uncommon trap: reason=class_check action=maybe_recompile pc=0x00000198105d3628 method=java.util.concurrent.ConcurrentHashMap.putVal(Ljava/lang/Object;Ljava/lang/Object;Z)Ljava/lang/Object; @ 242 c2
Event: 36.326 Thread 0x000001982064f940 DEOPT PACKING pc=0x00000198105d3628 sp=0x0000006f280fe930
Event: 36.326 Thread 0x000001982064f940 DEOPT UNPACKING pc=0x000001980ff666a3 sp=0x0000006f280fe8a0 mode 2
Event: 36.326 Thread 0x000001982064f940 Uncommon trap: trap_request=0xffffff45 fr.pc=0x000001981055a4a8 relative=0x0000000000000188
Event: 36.326 Thread 0x000001982064f940 Uncommon trap: reason=unstable_if action=reinterpret pc=0x000001981055a4a8 method=java.util.concurrent.ConcurrentHashMap.get(Ljava/lang/Object;)Ljava/lang/Object; @ 152 c2
Event: 36.326 Thread 0x000001982064f940 DEOPT PACKING pc=0x000001981055a4a8 sp=0x0000006f280fe970
Event: 36.326 Thread 0x000001982064f940 DEOPT UNPACKING pc=0x000001980ff666a3 sp=0x0000006f280fe8e8 mode 2
Event: 36.326 Thread 0x000001982064f940 Uncommon trap: trap_request=0xffffffde fr.pc=0x00000198105d3628 relative=0x0000000000000b88
Event: 36.326 Thread 0x000001982064f940 Uncommon trap: reason=class_check action=maybe_recompile pc=0x00000198105d3628 method=java.util.concurrent.ConcurrentHashMap.putVal(Ljava/lang/Object;Ljava/lang/Object;Z)Ljava/lang/Object; @ 242 c2
Event: 36.326 Thread 0x000001982064f940 DEOPT PACKING pc=0x00000198105d3628 sp=0x0000006f280fe8c0
Event: 36.326 Thread 0x000001982064f940 DEOPT UNPACKING pc=0x000001980ff666a3 sp=0x0000006f280fe830 mode 2
Event: 36.327 Thread 0x000001982064f940 Uncommon trap: trap_request=0xffffffde fr.pc=0x00000198105d3628 relative=0x0000000000000b88
Event: 36.327 Thread 0x000001982064f940 Uncommon trap: reason=class_check action=maybe_recompile pc=0x00000198105d3628 method=java.util.concurrent.ConcurrentHashMap.putVal(Ljava/lang/Object;Ljava/lang/Object;Z)Ljava/lang/Object; @ 242 c2
Event: 36.327 Thread 0x000001982064f940 DEOPT PACKING pc=0x00000198105d3628 sp=0x0000006f280fe840
Event: 36.327 Thread 0x000001982064f940 DEOPT UNPACKING pc=0x000001980ff666a3 sp=0x0000006f280fe7b0 mode 2
Event: 36.327 Thread 0x000001982064f940 Uncommon trap: trap_request=0xffffffde fr.pc=0x00000198105d3628 relative=0x0000000000000b88
Event: 36.327 Thread 0x000001982064f940 Uncommon trap: reason=class_check action=maybe_recompile pc=0x00000198105d3628 method=java.util.concurrent.ConcurrentHashMap.putVal(Ljava/lang/Object;Ljava/lang/Object;Z)Ljava/lang/Object; @ 242 c2
Event: 36.327 Thread 0x000001982064f940 DEOPT PACKING pc=0x00000198105d3628 sp=0x0000006f280fe770
Event: 36.327 Thread 0x000001982064f940 DEOPT UNPACKING pc=0x000001980ff666a3 sp=0x0000006f280fe6e0 mode 2

Classes unloaded (7 events):
Event: 8.183 Thread 0x0000019819b6c920 Unloading class 0x0000000100213000 'java/lang/invoke/LambdaForm$MH+0x0000000100213000'
Event: 8.183 Thread 0x0000019819b6c920 Unloading class 0x0000000100212c00 'java/lang/invoke/LambdaForm$MH+0x0000000100212c00'
Event: 8.183 Thread 0x0000019819b6c920 Unloading class 0x0000000100212800 'java/lang/invoke/LambdaForm$MH+0x0000000100212800'
Event: 8.183 Thread 0x0000019819b6c920 Unloading class 0x0000000100212400 'java/lang/invoke/LambdaForm$MH+0x0000000100212400'
Event: 8.183 Thread 0x0000019819b6c920 Unloading class 0x0000000100212000 'java/lang/invoke/LambdaForm$BMH+0x0000000100212000'
Event: 8.183 Thread 0x0000019819b6c920 Unloading class 0x0000000100211c00 'java/lang/invoke/LambdaForm$DMH+0x0000000100211c00'
Event: 8.183 Thread 0x0000019819b6c920 Unloading class 0x0000000100209000 'java/lang/invoke/LambdaForm$DMH+0x0000000100209000'

Classes redefined (0 events):
No events

Internal exceptions (20 events):
Event: 17.144 Thread 0x0000019805d41050 Exception <a 'java/lang/IncompatibleClassChangeError'{0x00000000eb408fd0}: Found class java.lang.Object, but interface was expected> (0x00000000eb408fd0) 
thrown [s\src\hotspot\share\interpreter\linkResolver.cpp, line 826]
Event: 17.742 Thread 0x0000019820107320 Exception <a 'java/io/FileNotFoundException'{0x00000000eba14180}> (0x00000000eba14180) 
thrown [s\src\hotspot\share\prims\jni.cpp, line 516]
Event: 17.869 Thread 0x0000019820107320 Exception <a 'sun/nio/fs/WindowsException'{0x00000000ebbc3990}> (0x00000000ebbc3990) 
thrown [s\src\hotspot\share\prims\jni.cpp, line 516]
Event: 17.926 Thread 0x000001982010a0b0 Exception <a 'java/io/FileNotFoundException'{0x00000000ebc1ca68}> (0x00000000ebc1ca68) 
thrown [s\src\hotspot\share\prims\jni.cpp, line 516]
Event: 17.927 Thread 0x000001982010a0b0 Exception <a 'java/io/FileNotFoundException'{0x00000000ebc1da68}> (0x00000000ebc1da68) 
thrown [s\src\hotspot\share\prims\jni.cpp, line 516]
Event: 18.667 Thread 0x0000019820109690 Exception <a 'java/lang/NoSuchMethodError'{0x00000000eae22270}: 'java.lang.Object java.lang.invoke.Invokers$Holder.invoke_MT(java.lang.Object, java.lang.Object, java.lang.Object)'> (0x00000000eae22270) 
thrown [s\src\hotspot\share\interpreter\linkResolver.cpp, line 759]
Event: 18.699 Thread 0x0000019820107320 Exception <a 'java/lang/NoSuchMethodError'{0x00000000ead2d238}: 'int java.lang.invoke.DirectMethodHandle$Holder.invokeVirtual(java.lang.Object, java.lang.Object)'> (0x00000000ead2d238) 
thrown [s\src\hotspot\share\interpreter\linkResolver.cpp, line 759]
Event: 21.794 Thread 0x0000019820109690 Exception <a 'java/io/FileNotFoundException'{0x00000000eaf2f440}> (0x00000000eaf2f440) 
thrown [s\src\hotspot\share\prims\jni.cpp, line 516]
Event: 21.795 Thread 0x0000019820109690 Exception <a 'java/io/FileNotFoundException'{0x00000000eaf30968}> (0x00000000eaf30968) 
thrown [s\src\hotspot\share\prims\jni.cpp, line 516]
Event: 21.797 Thread 0x0000019820109690 Exception <a 'java/lang/NoSuchMethodError'{0x00000000eaf3cb10}: 'void java.lang.invoke.DirectMethodHandle$Holder.invokeStaticInit(java.lang.Object, java.lang.Object, java.lang.Object)'> (0x00000000eaf3cb10) 
thrown [s\src\hotspot\share\interpreter\linkResolver.cpp, line 759]
Event: 27.953 Thread 0x0000019820107320 Exception <a 'java/lang/NoSuchMethodError'{0x00000000eacf7eb8}: 'java.lang.Object java.lang.invoke.DirectMethodHandle$Holder.invokeInterface(java.lang.Object, java.lang.Object, java.lang.Object)'> (0x00000000eacf7eb8) 
thrown [s\src\hotspot\share\interpreter\linkResolver.cpp, line 759]
Event: 34.309 Thread 0x000001982064e500 Exception <a 'java/lang/ArrayIndexOutOfBoundsException'{0x00000000eb994a68}: Index 466 out of bounds for length 465> (0x00000000eb994a68) 
thrown [s\src\hotspot\share\interpreter\interpreterRuntime.cpp, line 428]
Event: 34.652 Thread 0x000001982064f940 Exception <a 'java/lang/NoSuchMethodError'{0x00000000ead8cf40}: 'int java.lang.invoke.DirectMethodHandle$Holder.invokeStatic(java.lang.Object, java.lang.Object, java.lang.Object, int)'> (0x00000000ead8cf40) 
thrown [s\src\hotspot\share\interpreter\linkResolver.cpp, line 759]
Event: 34.710 Thread 0x000001982064f940 Exception <a 'java/lang/NoSuchMethodError'{0x00000000eae88db8}: 'int java.lang.invoke.DirectMethodHandle$Holder.invokeVirtual(java.lang.Object, java.lang.Object, java.lang.Object)'> (0x00000000eae88db8) 
thrown [s\src\hotspot\share\interpreter\linkResolver.cpp, line 759]
Event: 34.714 Thread 0x000001982064f940 Exception <a 'java/lang/NoSuchMethodError'{0x00000000eaea3ac0}: 'int java.lang.invoke.DirectMethodHandle$Holder.invokeSpecialIFC(java.lang.Object, java.lang.Object, java.lang.Object)'> (0x00000000eaea3ac0) 
thrown [s\src\hotspot\share\interpreter\linkResolver.cpp, line 759]
Event: 34.930 Thread 0x000001982064f940 Exception <a 'java/io/FileNotFoundException'{0x00000000eb143cc0}> (0x00000000eb143cc0) 
thrown [s\src\hotspot\share\prims\jni.cpp, line 516]
Event: 35.000 Thread 0x000001982010a0b0 Exception <a 'java/lang/LinkageError'{0x00000000eb3c2238}: loader lombok.launch.ShadowClassLoader @1fbd680f attempted duplicate class definition for lombok.launch.PatchFixesHider$Delegate. (lombok.launch.PatchFixesHider$Delegate is in unnamed module of loader lombok.launch.ShadowClassLoader @1fbd680f, parent loader org.eclipse.osgi.internal.loader.EquinoxClassLoader @28b3b195)> (0x00000000eb3c2238) 
thrown [s\src\hotspot\share\classfile\systemDictionary.cpp, line 1724]
Event: 35.299 Thread 0x000001982064f940 Exception <a 'java/lang/NoSuchMethodError'{0x00000000eb93a4a0}: 'int java.lang.invoke.DirectMethodHandle$Holder.invokeStatic(java.lang.Object, int, java.lang.Object)'> (0x00000000eb93a4a0) 
thrown [s\src\hotspot\share\interpreter\linkResolver.cpp, line 759]
Event: 35.388 Thread 0x000001982010a0b0 Exception <a 'java/io/FileNotFoundException'{0x00000000eab08d60}> (0x00000000eab08d60) 
thrown [s\src\hotspot\share\prims\jni.cpp, line 516]
Event: 35.389 Thread 0x000001982010a0b0 Exception <a 'java/io/FileNotFoundException'{0x00000000eab09d68}> (0x00000000eab09d68) 
thrown [s\src\hotspot\share\prims\jni.cpp, line 516]

VM Operations (20 events):
Event: 30.544 Executing VM operation: ParallelGCFailedAllocation
Event: 30.546 Executing VM operation: ParallelGCFailedAllocation done
Event: 31.559 Executing VM operation: Cleanup
Event: 31.577 Executing VM operation: Cleanup done
Event: 31.604 Executing VM operation: HandshakeAllThreads
Event: 31.604 Executing VM operation: HandshakeAllThreads done
Event: 32.618 Executing VM operation: Cleanup
Event: 32.618 Executing VM operation: Cleanup done
Event: 34.545 Executing VM operation: ParallelGCFailedAllocation
Event: 34.548 Executing VM operation: ParallelGCFailedAllocation done
Event: 34.716 Executing VM operation: HandshakeAllThreads
Event: 34.716 Executing VM operation: HandshakeAllThreads done
Event: 35.049 Executing VM operation: HandshakeAllThreads
Event: 35.049 Executing VM operation: HandshakeAllThreads done
Event: 35.360 Executing VM operation: ParallelGCFailedAllocation
Event: 35.388 Executing VM operation: ParallelGCFailedAllocation done
Event: 35.575 Executing VM operation: ParallelGCFailedAllocation
Event: 35.578 Executing VM operation: ParallelGCFailedAllocation done
Event: 36.600 Executing VM operation: Cleanup
Event: 36.600 Executing VM operation: Cleanup done

Events (20 events):
Event: 34.571 loading class java/util/stream/MatchOps
Event: 34.571 loading class java/util/stream/MatchOps done
Event: 34.571 loading class java/util/stream/MatchOps$MatchOp
Event: 34.572 loading class java/util/stream/MatchOps$MatchOp done
Event: 34.572 loading class java/util/stream/MatchOps$BooleanTerminalSink
Event: 34.572 loading class java/util/stream/MatchOps$BooleanTerminalSink done
Event: 34.573 loading class java/util/stream/MatchOps$1MatchSink
Event: 34.573 loading class java/util/stream/MatchOps$1MatchSink done
Event: 34.711 loading class java/util/stream/ReduceOps$4
Event: 34.711 loading class java/util/stream/ReduceOps$4 done
Event: 34.711 loading class java/util/stream/ReduceOps$4ReducingSink
Event: 34.711 loading class java/util/stream/ReduceOps$4ReducingSink done
Event: 34.930 Thread 0x000001982064dae0 Thread added: 0x000001982064dae0
Event: 34.946 Thread 0x00000198203a0030 Thread added: 0x00000198203a0030
Event: 35.159 Thread 0x00000198203a0030 Thread exited: 0x00000198203a0030
Event: 35.419 Thread 0x0000019820c00930 Thread added: 0x0000019820c00930
Event: 36.328 loading class java/util/concurrent/ConcurrentHashMap$TreeNode
Event: 36.329 loading class java/util/concurrent/ConcurrentHashMap$TreeNode done
Event: 36.329 loading class java/util/concurrent/ConcurrentHashMap$TreeBin
Event: 36.329 loading class java/util/concurrent/ConcurrentHashMap$TreeBin done


Dynamic libraries:
0x00007ff61ded0000 - 0x00007ff61dede000 	c:\Users\User\.vscode\extensions\redhat.java-1.25.1-win32-x64\jre\17.0.9-win32-x86_64\bin\java.exe
0x00007ffdaaa90000 - 0x00007ffdaac88000 	C:\WINDOWS\SYSTEM32\ntdll.dll
0x00007ffda9e90000 - 0x00007ffda9f4f000 	C:\WINDOWS\System32\KERNEL32.DLL
0x00007ffda8390000 - 0x00007ffda8686000 	C:\WINDOWS\System32\KERNELBASE.dll
0x00007ffda7ed0000 - 0x00007ffda7fd0000 	C:\WINDOWS\System32\ucrtbase.dll
0x00007ffd9f980000 - 0x00007ffd9f99b000 	c:\Users\User\.vscode\extensions\redhat.java-1.25.1-win32-x64\jre\17.0.9-win32-x86_64\bin\VCRUNTIME140.dll
0x00007ffd94f60000 - 0x00007ffd94f77000 	c:\Users\User\.vscode\extensions\redhat.java-1.25.1-win32-x64\jre\17.0.9-win32-x86_64\bin\jli.dll
0x00007ffdaa160000 - 0x00007ffdaa2fd000 	C:\WINDOWS\System32\USER32.dll
0x00007ffda8690000 - 0x00007ffda86b2000 	C:\WINDOWS\System32\win32u.dll
0x00007ffda97d0000 - 0x00007ffda97fc000 	C:\WINDOWS\System32\GDI32.dll
0x00007ffda6ee0000 - 0x00007ffda717a000 	C:\WINDOWS\WinSxS\amd64_microsoft.windows.common-controls_6595b64144ccf1df_6.0.19041.1110_none_60b5254171f9507e\COMCTL32.dll
0x00007ffda7db0000 - 0x00007ffda7ec5000 	C:\WINDOWS\System32\gdi32full.dll
0x00007ffda9260000 - 0x00007ffda92fe000 	C:\WINDOWS\System32\msvcrt.dll
0x00007ffda8710000 - 0x00007ffda87ad000 	C:\WINDOWS\System32\msvcp_win.dll
0x00007ffda95f0000 - 0x00007ffda9620000 	C:\WINDOWS\System32\IMM32.DLL
0x00007ffd9b180000 - 0x00007ffd9b18c000 	c:\Users\User\.vscode\extensions\redhat.java-1.25.1-win32-x64\jre\17.0.9-win32-x86_64\bin\vcruntime140_1.dll
0x00007ffd59e70000 - 0x00007ffd59efd000 	c:\Users\User\.vscode\extensions\redhat.java-1.25.1-win32-x64\jre\17.0.9-win32-x86_64\bin\msvcp140.dll
0x00007ffd4d9f0000 - 0x00007ffd4e651000 	c:\Users\User\.vscode\extensions\redhat.java-1.25.1-win32-x64\jre\17.0.9-win32-x86_64\bin\server\jvm.dll
0x00007ffda9860000 - 0x00007ffda990f000 	C:\WINDOWS\System32\ADVAPI32.dll
0x00007ffda90e0000 - 0x00007ffda917c000 	C:\WINDOWS\System32\sechost.dll
0x00007ffdaa030000 - 0x00007ffdaa156000 	C:\WINDOWS\System32\RPCRT4.dll
0x00007ffda9e70000 - 0x00007ffda9e79000 	C:\WINDOWS\System32\WSOCK32.dll
0x00007ffda93d0000 - 0x00007ffda943b000 	C:\WINDOWS\System32\WS2_32.dll
0x00007ffda9910000 - 0x00007ffda991a000 	C:\WINDOWS\System32\VERSION.dll
0x00007ffda79d0000 - 0x00007ffda7a1b000 	C:\WINDOWS\SYSTEM32\POWRPROF.dll
0x00007ffd9c360000 - 0x00007ffd9c387000 	C:\WINDOWS\SYSTEM32\WINMM.dll
0x00007ffda79b0000 - 0x00007ffda79c2000 	C:\WINDOWS\SYSTEM32\UMPDC.dll
0x00007ffda4c40000 - 0x00007ffda4c52000 	C:\WINDOWS\SYSTEM32\kernel.appcore.dll
0x00007ffd8ffd0000 - 0x00007ffd8ffda000 	c:\Users\User\.vscode\extensions\redhat.java-1.25.1-win32-x64\jre\17.0.9-win32-x86_64\bin\jimage.dll
0x00007ffda7480000 - 0x00007ffda7664000 	C:\WINDOWS\SYSTEM32\DBGHELP.DLL
0x00007ffda7440000 - 0x00007ffda7474000 	C:\WINDOWS\SYSTEM32\dbgcore.DLL
0x00007ffda8040000 - 0x00007ffda80c2000 	C:\WINDOWS\System32\bcryptPrimitives.dll
0x00007ffd88350000 - 0x00007ffd8835e000 	c:\Users\User\.vscode\extensions\redhat.java-1.25.1-win32-x64\jre\17.0.9-win32-x86_64\bin\instrument.dll
0x00007ffd88320000 - 0x00007ffd88345000 	c:\Users\User\.vscode\extensions\redhat.java-1.25.1-win32-x64\jre\17.0.9-win32-x86_64\bin\java.dll
0x00007ffd88210000 - 0x00007ffd88228000 	c:\Users\User\.vscode\extensions\redhat.java-1.25.1-win32-x64\jre\17.0.9-win32-x86_64\bin\zip.dll
0x00007ffdaa300000 - 0x00007ffdaaa44000 	C:\WINDOWS\System32\SHELL32.dll
0x00007ffda4e40000 - 0x00007ffda55d3000 	C:\WINDOWS\SYSTEM32\windows.storage.dll
0x00007ffda8980000 - 0x00007ffda8cd4000 	C:\WINDOWS\System32\combase.dll
0x00007ffda6e40000 - 0x00007ffda6e6e000 	C:\WINDOWS\SYSTEM32\Wldp.dll
0x00007ffda9320000 - 0x00007ffda93cd000 	C:\WINDOWS\System32\SHCORE.dll
0x00007ffda87e0000 - 0x00007ffda8835000 	C:\WINDOWS\System32\shlwapi.dll
0x00007ffda7aa0000 - 0x00007ffda7abf000 	C:\WINDOWS\SYSTEM32\profapi.dll
0x00007ffd87270000 - 0x00007ffd87289000 	C:\Users\User\.vscode\extensions\redhat.java-1.25.1-win32-x64\jre\17.0.9-win32-x86_64\bin\net.dll
0x00007ffd9e390000 - 0x00007ffd9e49a000 	C:\WINDOWS\SYSTEM32\WINHTTP.dll
0x00007ffd94510000 - 0x00007ffd946b4000 	C:\WINDOWS\system32\mwtsp.dll
0x00007ffda8840000 - 0x00007ffda896a000 	C:\WINDOWS\System32\ole32.dll
0x00007ffda7a20000 - 0x00007ffda7a52000 	C:\WINDOWS\SYSTEM32\SspiCli.dll
0x00007ffda6ba0000 - 0x00007ffda6c0a000 	C:\WINDOWS\system32\mswsock.dll
0x00007ffd83df0000 - 0x00007ffd83e06000 	C:\Users\User\.vscode\extensions\redhat.java-1.25.1-win32-x64\jre\17.0.9-win32-x86_64\bin\nio.dll
0x00007ffd88100000 - 0x00007ffd88110000 	c:\Users\User\.vscode\extensions\redhat.java-1.25.1-win32-x64\jre\17.0.9-win32-x86_64\bin\verify.dll
0x00007ffd7a9a0000 - 0x00007ffd7a9de000 	C:\Users\User\AppData\Roaming\Code\User\globalStorage\redhat.java\1.25.1\config_ss_win\org.eclipse.equinox.launcher\org.eclipse.equinox.launcher.win32.win32.x86_64_1.2.800.v20231003-1442\eclipse_11802.dll
0x00007ffda7810000 - 0x00007ffda7828000 	C:\WINDOWS\SYSTEM32\CRYPTSP.dll
0x00007ffda6530000 - 0x00007ffda6564000 	C:\WINDOWS\system32\rsaenh.dll
0x00007ffda7b60000 - 0x00007ffda7b87000 	C:\WINDOWS\System32\bcrypt.dll
0x00007ffda7a60000 - 0x00007ffda7a8e000 	C:\WINDOWS\SYSTEM32\USERENV.dll
0x00007ffda6db0000 - 0x00007ffda6dbc000 	C:\WINDOWS\SYSTEM32\CRYPTBASE.dll
0x00007ffda68a0000 - 0x00007ffda68dc000 	C:\WINDOWS\SYSTEM32\IPHLPAPI.DLL
0x00007ffda8970000 - 0x00007ffda8978000 	C:\WINDOWS\System32\NSI.dll
0x00007ffd9e620000 - 0x00007ffd9e637000 	C:\WINDOWS\SYSTEM32\dhcpcsvc6.DLL
0x00007ffd9e710000 - 0x00007ffd9e72d000 	C:\WINDOWS\SYSTEM32\dhcpcsvc.DLL
0x00007ffda68e0000 - 0x00007ffda69aa000 	C:\WINDOWS\SYSTEM32\DNSAPI.dll
0x00007ffd58bd0000 - 0x00007ffd58c15000 	C:\Users\User\AppData\Local\Temp\jna-2645995\jna7146200812060309209.dll
0x00007ffda9700000 - 0x00007ffda9708000 	C:\WINDOWS\System32\PSAPI.DLL

dbghelp: loaded successfully - version: 4.0.5 - missing functions: none
symbol engine: initialized successfully - sym options: 0x614 - pdb path: .;c:\Users\User\.vscode\extensions\redhat.java-1.25.1-win32-x64\jre\17.0.9-win32-x86_64\bin;C:\WINDOWS\SYSTEM32;C:\WINDOWS\WinSxS\amd64_microsoft.windows.common-controls_6595b64144ccf1df_6.0.19041.1110_none_60b5254171f9507e;c:\Users\User\.vscode\extensions\redhat.java-1.25.1-win32-x64\jre\17.0.9-win32-x86_64\bin\server;C:\Users\User\AppData\Roaming\Code\User\globalStorage\redhat.java\1.25.1\config_ss_win\org.eclipse.equinox.launcher\org.eclipse.equinox.launcher.win32.win32.x86_64_1.2.800.v20231003-1442;C:\Users\User\AppData\Local\Temp\jna-2645995

VM Arguments:
jvm_args: --add-modules=ALL-SYSTEM --add-opens=java.base/java.util=ALL-UNNAMED --add-opens=java.base/java.lang=ALL-UNNAMED --add-opens=java.base/sun.nio.fs=ALL-UNNAMED -Declipse.application=org.eclipse.jdt.ls.core.id1 -Dosgi.bundles.defaultStartLevel=4 -Declipse.product=org.eclipse.jdt.ls.core.product -Djava.import.generatesMetadataFilesAtProjectRoot=false -DDetectVMInstallationsJob.disabled=true -Dfile.encoding=utf8 -XX:+UseParallelGC -XX:GCTimeRatio=4 -XX:AdaptiveSizePolicyWeight=90 -Dsun.zip.disableMemoryMapping=true -Xmx1G -Xms100m -Xlog:disable -javaagent:c:\Users\User\.vscode\extensions\redhat.java-1.25.1-win32-x64\lombok\lombok-1.18.30.jar 
java_command: c:\Users\User\.vscode\extensions\redhat.java-1.25.1-win32-x64\server\plugins\org.eclipse.equinox.launcher_1.6.600.v20231106-1826.jar -configuration c:\Users\User\AppData\Roaming\Code\User\globalStorage\redhat.java\1.25.1\config_ss_win -data c:\Users\User\AppData\Roaming\Code\User\workspaceStorage\fa6277eb2518f508ced274ced3ce914a\redhat.java\ss_ws --stdio
java_class_path (initial): c:\Users\User\.vscode\extensions\redhat.java-1.25.1-win32-x64\server\plugins\org.eclipse.equinox.launcher_1.6.600.v20231106-1826.jar
Launcher Type: SUN_STANDARD

[Global flags]
    uintx AdaptiveSizePolicyWeight                 = 90                                        {product} {command line}
     intx CICompilerCount                          = 3                                         {product} {ergonomic}
    uintx GCTimeRatio                              = 4                                         {product} {command line}
   size_t InitialHeapSize                          = 104857600                                 {product} {command line}
   size_t MaxHeapSize                              = 1073741824                                {product} {command line}
   size_t MaxNewSize                               = 357564416                                 {product} {ergonomic}
   size_t MinHeapDeltaBytes                        = 524288                                    {product} {ergonomic}
   size_t MinHeapSize                              = 104857600                                 {product} {command line}
   size_t NewSize                                  = 34603008                                  {product} {ergonomic}
    uintx NonNMethodCodeHeapSize                   = 5832780                                {pd product} {ergonomic}
    uintx NonProfiledCodeHeapSize                  = 122912730                              {pd product} {ergonomic}
   size_t OldSize                                  = 70254592                                  {product} {ergonomic}
    uintx ProfiledCodeHeapSize                     = 122912730                              {pd product} {ergonomic}
    uintx ReservedCodeCacheSize                    = 251658240                              {pd product} {ergonomic}
     bool SegmentedCodeCache                       = true                                      {product} {ergonomic}
   size_t SoftMaxHeapSize                          = 1073741824                             {manageable} {ergonomic}
     bool UseCompressedClassPointers               = true                           {product lp64_product} {ergonomic}
     bool UseCompressedOops                        = true                           {product lp64_product} {ergonomic}
     bool UseLargePagesIndividualAllocation        = false                                  {pd product} {ergonomic}
     bool UseParallelGC                            = true                                      {product} {command line}

Logging:
Log output configuration:
 #0: stdout all=off uptime,level,tags
 #1: stderr all=off uptime,level,tags

Environment Variables:
JAVA_HOME=C:\Program Files\Java\jdk-15.0.2
CLASSPATH=C:\mysql-connector-java-8.0.29.jar;.;
PATH=C:\Program Files\Common Files\Oracle\Java\javapath;C:\WINDOWS\system32;C:\WINDOWS;C:\WINDOWS\system32\Wbem;C:\Program Files\Java\jdk-15.0.2\bin;C:\Program Files\Git\cmd;C:\ProgramData\Microsoft VS Code\bin;C:\Users\User\AppData\Local\Microsoft\WindowsApps;%IntelliJ IDEA Community Edition%
USERNAME=User
OS=Windows_NT
PROCESSOR_IDENTIFIER=Intel64 Family 6 Model 58 Stepping 9, GenuineIntel
TMP=C:\Users\User\AppData\Local\Temp
TEMP=C:\Users\User\AppData\Local\Temp



Periodic native trim disabled


---------------  S Y S T E M  ---------------

OS:
 Windows 10 , 64 bit Build 19041 (10.0.19041.3031)
OS uptime: 4 days 22:18 hours

CPU: total 4 (initial active 4) (2 cores per cpu, 2 threads per core) family 6 model 58 stepping 9 microcode 0x21, cx8, cmov, fxsr, ht, mmx, sse, sse2, sse3, ssse3, sse4.1, sse4.2, popcnt, tsc, tscinvbit, avx, erms, clmul, vzeroupper, clflush
Processor Information for all 4 processors :
  Max Mhz: 3300, Current Mhz: 3300, Mhz Limit: 3300

Memory: 4k page, system-wide physical 8082M (1668M free)
TotalPageFile size 12018M (AvailPageFile size 4793M)
current process WorkingSet (physical memory assigned to process): 223M, peak: 225M
current process commit charge ("private bytes"): 292M, peak: 294M

vm_info: OpenJDK 64-Bit Server VM (17.0.9+9) for windows-amd64 JRE (17.0.9+9), built on Oct 26 2023 14:01:42 by "admin" with MS VC++ 16.10 / 16.11 (VS2019)

END.
