#
# A fatal error has been detected by the Java Runtime Environment:
#
#  EXCEPTION_ACCESS_VIOLATION (0xc0000005) at pc=0x00007ffab6c6cf02, pid=14832, tid=16508
#
# JRE version: OpenJDK Runtime Environment JBR-17.0.9+7-1087.9-nomod (17.0.9+7) (build 17.0.9+7-b1087.9)
# Java VM: OpenJDK 64-Bit Server VM JBR-17.0.9+7-1087.9-nomod (17.0.9+7-b1087.9, mixed mode, tiered, compressed oops, compressed class ptrs, g1 gc, windows-amd64)
# Problematic frame:
# V  [jvm.dll+0x2dcf02]  G1ConcurrentMark::mark_in_next_bitmap+0x32
#
# No core dump will be written. Minidumps are not enabled by default on client versions of Windows
#
# If you would like to submit a bug report, please visit:
#   https://youtrack.jetbrains.com/issues/JBR
#

---------------  S U M M A R Y ------------

Command Line: -agentlib:jdwp=transport=dt_socket,address=127.0.0.1:53026,suspend=y,server=n -javaagent:C:\Users\User\AppData\Local\JetBrains\IdeaIC2023.2\captureAgent\debugger-agent.jar -Dfile.encoding=UTF-8 com.sbs.SmartBillingSystem.SmartBillingSystemApplication

Host: Intel(R) Core(TM) i3-3220 CPU @ 3.30GHz, 4 cores, 7G,  Windows 10 , 64 bit Build 19041 (10.0.19041.3636)
Time: Tue Mar 19 23:51:36 2024 India Standard Time elapsed time: 58.932744 seconds (0d 0h 0m 58s)

---------------  T H R E A D  ---------------

Current thread (0x000001ff7b688c00):  ConcurrentGCThread "G1 Conc#0" [stack: 0x000000dde3100000,0x000000dde3200000] [id=16508]

Stack: [0x000000dde3100000,0x000000dde3200000],  sp=0x000000dde31ffb70,  free space=1022k
Native frames: (J=compiled Java code, j=interpreted, Vv=VM code, C=native code)
V  [jvm.dll+0x2dcf02]  G1ConcurrentMark::mark_in_next_bitmap+0x32  (g1ConcurrentMark.inline.hpp:61)
V  [jvm.dll+0x2eab17]  OopOopIterateDispatch<G1RootRegionScanClosure>::Table::oop_oop_iterate<InstanceKlass,enum narrowOop>+0xa7  (iterator.inline.hpp:216)
V  [jvm.dll+0x2f18b4]  G1CMRootRegionScanTask::work+0x104  (g1ConcurrentMark.cpp:881)
V  [jvm.dll+0x86f66b]  GangWorker::loop+0x5b  (workgroup.cpp:260)
V  [jvm.dll+0x86f6b6]  GangWorker::run+0x16  (workgroup.cpp:227)
V  [jvm.dll+0x7f043a]  Thread::call_run+0x8a  (thread.cpp:405)
V  [jvm.dll+0x6871c5]  thread_native_entry+0x75  (os_windows.cpp:550)
C  [ucrtbase.dll+0x21bb2]
C  [KERNEL32.DLL+0x17344]
C  [ntdll.dll+0x526b1]


siginfo: EXCEPTION_ACCESS_VIOLATION (0xc0000005), reading address 0x00000000000000c8


Registers:
RAX=0x000001ff7b6444b0, RBX=0x00000000844c1b10, RCX=0x0000000000000014, RDX=0x0000000000000000
RSP=0x000000dde31ffb70, RBP=0x0000000000000000, RSI=0x000001ff7b677440, RDI=0x0000000095aab388
R8 =0x0000000095aab388, R9 =0x0000000000000000, R10=0x000000000000008d, R11=0x0000000000000003
R12=0x0000000000000000, R13=0x00007ffab74b6e40, R14=0x000000010004a798, R15=0x00000000844c1ad8
RIP=0x00007ffab6c6cf02, EFLAGS=0x0000000000010207


Register to memory mapping:

RIP=0x00007ffab6c6cf02 jvm.dll::G1ConcurrentMark::mark_in_next_bitmap + 0x32
RAX=0x000001ff7b6444b0 points into unknown readable memory: 0x0000000000000000 | 00 00 00 00 00 00 00 00
RBX=0x00000000844c1b10 is pointing into object: java.lang.reflect.Method 
{0x00000000844c1ad8} - klass: 'java/lang/reflect/Method'
 - ---- fields (total size 11 words):
 - 'override' 'Z' @12  false
 - volatile 'accessCheckCache' 'Ljava/lang/Object;' @16  NULL (0)
 - private volatile transient 'hasRealParameterData' 'Z' @13  false
 - private volatile transient 'parameters' '[Ljava/lang/reflect/Parameter;' @20  NULL (0)
 - private volatile transient 'declaredAnnotations' 'Ljava/util/Map;' @24  a 'java/util/Collections$EmptyMap'{0x00000000820718b0} (820718b0)
 - private 'slot' 'I' @28  10 (a)
 - private synchronized 'modifiers' 'I' @32  1
 - private synchronized 'clazz' 'Ljava/lang/Class;' @36  a 'java/lang/Class'{0x0000000082982ba0} = 'org/springframework/http/converter/json/AbstractJackson2HttpMessageConverter' (82982ba0)
 - private 'name' 'Ljava/lang/String;' @40  "registerObjectMappersForType"{0x00000000844c1b30} (844c1b30)
 - private 'returnType' 'Ljava/lang/Class;' @44  a 'java/lang/Class'{0x000000008210ce58} = void (8210ce58)
 - private 'parameterTypes' '[Ljava/lang/Class;' @48  a 'java/lang/Class'[2] {0x00000000844c1b78} (844c1b78)
 - private 'exceptionTypes' '[Ljava/lang/Class;' @52  a 'java/lang/Class'[0] {0x000000008210cf10} (8210cf10)
 - private transient 'signature' 'Ljava/lang/String;' @56  
[error occurred during error reporting (printing register info), id 0xc0000005, EXCEPTION_ACCESS_VIOLATION (0xc0000005) at pc=0x00007ffab6d299ce]

Top of Stack: (sp=0x000000dde31ffb70)
0x000000dde31ffb70:   0000000000000002 00007ffab6c6cf34
0x000000dde31ffb80:   00000000844bfb60 00007ffab6c7b107
0x000000dde31ffb90:   00000000844c1b2c 00007ffab6c7ab17
0x000000dde31ffba0:   00000000844c1b0c 000000dde31ffc00
0x000000dde31ffbb0:   000000010004a790 000001ff7b6774f0
0x000000dde31ffbc0:   000000dde30ff4e0 0000000084500000
0x000000dde31ffbd0:   00000000844c1ad8 00007ffab6c818b4
0x000000dde31ffbe0:   000000000000000b 000000010004a320
0x000000dde31ffbf0:   000001ff7b6774f0 00000000842e54c0
0x000000dde31ffc00:   00007ffab72f1ec0 0000000000000000
0x000000dde31ffc10:   0000000000000003 000001ff7b62d0b0
0x000000dde31ffc20:   000001ff7b677440 0000000000000000
0x000000dde31ffc30:   000001ff7b688c00 0000000000000000
0x000000dde31ffc40:   0000000000000000 0000000000000000
0x000000dde31ffc50:   0000000000000000 00007ffab71ff66b
0x000000dde31ffc60:   0000000000000001 000001ff7b688c00
0x000000dde31ffc70:   000000dde30ff4e0 000000dde30ff4e0
0x000000dde31ffc80:   00000000000075a3 00007ffab71ff6b6
0x000000dde31ffc90:   000001ff7b688c00 000000ddffffffff
0x000000dde31ffca0:   000001ff7b617550 0000000000000000
0x000000dde31ffcb0:   000001ff7b688c00 00007ffab718043a
0x000000dde31ffcc0:   0000000000000000 00000000000075a3
0x000000dde31ffcd0:   000001ff7b688c00 00007ffb06ed3a81
0x000000dde31ffce0:   0000000000000000 0000000000000000
0x000000dde31ffcf0:   0000000000000000 00007ffab70171c5
0x000000dde31ffd00:   000001ff7b688c00 0000000000000000
0x000000dde31ffd10:   0000000000000000 0000000000000000
0x000000dde31ffd20:   000000dde31fc100 0000000000000000
0x000000dde31ffd30:   0000000000000000 00007ffb06ee1bb2
0x000000dde31ffd40:   000001ff7b688c00 00000000000075a3
0x000000dde31ffd50:   000001ff7b6293d0 0000000000000000
0x000000dde31ffd60:   0000000000000000 00007ffb07ae7344 

Instructions: (pc=0x00007ffab6c6cf02)
0x00007ffab6c6ce02:   48 3b c8 75 ee 32 db 48 8b 6c 24 38 0f b6 c3 48
0x00007ffab6c6ce12:   8b 5c 24 30 48 8b 74 24 40 48 83 c4 20 5f c3 80
0x00007ffab6c6ce22:   3d 76 59 8b 00 00 b3 01 74 15 8b 57 08 8b 0d d3
0x00007ffab6c6ce32:   94 84 00 48 d3 e2 48 03 15 c1 94 84 00 eb 04 48
0x00007ffab6c6ce42:   8b 57 08 48 8b cf e8 23 fd d2 ff 4c 63 d8 48 8b
0x00007ffab6c6ce52:   86 08 03 00 00 4c 8b 04 e8 49 8b 40 18 8b 88 c0
0x00007ffab6c6ce62:   01 00 00 48 8b 90 b8 01 00 00 48 d3 e2 8b 0d 6b
0x00007ffab6c6ce72:   62 8b 00 48 2b fa 41 8b 50 60 48 d3 ef 44 8b d7
0x00007ffab6c6ce82:   49 23 d2 48 c1 e2 04 49 03 50 40 8b 02 3b c7 74
0x00007ffab6c6ce92:   2d 4c 8b 4a 08 4d 85 c9 74 0c 8b c8 49 8b 40 38
0x00007ffab6c6cea2:   f0 4c 0f c1 0c c8 48 c7 42 08 00 00 00 00 44 89
0x00007ffab6c6ceb2:   12 49 ff 40 58 4c 01 5a 08 e9 49 ff ff ff 49 ff
0x00007ffab6c6cec2:   40 50 4c 01 5a 08 e9 3c ff ff ff cc cc cc 48 89
0x00007ffab6c6ced2:   6c 24 10 48 89 74 24 18 57 48 83 ec 20 48 8b 41
0x00007ffab6c6cee2:   08 48 8b f1 4d 8b c8 8b ea 49 8b f8 8b 88 c0 01
0x00007ffab6c6cef2:   00 00 48 8b 80 b0 01 00 00 49 d3 e9 4e 8b 0c c8
0x00007ffab6c6cf02:   4d 3b 81 c8 00 00 00 72 12 32 c0 48 8b 6c 24 38
0x00007ffab6c6cf12:   48 8b 74 24 40 48 83 c4 20 5f c3 48 89 5c 24 30
0x00007ffab6c6cf22:   48 8b d7 48 8b 9e 98 00 00 00 48 8b cb 48 8b 03
0x00007ffab6c6cf32:   ff 10 8b 4b 18 48 8b d7 48 2b 53 08 48 8b 43 20
0x00007ffab6c6cf42:   48 c1 ea 03 48 d3 ea 48 8b ca 48 c1 e9 06 4c 8d
0x00007ffab6c6cf52:   04 c8 0f b6 ca 49 8b 00 80 e1 3f ba 01 00 00 00
0x00007ffab6c6cf62:   48 d3 e2 48 8b c8 48 0b ca 48 3b c8 74 12 f0 49
0x00007ffab6c6cf72:   0f b1 08 74 25 48 8b c8 48 0b ca 48 3b c8 75 ee
0x00007ffab6c6cf82:   32 db 48 8b 6c 24 38 0f b6 c3 48 8b 5c 24 30 48
0x00007ffab6c6cf92:   8b 74 24 40 48 83 c4 20 5f c3 80 3d fb 57 8b 00
0x00007ffab6c6cfa2:   00 b3 01 74 15 8b 57 08 8b 0d 58 93 84 00 48 d3
0x00007ffab6c6cfb2:   e2 48 03 15 46 93 84 00 eb 04 48 8b 57 08 48 8b
0x00007ffab6c6cfc2:   cf e8 a8 fb d2 ff 4c 63 d8 48 8b 86 08 03 00 00
0x00007ffab6c6cfd2:   4c 8b 04 e8 49 8b 40 18 8b 88 c0 01 00 00 48 8b
0x00007ffab6c6cfe2:   90 b8 01 00 00 48 d3 e2 8b 0d f0 60 8b 00 48 2b
0x00007ffab6c6cff2:   fa 41 8b 50 60 48 d3 ef 44 8b d7 49 23 d2 48 c1 


Stack slot to memory mapping:
stack at sp + 0 slots: 0x0000000000000002 is an unknown value
stack at sp + 1 slots: 0x00007ffab6c6cf34 jvm.dll::G1ConcurrentMark::mark_in_next_bitmap + 0x64
stack at sp + 2 slots: 0x00000000844bfb60 is an oop: org.springframework.util.ConcurrentReferenceHashMap$SoftEntryReference 
{0x00000000844bfb60} - klass: 'org/springframework/util/ConcurrentReferenceHashMap$SoftEntryReference'
 - ---- fields (total size 6 words):
 - private 'referent' 'Ljava/lang/Object;' @12  a 'org/springframework/util/ConcurrentReferenceHashMap$Entry'{0x00000000844bfb90} (844bfb90)
 - volatile 'queue' 'Ljava/lang/ref/ReferenceQueue;' @16  a 'java/lang/ref/ReferenceQueue'{0x000000008282bb60} (8282bb60)
 - volatile 'next' 'Ljava/lang/ref/Reference;' @20  NULL (0)
 - private transient 'discovered' 'Ljava/lang/ref/Reference;' @24  NULL (0)
 - private 'timestamp' 'J' @32  185793942 (b12fd96 0)
 - private final 'hash' 'I' @28  654953489 (2709cc11)
 - private final 'nextReference' 'Lorg/springframework/util/ConcurrentReferenceHashMap$Reference;' @40  a 'org/springframework/util/ConcurrentReferenceHashMap$SoftEntryReference'{0x0000000084113c70} (84113c70)
stack at sp + 3 slots: 0x00007ffab6c7b107 jvm.dll::InstanceRefKlass::oop_oop_iterate<enum narrowOop,G1RootRegionScanClosure> + 0x1c7
stack at sp + 4 slots: 0x00000000844c1b2c is pointing into object: java.lang.reflect.Method 
{0x00000000844c1ad8} - klass: 'java/lang/reflect/Method'
 - ---- fields (total size 11 words):
 - 'override' 'Z' @12  false
 - volatile 'accessCheckCache' 'Ljava/lang/Object;' @16  NULL (0)
 - private volatile transient 'hasRealParameterData' 'Z' @13  false
 - private volatile transient 'parameters' '[Ljava/lang/reflect/Parameter;' @20  NULL (0)
 - private volatile transient 'declaredAnnotations' 'Ljava/util/Map;' @24  a 'java/util/Collections$EmptyMap'{0x00000000820718b0} (820718b0)
 - private 'slot' 'I' @28  10 (a)
 - private synchronized 'modifiers' 'I' @32  1
 - private synchronized 'clazz' 'Ljava/lang/Class;' @36  a 'java/lang/Class'{0x0000000082982ba0} = 'org/springframework/http/converter/json/AbstractJackson2HttpMessageConverter' (82982ba0)
 - private 'name' 'Ljava/lang/String;' @40  "registerObjectMappersForType"{0x00000000844c1b30} (844c1b30)
 - private 'returnType' 'Ljava/lang/Class;' @44  a 'java/lang/Class'{0x000000008210ce58} = void (8210ce58)
 - private 'parameterTypes' '[Ljava/lang/Class;' @48  a 'java/lang/Class'[2] {0x00000000844c1b78} (844c1b78)
 - private 'exceptionTypes' '[Ljava/lang/Class;' @52  a 'java/lang/Class'[0] {0x000000008210cf10} (8210cf10)
 - private transient 'signature' 'Ljava/lang/String;' @56  
[error occurred during error reporting (inspecting top of stack), id 0xc0000005, EXCEPTION_ACCESS_VIOLATION (0xc0000005) at pc=0x00007ffab6d299ce]


---------------  P R O C E S S  ---------------

Threads class SMR info:
_java_thread_list=0x000001ff1b460c70, length=34, elements={
0x000001ff15082610, 0x000001ff150835d0, 0x000001ff7ff08a30, 0x000001ff7ff0a600,
0x000001ff7ff0d4d0, 0x000001ff7ff0de90, 0x000001ff150a0500, 0x000001ff150a1a30,
0x000001ff150bcb20, 0x000001ff15366040, 0x000001ff153d7a50, 0x000001ff153d9f70,
0x000001ff153db480, 0x000001ff156cc6c0, 0x000001ff1a47e580, 0x000001ff1a47db60,
0x000001ff1a47ea90, 0x000001ff1a47bd00, 0x000001ff1a47c210, 0x000001ff1a47c720,
0x000001ff1a47d140, 0x000001ff1a47cc30, 0x000001ff1c92dd20, 0x000001ff1c92cdf0,
0x000001ff1c92e230, 0x000001ff1c92f160, 0x000001ff1c92e740, 0x000001ff1c92b9b0,
0x000001ff1c92a060, 0x000001ff1c92c3d0, 0x000001ff1c92d300, 0x000001ff1c92d810,
0x000001ff1c92ec50, 0x000001ff1c930090
}

Java Threads: ( => current thread )
  0x000001ff15082610 JavaThread "Reference Handler" daemon [_thread_blocked, id=8160, stack(0x000000dde3500000,0x000000dde3600000)]
  0x000001ff150835d0 JavaThread "Finalizer" daemon [_thread_blocked, id=1120, stack(0x000000dde3600000,0x000000dde3700000)]
  0x000001ff7ff08a30 JavaThread "Signal Dispatcher" daemon [_thread_blocked, id=2248, stack(0x000000dde3700000,0x000000dde3800000)]
  0x000001ff7ff0a600 JavaThread "Attach Listener" daemon [_thread_blocked, id=3268, stack(0x000000dde3800000,0x000000dde3900000)]
  0x000001ff7ff0d4d0 JavaThread "Service Thread" daemon [_thread_blocked, id=16620, stack(0x000000dde3900000,0x000000dde3a00000)]
  0x000001ff7ff0de90 JavaThread "Monitor Deflation Thread" daemon [_thread_blocked, id=4024, stack(0x000000dde3a00000,0x000000dde3b00000)]
  0x000001ff150a0500 JavaThread "C2 CompilerThread0" daemon [_thread_blocked, id=14068, stack(0x000000dde3b00000,0x000000dde3c00000)]
  0x000001ff150a1a30 JavaThread "C1 CompilerThread0" daemon [_thread_blocked, id=5936, stack(0x000000dde3c00000,0x000000dde3d00000)]
  0x000001ff150bcb20 JavaThread "Sweeper thread" daemon [_thread_blocked, id=4132, stack(0x000000dde3d00000,0x000000dde3e00000)]
  0x000001ff15366040 JavaThread "Common-Cleaner" daemon [_thread_blocked, id=16140, stack(0x000000dde3e00000,0x000000dde3f00000)]
  0x000001ff153d7a50 JavaThread "JDWP Transport Listener: dt_socket" daemon [_thread_blocked, id=15348, stack(0x000000dde3f00000,0x000000dde4000000)]
  0x000001ff153d9f70 JavaThread "JDWP Event Helper Thread" daemon [_thread_blocked, id=10532, stack(0x000000dde4000000,0x000000dde4100000)]
  0x000001ff153db480 JavaThread "JDWP Command Reader" daemon [_thread_in_native, id=15556, stack(0x000000dde4100000,0x000000dde4200000)]
  0x000001ff156cc6c0 JavaThread "Notification Thread" daemon [_thread_blocked, id=16912, stack(0x000000dde4200000,0x000000dde4300000)]
  0x000001ff1a47e580 JavaThread "Catalina-utility-1" [_thread_blocked, id=15304, stack(0x000000dde4a00000,0x000000dde4b00000)]
  0x000001ff1a47db60 JavaThread "Catalina-utility-2" [_thread_blocked, id=16916, stack(0x000000dde4b00000,0x000000dde4c00000)]
  0x000001ff1a47ea90 JavaThread "container-0" [_thread_blocked, id=7292, stack(0x000000dde4c00000,0x000000dde4d00000)]
  0x000001ff1a47bd00 JavaThread "mysql-cj-abandoned-connection-cleanup" daemon [_thread_blocked, id=15988, stack(0x000000dde4d00000,0x000000dde4e00000)]
  0x000001ff1a47c210 JavaThread "HikariPool-1 housekeeper" daemon [_thread_blocked, id=15048, stack(0x000000dde4f00000,0x000000dde5000000)]
  0x000001ff1a47c720 JavaThread "File Watcher" daemon [_thread_blocked, id=16812, stack(0x000000dde5000000,0x000000dde5100000)]
  0x000001ff1a47d140 JavaThread "Live Reload Server" daemon [_thread_in_native, id=12584, stack(0x000000dde5200000,0x000000dde5300000)]
  0x000001ff1a47cc30 JavaThread "http-nio-8080-exec-1" daemon [_thread_blocked, id=7272, stack(0x000000dde5100000,0x000000dde5200000)]
  0x000001ff1c92dd20 JavaThread "http-nio-8080-exec-2" daemon [_thread_blocked, id=14868, stack(0x000000dde5300000,0x000000dde5400000)]
  0x000001ff1c92cdf0 JavaThread "http-nio-8080-exec-3" daemon [_thread_blocked, id=17168, stack(0x000000dde5400000,0x000000dde5500000)]
  0x000001ff1c92e230 JavaThread "http-nio-8080-exec-4" daemon [_thread_blocked, id=10620, stack(0x000000dde5500000,0x000000dde5600000)]
  0x000001ff1c92f160 JavaThread "http-nio-8080-exec-5" daemon [_thread_blocked, id=8652, stack(0x000000dde5600000,0x000000dde5700000)]
  0x000001ff1c92e740 JavaThread "http-nio-8080-exec-6" daemon [_thread_blocked, id=5632, stack(0x000000dde5700000,0x000000dde5800000)]
  0x000001ff1c92b9b0 JavaThread "http-nio-8080-exec-7" daemon [_thread_blocked, id=16676, stack(0x000000dde5800000,0x000000dde5900000)]
  0x000001ff1c92a060 JavaThread "http-nio-8080-exec-8" daemon [_thread_blocked, id=17236, stack(0x000000dde5900000,0x000000dde5a00000)]
  0x000001ff1c92c3d0 JavaThread "http-nio-8080-exec-9" daemon [_thread_blocked, id=17184, stack(0x000000dde5a00000,0x000000dde5b00000)]
  0x000001ff1c92d300 JavaThread "http-nio-8080-exec-10" daemon [_thread_in_native, id=14344, stack(0x000000dde5b00000,0x000000dde5c00000)]
  0x000001ff1c92d810 JavaThread "http-nio-8080-Poller" daemon [_thread_in_native, id=8748, stack(0x000000dde5c00000,0x000000dde5d00000)]
  0x000001ff1c92ec50 JavaThread "http-nio-8080-Acceptor" daemon [_thread_in_native, id=14876, stack(0x000000dde5d00000,0x000000dde5e00000)]
  0x000001ff1c930090 JavaThread "DestroyJavaVM" [_thread_blocked, id=6536, stack(0x000000dde2e00000,0x000000dde2f00000)]

Other Threads:
  0x000001ff15070090 VMThread "VM Thread" [stack: 0x000000dde3400000,0x000000dde3500000] [id=15672]
  0x000001ff153e7a90 WatcherThread [stack: 0x000000dde4300000,0x000000dde4400000] [id=8072]
  0x000001ff7b676e30 GCTaskThread "GC Thread#0" [stack: 0x000000dde2f00000,0x000000dde3000000] [id=1908]
  0x000001ff157c3260 GCTaskThread "GC Thread#1" [stack: 0x000000dde4500000,0x000000dde4600000] [id=6916]
  0x000001ff157c3520 GCTaskThread "GC Thread#2" [stack: 0x000000dde4600000,0x000000dde4700000] [id=1956]
  0x000001ff15be8960 GCTaskThread "GC Thread#3" [stack: 0x000000dde4700000,0x000000dde4800000] [id=12368]
  0x000001ff7b687a40 ConcurrentGCThread "G1 Main Marker" [stack: 0x000000dde3000000,0x000000dde3100000] [id=17116]
=>0x000001ff7b688c00 ConcurrentGCThread "G1 Conc#0" [stack: 0x000000dde3100000,0x000000dde3200000] [id=16508]
  0x000001ff7b6bcbe0 ConcurrentGCThread "G1 Refine#0" [stack: 0x000000dde3200000,0x000000dde3300000] [id=6808]
  0x000001ff7b6bd610 ConcurrentGCThread "G1 Service" [stack: 0x000000dde3300000,0x000000dde3400000] [id=13156]

Threads with active compile tasks:

VM state: not at safepoint (normal execution)

VM Mutex/Monitor currently owned by a thread: None

Heap address: 0x0000000081a00000, size: 2022 MB, Compressed Oops mode: 32-bit

CDS archive(s) not mapped
Compressed class space mapped at: 0x0000000100000000-0x0000000140000000, reserved size: 1073741824
Narrow klass base: 0x0000000000000000, Narrow klass shift: 3, Narrow klass range: 0x140000000

GC Precious Log:
 CPUs: 4 total, 4 available
 Memory: 8082M
 Large Page Support: Disabled
 NUMA Support: Disabled
 Compressed Oops: Enabled (32-bit)
 Heap Region Size: 1M
 Heap Min Capacity: 8M
 Heap Initial Capacity: 128M
 Heap Max Capacity: 2022M
 Pre-touch: Disabled
 Parallel Workers: 4
 Concurrent Workers: 1
 Concurrent Refinement Workers: 4
 Periodic GC: Disabled

Heap:
 garbage-first heap   total 122880K, used 55121K [0x0000000081a00000, 0x0000000100000000)
  region size 1024K, 7 young (7168K), 4 survivors (4096K)
 Metaspace       used 94890K, committed 95424K, reserved 1179648K
  class space    used 12298K, committed 12544K, reserved 1048576K

Heap Regions: E=young(eden), S=young(survivor), O=old, HS=humongous(starts), HC=humongous(continues), CS=collection set, F=free, OA=open archive, CA=closed archive, TAMS=top-at-mark-start (previous, next)
|   0|0x0000000081a00000, 0x0000000081b00000, 0x0000000081b00000|100%|HS|  |TAMS 0x0000000081b00000, 0x0000000081b00000| Complete 
|   1|0x0000000081b00000, 0x0000000081c00000, 0x0000000081c00000|100%|HS|  |TAMS 0x0000000081c00000, 0x0000000081c00000| Complete 
|   2|0x0000000081c00000, 0x0000000081d00000, 0x0000000081d00000|100%| O|  |TAMS 0x0000000081d00000, 0x0000000081d00000| Untracked 
|   3|0x0000000081d00000, 0x0000000081e00000, 0x0000000081e00000|100%| O|  |TAMS 0x0000000081e00000, 0x0000000081e00000| Untracked 
|   4|0x0000000081e00000, 0x0000000081f00000, 0x0000000081f00000|100%| O|  |TAMS 0x0000000081f00000, 0x0000000081f00000| Untracked 
|   5|0x0000000081f00000, 0x0000000082000000, 0x0000000082000000|100%| O|  |TAMS 0x0000000082000000, 0x0000000082000000| Untracked 
|   6|0x0000000082000000, 0x0000000082100000, 0x0000000082100000|100%| O|  |TAMS 0x0000000082100000, 0x0000000082100000| Untracked 
|   7|0x0000000082100000, 0x0000000082200000, 0x0000000082200000|100%| O|  |TAMS 0x0000000082200000, 0x0000000082200000| Untracked 
|   8|0x0000000082200000, 0x0000000082300000, 0x0000000082300000|100%| O|  |TAMS 0x0000000082300000, 0x0000000082300000| Untracked 
|   9|0x0000000082300000, 0x0000000082400000, 0x0000000082400000|100%| O|  |TAMS 0x0000000082400000, 0x0000000082400000| Untracked 
|  10|0x0000000082400000, 0x0000000082500000, 0x0000000082500000|100%| O|  |TAMS 0x0000000082500000, 0x0000000082500000| Untracked 
|  11|0x0000000082500000, 0x0000000082600000, 0x0000000082600000|100%| O|  |TAMS 0x0000000082600000, 0x0000000082600000| Untracked 
|  12|0x0000000082600000, 0x0000000082700000, 0x0000000082700000|100%| O|  |TAMS 0x0000000082700000, 0x0000000082700000| Untracked 
|  13|0x0000000082700000, 0x0000000082800000, 0x0000000082800000|100%| O|  |TAMS 0x0000000082800000, 0x0000000082800000| Untracked 
|  14|0x0000000082800000, 0x0000000082900000, 0x0000000082900000|100%| O|  |TAMS 0x0000000082900000, 0x0000000082900000| Untracked 
|  15|0x0000000082900000, 0x0000000082a00000, 0x0000000082a00000|100%| O|  |TAMS 0x0000000082a00000, 0x0000000082a00000| Untracked 
|  16|0x0000000082a00000, 0x0000000082b00000, 0x0000000082b00000|100%| O|  |TAMS 0x0000000082b00000, 0x0000000082b00000| Untracked 
|  17|0x0000000082b00000, 0x0000000082c00000, 0x0000000082c00000|100%| O|  |TAMS 0x0000000082b00000, 0x0000000082c00000| Untracked 
|  18|0x0000000082c00000, 0x0000000082d00000, 0x0000000082d00000|100%| O|  |TAMS 0x0000000082d00000, 0x0000000082d00000| Untracked 
|  19|0x0000000082d00000, 0x0000000082e00000, 0x0000000082e00000|100%| O|  |TAMS 0x0000000082e00000, 0x0000000082e00000| Untracked 
|  20|0x0000000082e00000, 0x0000000082f00000, 0x0000000082f00000|100%| O|  |TAMS 0x0000000082f00000, 0x0000000082f00000| Untracked 
|  21|0x0000000082f00000, 0x0000000083000000, 0x0000000083000000|100%| O|  |TAMS 0x0000000083000000, 0x0000000083000000| Untracked 
|  22|0x0000000083000000, 0x0000000083100000, 0x0000000083100000|100%| O|  |TAMS 0x0000000083100000, 0x0000000083100000| Untracked 
|  23|0x0000000083100000, 0x0000000083200000, 0x0000000083200000|100%| O|  |TAMS 0x0000000083200000, 0x0000000083200000| Untracked 
|  24|0x0000000083200000, 0x0000000083300000, 0x0000000083300000|100%| O|  |TAMS 0x0000000083300000, 0x0000000083300000| Untracked 
|  25|0x0000000083300000, 0x0000000083400000, 0x0000000083400000|100%| O|  |TAMS 0x0000000083400000, 0x0000000083400000| Untracked 
|  26|0x0000000083400000, 0x0000000083500000, 0x0000000083500000|100%| O|  |TAMS 0x0000000083500000, 0x0000000083500000| Untracked 
|  27|0x0000000083500000, 0x0000000083600000, 0x0000000083600000|100%| O|  |TAMS 0x0000000083600000, 0x0000000083600000| Untracked 
|  28|0x0000000083600000, 0x0000000083700000, 0x0000000083700000|100%| O|  |TAMS 0x0000000083700000, 0x0000000083700000| Untracked 
|  29|0x0000000083700000, 0x0000000083800000, 0x0000000083800000|100%| O|  |TAMS 0x0000000083800000, 0x0000000083800000| Untracked 
|  30|0x0000000083800000, 0x0000000083900000, 0x0000000083900000|100%| O|  |TAMS 0x0000000083900000, 0x0000000083900000| Untracked 
|  31|0x0000000083900000, 0x0000000083a00000, 0x0000000083a00000|100%| O|  |TAMS 0x0000000083a00000, 0x0000000083a00000| Untracked 
|  32|0x0000000083a00000, 0x0000000083b00000, 0x0000000083b00000|100%| O|  |TAMS 0x0000000083a00000, 0x0000000083b00000| Untracked 
|  33|0x0000000083b00000, 0x0000000083c00000, 0x0000000083c00000|100%| O|  |TAMS 0x0000000083b00000, 0x0000000083c00000| Untracked 
|  34|0x0000000083c00000, 0x0000000083d00000, 0x0000000083d00000|100%| O|  |TAMS 0x0000000083c00000, 0x0000000083d00000| Untracked 
|  35|0x0000000083d00000, 0x0000000083e00000, 0x0000000083e00000|100%| O|  |TAMS 0x0000000083d00000, 0x0000000083e00000| Untracked 
|  36|0x0000000083e00000, 0x0000000083f00000, 0x0000000083f00000|100%| O|  |TAMS 0x0000000083e00000, 0x0000000083f00000| Untracked 
|  37|0x0000000083f00000, 0x0000000084000000, 0x0000000084000000|100%| O|  |TAMS 0x0000000083f00000, 0x0000000084000000| Untracked 
|  38|0x0000000084000000, 0x0000000084100000, 0x0000000084100000|100%| O|  |TAMS 0x0000000084000000, 0x0000000084100000| Untracked 
|  39|0x0000000084100000, 0x0000000084200000, 0x0000000084200000|100%| O|  |TAMS 0x0000000084100000, 0x0000000084200000| Untracked 
|  40|0x0000000084200000, 0x0000000084300000, 0x0000000084300000|100%| O|  |TAMS 0x0000000084200000, 0x000000008426f000| Untracked 
|  41|0x0000000084300000, 0x0000000084400000, 0x0000000084400000|100%| O|  |TAMS 0x0000000084300000, 0x0000000084300000| Untracked 
|  42|0x0000000084400000, 0x0000000084500000, 0x0000000084500000|100%| O|  |TAMS 0x0000000084400000, 0x0000000084400000| Untracked 
|  43|0x0000000084500000, 0x0000000084600000, 0x0000000084600000|100%| O|  |TAMS 0x0000000084500000, 0x0000000084500000| Untracked 
|  44|0x0000000084600000, 0x0000000084700000, 0x0000000084700000|100%| O|  |TAMS 0x0000000084600000, 0x0000000084600000| Untracked 
|  45|0x0000000084700000, 0x0000000084800000, 0x0000000084800000|100%| O|  |TAMS 0x0000000084700000, 0x0000000084700000| Untracked 
|  46|0x0000000084800000, 0x0000000084900000, 0x0000000084900000|100%| O|  |TAMS 0x0000000084800000, 0x0000000084800000| Untracked 
|  47|0x0000000084900000, 0x0000000084a00000, 0x0000000084a00000|100%| O|  |TAMS 0x0000000084900000, 0x0000000084900000| Untracked 
|  48|0x0000000084a00000, 0x0000000084a22400, 0x0000000084b00000| 13%| O|  |TAMS 0x0000000084a00000, 0x0000000084a00000| Untracked 
|  49|0x0000000084b00000, 0x0000000084b00000, 0x0000000084c00000|  0%| F|  |TAMS 0x0000000084b00000, 0x0000000084b00000| Untracked 
|  50|0x0000000084c00000, 0x0000000084c00000, 0x0000000084d00000|  0%| F|  |TAMS 0x0000000084c00000, 0x0000000084c00000| Untracked 
|  51|0x0000000084d00000, 0x0000000084d00000, 0x0000000084e00000|  0%| F|  |TAMS 0x0000000084d00000, 0x0000000084d00000| Untracked 
|  52|0x0000000084e00000, 0x0000000084e00000, 0x0000000084f00000|  0%| F|  |TAMS 0x0000000084e00000, 0x0000000084e00000| Untracked 
|  53|0x0000000084f00000, 0x0000000084f00000, 0x0000000085000000|  0%| F|  |TAMS 0x0000000084f00000, 0x0000000084f00000| Untracked 
|  54|0x0000000085000000, 0x0000000085000000, 0x0000000085100000|  0%| F|  |TAMS 0x0000000085000000, 0x0000000085000000| Untracked 
|  55|0x0000000085100000, 0x0000000085100000, 0x0000000085200000|  0%| F|  |TAMS 0x0000000085100000, 0x0000000085100000| Untracked 
|  56|0x0000000085200000, 0x0000000085200000, 0x0000000085300000|  0%| F|  |TAMS 0x0000000085200000, 0x0000000085200000| Untracked 
|  57|0x0000000085300000, 0x0000000085300000, 0x0000000085400000|  0%| F|  |TAMS 0x0000000085300000, 0x0000000085300000| Untracked 
|  58|0x0000000085400000, 0x0000000085400000, 0x0000000085500000|  0%| F|  |TAMS 0x0000000085400000, 0x0000000085400000| Untracked 
|  59|0x0000000085500000, 0x0000000085500000, 0x0000000085600000|  0%| F|  |TAMS 0x0000000085500000, 0x0000000085500000| Untracked 
|  60|0x0000000085600000, 0x0000000085600000, 0x0000000085700000|  0%| F|  |TAMS 0x0000000085600000, 0x0000000085600000| Untracked 
|  61|0x0000000085700000, 0x0000000085700000, 0x0000000085800000|  0%| F|  |TAMS 0x0000000085700000, 0x0000000085700000| Untracked 
|  62|0x0000000085800000, 0x0000000085800000, 0x0000000085900000|  0%| F|  |TAMS 0x0000000085800000, 0x0000000085800000| Untracked 
|  63|0x0000000085900000, 0x0000000085900000, 0x0000000085a00000|  0%| F|  |TAMS 0x0000000085900000, 0x0000000085900000| Untracked 
|  64|0x0000000085a00000, 0x0000000085a00000, 0x0000000085b00000|  0%| F|  |TAMS 0x0000000085a00000, 0x0000000085a00000| Untracked 
|  65|0x0000000085b00000, 0x0000000085b00000, 0x0000000085c00000|  0%| F|  |TAMS 0x0000000085b00000, 0x0000000085b00000| Untracked 
|  66|0x0000000085c00000, 0x0000000085c00000, 0x0000000085d00000|  0%| F|  |TAMS 0x0000000085c00000, 0x0000000085c00000| Untracked 
|  67|0x0000000085d00000, 0x0000000085d00000, 0x0000000085e00000|  0%| F|  |TAMS 0x0000000085d00000, 0x0000000085d00000| Untracked 
|  68|0x0000000085e00000, 0x0000000085e00000, 0x0000000085f00000|  0%| F|  |TAMS 0x0000000085e00000, 0x0000000085e00000| Untracked 
|  69|0x0000000085f00000, 0x0000000085f00000, 0x0000000086000000|  0%| F|  |TAMS 0x0000000085f00000, 0x0000000085f00000| Untracked 
|  70|0x0000000086000000, 0x0000000086000000, 0x0000000086100000|  0%| F|  |TAMS 0x0000000086000000, 0x0000000086000000| Untracked 
|  71|0x0000000086100000, 0x0000000086100000, 0x0000000086200000|  0%| F|  |TAMS 0x0000000086100000, 0x0000000086100000| Untracked 
|  72|0x0000000086200000, 0x0000000086200000, 0x0000000086300000|  0%| F|  |TAMS 0x0000000086200000, 0x0000000086200000| Untracked 
|  73|0x0000000086300000, 0x0000000086300000, 0x0000000086400000|  0%| F|  |TAMS 0x0000000086300000, 0x0000000086300000| Untracked 
|  74|0x0000000086400000, 0x0000000086400000, 0x0000000086500000|  0%| F|  |TAMS 0x0000000086400000, 0x0000000086400000| Untracked 
|  75|0x0000000086500000, 0x0000000086500000, 0x0000000086600000|  0%| F|  |TAMS 0x0000000086500000, 0x0000000086500000| Untracked 
|  76|0x0000000086600000, 0x0000000086600000, 0x0000000086700000|  0%| F|  |TAMS 0x0000000086600000, 0x0000000086600000| Untracked 
|  77|0x0000000086700000, 0x0000000086700000, 0x0000000086800000|  0%| F|  |TAMS 0x0000000086700000, 0x0000000086700000| Untracked 
|  78|0x0000000086800000, 0x0000000086800000, 0x0000000086900000|  0%| F|  |TAMS 0x0000000086800000, 0x0000000086800000| Untracked 
|  79|0x0000000086900000, 0x0000000086900000, 0x0000000086a00000|  0%| F|  |TAMS 0x0000000086900000, 0x0000000086900000| Untracked 
|  80|0x0000000086a00000, 0x0000000086a00000, 0x0000000086b00000|  0%| F|  |TAMS 0x0000000086a00000, 0x0000000086a00000| Untracked 
|  81|0x0000000086b00000, 0x0000000086bb2250, 0x0000000086c00000| 69%| S|CS|TAMS 0x0000000086b00000, 0x0000000086b00000| Complete 
|  82|0x0000000086c00000, 0x0000000086d00000, 0x0000000086d00000|100%| S|CS|TAMS 0x0000000086c00000, 0x0000000086c00000| Complete 
|  83|0x0000000086d00000, 0x0000000086e00000, 0x0000000086e00000|100%| S|CS|TAMS 0x0000000086d00000, 0x0000000086d00000| Complete 
|  84|0x0000000086e00000, 0x0000000086f00000, 0x0000000086f00000|100%| S|CS|TAMS 0x0000000086e00000, 0x0000000086e00000| Complete 
|  85|0x0000000086f00000, 0x0000000086f00000, 0x0000000087000000|  0%| F|  |TAMS 0x0000000086f00000, 0x0000000086f00000| Untracked 
|  86|0x0000000087000000, 0x0000000087000000, 0x0000000087100000|  0%| F|  |TAMS 0x0000000087000000, 0x0000000087000000| Untracked 
|  87|0x0000000087100000, 0x0000000087100000, 0x0000000087200000|  0%| F|  |TAMS 0x0000000087100000, 0x0000000087100000| Untracked 
|  88|0x0000000087200000, 0x0000000087200000, 0x0000000087300000|  0%| F|  |TAMS 0x0000000087200000, 0x0000000087200000| Untracked 
|  89|0x0000000087300000, 0x0000000087300000, 0x0000000087400000|  0%| F|  |TAMS 0x0000000087300000, 0x0000000087300000| Untracked 
|  90|0x0000000087400000, 0x0000000087400000, 0x0000000087500000|  0%| F|  |TAMS 0x0000000087400000, 0x0000000087400000| Untracked 
|  91|0x0000000087500000, 0x0000000087500000, 0x0000000087600000|  0%| F|  |TAMS 0x0000000087500000, 0x0000000087500000| Untracked 
|  92|0x0000000087600000, 0x0000000087600000, 0x0000000087700000|  0%| F|  |TAMS 0x0000000087600000, 0x0000000087600000| Untracked 
|  93|0x0000000087700000, 0x0000000087700000, 0x0000000087800000|  0%| F|  |TAMS 0x0000000087700000, 0x0000000087700000| Untracked 
|  94|0x0000000087800000, 0x0000000087800000, 0x0000000087900000|  0%| F|  |TAMS 0x0000000087800000, 0x0000000087800000| Untracked 
|  95|0x0000000087900000, 0x0000000087900000, 0x0000000087a00000|  0%| F|  |TAMS 0x0000000087900000, 0x0000000087900000| Untracked 
|  96|0x0000000087a00000, 0x0000000087a00000, 0x0000000087b00000|  0%| F|  |TAMS 0x0000000087a00000, 0x0000000087a00000| Untracked 
|  97|0x0000000087b00000, 0x0000000087b00000, 0x0000000087c00000|  0%| F|  |TAMS 0x0000000087b00000, 0x0000000087b00000| Untracked 
|  98|0x0000000087c00000, 0x0000000087c00000, 0x0000000087d00000|  0%| F|  |TAMS 0x0000000087c00000, 0x0000000087c00000| Untracked 
|  99|0x0000000087d00000, 0x0000000087d00000, 0x0000000087e00000|  0%| F|  |TAMS 0x0000000087d00000, 0x0000000087d00000| Untracked 
| 100|0x0000000087e00000, 0x0000000087e00000, 0x0000000087f00000|  0%| F|  |TAMS 0x0000000087e00000, 0x0000000087e00000| Untracked 
| 101|0x0000000087f00000, 0x0000000087f00000, 0x0000000088000000|  0%| F|  |TAMS 0x0000000087f00000, 0x0000000087f00000| Untracked 
| 102|0x0000000088000000, 0x0000000088000000, 0x0000000088100000|  0%| F|  |TAMS 0x0000000088000000, 0x0000000088000000| Untracked 
| 103|0x0000000088100000, 0x0000000088100000, 0x0000000088200000|  0%| F|  |TAMS 0x0000000088100000, 0x0000000088100000| Untracked 
| 104|0x0000000088200000, 0x0000000088200000, 0x0000000088300000|  0%| F|  |TAMS 0x0000000088200000, 0x0000000088200000| Untracked 
| 105|0x0000000088300000, 0x0000000088300000, 0x0000000088400000|  0%| F|  |TAMS 0x0000000088300000, 0x0000000088300000| Untracked 
| 106|0x0000000088400000, 0x0000000088400000, 0x0000000088500000|  0%| F|  |TAMS 0x0000000088400000, 0x0000000088400000| Untracked 
| 107|0x0000000088500000, 0x0000000088500000, 0x0000000088600000|  0%| F|  |TAMS 0x0000000088500000, 0x0000000088500000| Untracked 
| 108|0x0000000088600000, 0x0000000088600000, 0x0000000088700000|  0%| F|  |TAMS 0x0000000088600000, 0x0000000088600000| Untracked 
| 109|0x0000000088700000, 0x0000000088700000, 0x0000000088800000|  0%| F|  |TAMS 0x0000000088700000, 0x0000000088700000| Untracked 
| 110|0x0000000088800000, 0x0000000088800000, 0x0000000088900000|  0%| F|  |TAMS 0x0000000088800000, 0x0000000088800000| Untracked 
| 111|0x0000000088900000, 0x0000000088900000, 0x0000000088a00000|  0%| F|  |TAMS 0x0000000088900000, 0x0000000088900000| Untracked 
| 112|0x0000000088a00000, 0x0000000088a00000, 0x0000000088b00000|  0%| F|  |TAMS 0x0000000088a00000, 0x0000000088a00000| Untracked 
| 113|0x0000000088b00000, 0x0000000088b00000, 0x0000000088c00000|  0%| F|  |TAMS 0x0000000088b00000, 0x0000000088b00000| Untracked 
| 114|0x0000000088c00000, 0x0000000088c00000, 0x0000000088d00000|  0%| F|  |TAMS 0x0000000088c00000, 0x0000000088c00000| Untracked 
| 115|0x0000000088d00000, 0x0000000088d00000, 0x0000000088e00000|  0%| F|  |TAMS 0x0000000088d00000, 0x0000000088d00000| Untracked 
| 116|0x0000000088e00000, 0x0000000088e00000, 0x0000000088f00000|  0%| F|  |TAMS 0x0000000088e00000, 0x0000000088e00000| Untracked 
| 117|0x0000000088f00000, 0x0000000089000000, 0x0000000089000000|100%| E|  |TAMS 0x0000000088f00000, 0x0000000088f00000| Complete 
| 121|0x0000000089300000, 0x0000000089400000, 0x0000000089400000|100%| E|CS|TAMS 0x0000000089300000, 0x0000000089300000| Complete 
| 127|0x0000000089900000, 0x0000000089a00000, 0x0000000089a00000|100%| E|CS|TAMS 0x0000000089900000, 0x0000000089900000| Complete 

Card table byte_map: [0x000001ff7f1d0000,0x000001ff7f5d0000] _byte_map_base: 0x000001ff7edc3000

Marking Bits (Prev, Next): (CMBitMap*) 0x000001ff7b677450, (CMBitMap*) 0x000001ff7b677490
 Prev Bits: [0x000001ff0f000000, 0x000001ff10f98000)
 Next Bits: [0x000001ff10fa0000, 0x000001ff12f38000)

Polling page: 0x000001ff7adc0000

Metaspace:

Usage:
  Non-class:     80.66 MB used.
      Class:     12.01 MB used.
       Both:     92.67 MB used.

Virtual space:
  Non-class space:      128.00 MB reserved,      80.94 MB ( 63%) committed,  2 nodes.
      Class space:        1.00 GB reserved,      12.25 MB (  1%) committed,  1 nodes.
             Both:        1.12 GB reserved,      93.19 MB (  8%) committed. 

Chunk freelists:
   Non-Class:  14.20 MB
       Class:  3.69 MB
        Both:  17.89 MB

MaxMetaspaceSize: unlimited
CompressedClassSpaceSize: 1.00 GB
Initial GC threshold: 21.00 MB
Current GC threshold: 93.44 MB
CDS: off
MetaspaceReclaimPolicy: balanced
 - commit_granule_bytes: 65536.
 - commit_granule_words: 8192.
 - virtual_space_node_default_size: 8388608.
 - enlarge_chunks_in_place: 1.
 - new_chunks_are_fully_committed: 0.
 - uncommit_free_chunks: 1.
 - use_allocation_guard: 0.
 - handle_deallocations: 1.


Internal statistics:

num_allocs_failed_limit: 15.
num_arena_births: 804.
num_arena_deaths: 0.
num_vsnodes_births: 3.
num_vsnodes_deaths: 0.
num_space_committed: 1491.
num_space_uncommitted: 0.
num_chunks_returned_to_freelist: 15.
num_chunks_taken_from_freelist: 3820.
num_chunk_merges: 12.
num_chunk_splits: 2822.
num_chunks_enlarged: 2262.
num_inconsistent_stats: 0.

CodeHeap 'non-profiled nmethods': size=120000Kb used=5727Kb max_used=6209Kb free=114272Kb
 bounds [0x000001ff07ad0000, 0x000001ff080f0000, 0x000001ff0f000000]
CodeHeap 'profiled nmethods': size=120000Kb used=15790Kb max_used=16511Kb free=104209Kb
 bounds [0x000001ff00000000, 0x000001ff01040000, 0x000001ff07530000]
CodeHeap 'non-nmethods': size=5760Kb used=1490Kb max_used=1503Kb free=4269Kb
 bounds [0x000001ff07530000, 0x000001ff077a0000, 0x000001ff07ad0000]
 total_blobs=8883 nmethods=8102 adapters=692
 compilation: enabled
              stopped_count=0, restarted_count=0
 full_count=0

Compilation events (20 events):
Event: 57.522 Thread 0x000001ff150a1a30 9762       3       org.xhtmlrenderer.render.Box::getBorder (9 bytes)
Event: 57.522 Thread 0x000001ff150a1a30 nmethod 9762 0x000001ff0082cc10 code [0x000001ff0082cdc0, 0x000001ff0082d068]
Event: 57.522 Thread 0x000001ff150a1a30 9763       1       org.xhtmlrenderer.render.InlineLayoutBox::getBaseline (5 bytes)
Event: 57.523 Thread 0x000001ff150a1a30 nmethod 9763 0x000001ff07dd8110 code [0x000001ff07dd82a0, 0x000001ff07dd8378]
Event: 57.523 Thread 0x000001ff150a1a30 9761       3       com.lowagie.text.pdf.ByteBuffer::append (111 bytes)
Event: 57.523 Thread 0x000001ff150a1a30 nmethod 9761 0x000001ff008c4e10 code [0x000001ff008c5000, 0x000001ff008c5638]
Event: 57.523 Thread 0x000001ff150a1a30 9765       1       java.awt.Color::getRGB (5 bytes)
Event: 57.523 Thread 0x000001ff150a1a30 nmethod 9765 0x000001ff07dd7e10 code [0x000001ff07dd7fa0, 0x000001ff07dd8078]
Event: 57.525 Thread 0x000001ff150a0500 9766       4       java.lang.String::trim (35 bytes)
Event: 57.525 Thread 0x000001ff150a1a30 9767       3       com.sun.org.apache.xerces.internal.dom.AttrImpl::getNodeName (16 bytes)
Event: 57.525 Thread 0x000001ff150a1a30 nmethod 9767 0x000001ff0086ab90 code [0x000001ff0086ad40, 0x000001ff0086b098]
Event: 57.525 Thread 0x000001ff150a1a30 9768       3       java.util.IdentityHashMap::get (60 bytes)
Event: 57.526 Thread 0x000001ff150a1a30 nmethod 9768 0x000001ff006a5090 code [0x000001ff006a5260, 0x000001ff006a5708]
Event: 57.532 Thread 0x000001ff150a0500 nmethod 9766 0x000001ff07dd7410 code [0x000001ff07dd75a0, 0x000001ff07dd7b78]
Event: 57.543 Thread 0x000001ff150a1a30 9769       3       java.io.FilterOutputStream::write (9 bytes)
Event: 57.544 Thread 0x000001ff150a1a30 nmethod 9769 0x000001ff008ffb90 code [0x000001ff008ffd40, 0x000001ff008fff28]
Event: 57.544 Thread 0x000001ff150a1a30 9770  s    3       java.io.BufferedOutputStream::write (35 bytes)
Event: 57.544 Thread 0x000001ff150a1a30 nmethod 9770 0x000001ff008cc010 code [0x000001ff008cc1c0, 0x000001ff008cc588]
Event: 57.548 Thread 0x000001ff150a1a30 9771       3       com.lowagie.text.DocWriter::getISOBytes (39 bytes)
Event: 57.548 Thread 0x000001ff150a1a30 nmethod 9771 0x000001ff005d0090 code [0x000001ff005d02c0, 0x000001ff005d0bd8]

GC Heap History (20 events):
Event: 12.829 GC heap before
{Heap before GC invocations=22 (full 0):
 garbage-first heap   total 61440K, used 49259K [0x0000000081a00000, 0x0000000100000000)
  region size 1024K, 19 young (19456K), 1 survivors (1024K)
 Metaspace       used 53033K, committed 53376K, reserved 1114112K
  class space    used 6607K, committed 6784K, reserved 1048576K
}
Event: 12.835 GC heap after
{Heap after GC invocations=23 (full 0):
 garbage-first heap   total 61440K, used 32470K [0x0000000081a00000, 0x0000000100000000)
  region size 1024K, 3 young (3072K), 3 survivors (3072K)
 Metaspace       used 53033K, committed 53376K, reserved 1114112K
  class space    used 6607K, committed 6784K, reserved 1048576K
}
Event: 12.868 GC heap before
{Heap before GC invocations=23 (full 0):
 garbage-first heap   total 61440K, used 33494K [0x0000000081a00000, 0x0000000100000000)
  region size 1024K, 4 young (4096K), 3 survivors (3072K)
 Metaspace       used 53154K, committed 53568K, reserved 1114112K
  class space    used 6624K, committed 6848K, reserved 1048576K
}
Event: 12.873 GC heap after
{Heap after GC invocations=24 (full 0):
 garbage-first heap   total 61440K, used 32461K [0x0000000081a00000, 0x0000000100000000)
  region size 1024K, 1 young (1024K), 1 survivors (1024K)
 Metaspace       used 53154K, committed 53568K, reserved 1114112K
  class space    used 6624K, committed 6848K, reserved 1048576K
}
Event: 13.555 GC heap before
{Heap before GC invocations=24 (full 0):
 garbage-first heap   total 61440K, used 47821K [0x0000000081a00000, 0x0000000100000000)
  region size 1024K, 17 young (17408K), 1 survivors (1024K)
 Metaspace       used 56013K, committed 56448K, reserved 1114112K
  class space    used 7044K, committed 7232K, reserved 1048576K
}
Event: 13.558 GC heap after
{Heap after GC invocations=25 (full 0):
 garbage-first heap   total 125952K, used 33563K [0x0000000081a00000, 0x0000000100000000)
  region size 1024K, 2 young (2048K), 2 survivors (2048K)
 Metaspace       used 56013K, committed 56448K, reserved 1114112K
  class space    used 7044K, committed 7232K, reserved 1048576K
}
Event: 15.634 GC heap before
{Heap before GC invocations=26 (full 0):
 garbage-first heap   total 122880K, used 95003K [0x0000000081a00000, 0x0000000100000000)
  region size 1024K, 62 young (63488K), 2 survivors (2048K)
 Metaspace       used 66024K, committed 66560K, reserved 1114112K
  class space    used 8550K, committed 8832K, reserved 1048576K
}
Event: 15.640 GC heap after
{Heap after GC invocations=27 (full 0):
 garbage-first heap   total 122880K, used 35548K [0x0000000081a00000, 0x0000000100000000)
  region size 1024K, 4 young (4096K), 4 survivors (4096K)
 Metaspace       used 66024K, committed 66560K, reserved 1114112K
  class space    used 8550K, committed 8832K, reserved 1048576K
}
Event: 15.747 GC heap before
{Heap before GC invocations=27 (full 0):
 garbage-first heap   total 122880K, used 37596K [0x0000000081a00000, 0x0000000100000000)
  region size 1024K, 6 young (6144K), 4 survivors (4096K)
 Metaspace       used 66258K, committed 66752K, reserved 1114112K
  class space    used 8580K, committed 8832K, reserved 1048576K
}
Event: 15.753 GC heap after
{Heap after GC invocations=28 (full 0):
 garbage-first heap   total 122880K, used 35778K [0x0000000081a00000, 0x0000000100000000)
  region size 1024K, 1 young (1024K), 1 survivors (1024K)
 Metaspace       used 66258K, committed 66752K, reserved 1114112K
  class space    used 8580K, committed 8832K, reserved 1048576K
}
Event: 17.347 GC heap before
{Heap before GC invocations=28 (full 0):
 garbage-first heap   total 122880K, used 96194K [0x0000000081a00000, 0x0000000100000000)
  region size 1024K, 60 young (61440K), 1 survivors (1024K)
 Metaspace       used 73010K, committed 73536K, reserved 1114112K
  class space    used 9555K, committed 9792K, reserved 1048576K
}
Event: 17.352 GC heap after
{Heap after GC invocations=29 (full 0):
 garbage-first heap   total 122880K, used 38506K [0x0000000081a00000, 0x0000000100000000)
  region size 1024K, 4 young (4096K), 4 survivors (4096K)
 Metaspace       used 73010K, committed 73536K, reserved 1114112K
  class space    used 9555K, committed 9792K, reserved 1048576K
}
Event: 20.929 GC heap before
{Heap before GC invocations=29 (full 0):
 garbage-first heap   total 122880K, used 96874K [0x0000000081a00000, 0x0000000100000000)
  region size 1024K, 61 young (62464K), 4 survivors (4096K)
 Metaspace       used 76269K, committed 76736K, reserved 1179648K
  class space    used 9998K, committed 10240K, reserved 1048576K
}
Event: 20.938 GC heap after
{Heap after GC invocations=30 (full 0):
 garbage-first heap   total 122880K, used 41663K [0x0000000081a00000, 0x0000000100000000)
  region size 1024K, 7 young (7168K), 7 survivors (7168K)
 Metaspace       used 76269K, committed 76736K, reserved 1179648K
  class space    used 9998K, committed 10240K, reserved 1048576K
}
Event: 27.468 GC heap before
{Heap before GC invocations=30 (full 0):
 garbage-first heap   total 122880K, used 96959K [0x0000000081a00000, 0x0000000100000000)
  region size 1024K, 62 young (63488K), 7 survivors (7168K)
 Metaspace       used 82486K, committed 82944K, reserved 1179648K
  class space    used 10864K, committed 11072K, reserved 1048576K
}
Event: 27.485 GC heap after
{Heap after GC invocations=31 (full 0):
 garbage-first heap   total 122880K, used 45776K [0x0000000081a00000, 0x0000000100000000)
  region size 1024K, 8 young (8192K), 8 survivors (8192K)
 Metaspace       used 82486K, committed 82944K, reserved 1179648K
  class space    used 10864K, committed 11072K, reserved 1048576K
}
Event: 56.198 GC heap before
{Heap before GC invocations=31 (full 0):
 garbage-first heap   total 122880K, used 96976K [0x0000000081a00000, 0x0000000100000000)
  region size 1024K, 59 young (60416K), 8 survivors (8192K)
 Metaspace       used 89627K, committed 90176K, reserved 1179648K
  class space    used 11694K, committed 11968K, reserved 1048576K
}
Event: 56.211 GC heap after
{Heap after GC invocations=32 (full 0):
 garbage-first heap   total 122880K, used 49596K [0x0000000081a00000, 0x0000000100000000)
  region size 1024K, 8 young (8192K), 8 survivors (8192K)
 Metaspace       used 89627K, committed 90176K, reserved 1179648K
  class space    used 11694K, committed 11968K, reserved 1048576K
}
Event: 58.678 GC heap before
{Heap before GC invocations=32 (full 0):
 garbage-first heap   total 122880K, used 83388K [0x0000000081a00000, 0x0000000100000000)
  region size 1024K, 43 young (44032K), 8 survivors (8192K)
 Metaspace       used 94225K, committed 94720K, reserved 1179648K
  class space    used 12219K, committed 12480K, reserved 1048576K
}
Event: 58.690 GC heap after
{Heap after GC invocations=33 (full 0):
 garbage-first heap   total 122880K, used 53073K [0x0000000081a00000, 0x0000000100000000)
  region size 1024K, 4 young (4096K), 4 survivors (4096K)
 Metaspace       used 94225K, committed 94720K, reserved 1179648K
  class space    used 12219K, committed 12480K, reserved 1048576K
}

Dll operation events (4 events):
Event: 0.032 Loaded shared library C:\Users\User\.jdks\jbrsdk-17.0.9\bin\java.dll
Event: 0.042 Loaded shared library C:\Users\User\.jdks\jbrsdk-17.0.9\bin\zip.dll
Event: 0.091 Loaded shared library C:\Users\User\.jdks\jbrsdk-17.0.9\bin\jsvml.dll
Event: 3.945 Loaded shared library C:\Users\User\.jdks\jbrsdk-17.0.9\bin\verify.dll

Deoptimization events (20 events):
Event: 56.910 Thread 0x000001ff1c92d300 DEOPT PACKING pc=0x000001ff005a924c sp=0x000000dde5bf93a0
Event: 56.910 Thread 0x000001ff1c92d300 DEOPT UNPACKING pc=0x000001ff07587143 sp=0x000000dde5bf8970 mode 1
Event: 56.933 Thread 0x000001ff1c92d300 DEOPT PACKING pc=0x000001ff001c34a4 sp=0x000000dde5bfa2b0
Event: 56.933 Thread 0x000001ff1c92d300 DEOPT UNPACKING pc=0x000001ff07587143 sp=0x000000dde5bf97a0 mode 1
Event: 56.952 Thread 0x000001ff1c92d300 DEOPT PACKING pc=0x000001ff004087d4 sp=0x000000dde5bfab90
Event: 56.952 Thread 0x000001ff1c92d300 DEOPT UNPACKING pc=0x000001ff07587143 sp=0x000000dde5bfa068 mode 1
Event: 57.209 Thread 0x000001ff1c92d300 Uncommon trap: trap_request=0xffffff45 fr.pc=0x000001ff07d8d408 relative=0x00000000000000e8
Event: 57.209 Thread 0x000001ff1c92d300 Uncommon trap: reason=unstable_if action=reinterpret pc=0x000001ff07d8d408 method=java.lang.StringLatin1.trim([B)Ljava/lang/String; @ 44 c2
Event: 57.209 Thread 0x000001ff1c92d300 DEOPT PACKING pc=0x000001ff07d8d408 sp=0x000000dde5bfada0
Event: 57.209 Thread 0x000001ff1c92d300 DEOPT UNPACKING pc=0x000001ff075869a3 sp=0x000000dde5bfad20 mode 2
Event: 57.525 Thread 0x000001ff1c92d300 Uncommon trap: trap_request=0xffffff45 fr.pc=0x000001ff07cbb264 relative=0x00000000000001c4
Event: 57.525 Thread 0x000001ff1c92d300 Uncommon trap: reason=unstable_if action=reinterpret pc=0x000001ff07cbb264 method=java.util.IdentityHashMap.maskNull(Ljava/lang/Object;)Ljava/lang/Object; @ 1 c2
Event: 57.525 Thread 0x000001ff1c92d300 DEOPT PACKING pc=0x000001ff07cbb264 sp=0x000000dde5bfab30
Event: 57.525 Thread 0x000001ff1c92d300 DEOPT UNPACKING pc=0x000001ff075869a3 sp=0x000000dde5bfaa68 mode 2
Event: 58.709 Thread 0x000001ff1c92d300 DEOPT PACKING pc=0x000001ff004ae4d1 sp=0x000000dde5bf9220
Event: 58.709 Thread 0x000001ff1c92d300 DEOPT UNPACKING pc=0x000001ff07587143 sp=0x000000dde5bf8708 mode 1
Event: 58.709 Thread 0x000001ff1c92d300 DEOPT PACKING pc=0x000001ff004aca14 sp=0x000000dde5bf92c0
Event: 58.709 Thread 0x000001ff1c92d300 DEOPT UNPACKING pc=0x000001ff07587143 sp=0x000000dde5bf8870 mode 1
Event: 58.709 Thread 0x000001ff1c92d300 DEOPT PACKING pc=0x000001ff005a924c sp=0x000000dde5bf9430
Event: 58.709 Thread 0x000001ff1c92d300 DEOPT UNPACKING pc=0x000001ff07587143 sp=0x000000dde5bf8a00 mode 1

Classes unloaded (0 events):
No events

Classes redefined (0 events):
No events

Internal exceptions (20 events):
Event: 22.572 Thread 0x000001ff1b069290 Exception <a 'java/lang/NoSuchMethodError'{0x000000008722db28}: 'java.lang.Object java.lang.invoke.DirectMethodHandle$Holder.newInvokeSpecial(java.lang.Object, java.lang.Object, int, java.lang.Object, java.lang.Object)'> (0x000000008722db28) 
thrown [s\src\hotspot\share\interpreter\linkResolver.cpp, line 771]
Event: 22.575 Thread 0x000001ff1b069290 Exception <a 'java/lang/NoSuchMethodError'{0x0000000087238eb8}: 'java.lang.Object java.lang.invoke.DirectMethodHandle$Holder.invokeSpecial(java.lang.Object, java.lang.Object, int, java.lang.Object, int, java.lang.Object)'> (0x0000000087238eb8) 
thrown [s\src\hotspot\share\interpreter\linkResolver.cpp, line 771]
Event: 22.577 Thread 0x000001ff1b069290 Exception <a 'java/lang/NoSuchMethodError'{0x0000000087240ed8}: 'java.lang.Object java.lang.invoke.DirectMethodHandle$Holder.newInvokeSpecial(java.lang.Object, java.lang.Object, int, java.lang.Object, int)'> (0x0000000087240ed8) 
thrown [s\src\hotspot\share\interpreter\linkResolver.cpp, line 771]
Event: 22.578 Thread 0x000001ff1b069290 Exception <a 'java/lang/NoSuchMethodError'{0x0000000087244fd8}: 'java.lang.Object java.lang.invoke.DirectMethodHandle$Holder.invokeSpecial(java.lang.Object, java.lang.Object, java.lang.Object, int, java.lang.Object, int)'> (0x0000000087244fd8) 
thrown [s\src\hotspot\share\interpreter\linkResolver.cpp, line 771]
Event: 26.374 Thread 0x000001ff1c92dd20 Exception <a 'java/lang/NoSuchMethodError'{0x00000000869c4bb8}: 'java.lang.Object java.lang.invoke.DirectMethodHandle$Holder.invokeSpecial(java.lang.Object, java.lang.Object, java.lang.Object, java.lang.Object, java.lang.Object, long)'> (0x00000000869c4bb8) 
thrown [s\src\hotspot\share\interpreter\linkResolver.cpp, line 771]
Event: 26.375 Thread 0x000001ff1c92dd20 Exception <a 'java/lang/NoSuchMethodError'{0x00000000869c85f8}: 'java.lang.Object java.lang.invoke.Invokers$Holder.linkToTargetMethod(java.lang.Object, java.lang.Object, java.lang.Object, long, java.lang.Object)'> (0x00000000869c85f8) 
thrown [s\src\hotspot\share\interpreter\linkResolver.cpp, line 771]
Event: 34.733 Thread 0x000001ff1c92cdf0 Exception <a 'java/lang/IncompatibleClassChangeError'{0x00000000883908e0}: Found class java.lang.Object, but interface was expected> (0x00000000883908e0) 
thrown [s\src\hotspot\share\interpreter\linkResolver.cpp, line 838]
Event: 35.257 Thread 0x000001ff1c92e230 Exception <a 'java/lang/NoSuchMethodError'{0x0000000087d54da8}: 'java.lang.Object java.lang.invoke.DirectMethodHandle$Holder.invokeStatic(java.lang.Object, int, int)'> (0x0000000087d54da8) 
thrown [s\src\hotspot\share\interpreter\linkResolver.cpp, line 771]
Event: 35.258 Thread 0x000001ff1c92d300 Exception <a 'java/lang/NoSuchMethodError'{0x0000000087c56a08}: 'java.lang.Object java.lang.invoke.DirectMethodHandle$Holder.invokeStatic(java.lang.Object, int, int)'> (0x0000000087c56a08) 
thrown [s\src\hotspot\share\interpreter\linkResolver.cpp, line 771]
Event: 35.259 Thread 0x000001ff1c92e740 Exception <a 'java/lang/NoSuchMethodError'{0x0000000087da3ed8}: 'java.lang.Object java.lang.invoke.DirectMethodHandle$Holder.invokeStatic(java.lang.Object, int, int)'> (0x0000000087da3ed8) 
thrown [s\src\hotspot\share\interpreter\linkResolver.cpp, line 771]
Event: 35.259 Thread 0x000001ff1c92c3d0 Exception <a 'java/lang/NoSuchMethodError'{0x0000000087c201d8}: 'java.lang.Object java.lang.invoke.DirectMethodHandle$Holder.invokeStatic(java.lang.Object, int, int)'> (0x0000000087c201d8) 
thrown [s\src\hotspot\share\interpreter\linkResolver.cpp, line 771]
Event: 35.260 Thread 0x000001ff1c92b9b0 Exception <a 'java/lang/NoSuchMethodError'{0x0000000087dfaaa0}: 'java.lang.Object java.lang.invoke.DirectMethodHandle$Holder.invokeStatic(java.lang.Object, int, int)'> (0x0000000087dfaaa0) 
thrown [s\src\hotspot\share\interpreter\linkResolver.cpp, line 771]
Event: 35.261 Thread 0x000001ff1c92f160 Exception <a 'java/lang/NoSuchMethodError'{0x0000000087d23a20}: 'java.lang.Object java.lang.invoke.DirectMethodHandle$Holder.invokeStatic(java.lang.Object, int, int)'> (0x0000000087d23a20) 
thrown [s\src\hotspot\share\interpreter\linkResolver.cpp, line 771]
Event: 37.590 Thread 0x000001ff1c92f160 Exception <a 'java/lang/NoSuchMethodError'{0x000000008776f760}: 'java.lang.Object java.lang.invoke.Invokers$Holder.linkToTargetMethod(java.lang.Object, int, java.lang.Object, java.lang.Object)'> (0x000000008776f760) 
thrown [s\src\hotspot\share\interpreter\linkResolver.cpp, line 771]
Event: 55.471 Thread 0x000001ff1c92d300 Exception <a 'java/lang/ClassNotFoundException'{0x0000000086453338}: sun/net/www/protocol/c/Handler> (0x0000000086453338) 
thrown [s\src\hotspot\share\classfile\systemDictionary.cpp, line 256]
Event: 55.481 Thread 0x000001ff1c92d300 Exception <a 'java/lang/ClassNotFoundException'{0x0000000086464570}: sun/awt/resources/spi/awtProvider> (0x0000000086464570) 
thrown [s\src\hotspot\share\classfile\systemDictionary.cpp, line 256]
Event: 55.722 Thread 0x000001ff1c92d300 Exception <a 'java/io/FileNotFoundException'{0x0000000086471b88}> (0x0000000086471b88) 
thrown [s\src\hotspot\share\prims\jni.cpp, line 517]
Event: 55.723 Thread 0x000001ff1c92d300 Exception <a 'java/io/FileNotFoundException'{0x0000000086473628}> (0x0000000086473628) 
thrown [s\src\hotspot\share\prims\jni.cpp, line 517]
Event: 56.933 Thread 0x000001ff1c92d300 Exception <a 'java/lang/ClassNotFoundException'{0x0000000087afd0d0}: com/sun/org/apache/xerces/internal/impl/msg/spi/SAXMessagesProvider> (0x0000000087afd0d0) 
thrown [s\src\hotspot\share\classfile\systemDictionary.cpp, line 256]
Event: 57.525 Thread 0x000001ff1c92d300 Implicit null exception at 0x000001ff07cbb0d2 to 0x000001ff07cbb24c

VM Operations (20 events):
Event: 57.266 Executing VM operation: Cleanup
Event: 57.266 Executing VM operation: Cleanup done
Event: 57.414 Executing VM operation: HandshakeAllThreads
Event: 57.414 Executing VM operation: HandshakeAllThreads done
Event: 57.721 Executing VM operation: get/set locals
Event: 57.722 Executing VM operation: get/set locals done
Event: 57.723 Executing VM operation: get/set locals
Event: 57.723 Executing VM operation: get/set locals done
Event: 57.723 Executing VM operation: get/set locals
Event: 57.723 Executing VM operation: get/set locals done
Event: 57.723 Executing VM operation: get/set locals
Event: 57.723 Executing VM operation: get/set locals done
Event: 57.723 Executing VM operation: get/set locals
Event: 57.723 Executing VM operation: get/set locals done
Event: 57.723 Executing VM operation: get/set locals
Event: 57.723 Executing VM operation: get/set locals done
Event: 57.724 Executing VM operation: get/set locals
Event: 57.724 Executing VM operation: get/set locals done
Event: 58.677 Executing VM operation: CollectForMetadataAllocation
Event: 58.690 Executing VM operation: CollectForMetadataAllocation done

Events (20 events):
Event: 58.710 loading class jakarta/mail/internet/SharedInputStream
Event: 58.710 loading class jakarta/mail/internet/SharedInputStream done
Event: 58.711 loading class jakarta/mail/util/LineOutputStream
Event: 58.711 loading class jakarta/mail/util/LineOutputStream done
Event: 58.711 loading class jakarta/mail/util/LineInputStream
Event: 58.711 loading class jakarta/mail/util/LineInputStream done
Event: 58.711 loading class com/sun/mail/util/QDecoderStream
Event: 58.711 loading class com/sun/mail/util/QDecoderStream done
Event: 58.712 loading class com/sun/mail/util/QPDecoderStream
Event: 58.712 loading class com/sun/mail/util/QPDecoderStream done
Event: 58.712 loading class com/sun/mail/util/QPEncoderStream
Event: 58.712 loading class com/sun/mail/util/QPEncoderStream done
Event: 58.713 loading class com/sun/mail/util/UUDecoderStream
Event: 58.713 loading class com/sun/mail/util/UUDecoderStream done
Event: 58.713 loading class com/sun/mail/util/BEncoderStream
Event: 58.713 loading class com/sun/mail/util/BEncoderStream done
Event: 58.713 loading class com/sun/mail/util/BASE64EncoderStream
Event: 58.713 loading class com/sun/mail/util/BASE64EncoderStream done
Event: 58.714 loading class com/sun/mail/util/QEncoderStream
Event: 58.714 loading class com/sun/mail/util/QEncoderStream done


Dynamic libraries:
0x00007ff6f37a0000 - 0x00007ff6f37aa000 	C:\Users\User\.jdks\jbrsdk-17.0.9\bin\java.exe
0x00007ffb099b0000 - 0x00007ffb09ba8000 	C:\WINDOWS\SYSTEM32\ntdll.dll
0x00007ffb07ad0000 - 0x00007ffb07b8d000 	C:\WINDOWS\System32\KERNEL32.DLL
0x00007ffb06fc0000 - 0x00007ffb072b6000 	C:\WINDOWS\System32\KERNELBASE.dll
0x00007ffb06ec0000 - 0x00007ffb06fc0000 	C:\WINDOWS\System32\ucrtbase.dll
0x00007ffb032f0000 - 0x00007ffb03307000 	C:\Users\User\.jdks\jbrsdk-17.0.9\bin\jli.dll
0x00007ffb032d0000 - 0x00007ffb032eb000 	C:\Users\User\.jdks\jbrsdk-17.0.9\bin\VCRUNTIME140.dll
0x00007ffb07730000 - 0x00007ffb078ce000 	C:\WINDOWS\System32\USER32.dll
0x00007ffb06bf0000 - 0x00007ffb06c12000 	C:\WINDOWS\System32\win32u.dll
0x00007ffb09810000 - 0x00007ffb0983b000 	C:\WINDOWS\System32\GDI32.dll
0x00007ffafa570000 - 0x00007ffafa80a000 	C:\WINDOWS\WinSxS\amd64_microsoft.windows.common-controls_6595b64144ccf1df_6.0.19041.3636_none_60b6a03d71f818d5\COMCTL32.dll
0x00007ffb06a50000 - 0x00007ffb06b67000 	C:\WINDOWS\System32\gdi32full.dll
0x00007ffb06cc0000 - 0x00007ffb06d5d000 	C:\WINDOWS\System32\msvcp_win.dll
0x00007ffb08900000 - 0x00007ffb0899e000 	C:\WINDOWS\System32\msvcrt.dll
0x00007ffb08a30000 - 0x00007ffb08a62000 	C:\WINDOWS\System32\IMM32.DLL
0x00007ffb032c0000 - 0x00007ffb032cc000 	C:\Users\User\.jdks\jbrsdk-17.0.9\bin\vcruntime140_1.dll
0x00007ffb02f60000 - 0x00007ffb02fed000 	C:\Users\User\.jdks\jbrsdk-17.0.9\bin\msvcp140.dll
0x00007ffab6990000 - 0x00007ffab7612000 	C:\Users\User\.jdks\jbrsdk-17.0.9\bin\server\jvm.dll
0x00007ffb07bb0000 - 0x00007ffb07c60000 	C:\WINDOWS\System32\ADVAPI32.dll
0x00007ffb08040000 - 0x00007ffb080e0000 	C:\WINDOWS\System32\sechost.dll
0x00007ffb078d0000 - 0x00007ffb079f5000 	C:\WINDOWS\System32\RPCRT4.dll
0x00007ffb07580000 - 0x00007ffb075a7000 	C:\WINDOWS\System32\bcrypt.dll
0x00007ffb07d10000 - 0x00007ffb07d19000 	C:\WINDOWS\System32\WSOCK32.dll
0x00007ffb09030000 - 0x00007ffb0909b000 	C:\WINDOWS\System32\WS2_32.dll
0x00007ffb07e20000 - 0x00007ffb07e2a000 	C:\WINDOWS\System32\VERSION.dll
0x00007ffb06930000 - 0x00007ffb0697b000 	C:\WINDOWS\SYSTEM32\POWRPROF.dll
0x00007ffafa370000 - 0x00007ffafa397000 	C:\WINDOWS\SYSTEM32\WINMM.dll
0x00007ffb06910000 - 0x00007ffb06922000 	C:\WINDOWS\SYSTEM32\UMPDC.dll
0x00007ffb04930000 - 0x00007ffb04942000 	C:\WINDOWS\SYSTEM32\kernel.appcore.dll
0x00007ffb03280000 - 0x00007ffb0328a000 	C:\Users\User\.jdks\jbrsdk-17.0.9\bin\jimage.dll
0x00007ffaf0b20000 - 0x00007ffaf0d04000 	C:\WINDOWS\SYSTEM32\DBGHELP.DLL
0x00007ffaf43f0000 - 0x00007ffaf4424000 	C:\WINDOWS\SYSTEM32\dbgcore.DLL
0x00007ffb06c20000 - 0x00007ffb06ca2000 	C:\WINDOWS\System32\bcryptPrimitives.dll
0x00007ffafe5a0000 - 0x00007ffafe5db000 	C:\Users\User\.jdks\jbrsdk-17.0.9\bin\jdwp.dll
0x00007ffb02df0000 - 0x00007ffb02dfe000 	C:\Users\User\.jdks\jbrsdk-17.0.9\bin\instrument.dll
0x00007ffb02f30000 - 0x00007ffb02f55000 	C:\Users\User\.jdks\jbrsdk-17.0.9\bin\java.dll
0x00007ffb02e20000 - 0x00007ffb02e38000 	C:\Users\User\.jdks\jbrsdk-17.0.9\bin\zip.dll
0x00007ffadba00000 - 0x00007ffadbad7000 	C:\Users\User\.jdks\jbrsdk-17.0.9\bin\jsvml.dll
0x00007ffb090a0000 - 0x00007ffb0980b000 	C:\WINDOWS\System32\SHELL32.dll
0x00007ffb04b30000 - 0x00007ffb052ce000 	C:\WINDOWS\SYSTEM32\windows.storage.dll
0x00007ffb08340000 - 0x00007ffb08693000 	C:\WINDOWS\System32\combase.dll
0x00007ffb063b0000 - 0x00007ffb063de000 	C:\WINDOWS\SYSTEM32\Wldp.dll
0x00007ffb080e0000 - 0x00007ffb081ad000 	C:\WINDOWS\System32\OLEAUT32.dll
0x00007ffb08850000 - 0x00007ffb088fd000 	C:\WINDOWS\System32\SHCORE.dll
0x00007ffb082e0000 - 0x00007ffb08335000 	C:\WINDOWS\System32\shlwapi.dll
0x00007ffb06980000 - 0x00007ffb069a5000 	C:\WINDOWS\SYSTEM32\profapi.dll
0x00007ffb02c90000 - 0x00007ffb02c9c000 	C:\Users\User\.jdks\jbrsdk-17.0.9\bin\dt_socket.dll
0x00007ffb05e10000 - 0x00007ffb05e4b000 	C:\WINDOWS\SYSTEM32\IPHLPAPI.DLL
0x00007ffaf0360000 - 0x00007ffaf0504000 	C:\WINDOWS\system32\mwtsp.dll
0x00007ffb081b0000 - 0x00007ffb082db000 	C:\WINDOWS\System32\ole32.dll
0x00007ffb00b60000 - 0x00007ffb00c6a000 	C:\WINDOWS\SYSTEM32\WINHTTP.dll
0x00007ffb06890000 - 0x00007ffb068c2000 	C:\WINDOWS\SYSTEM32\SspiCli.dll
0x00007ffb06110000 - 0x00007ffb0617a000 	C:\WINDOWS\system32\mswsock.dll
0x00007ffb02e00000 - 0x00007ffb02e19000 	C:\Users\User\.jdks\jbrsdk-17.0.9\bin\net.dll
0x00007ffb02da0000 - 0x00007ffb02db6000 	C:\Users\User\.jdks\jbrsdk-17.0.9\bin\nio.dll
0x00007ffb02d90000 - 0x00007ffb02d99000 	C:\Users\User\.jdks\jbrsdk-17.0.9\bin\management.dll
0x00007ffb02d80000 - 0x00007ffb02d8b000 	C:\Users\User\.jdks\jbrsdk-17.0.9\bin\management_ext.dll
0x00007ffb09960000 - 0x00007ffb09968000 	C:\WINDOWS\System32\PSAPI.DLL
0x00007ffb02ee0000 - 0x00007ffb02ef0000 	C:\Users\User\.jdks\jbrsdk-17.0.9\bin\verify.dll
0x00007ffb06300000 - 0x00007ffb06318000 	C:\WINDOWS\SYSTEM32\CRYPTSP.dll
0x00007ffb05a50000 - 0x00007ffb05a84000 	C:\WINDOWS\system32\rsaenh.dll
0x00007ffb068d0000 - 0x00007ffb068fe000 	C:\WINDOWS\SYSTEM32\USERENV.dll
0x00007ffb06320000 - 0x00007ffb0632c000 	C:\WINDOWS\SYSTEM32\CRYPTBASE.dll
0x00007ffb07e40000 - 0x00007ffb07e48000 	C:\WINDOWS\System32\NSI.dll
0x00007ffb01010000 - 0x00007ffb01027000 	C:\WINDOWS\SYSTEM32\dhcpcsvc6.DLL
0x00007ffb01740000 - 0x00007ffb0175d000 	C:\WINDOWS\SYSTEM32\dhcpcsvc.DLL
0x00007ffb05e50000 - 0x00007ffb05f1b000 	C:\WINDOWS\SYSTEM32\DNSAPI.dll
0x00007ffb02d70000 - 0x00007ffb02d7e000 	C:\Users\User\.jdks\jbrsdk-17.0.9\bin\sunmscapi.dll
0x00007ffb06d60000 - 0x00007ffb06ebd000 	C:\WINDOWS\System32\CRYPT32.dll
0x00007ffb06420000 - 0x00007ffb06448000 	C:\WINDOWS\SYSTEM32\ncrypt.dll
0x00007ffb063e0000 - 0x00007ffb0641b000 	C:\WINDOWS\SYSTEM32\NTASN1.dll
0x00007ffafd7f0000 - 0x00007ffafd7fa000 	C:\Windows\System32\rasadhlp.dll
0x00007ffafe840000 - 0x00007ffafe8c0000 	C:\WINDOWS\System32\fwpuclnt.dll
0x00007ffaf83c0000 - 0x00007ffaf83c7000 	C:\WINDOWS\system32\wshunix.dll
0x00007ffad9df0000 - 0x00007ffad9f8a000 	C:\Users\User\.jdks\jbrsdk-17.0.9\bin\awt.dll
0x00007ffb04640000 - 0x00007ffb0466f000 	C:\WINDOWS\SYSTEM32\dwmapi.dll
0x00007ffae4a90000 - 0x00007ffae4ad4000 	C:\Users\User\.jdks\jbrsdk-17.0.9\bin\nvdaControllerClient64.dll
0x00007ffb04330000 - 0x00007ffb043c0000 	C:\WINDOWS\SYSTEM32\apphelp.dll

dbghelp: loaded successfully - version: 4.0.5 - missing functions: none
symbol engine: initialized successfully - sym options: 0x614 - pdb path: .;C:\Users\User\.jdks\jbrsdk-17.0.9\bin;C:\WINDOWS\SYSTEM32;C:\WINDOWS\WinSxS\amd64_microsoft.windows.common-controls_6595b64144ccf1df_6.0.19041.3636_none_60b6a03d71f818d5;C:\Users\User\.jdks\jbrsdk-17.0.9\bin\server

VM Arguments:
jvm_args: -agentlib:jdwp=transport=dt_socket,address=127.0.0.1:53026,suspend=y,server=n -javaagent:C:\Users\User\AppData\Local\JetBrains\IdeaIC2023.2\captureAgent\debugger-agent.jar -Dfile.encoding=UTF-8 
java_command: com.sbs.SmartBillingSystem.SmartBillingSystemApplication
java_class_path (initial): D:\Rettalore management system\Retail-Store-Management-System\target\classes;C:\Users\User\.m2\repository\org\springframework\boot\spring-boot-starter-mail\3.0.1\spring-boot-starter-mail-3.0.1.jar;C:\Users\User\.m2\repository\org\springframework\boot\spring-boot-starter\3.0.1\spring-boot-starter-3.0.1.jar;C:\Users\User\.m2\repository\org\springframework\boot\spring-boot-starter-logging\3.0.1\spring-boot-starter-logging-3.0.1.jar;C:\Users\User\.m2\repository\ch\qos\logback\logback-classic\1.4.5\logback-classic-1.4.5.jar;C:\Users\User\.m2\repository\ch\qos\logback\logback-core\1.4.5\logback-core-1.4.5.jar;C:\Users\User\.m2\repository\org\apache\logging\log4j\log4j-to-slf4j\2.19.0\log4j-to-slf4j-2.19.0.jar;C:\Users\User\.m2\repository\org\apache\logging\log4j\log4j-api\2.19.0\log4j-api-2.19.0.jar;C:\Users\User\.m2\repository\org\slf4j\jul-to-slf4j\2.0.6\jul-to-slf4j-2.0.6.jar;C:\Users\User\.m2\repository\jakarta\annotation\jakarta.annotation-api\2.1.1\jakarta.annotation-api-2.1.1.jar;C:\Users\User\.m2\repository\org\yaml\snakeyaml\1.33\snakeyaml-1.33.jar;C:\Users\User\.m2\repository\org\springframework\spring-context-support\6.0.3\spring-context-support-6.0.3.jar;C:\Users\User\.m2\repository\org\springframework\spring-beans\6.0.3\spring-beans-6.0.3.jar;C:\Users\User\.m2\repository\org\springframework\spring-context\6.0.3\spring-context-6.0.3.jar;C:\Users\User\.m2\repository\org\eclipse\angus\jakarta.mail\1.0.0\jakarta.mail-1.0.0.jar;C:\Users\User\.m2\repository\jakarta\activation\jakarta.activation-api\2.1.0\jakarta.activation-api-2.1.0.jar;C:\Users\User\.m2\repository\org\eclipse\angus\angus-activation\1.0.0\angus-activation-1.0.0.jar;C:\Users\User\.m2\repository\com\sun\mail\javax.mail\1.6.2\javax.mail-1.6.2.jar;C:\Users\User\.m2\repository\javax\activation\activation\1.1\activation-1.1.jar;C:\Users\User\.m2\repository\org\springframework\boot\spring-boot-starter-thymeleaf\3.0.1\spring-boot-starter-thymeleaf-3.0.1.jar;C:\Users\User\.m2\re
Launcher Type: SUN_STANDARD

[Global flags]
     intx CICompilerCount                          = 3                                         {product} {ergonomic}
     uint ConcGCThreads                            = 1                                         {product} {ergonomic}
     uint G1ConcRefinementThreads                  = 4                                         {product} {ergonomic}
   size_t G1HeapRegionSize                         = 1048576                                   {product} {ergonomic}
    uintx GCDrainStackTargetSize                   = 64                                        {product} {ergonomic}
   size_t InitialHeapSize                          = 134217728                                 {product} {ergonomic}
   size_t MarkStackSize                            = 4194304                                   {product} {ergonomic}
   size_t MaxHeapSize                              = 2120220672                                {product} {ergonomic}
   size_t MaxNewSize                               = 1271922688                                {product} {ergonomic}
   size_t MinHeapDeltaBytes                        = 1048576                                   {product} {ergonomic}
   size_t MinHeapSize                              = 8388608                                   {product} {ergonomic}
    uintx NonNMethodCodeHeapSize                   = 5832780                                {pd product} {ergonomic}
    uintx NonProfiledCodeHeapSize                  = 122912730                              {pd product} {ergonomic}
    uintx ProfiledCodeHeapSize                     = 122912730                              {pd product} {ergonomic}
    uintx ReservedCodeCacheSize                    = 251658240                              {pd product} {ergonomic}
     bool SegmentedCodeCache                       = true                                      {product} {ergonomic}
   size_t SoftMaxHeapSize                          = 2120220672                             {manageable} {ergonomic}
     bool UseCompressedClassPointers               = true                           {product lp64_product} {ergonomic}
     bool UseCompressedOops                        = true                           {product lp64_product} {ergonomic}
     bool UseG1GC                                  = true                                      {product} {ergonomic}
     bool UseLargePagesIndividualAllocation        = false                                  {pd product} {ergonomic}

Logging:
Log output configuration:
 #0: stdout all=warning uptime,level,tags
 #1: stderr all=off uptime,level,tags

Environment Variables:
JAVA_HOME=C:\Program Files\Java\jdk-15.0.2
CLASSPATH=C:\mysql-connector-java-8.0.29.jar;.;
PATH=C:\WINDOWS\system32;C:\WINDOWS;C:\WINDOWS\system32\Wbem;C:\Program Files\Common Files\Oracle\Java\javapath;C:\Program Files\Java\jdk-15.0.2\bin;C:\Program Files\Git\cmd;C:\ProgramData\Microsoft VS Code\bin;C:\Users\User\AppData\Local\Microsoft\WindowsApps;%IntelliJ IDEA Community Edition%;
USERNAME=User
OS=Windows_NT
PROCESSOR_IDENTIFIER=Intel64 Family 6 Model 58 Stepping 9, GenuineIntel
TMP=C:\Users\User\AppData\Local\Temp
TEMP=C:\Users\User\AppData\Local\Temp



Periodic native trim disabled

JNI global refs:
JNI global refs: 84, weak refs: 13676

JNI global refs memory usage: 3459, weak refs: 137441

OOME stack traces (most recent first):
Classloader memory used:
Loader jdk.internal.loader.ClassLoaders$AppClassLoader                                 : 8627K
Loader bootstrap                                                                       : 2985K
Loader org.springframework.boot.devtools.restart.classloader.RestartClassLoader        : 150K
Loader jdk.internal.loader.ClassLoaders$PlatformClassLoader                            : 71476B
Loader jdk.internal.reflect.DelegatingClassLoader                                      : 28586B
Loader net.bytebuddy.utility.dispatcher.JavaDispatcher$DynamicClassLoader              : 285B

Classes loaded by more than one classloader:
Class com.sbs.SmartBillingSystem.SmartBillingSystemApplication                        : loaded 2 times (x 69B)


---------------  S Y S T E M  ---------------

OS:
 Windows 10 , 64 bit Build 19041 (10.0.19041.3636)
OS uptime: 2 days 3:37 hours

CPU: total 4 (initial active 4) (2 cores per cpu, 2 threads per core) family 6 model 58 stepping 9 microcode 0x21, cx8, cmov, fxsr, ht, mmx, sse, sse2, sse3, ssse3, sse4.1, sse4.2, popcnt, tsc, tscinvbit, avx, erms, clmul, vzeroupper, clflush
Processor Information for all 4 processors :
  Max Mhz: 3300, Current Mhz: 3300, Mhz Limit: 3300

Memory: 4k page, system-wide physical 8082M (1068M free)
TotalPageFile size 11154M (AvailPageFile size 1933M)
current process WorkingSet (physical memory assigned to process): 361M, peak: 420M
current process commit charge ("private bytes"): 384M, peak: 446M

vm_info: OpenJDK 64-Bit Server VM (17.0.9+7-b1087.9) for windows-amd64 JRE (17.0.9+7-b1087.9), built on 2023-12-05 by "builduser" with MS VC++ 16.10 / 16.11 (VS2019)

END.
