#
# A fatal error has been detected by the Java Runtime Environment:
#
#  EXCEPTION_ACCESS_VIOLATION (0xc0000005) at pc=0x00007ffacda8fb77, pid=12972, tid=11688
#
# JRE version: OpenJDK Runtime Environment Temurin-17.0.10+7 (17.0.10+7) (build 17.0.10+7)
# Java VM: OpenJDK 64-Bit Server VM Temurin-17.0.10+7 (17.0.10+7, mixed mode, tiered, compressed oops, compressed class ptrs, parallel gc, windows-amd64)
# Problematic frame:
# V  [jvm.dll+0x1bfb77]
#
# No core dump will be written. Minidumps are not enabled by default on client versions of Windows
#
# If you would like to submit a bug report, please visit:
#   https://github.com/adoptium/adoptium-support/issues
#

---------------  S U M M A R Y ------------

Command Line: --add-modules=ALL-SYSTEM --add-opens=java.base/java.util=ALL-UNNAMED --add-opens=java.base/java.lang=ALL-UNNAMED --add-opens=java.base/sun.nio.fs=ALL-UNNAMED -Declipse.application=org.eclipse.jdt.ls.core.id1 -Dosgi.bundles.defaultStartLevel=4 -Declipse.product=org.eclipse.jdt.ls.core.product -Djava.import.generatesMetadataFilesAtProjectRoot=false -DDetectVMInstallationsJob.disabled=true -Dfile.encoding=utf8 -XX:+UseParallelGC -XX:GCTimeRatio=4 -XX:AdaptiveSizePolicyWeight=90 -Dsun.zip.disableMemoryMapping=true -Xmx1G -Xms100m -Xlog:disable -javaagent:c:\Users\User\.vscode\extensions\redhat.java-1.28.1-win32-x64\lombok\lombok-1.18.31.jar -XX:+HeapDumpOnOutOfMemoryError -XX:HeapDumpPath=c:\Users\User\AppData\Roaming\Code\User\workspaceStorage\fa6277eb2518f508ced274ced3ce914a\redhat.java -Daether.dependencyCollector.impl=bf c:\Users\User\.vscode\extensions\redhat.java-1.28.1-win32-x64\server\plugins\org.eclipse.equinox.launcher_1.6.700.v20231214-2017.jar -configuration c:\Users\User\AppData\Roaming\Code\User\globalStorage\redhat.java\1.28.1\config_win -data c:\Users\User\AppData\Roaming\Code\User\workspaceStorage\fa6277eb2518f508ced274ced3ce914a\redhat.java\jdt_ws --stdio

Host: Intel(R) Core(TM) i3-3220 CPU @ 3.30GHz, 4 cores, 7G,  Windows 10 , 64 bit Build 19041 (10.0.19041.3636)
Time: Mon Mar 18 21:10:24 2024 India Standard Time elapsed time: 105.203786 seconds (0d 0h 1m 45s)

---------------  T H R E A D  ---------------

Current thread (0x000002b0262d2a70):  JavaThread "C2 CompilerThread0" daemon [_thread_in_native, id=11688, stack(0x000000d144700000,0x000000d144800000)]


Current CompileTask:
C2: 105203 14783       4       org.eclipse.jdt.internal.core.builder.ClasspathJar::isPackage (53 bytes)

Stack: [0x000000d144700000,0x000000d144800000],  sp=0x000000d1447fbb80,  free space=1006k
Native frames: (J=compiled Java code, j=interpreted, Vv=VM code, C=native code)
V  [jvm.dll+0x1bfb77]
V  [jvm.dll+0x36699b]
V  [jvm.dll+0x365915]
V  [jvm.dll+0x1bcfa6]
V  [jvm.dll+0x21a049]
V  [jvm.dll+0x219311]
V  [jvm.dll+0x1a502d]
V  [jvm.dll+0x2290de]
V  [jvm.dll+0x2272ac]
V  [jvm.dll+0x7e9bb7]
V  [jvm.dll+0x7e3fba]
V  [jvm.dll+0x67c1b5]
C  [ucrtbase.dll+0x21bb2]
C  [KERNEL32.DLL+0x17344]
C  [ntdll.dll+0x526b1]


siginfo: EXCEPTION_ACCESS_VIOLATION (0xc0000005), reading address 0x00007ff2ce453da0


Registers:
RAX=0x00007fface453d88, RBX=0x000002b02e786730, RCX=0x0000000000000015, RDX=0x0000000000200000
RSP=0x000000d1447fbb80, RBP=0x000000d1447fbf00, RSI=0x0000000000001c8b, RDI=0x0000000000000003
R8 =0x00007ff2ce453d88, R9 =0x0000000020000000, R10=0xffffffffffffffff, R11=0x000000000000000a
R12=0x0000000000001c8b, R13=0x000002b02c0a2480, R14=0x000000d1447fc290, R15=0x0000000000000000
RIP=0x00007ffacda8fb77, EFLAGS=0x0000000000010206


Register to memory mapping:

RIP=0x00007ffacda8fb77 jvm.dll
RAX=0x00007fface453d88 jvm.dll
RBX=0x000002b02e786730 points into unknown readable memory: 0x000000150000000c | 0c 00 00 00 15 00 00 00
RCX=0x0000000000000015 is an unknown value
RDX=0x0000000000200000 is an unknown value
RSP=0x000000d1447fbb80 is pointing into the stack for thread: 0x000002b0262d2a70
RBP=0x000000d1447fbf00 is pointing into the stack for thread: 0x000002b0262d2a70
RSI=0x0000000000001c8b is an unknown value
RDI=0x0000000000000003 is an unknown value
R8 =0x00007ff2ce453d88 is an unknown value
R9 =0x0000000020000000 is an unknown value
R10=0xffffffffffffffff is an unknown value
R11=0x000000000000000a is an unknown value
R12=0x0000000000001c8b is an unknown value
R13=0x000002b02c0a2480 points into unknown readable memory: 0x00007fface200b28 | 28 0b 20 ce fa 7f 00 00
R14=0x000000d1447fc290 is pointing into the stack for thread: 0x000002b0262d2a70
R15=0x0 is NULL


Top of Stack: (sp=0x000000d1447fbb80)
0x000000d1447fbb80:   000002b02e786730 0000000a00000000
0x000000d1447fbb90:   0000000000300000 0000000000000000
0x000000d1447fbba0:   000002b02e95a2c0 00007ffacdc3699b
0x000000d1447fbbb0:   000002b02e961fe0 000002b02e961fe0
0x000000d1447fbbc0:   0000000000000000 0000000000000000
0x000000d1447fbbd0:   0000000020000000 0000000400001bd5
0x000000d1447fbbe0:   000000240000001c 000002b02eaee700
0x000000d1447fbbf0:   000002b02eaeec08 000000d1447fbcf0
0x000000d1447fbc00:   0000000000000002 0000000000000000
0x000000d1447fbc10:   000002b02e961fe0 00007ffacdc35915
0x000000d1447fbc20:   0000000000000020 000000d1447fbd20
0x000000d1447fbc30:   000000d1447fc290 00007ffb099d47b1
0x000000d1447fbc40:   000000d1447fbc60 000002b000000006
0x000000d1447fbc50:   0000001f00000027 000000000000000d
0x000000d1447fbc60:   0000002700000000 0000000e00000020
0x000000d1447fbc70:   0000000000000000 0000002900000002
0x000000d1447fbc80:   0000000d0000000d 0000000000000000
0x000000d1447fbc90:   0000000000000028 000002b02d409760
0x000000d1447fbca0:   00000000000003a9 0000000000000020
0x000000d1447fbcb0:   0000000000000000 000000020000234b
0x000000d1447fbcc0:   0000002400000024 000002b02eaee6c0
0x000000d1447fbcd0:   000002b02eaeec08 000000d1447fbcf0
0x000000d1447fbce0:   000002b02d4097cc 000002b02d4097d4
0x000000d1447fbcf0:   0000002400000024 000002b02eaeec08
0x000000d1447fbd00:   000000d1447febe0 000000d1447fbf70
0x000000d1447fbd10:   000002b02b44e2c8 0000000000000000
0x000000d1447fbd20:   000002b02cd78d80 00007ffacd97cd71
0x000000d1447fbd30:   000002b02d0fd2e8 00000000000000c6
0x000000d1447fbd40:   000002b0124d3a80 00000000000004f3
0x000000d1447fbd50:   000002b02cd78d80 00007ffacde36e0d
0x000000d1447fbd60:   0000000000000023 00000000000004f4
0x000000d1447fbd70:   0000000000000000 0000000000000000 

Instructions: (pc=0x00007ffacda8fb77)
0x00007ffacda8fa77:   4b 38 e8 32 cd 50 00 0f b7 8b 9c 00 00 00 3b c1
0x00007ffacda8fa87:   89 83 98 00 00 00 79 11 81 8b a8 00 00 00 80 00
0x00007ffacda8fa97:   00 00 c7 43 30 2f 75 00 00 ff c7 c7 43 34 00 00
0x00007ffacda8faa7:   00 00 3b be e0 00 00 00 0f 82 7b ff ff ff 48 81
0x00007ffacda8fab7:   c4 80 00 00 00 5f 5e 5b c3 99 f6 1b 00 2b f7 1b
0x00007ffacda8fac7:   00 99 f6 1b 00 99 f6 1b 00 16 f6 1b 00 99 f6 1b
0x00007ffacda8fad7:   00 59 f6 1b 00 59 f6 1b 00 dd f6 1b 00 99 f6 1b
0x00007ffacda8fae7:   00 b1 f6 1b 00 c7 f6 1b 00 dd f6 1b 00 f3 f6 1b
0x00007ffacda8faf7:   00 b1 f6 1b 00 99 f6 1b 00 48 8b 41 58 48 63 48
0x00007ffacda8fb07:   10 48 8d 05 e5 f3 96 00 48 c1 e1 05 8b 04 01 c3
0x00007ffacda8fb17:   cc cc cc cc cc cc cc cc cc 40 53 48 83 ec 20 48
0x00007ffacda8fb27:   8b d9 85 d2 75 08 32 c0 48 83 c4 20 5b c3 48 8b
0x00007ffacda8fb37:   43 08 8b ca 48 c1 e9 08 48 89 7c 24 30 8b fa 4c
0x00007ffacda8fb47:   8b 04 c8 48 8d 05 37 42 9c 00 4c 3b c0 75 0b 48
0x00007ffacda8fb57:   8b cb e8 f2 bd 1a 00 4c 8b c0 40 0f b6 cf ba 01
0x00007ffacda8fb67:   00 00 00 48 c1 ef 06 80 e1 3f 83 e7 03 48 d3 e2
0x00007ffacda8fb77:   49 8b 0c f8 48 8b c1 48 0b c2 49 89 04 f8 48 8b
0x00007ffacda8fb87:   7c 24 30 48 23 ca 75 02 ff 03 48 85 c9 0f 94 c0
0x00007ffacda8fb97:   48 83 c4 20 5b c3 cc cc cc 44 8b d2 41 3b d0 7c
0x00007ffacda8fba7:   47 41 8d 80 c0 02 00 00 3b d0 7d 3c 44 8b ca 45
0x00007ffacda8fbb7:   2b c8 41 8b c1 83 e0 3f 0f b6 d0 41 8b c1 48 c1
0x00007ffacda8fbc7:   e8 06 48 8b 44 c1 38 48 0f a3 d0 73 1b 0f b7 81
0x00007ffacda8fbd7:   9c 00 00 00 83 f8 01 74 0c 8d 48 ff 8b c1 41 23
0x00007ffacda8fbe7:   c2 3b c1 75 03 b0 01 c3 32 c0 c3 cc cc cc cc cc
0x00007ffacda8fbf7:   cc cc cc cc cc cc cc cc cc 40 57 41 57 48 83 ec
0x00007ffacda8fc07:   38 4c 8b 41 48 33 ff 48 89 5c 24 58 4c 8b f9 48
0x00007ffacda8fc17:   89 74 24 68 4c 89 64 24 30 44 8b e7 4c 89 6c 24
0x00007ffacda8fc27:   28 44 8b ef 41 39 78 40 0f 86 ba 00 00 00 48 89
0x00007ffacda8fc37:   6c 24 60 4c 89 74 24 20 90 49 8b 40 30 8b ef 41
0x00007ffacda8fc47:   8b d4 48 8b 34 d0 8b 46 28 89 44 24 50 85 c0 0f
0x00007ffacda8fc57:   84 7c 00 00 00 4c 8b f7 90 3b 6e 18 73 0a 48 8b
0x00007ffacda8fc67:   46 20 49 8b 1c 06 eb 03 48 8b df 48 8b 03 48 8b 


Stack slot to memory mapping:
stack at sp + 0 slots: 0x000002b02e786730 points into unknown readable memory: 0x000000150000000c | 0c 00 00 00 15 00 00 00
stack at sp + 1 slots: 0x0000000a00000000 is an unknown value
stack at sp + 2 slots: 0x0000000000300000 is an unknown value
stack at sp + 3 slots: 0x0 is NULL
stack at sp + 4 slots: 0x000002b02e95a2c0 points into unknown readable memory: 0x3f60eb54450e2af5 | f5 2a 0e 45 54 eb 60 3f
stack at sp + 5 slots: 0x00007ffacdc3699b jvm.dll
stack at sp + 6 slots: 0x000002b02e961fe0 points into unknown readable memory: 0x3e8712aeaa4b05e5 | e5 05 4b aa ae 12 87 3e
stack at sp + 7 slots: 0x000002b02e961fe0 points into unknown readable memory: 0x3e8712aeaa4b05e5 | e5 05 4b aa ae 12 87 3e


---------------  P R O C E S S  ---------------

Threads class SMR info:
_java_thread_list=0x000002b02eac85a0, length=37, elements={
0x000002b012466030, 0x000002b0262a3740, 0x000002b0262a4750, 0x000002b0262cc150,
0x000002b0262ccee0, 0x000002b0262cdc70, 0x000002b0262cf8b0, 0x000002b0262d2a70,
0x000002b0262fea60, 0x000002b02b47deb0, 0x000002b0124c63b0, 0x000002b02b737da0,
0x000002b02c6318c0, 0x000002b02c3316c0, 0x000002b02c6b5c40, 0x000002b02c914670,
0x000002b02c906090, 0x000002b02c365fb0, 0x000002b02c366ee0, 0x000002b02c365590,
0x000002b02c365aa0, 0x000002b02c368320, 0x000002b02c3673f0, 0x000002b02c3669d0,
0x000002b02d8fbb00, 0x000002b02d8fa6c0, 0x000002b02d8f9790, 0x000002b02d8f6f10,
0x000002b02d8f8860, 0x000002b02d8f7e40, 0x000002b02d8f8350, 0x000002b02d8f8d70,
0x000002b02d8fc010, 0x000002b02d8fb0e0, 0x000002b02d8fca30, 0x000002b02fe7bfb0,
0x000002b0307f30d0
}

Java Threads: ( => current thread )
  0x000002b012466030 JavaThread "main" [_thread_blocked, id=5984, stack(0x000000d143e00000,0x000000d143f00000)]
  0x000002b0262a3740 JavaThread "Reference Handler" daemon [_thread_blocked, id=1696, stack(0x000000d144100000,0x000000d144200000)]
  0x000002b0262a4750 JavaThread "Finalizer" daemon [_thread_blocked, id=12312, stack(0x000000d144200000,0x000000d144300000)]
  0x000002b0262cc150 JavaThread "Signal Dispatcher" daemon [_thread_blocked, id=10040, stack(0x000000d144300000,0x000000d144400000)]
  0x000002b0262ccee0 JavaThread "Attach Listener" daemon [_thread_blocked, id=1340, stack(0x000000d144400000,0x000000d144500000)]
  0x000002b0262cdc70 JavaThread "Service Thread" daemon [_thread_blocked, id=7032, stack(0x000000d144500000,0x000000d144600000)]
  0x000002b0262cf8b0 JavaThread "Monitor Deflation Thread" daemon [_thread_blocked, id=8912, stack(0x000000d144600000,0x000000d144700000)]
=>0x000002b0262d2a70 JavaThread "C2 CompilerThread0" daemon [_thread_in_native, id=11688, stack(0x000000d144700000,0x000000d144800000)]
  0x000002b0262fea60 JavaThread "C1 CompilerThread0" daemon [_thread_blocked, id=2796, stack(0x000000d144800000,0x000000d144900000)]
  0x000002b02b47deb0 JavaThread "Sweeper thread" daemon [_thread_blocked, id=360, stack(0x000000d144900000,0x000000d144a00000)]
  0x000002b0124c63b0 JavaThread "Common-Cleaner" daemon [_thread_blocked, id=6688, stack(0x000000d144a00000,0x000000d144b00000)]
  0x000002b02b737da0 JavaThread "Notification Thread" daemon [_thread_blocked, id=11560, stack(0x000000d144b00000,0x000000d144c00000)]
  0x000002b02c6318c0 JavaThread "Active Thread: Equinox Container: f835dc1e-699f-4233-a203-3d22b29a1c4f" [_thread_blocked, id=11384, stack(0x000000d145100000,0x000000d145200000)]
  0x000002b02c3316c0 JavaThread "Framework Event Dispatcher: Equinox Container: f835dc1e-699f-4233-a203-3d22b29a1c4f" daemon [_thread_blocked, id=7184, stack(0x000000d145000000,0x000000d145100000)]
  0x000002b02c6b5c40 JavaThread "Start Level: Equinox Container: f835dc1e-699f-4233-a203-3d22b29a1c4f" daemon [_thread_blocked, id=5404, stack(0x000000d145200000,0x000000d145300000)]
  0x000002b02c914670 JavaThread "Bundle File Closer" daemon [_thread_blocked, id=5108, stack(0x000000d145300000,0x000000d145400000)]
  0x000002b02c906090 JavaThread "SCR Component Actor" daemon [_thread_blocked, id=12456, stack(0x000000d145400000,0x000000d145500000)]
  0x000002b02c365fb0 JavaThread "Worker-JM" [_thread_blocked, id=11532, stack(0x000000d145600000,0x000000d145700000)]
  0x000002b02c366ee0 JavaThread "Worker-0" [_thread_blocked, id=1260, stack(0x000000d145800000,0x000000d145900000)]
  0x000002b02c365590 JavaThread "Worker-1: Initialize workspace" [_thread_blocked, id=6684, stack(0x000000d145900000,0x000000d145a00000)]
  0x000002b02c365aa0 JavaThread "Java indexing" daemon [_thread_blocked, id=8600, stack(0x000000d145a00000,0x000000d145b00000)]
  0x000002b02c368320 JavaThread "Worker-2" [_thread_blocked, id=10304, stack(0x000000d145b00000,0x000000d145c00000)]
  0x000002b02c3673f0 JavaThread "JNA Cleaner" daemon [_thread_blocked, id=7820, stack(0x000000d145c00000,0x000000d145d00000)]
  0x000002b02c3669d0 JavaThread "pool-2-thread-1" [_thread_blocked, id=8516, stack(0x000000d145f00000,0x000000d146000000)]
  0x000002b02d8fbb00 JavaThread "WorkspaceEventsHandler" [_thread_blocked, id=8448, stack(0x000000d146000000,0x000000d146100000)]
  0x000002b02d8fa6c0 JavaThread "pool-1-thread-1" [_thread_in_native, id=7448, stack(0x000000d146100000,0x000000d146200000)]
  0x000002b02d8f9790 JavaThread "Worker-3" [_thread_blocked, id=10324, stack(0x000000d145500000,0x000000d145600000)]
  0x000002b02d8f6f10 JavaThread "Worker-4: Building" [_thread_in_native, id=4844, stack(0x000000d145700000,0x000000d145800000)]
  0x000002b02d8f8860 JavaThread "Worker-5: Register Watchers" [_thread_blocked, id=8900, stack(0x000000d146200000,0x000000d146300000)]
  0x000002b02d8f7e40 JavaThread "Worker-6" [_thread_blocked, id=4036, stack(0x000000d146400000,0x000000d146500000)]
  0x000002b02d8f8350 JavaThread "ForkJoinPool.commonPool-worker-1" daemon [_thread_blocked, id=5140, stack(0x000000d146500000,0x000000d146600000)]
  0x000002b02d8f8d70 JavaThread "ForkJoinPool.commonPool-worker-2" daemon [_thread_blocked, id=7136, stack(0x000000d146600000,0x000000d146700000)]
  0x000002b02d8fc010 JavaThread "ForkJoinPool.commonPool-worker-3" daemon [_thread_blocked, id=11568, stack(0x000000d146700000,0x000000d146800000)]
  0x000002b02d8fb0e0 JavaThread "Worker-7" [_thread_blocked, id=7844, stack(0x000000d146d00000,0x000000d146e00000)]
  0x000002b02d8fca30 JavaThread "Worker-8" [_thread_blocked, id=9272, stack(0x000000d143c00000,0x000000d143d00000)]
  0x000002b02fe7bfb0 JavaThread "C2 CompilerThread1" daemon [_thread_in_native, id=12016, stack(0x000000d143d00000,0x000000d143e00000)]
  0x000002b0307f30d0 JavaThread "Compiler Processing Task" daemon [_thread_in_native, id=4880, stack(0x000000d146300000,0x000000d146400000)]

Other Threads:
  0x000002b01251ece0 VMThread "VM Thread" [stack: 0x000000d144000000,0x000000d144100000] [id=7784]
  0x000002b02b72d610 WatcherThread [stack: 0x000000d144c00000,0x000000d144d00000] [id=2328]
  0x000002b01247bd20 GCTaskThread "GC Thread#0" [stack: 0x000000d143f00000,0x000000d144000000] [id=3676]
  0x000002b02c0c3ed0 GCTaskThread "GC Thread#1" [stack: 0x000000d144d00000,0x000000d144e00000] [id=10832]
  0x000002b02c0c4190 GCTaskThread "GC Thread#2" [stack: 0x000000d144e00000,0x000000d144f00000] [id=344]
  0x000002b02c0c4450 GCTaskThread "GC Thread#3" [stack: 0x000000d144f00000,0x000000d145000000] [id=13292]

Threads with active compile tasks:
C2 CompilerThread0   105357 14783       4       org.eclipse.jdt.internal.core.builder.ClasspathJar::isPackage (53 bytes)
C2 CompilerThread1   105357 14932       4       org.eclipse.jdt.internal.compiler.lookup.ModuleBinding::getVisiblePackage (440 bytes)

VM state: not at safepoint (normal execution)

VM Mutex/Monitor currently owned by a thread:  ([mutex/lock_event])
[0x000002b012460e50] Heap_lock - owner thread: 0x000002b02c365aa0

Heap address: 0x00000000c0000000, size: 1024 MB, Compressed Oops mode: 32-bit

CDS archive(s) not mapped
Compressed class space mapped at: 0x0000000100000000-0x0000000140000000, reserved size: 1073741824
Narrow klass base: 0x0000000000000000, Narrow klass shift: 3, Narrow klass range: 0x140000000

GC Precious Log:
 CPUs: 4 total, 4 available
 Memory: 8082M
 Large Page Support: Disabled
 NUMA Support: Disabled
 Compressed Oops: Enabled (32-bit)
 Alignments: Space 512K, Generation 512K, Heap 2M
 Heap Min Capacity: 100M
 Heap Initial Capacity: 100M
 Heap Max Capacity: 1G
 Pre-touch: Disabled
 Parallel Workers: 4

Heap:
 PSYoungGen      total 2048K, used 544K [0x00000000eab00000, 0x00000000eb100000, 0x0000000100000000)
  eden space 1536K, 2% used [0x00000000eab00000,0x00000000eab08370,0x00000000eac80000)
  from space 512K, 100% used [0x00000000eae80000,0x00000000eaf00000,0x00000000eaf00000)
  to   space 2048K, 0% used [0x00000000eac80000,0x00000000eac80000,0x00000000eae80000)
 ParOldGen       total 199168K, used 167425K [0x00000000c0000000, 0x00000000cc280000, 0x00000000eab00000)
  object space 199168K, 84% used [0x00000000c0000000,0x00000000ca380630,0x00000000cc280000)
 Metaspace       used 79755K, committed 81344K, reserved 1179648K
  class space    used 8134K, committed 8832K, reserved 1048576K

Card table byte_map: [0x000002b011e00000,0x000002b012010000] _byte_map_base: 0x000002b011800000

Marking Bits: (ParMarkBitMap*) 0x00007fface46d7d0
 Begin Bits: [0x000002b024100000, 0x000002b025100000)
 End Bits:   [0x000002b025100000, 0x000002b026100000)

Polling page: 0x000002b0103d0000

Metaspace:

Usage:
  Non-class:     69.94 MB used.
      Class:      7.94 MB used.
       Both:     77.89 MB used.

Virtual space:
  Non-class space:      128.00 MB reserved,      70.81 MB ( 55%) committed,  2 nodes.
      Class space:        1.00 GB reserved,       8.62 MB ( <1%) committed,  1 nodes.
             Both:        1.12 GB reserved,      79.44 MB (  7%) committed. 

Chunk freelists:
   Non-Class:  7.97 MB
       Class:  7.31 MB
        Both:  15.28 MB

MaxMetaspaceSize: unlimited
CompressedClassSpaceSize: 1.00 GB
Initial GC threshold: 21.00 MB
Current GC threshold: 131.88 MB
CDS: off
MetaspaceReclaimPolicy: balanced
 - commit_granule_bytes: 65536.
 - commit_granule_words: 8192.
 - virtual_space_node_default_size: 8388608.
 - enlarge_chunks_in_place: 1.
 - new_chunks_are_fully_committed: 0.
 - uncommit_free_chunks: 1.
 - use_allocation_guard: 0.
 - handle_deallocations: 1.


Internal statistics:

num_allocs_failed_limit: 9.
num_arena_births: 1008.
num_arena_deaths: 14.
num_vsnodes_births: 3.
num_vsnodes_deaths: 0.
num_space_committed: 1271.
num_space_uncommitted: 0.
num_chunks_returned_to_freelist: 23.
num_chunks_taken_from_freelist: 4462.
num_chunk_merges: 12.
num_chunk_splits: 2722.
num_chunks_enlarged: 1535.
num_inconsistent_stats: 0.

CodeHeap 'non-profiled nmethods': size=120000Kb used=9785Kb max_used=9785Kb free=110215Kb
 bounds [0x000002b01cbd0000, 0x000002b01d560000, 0x000002b024100000]
CodeHeap 'profiled nmethods': size=120000Kb used=28329Kb max_used=28329Kb free=91670Kb
 bounds [0x000002b015100000, 0x000002b016cb0000, 0x000002b01c630000]
CodeHeap 'non-nmethods': size=5760Kb used=1377Kb max_used=1469Kb free=4382Kb
 bounds [0x000002b01c630000, 0x000002b01c8a0000, 0x000002b01cbd0000]
 total_blobs=13171 nmethods=12442 adapters=641
 compilation: enabled
              stopped_count=0, restarted_count=0
 full_count=0

Compilation events (20 events):
Event: 105.057 Thread 0x000002b02fe7bfb0 nmethod 14925 0x000002b01d55c810 code [0x000002b01d55c980, 0x000002b01d55cad8]
Event: 105.057 Thread 0x000002b02fe7bfb0 14926       4       java.util.Arrays::fill (21 bytes)
Event: 105.062 Thread 0x000002b02fe7bfb0 nmethod 14926 0x000002b01d55cb90 code [0x000002b01d55cd00, 0x000002b01d55ce78]
Event: 105.065 Thread 0x000002b02fe7bfb0 14927       4       org.eclipse.jdt.internal.compiler.util.ObjectVector::add (61 bytes)
Event: 105.068 Thread 0x000002b02fe7bfb0 nmethod 14927 0x000002b01d55cf90 code [0x000002b01d55d120, 0x000002b01d55d418]
Event: 105.068 Thread 0x000002b02fe7bfb0 14928       4       org.eclipse.jdt.internal.compiler.lookup.SortedCompoundNameVector::add (84 bytes)
Event: 105.080 Thread 0x000002b0262fea60 14930       3       org.eclipse.jdt.internal.compiler.lookup.MethodVerifier15::checkMethods (1161 bytes)
Event: 105.088 Thread 0x000002b0262fea60 nmethod 14930 0x000002b016ca0b90 code [0x000002b016ca11c0, 0x000002b016ca63e8]
Event: 105.088 Thread 0x000002b0262fea60 14931       3       org.eclipse.jdt.internal.compiler.lookup.LookupEnvironment::createParameterizedGenericMethod (349 bytes)
Event: 105.089 Thread 0x000002b0262fea60 nmethod 14931 0x000002b016ca8310 code [0x000002b016ca85e0, 0x000002b016ca98c8]
Event: 105.090 Thread 0x000002b02fe7bfb0 nmethod 14928 0x000002b01d55d590 code [0x000002b01d55d720, 0x000002b01d55df58]
Event: 105.090 Thread 0x000002b0262fea60 14933       3       org.eclipse.jdt.internal.compiler.util.Sorting::sortSuper (59 bytes)
Event: 105.090 Thread 0x000002b02fe7bfb0 14932       4       org.eclipse.jdt.internal.compiler.lookup.ModuleBinding::getVisiblePackage (440 bytes)
Event: 105.091 Thread 0x000002b0262fea60 nmethod 14933 0x000002b016caa090 code [0x000002b016caa260, 0x000002b016caa598]
Event: 105.107 Thread 0x000002b0262fea60 14939       3       org.eclipse.jdt.internal.compiler.lookup.MethodBinding::<init> (31 bytes)
Event: 105.108 Thread 0x000002b0262fea60 nmethod 14939 0x000002b016caa710 code [0x000002b016caa8c0, 0x000002b016caaad8]
Event: 105.108 Thread 0x000002b0262fea60 14940       3       org.eclipse.jdt.internal.compiler.lookup.LookupEnvironment::createParameterizedGenericMethod (10 bytes)
Event: 105.108 Thread 0x000002b0262fea60 nmethod 14940 0x000002b016caac10 code [0x000002b016caada0, 0x000002b016caaee8]
Event: 105.114 Thread 0x000002b0262fea60 14941       3       org.eclipse.jdt.internal.compiler.lookup.ParameterizedMethodBinding::<init> (5 bytes)
Event: 105.114 Thread 0x000002b0262fea60 nmethod 14941 0x000002b016caaf90 code [0x000002b016cab140, 0x000002b016cab3b8]

GC Heap History (20 events):
Event: 104.546 GC heap after
{Heap after GC invocations=198 (full 9):
 PSYoungGen      total 4096K, used 1968K [0x00000000eab00000, 0x00000000eb100000, 0x0000000100000000)
  eden space 2048K, 0% used [0x00000000eab00000,0x00000000eab00000,0x00000000ead00000)
  from space 2048K, 96% used [0x00000000eaf00000,0x00000000eb0ec320,0x00000000eb100000)
  to   space 2048K, 0% used [0x00000000ead00000,0x00000000ead00000,0x00000000eaf00000)
 ParOldGen       total 199168K, used 158048K [0x00000000c0000000, 0x00000000cc280000, 0x00000000eab00000)
  object space 199168K, 79% used [0x00000000c0000000,0x00000000c9a58108,0x00000000cc280000)
 Metaspace       used 79590K, committed 81088K, reserved 1179648K
  class space    used 8134K, committed 8832K, reserved 1048576K
}
Event: 104.606 GC heap before
{Heap before GC invocations=199 (full 9):
 PSYoungGen      total 4096K, used 4016K [0x00000000eab00000, 0x00000000eb100000, 0x0000000100000000)
  eden space 2048K, 100% used [0x00000000eab00000,0x00000000ead00000,0x00000000ead00000)
  from space 2048K, 96% used [0x00000000eaf00000,0x00000000eb0ec320,0x00000000eb100000)
  to   space 2048K, 0% used [0x00000000ead00000,0x00000000ead00000,0x00000000eaf00000)
 ParOldGen       total 199168K, used 158048K [0x00000000c0000000, 0x00000000cc280000, 0x00000000eab00000)
  object space 199168K, 79% used [0x00000000c0000000,0x00000000c9a58108,0x00000000cc280000)
 Metaspace       used 79616K, committed 81152K, reserved 1179648K
  class space    used 8134K, committed 8832K, reserved 1048576K
}
Event: 104.608 GC heap after
{Heap after GC invocations=199 (full 9):
 PSYoungGen      total 4096K, used 2026K [0x00000000eab00000, 0x00000000eb200000, 0x0000000100000000)
  eden space 2048K, 0% used [0x00000000eab00000,0x00000000eab00000,0x00000000ead00000)
  from space 2048K, 98% used [0x00000000ead00000,0x00000000eaefab58,0x00000000eaf00000)
  to   space 2560K, 0% used [0x00000000eaf80000,0x00000000eaf80000,0x00000000eb200000)
 ParOldGen       total 199168K, used 158384K [0x00000000c0000000, 0x00000000cc280000, 0x00000000eab00000)
  object space 199168K, 79% used [0x00000000c0000000,0x00000000c9aac1f0,0x00000000cc280000)
 Metaspace       used 79616K, committed 81152K, reserved 1179648K
  class space    used 8134K, committed 8832K, reserved 1048576K
}
Event: 104.625 GC heap before
{Heap before GC invocations=200 (full 9):
 PSYoungGen      total 4096K, used 4074K [0x00000000eab00000, 0x00000000eb200000, 0x0000000100000000)
  eden space 2048K, 100% used [0x00000000eab00000,0x00000000ead00000,0x00000000ead00000)
  from space 2048K, 98% used [0x00000000ead00000,0x00000000eaefab58,0x00000000eaf00000)
  to   space 2560K, 0% used [0x00000000eaf80000,0x00000000eaf80000,0x00000000eb200000)
 ParOldGen       total 199168K, used 158384K [0x00000000c0000000, 0x00000000cc280000, 0x00000000eab00000)
  object space 199168K, 79% used [0x00000000c0000000,0x00000000c9aac1f0,0x00000000cc280000)
 Metaspace       used 79623K, committed 81152K, reserved 1179648K
  class space    used 8134K, committed 8832K, reserved 1048576K
}
Event: 104.630 GC heap after
{Heap after GC invocations=200 (full 9):
 PSYoungGen      total 3072K, used 2535K [0x00000000eab00000, 0x00000000eb680000, 0x0000000100000000)
  eden space 512K, 0% used [0x00000000eab00000,0x00000000eab00000,0x00000000eab80000)
  from space 2560K, 99% used [0x00000000eaf80000,0x00000000eb1f9f38,0x00000000eb200000)
  to   space 4096K, 0% used [0x00000000eab80000,0x00000000eab80000,0x00000000eaf80000)
 ParOldGen       total 199168K, used 159685K [0x00000000c0000000, 0x00000000cc280000, 0x00000000eab00000)
  object space 199168K, 80% used [0x00000000c0000000,0x00000000c9bf1490,0x00000000cc280000)
 Metaspace       used 79623K, committed 81152K, reserved 1179648K
  class space    used 8134K, committed 8832K, reserved 1048576K
}
Event: 104.652 GC heap before
{Heap before GC invocations=201 (full 9):
 PSYoungGen      total 3072K, used 3047K [0x00000000eab00000, 0x00000000eb680000, 0x0000000100000000)
  eden space 512K, 100% used [0x00000000eab00000,0x00000000eab80000,0x00000000eab80000)
  from space 2560K, 99% used [0x00000000eaf80000,0x00000000eb1f9f38,0x00000000eb200000)
  to   space 4096K, 0% used [0x00000000eab80000,0x00000000eab80000,0x00000000eaf80000)
 ParOldGen       total 199168K, used 159685K [0x00000000c0000000, 0x00000000cc280000, 0x00000000eab00000)
  object space 199168K, 80% used [0x00000000c0000000,0x00000000c9bf1490,0x00000000cc280000)
 Metaspace       used 79627K, committed 81152K, reserved 1179648K
  class space    used 8134K, committed 8832K, reserved 1048576K
}
Event: 104.655 GC heap after
{Heap after GC invocations=201 (full 9):
 PSYoungGen      total 3072K, used 2112K [0x00000000eab00000, 0x00000000eb200000, 0x0000000100000000)
  eden space 512K, 0% used [0x00000000eab00000,0x00000000eab00000,0x00000000eab80000)
  from space 2560K, 82% used [0x00000000eab80000,0x00000000ead90000,0x00000000eae00000)
  to   space 3072K, 0% used [0x00000000eaf00000,0x00000000eaf00000,0x00000000eb200000)
 ParOldGen       total 199168K, used 160372K [0x00000000c0000000, 0x00000000cc280000, 0x00000000eab00000)
  object space 199168K, 80% used [0x00000000c0000000,0x00000000c9c9d3c8,0x00000000cc280000)
 Metaspace       used 79627K, committed 81152K, reserved 1179648K
  class space    used 8134K, committed 8832K, reserved 1048576K
}
Event: 104.671 GC heap before
{Heap before GC invocations=202 (full 9):
 PSYoungGen      total 3072K, used 2624K [0x00000000eab00000, 0x00000000eb200000, 0x0000000100000000)
  eden space 512K, 100% used [0x00000000eab00000,0x00000000eab80000,0x00000000eab80000)
  from space 2560K, 82% used [0x00000000eab80000,0x00000000ead90000,0x00000000eae00000)
  to   space 3072K, 0% used [0x00000000eaf00000,0x00000000eaf00000,0x00000000eb200000)
 ParOldGen       total 199168K, used 160372K [0x00000000c0000000, 0x00000000cc280000, 0x00000000eab00000)
  object space 199168K, 80% used [0x00000000c0000000,0x00000000c9c9d3c8,0x00000000cc280000)
 Metaspace       used 79670K, committed 81152K, reserved 1179648K
  class space    used 8134K, committed 8832K, reserved 1048576K
}
Event: 104.674 GC heap after
{Heap after GC invocations=202 (full 9):
 PSYoungGen      total 3072K, used 1760K [0x00000000eab00000, 0x00000000eb100000, 0x0000000100000000)
  eden space 1024K, 0% used [0x00000000eab00000,0x00000000eab00000,0x00000000eac00000)
  from space 2048K, 85% used [0x00000000eaf00000,0x00000000eb0b8000,0x00000000eb100000)
  to   space 2048K, 0% used [0x00000000ead00000,0x00000000ead00000,0x00000000eaf00000)
 ParOldGen       total 199168K, used 161132K [0x00000000c0000000, 0x00000000cc280000, 0x00000000eab00000)
  object space 199168K, 80% used [0x00000000c0000000,0x00000000c9d5b3c8,0x00000000cc280000)
 Metaspace       used 79670K, committed 81152K, reserved 1179648K
  class space    used 8134K, committed 8832K, reserved 1048576K
}
Event: 104.698 GC heap before
{Heap before GC invocations=203 (full 9):
 PSYoungGen      total 3072K, used 2783K [0x00000000eab00000, 0x00000000eb100000, 0x0000000100000000)
  eden space 1024K, 99% used [0x00000000eab00000,0x00000000eabfffd8,0x00000000eac00000)
  from space 2048K, 85% used [0x00000000eaf00000,0x00000000eb0b8000,0x00000000eb100000)
  to   space 2048K, 0% used [0x00000000ead00000,0x00000000ead00000,0x00000000eaf00000)
 ParOldGen       total 199168K, used 161132K [0x00000000c0000000, 0x00000000cc280000, 0x00000000eab00000)
  object space 199168K, 80% used [0x00000000c0000000,0x00000000c9d5b3c8,0x00000000cc280000)
 Metaspace       used 79671K, committed 81216K, reserved 1179648K
  class space    used 8134K, committed 8832K, reserved 1048576K
}
Event: 104.702 GC heap after
{Heap after GC invocations=203 (full 9):
 PSYoungGen      total 2560K, used 896K [0x00000000eab00000, 0x00000000eaf80000, 0x0000000100000000)
  eden space 1536K, 0% used [0x00000000eab00000,0x00000000eab00000,0x00000000eac80000)
  from space 1024K, 87% used [0x00000000ead00000,0x00000000eade0000,0x00000000eae00000)
  to   space 1536K, 0% used [0x00000000eae00000,0x00000000eae00000,0x00000000eaf80000)
 ParOldGen       total 199168K, used 162505K [0x00000000c0000000, 0x00000000cc280000, 0x00000000eab00000)
  object space 199168K, 81% used [0x00000000c0000000,0x00000000c9eb2668,0x00000000cc280000)
 Metaspace       used 79671K, committed 81216K, reserved 1179648K
  class space    used 8134K, committed 8832K, reserved 1048576K
}
Event: 104.733 GC heap before
{Heap before GC invocations=204 (full 9):
 PSYoungGen      total 2560K, used 2432K [0x00000000eab00000, 0x00000000eaf80000, 0x0000000100000000)
  eden space 1536K, 100% used [0x00000000eab00000,0x00000000eac80000,0x00000000eac80000)
  from space 1024K, 87% used [0x00000000ead00000,0x00000000eade0000,0x00000000eae00000)
  to   space 1536K, 0% used [0x00000000eae00000,0x00000000eae00000,0x00000000eaf80000)
 ParOldGen       total 199168K, used 162505K [0x00000000c0000000, 0x00000000cc280000, 0x00000000eab00000)
  object space 199168K, 81% used [0x00000000c0000000,0x00000000c9eb2668,0x00000000cc280000)
 Metaspace       used 79671K, committed 81216K, reserved 1179648K
  class space    used 8134K, committed 8832K, reserved 1048576K
}
Event: 104.737 GC heap after
{Heap after GC invocations=204 (full 9):
 PSYoungGen      total 3072K, used 1120K [0x00000000eab00000, 0x00000000eb000000, 0x0000000100000000)
  eden space 1536K, 0% used [0x00000000eab00000,0x00000000eab00000,0x00000000eac80000)
  from space 1536K, 72% used [0x00000000eae00000,0x00000000eaf18000,0x00000000eaf80000)
  to   space 1536K, 0% used [0x00000000eac80000,0x00000000eac80000,0x00000000eae00000)
 ParOldGen       total 199168K, used 163369K [0x00000000c0000000, 0x00000000cc280000, 0x00000000eab00000)
  object space 199168K, 82% used [0x00000000c0000000,0x00000000c9f8a4d0,0x00000000cc280000)
 Metaspace       used 79671K, committed 81216K, reserved 1179648K
  class space    used 8134K, committed 8832K, reserved 1048576K
}
Event: 104.764 GC heap before
{Heap before GC invocations=205 (full 9):
 PSYoungGen      total 3072K, used 2656K [0x00000000eab00000, 0x00000000eb000000, 0x0000000100000000)
  eden space 1536K, 100% used [0x00000000eab00000,0x00000000eac80000,0x00000000eac80000)
  from space 1536K, 72% used [0x00000000eae00000,0x00000000eaf18000,0x00000000eaf80000)
  to   space 1536K, 0% used [0x00000000eac80000,0x00000000eac80000,0x00000000eae00000)
 ParOldGen       total 199168K, used 163369K [0x00000000c0000000, 0x00000000cc280000, 0x00000000eab00000)
  object space 199168K, 82% used [0x00000000c0000000,0x00000000c9f8a4d0,0x00000000cc280000)
 Metaspace       used 79677K, committed 81280K, reserved 1179648K
  class space    used 8134K, committed 8832K, reserved 1048576K
}
Event: 104.767 GC heap after
{Heap after GC invocations=205 (full 9):
 PSYoungGen      total 3072K, used 1088K [0x00000000eab00000, 0x00000000eb000000, 0x0000000100000000)
  eden space 1536K, 0% used [0x00000000eab00000,0x00000000eab00000,0x00000000eac80000)
  from space 1536K, 70% used [0x00000000eac80000,0x00000000ead90000,0x00000000eae00000)
  to   space 1536K, 0% used [0x00000000eae80000,0x00000000eae80000,0x00000000eb000000)
 ParOldGen       total 199168K, used 164456K [0x00000000c0000000, 0x00000000cc280000, 0x00000000eab00000)
  object space 199168K, 82% used [0x00000000c0000000,0x00000000ca09a0a0,0x00000000cc280000)
 Metaspace       used 79677K, committed 81280K, reserved 1179648K
  class space    used 8134K, committed 8832K, reserved 1048576K
}
Event: 104.809 GC heap before
{Heap before GC invocations=206 (full 9):
 PSYoungGen      total 3072K, used 2623K [0x00000000eab00000, 0x00000000eb000000, 0x0000000100000000)
  eden space 1536K, 99% used [0x00000000eab00000,0x00000000eac7fff0,0x00000000eac80000)
  from space 1536K, 70% used [0x00000000eac80000,0x00000000ead90000,0x00000000eae00000)
  to   space 1536K, 0% used [0x00000000eae80000,0x00000000eae80000,0x00000000eb000000)
 ParOldGen       total 199168K, used 164456K [0x00000000c0000000, 0x00000000cc280000, 0x00000000eab00000)
  object space 199168K, 82% used [0x00000000c0000000,0x00000000ca09a0a0,0x00000000cc280000)
 Metaspace       used 79710K, committed 81280K, reserved 1179648K
  class space    used 8134K, committed 8832K, reserved 1048576K
}
Event: 104.813 GC heap after
{Heap after GC invocations=206 (full 9):
 PSYoungGen      total 2560K, used 960K [0x00000000eab00000, 0x00000000eaf80000, 0x0000000100000000)
  eden space 1536K, 0% used [0x00000000eab00000,0x00000000eab00000,0x00000000eac80000)
  from space 1024K, 93% used [0x00000000eae80000,0x00000000eaf70000,0x00000000eaf80000)
  to   space 1024K, 0% used [0x00000000ead80000,0x00000000ead80000,0x00000000eae80000)
 ParOldGen       total 199168K, used 165509K [0x00000000c0000000, 0x00000000cc280000, 0x00000000eab00000)
  object space 199168K, 83% used [0x00000000c0000000,0x00000000ca1a14f8,0x00000000cc280000)
 Metaspace       used 79710K, committed 81280K, reserved 1179648K
  class space    used 8134K, committed 8832K, reserved 1048576K
}
Event: 104.837 GC heap before
{Heap before GC invocations=207 (full 9):
 PSYoungGen      total 2560K, used 2496K [0x00000000eab00000, 0x00000000eaf80000, 0x0000000100000000)
  eden space 1536K, 100% used [0x00000000eab00000,0x00000000eac80000,0x00000000eac80000)
  from space 1024K, 93% used [0x00000000eae80000,0x00000000eaf70000,0x00000000eaf80000)
  to   space 1024K, 0% used [0x00000000ead80000,0x00000000ead80000,0x00000000eae80000)
 ParOldGen       total 199168K, used 165509K [0x00000000c0000000, 0x00000000cc280000, 0x00000000eab00000)
  object space 199168K, 83% used [0x00000000c0000000,0x00000000ca1a14f8,0x00000000cc280000)
 Metaspace       used 79719K, committed 81280K, reserved 1179648K
  class space    used 8134K, committed 8832K, reserved 1048576K
}
Event: 104.841 GC heap after
{Heap after GC invocations=207 (full 9):
 PSYoungGen      total 3072K, used 544K [0x00000000eab00000, 0x00000000eaf00000, 0x0000000100000000)
  eden space 2048K, 0% used [0x00000000eab00000,0x00000000eab00000,0x00000000ead00000)
  from space 1024K, 53% used [0x00000000ead80000,0x00000000eae08000,0x00000000eae80000)
  to   space 512K, 0% used [0x00000000eae80000,0x00000000eae80000,0x00000000eaf00000)
 ParOldGen       total 199168K, used 166413K [0x00000000c0000000, 0x00000000cc280000, 0x00000000eab00000)
  object space 199168K, 83% used [0x00000000c0000000,0x00000000ca283748,0x00000000cc280000)
 Metaspace       used 79719K, committed 81280K, reserved 1179648K
  class space    used 8134K, committed 8832K, reserved 1048576K
}
Event: 105.122 GC heap before
{Heap before GC invocations=208 (full 9):
 PSYoungGen      total 3072K, used 2591K [0x00000000eab00000, 0x00000000eaf00000, 0x0000000100000000)
  eden space 2048K, 99% used [0x00000000eab00000,0x00000000eacfffc0,0x00000000ead00000)
  from space 1024K, 53% used [0x00000000ead80000,0x00000000eae08000,0x00000000eae80000)
  to   space 512K, 0% used [0x00000000eae80000,0x00000000eae80000,0x00000000eaf00000)
 ParOldGen       total 199168K, used 166413K [0x00000000c0000000, 0x00000000cc280000, 0x00000000eab00000)
  object space 199168K, 83% used [0x00000000c0000000,0x00000000ca283748,0x00000000cc280000)
 Metaspace       used 79755K, committed 81344K, reserved 1179648K
  class space    used 8134K, committed 8832K, reserved 1048576K
}

Dll operation events (10 events):
Event: 0.060 Loaded shared library c:\Users\User\.vscode\extensions\redhat.java-1.28.1-win32-x64\jre\17.0.10-win32-x86_64\bin\java.dll
Event: 0.432 Loaded shared library c:\Users\User\.vscode\extensions\redhat.java-1.28.1-win32-x64\jre\17.0.10-win32-x86_64\bin\zip.dll
Event: 0.439 Loaded shared library C:\Users\User\.vscode\extensions\redhat.java-1.28.1-win32-x64\jre\17.0.10-win32-x86_64\bin\instrument.dll
Event: 0.462 Loaded shared library C:\Users\User\.vscode\extensions\redhat.java-1.28.1-win32-x64\jre\17.0.10-win32-x86_64\bin\net.dll
Event: 0.527 Loaded shared library C:\Users\User\.vscode\extensions\redhat.java-1.28.1-win32-x64\jre\17.0.10-win32-x86_64\bin\nio.dll
Event: 0.535 Loaded shared library C:\Users\User\.vscode\extensions\redhat.java-1.28.1-win32-x64\jre\17.0.10-win32-x86_64\bin\zip.dll
Event: 0.565 Loaded shared library C:\Users\User\.vscode\extensions\redhat.java-1.28.1-win32-x64\jre\17.0.10-win32-x86_64\bin\jimage.dll
Event: 0.753 Loaded shared library c:\Users\User\.vscode\extensions\redhat.java-1.28.1-win32-x64\jre\17.0.10-win32-x86_64\bin\verify.dll
Event: 3.878 Loaded shared library C:\Users\User\AppData\Roaming\Code\User\globalStorage\redhat.java\1.28.1\config_win\org.eclipse.equinox.launcher\org.eclipse.equinox.launcher.win32.win32.x86_64_1.2.900.v20240129-1338\eclipse_11900.dll
Event: 12.983 Loaded shared library C:\Users\User\AppData\Local\Temp\jna-2645995\jna13723000571986303406.dll

Deoptimization events (20 events):
Event: 104.320 Thread 0x000002b02d8f6f10 DEOPT PACKING pc=0x000002b0161dd528 sp=0x000000d1457fdee0
Event: 104.320 Thread 0x000002b02d8f6f10 DEOPT UNPACKING pc=0x000002b01c686e43 sp=0x000000d1457fd3f8 mode 0
Event: 104.355 Thread 0x000002b02d8f6f10 Uncommon trap: trap_request=0xffffff76 fr.pc=0x000002b01d2f2a10 relative=0x0000000000000f10
Event: 104.355 Thread 0x000002b02d8f6f10 Uncommon trap: reason=predicate action=maybe_recompile pc=0x000002b01d2f2a10 method=org.eclipse.jdt.internal.compiler.parser.Scanner.checkTaskTag(II)V @ 203 c2
Event: 104.355 Thread 0x000002b02d8f6f10 DEOPT PACKING pc=0x000002b01d2f2a10 sp=0x000000d1457fe3d0
Event: 104.355 Thread 0x000002b02d8f6f10 DEOPT UNPACKING pc=0x000002b01c6866a3 sp=0x000000d1457fe370 mode 2
Event: 104.558 Thread 0x000002b0307f30d0 DEOPT PACKING pc=0x000002b0166fba24 sp=0x000000d1463feeb0
Event: 104.558 Thread 0x000002b0307f30d0 DEOPT UNPACKING pc=0x000002b01c686e43 sp=0x000000d1463fe340 mode 0
Event: 104.566 Thread 0x000002b02d8f6f10 Uncommon trap: trap_request=0xffffffc6 fr.pc=0x000002b01d2e2ac4 relative=0x0000000000001d84
Event: 104.566 Thread 0x000002b02d8f6f10 Uncommon trap: reason=bimorphic_or_optimized_type_check action=maybe_recompile pc=0x000002b01d2e2ac4 method=org.eclipse.core.internal.dtree.AbstractDataTreeNode.assembleWith([Lorg/eclipse/core/internal/dtree/AbstractDataTreeNode;[Lorg/eclipse/core/interna
Event: 104.566 Thread 0x000002b02d8f6f10 DEOPT PACKING pc=0x000002b01d2e2ac4 sp=0x000000d1457fdf10
Event: 104.566 Thread 0x000002b02d8f6f10 DEOPT UNPACKING pc=0x000002b01c6866a3 sp=0x000000d1457fdee0 mode 2
Event: 104.679 Thread 0x000002b02d8f6f10 Uncommon trap: trap_request=0xffffffc6 fr.pc=0x000002b01d2e2ac4 relative=0x0000000000001d84
Event: 104.679 Thread 0x000002b02d8f6f10 Uncommon trap: reason=bimorphic_or_optimized_type_check action=maybe_recompile pc=0x000002b01d2e2ac4 method=org.eclipse.core.internal.dtree.AbstractDataTreeNode.assembleWith([Lorg/eclipse/core/internal/dtree/AbstractDataTreeNode;[Lorg/eclipse/core/interna
Event: 104.679 Thread 0x000002b02d8f6f10 DEOPT PACKING pc=0x000002b01d2e2ac4 sp=0x000000d1457fdf10
Event: 104.679 Thread 0x000002b02d8f6f10 DEOPT UNPACKING pc=0x000002b01c6866a3 sp=0x000000d1457fdee0 mode 2
Event: 105.057 Thread 0x000002b0307f30d0 Uncommon trap: trap_request=0xffffff76 fr.pc=0x000002b01d55ca9c relative=0x000000000000011c
Event: 105.057 Thread 0x000002b0307f30d0 Uncommon trap: reason=predicate action=maybe_recompile pc=0x000002b01d55ca9c method=java.util.Arrays.fill([Ljava/lang/Object;Ljava/lang/Object;)V @ 7 c2
Event: 105.057 Thread 0x000002b0307f30d0 DEOPT PACKING pc=0x000002b01d55ca9c sp=0x000000d1463ff080
Event: 105.057 Thread 0x000002b0307f30d0 DEOPT UNPACKING pc=0x000002b01c6866a3 sp=0x000000d1463ff008 mode 2

Classes unloaded (7 events):
Event: 7.582 Thread 0x000002b01251ece0 Unloading class 0x0000000100248400 'java/lang/invoke/LambdaForm$MH+0x0000000100248400'
Event: 7.582 Thread 0x000002b01251ece0 Unloading class 0x0000000100248000 'java/lang/invoke/LambdaForm$MH+0x0000000100248000'
Event: 7.582 Thread 0x000002b01251ece0 Unloading class 0x0000000100247c00 'java/lang/invoke/LambdaForm$MH+0x0000000100247c00'
Event: 7.582 Thread 0x000002b01251ece0 Unloading class 0x0000000100247800 'java/lang/invoke/LambdaForm$MH+0x0000000100247800'
Event: 7.582 Thread 0x000002b01251ece0 Unloading class 0x0000000100247400 'java/lang/invoke/LambdaForm$BMH+0x0000000100247400'
Event: 7.582 Thread 0x000002b01251ece0 Unloading class 0x0000000100247000 'java/lang/invoke/LambdaForm$DMH+0x0000000100247000'
Event: 7.582 Thread 0x000002b01251ece0 Unloading class 0x0000000100244400 'java/lang/invoke/LambdaForm$DMH+0x0000000100244400'

Classes redefined (0 events):
No events

Internal exceptions (20 events):
Event: 95.261 Thread 0x000002b02c366ee0 Exception <a 'sun/nio/fs/WindowsException'{0x00000000eafaa900}> (0x00000000eafaa900) 
thrown [s\src\hotspot\share\prims\jni.cpp, line 516]
Event: 95.265 Thread 0x000002b02c366ee0 Exception <a 'sun/nio/fs/WindowsException'{0x00000000eafabbe8}> (0x00000000eafabbe8) 
thrown [s\src\hotspot\share\prims\jni.cpp, line 516]
Event: 95.272 Thread 0x000002b02c366ee0 Exception <a 'sun/nio/fs/WindowsException'{0x00000000eafb0db8}> (0x00000000eafb0db8) 
thrown [s\src\hotspot\share\prims\jni.cpp, line 516]
Event: 95.284 Thread 0x000002b02c366ee0 Exception <a 'sun/nio/fs/WindowsException'{0x00000000eafbe448}> (0x00000000eafbe448) 
thrown [s\src\hotspot\share\prims\jni.cpp, line 516]
Event: 95.284 Thread 0x000002b02c366ee0 Exception <a 'sun/nio/fs/WindowsException'{0x00000000eafbefc8}> (0x00000000eafbefc8) 
thrown [s\src\hotspot\share\prims\jni.cpp, line 516]
Event: 95.285 Thread 0x000002b02c366ee0 Exception <a 'sun/nio/fs/WindowsException'{0x00000000eb27ca00}> (0x00000000eb27ca00) 
thrown [s\src\hotspot\share\prims\jni.cpp, line 516]
Event: 103.467 Thread 0x000002b02d8f6f10 Exception <a 'sun/nio/fs/WindowsException'{0x00000000eabfe2e8}> (0x00000000eabfe2e8) 
thrown [s\src\hotspot\share\prims\jni.cpp, line 516]
Event: 103.476 Thread 0x000002b02d8f6f10 Exception <a 'sun/nio/fs/WindowsException'{0x00000000eac09558}> (0x00000000eac09558) 
thrown [s\src\hotspot\share\prims\jni.cpp, line 516]
Event: 103.504 Thread 0x000002b02d8f6f10 Exception <a 'sun/nio/fs/WindowsException'{0x00000000eac15fe0}> (0x00000000eac15fe0) 
thrown [s\src\hotspot\share\prims\jni.cpp, line 516]
Event: 103.509 Thread 0x000002b02d8f6f10 Exception <a 'sun/nio/fs/WindowsException'{0x00000000eac20de0}> (0x00000000eac20de0) 
thrown [s\src\hotspot\share\prims\jni.cpp, line 516]
Event: 103.519 Thread 0x000002b02d8f6f10 Exception <a 'sun/nio/fs/WindowsException'{0x00000000eac343b8}> (0x00000000eac343b8) 
thrown [s\src\hotspot\share\prims\jni.cpp, line 516]
Event: 103.565 Thread 0x000002b02d8f6f10 Exception <a 'sun/nio/fs/WindowsException'{0x00000000eac49518}> (0x00000000eac49518) 
thrown [s\src\hotspot\share\prims\jni.cpp, line 516]
Event: 103.570 Thread 0x000002b02d8f6f10 Exception <a 'sun/nio/fs/WindowsException'{0x00000000eac54008}> (0x00000000eac54008) 
thrown [s\src\hotspot\share\prims\jni.cpp, line 516]
Event: 103.576 Thread 0x000002b02d8f6f10 Exception <a 'sun/nio/fs/WindowsException'{0x00000000eac64540}> (0x00000000eac64540) 
thrown [s\src\hotspot\share\prims\jni.cpp, line 516]
Event: 103.606 Thread 0x000002b02d8f6f10 Exception <a 'sun/nio/fs/WindowsException'{0x00000000eac74d08}> (0x00000000eac74d08) 
thrown [s\src\hotspot\share\prims\jni.cpp, line 516]
Event: 103.619 Thread 0x000002b02d8f6f10 Exception <a 'sun/nio/fs/WindowsException'{0x00000000eab05e20}> (0x00000000eab05e20) 
thrown [s\src\hotspot\share\prims\jni.cpp, line 516]
Event: 103.625 Thread 0x000002b02d8f6f10 Exception <a 'sun/nio/fs/WindowsException'{0x00000000eab10040}> (0x00000000eab10040) 
thrown [s\src\hotspot\share\prims\jni.cpp, line 516]
Event: 104.566 Thread 0x000002b02d8f6f10 Exception <a 'sun/nio/fs/WindowsException'{0x00000000eab92270}> (0x00000000eab92270) 
thrown [s\src\hotspot\share\prims\jni.cpp, line 516]
Event: 104.679 Thread 0x000002b02d8f6f10 Exception <a 'sun/nio/fs/WindowsException'{0x00000000eab12b30}> (0x00000000eab12b30) 
thrown [s\src\hotspot\share\prims\jni.cpp, line 516]
Event: 104.989 Thread 0x000002b02d8f6f10 Exception <a 'sun/nio/fs/WindowsException'{0x00000000eab105c8}> (0x00000000eab105c8) 
thrown [s\src\hotspot\share\prims\jni.cpp, line 516]

VM Operations (20 events):
Event: 104.548 Executing VM operation: ParallelGCFailedAllocation done
Event: 104.604 Executing VM operation: ParallelGCFailedAllocation
Event: 104.609 Executing VM operation: ParallelGCFailedAllocation done
Event: 104.625 Executing VM operation: ParallelGCFailedAllocation
Event: 104.630 Executing VM operation: ParallelGCFailedAllocation done
Event: 104.652 Executing VM operation: ParallelGCFailedAllocation
Event: 104.658 Executing VM operation: ParallelGCFailedAllocation done
Event: 104.671 Executing VM operation: ParallelGCFailedAllocation
Event: 104.674 Executing VM operation: ParallelGCFailedAllocation done
Event: 104.698 Executing VM operation: ParallelGCFailedAllocation
Event: 104.706 Executing VM operation: ParallelGCFailedAllocation done
Event: 104.733 Executing VM operation: ParallelGCFailedAllocation
Event: 104.737 Executing VM operation: ParallelGCFailedAllocation done
Event: 104.764 Executing VM operation: ParallelGCFailedAllocation
Event: 104.767 Executing VM operation: ParallelGCFailedAllocation done
Event: 104.808 Executing VM operation: ParallelGCFailedAllocation
Event: 104.821 Executing VM operation: ParallelGCFailedAllocation done
Event: 104.836 Executing VM operation: ParallelGCFailedAllocation
Event: 105.035 Executing VM operation: ParallelGCFailedAllocation done
Event: 105.122 Executing VM operation: ParallelGCFailedAllocation

Events (20 events):
Event: 87.873 Thread 0x000002b02fe7bfb0 Thread added: 0x000002b02fe7bfb0
Event: 89.932 Thread 0x000002b02fe7bfb0 Thread exited: 0x000002b02fe7bfb0
Event: 89.950 Thread 0x000002b02fe7bfb0 Thread added: 0x000002b02fe7bfb0
Event: 90.086 Thread 0x000002b02fe7bfb0 Thread exited: 0x000002b02fe7bfb0
Event: 94.171 Thread 0x000002b02fe7ef80 Thread added: 0x000002b02fe7ef80
Event: 94.584 Thread 0x000002b02fe7ef80 Thread exited: 0x000002b02fe7ef80
Event: 103.632 Thread 0x000002b0307f5950 Thread added: 0x000002b0307f5950
Event: 103.633 Thread 0x000002b0307f26b0 Thread added: 0x000002b0307f26b0
Event: 103.633 Thread 0x000002b0307f4510 Thread added: 0x000002b0307f4510
Event: 103.633 Thread 0x000002b0307f1780 Thread added: 0x000002b0307f1780
Event: 103.633 Thread 0x000002b0307f1c90 Thread added: 0x000002b0307f1c90
Event: 104.068 Thread 0x000002b02fe7bfb0 Thread added: 0x000002b02fe7bfb0
Event: 104.268 Thread 0x000002b02fe7bfb0 Thread exited: 0x000002b02fe7bfb0
Event: 104.443 Thread 0x000002b0307f26b0 Thread exited: 0x000002b0307f26b0
Event: 104.443 Thread 0x000002b0307f1780 Thread exited: 0x000002b0307f1780
Event: 104.445 Thread 0x000002b0307f1c90 Thread exited: 0x000002b0307f1c90
Event: 104.445 Thread 0x000002b0307f5950 Thread exited: 0x000002b0307f5950
Event: 104.446 Thread 0x000002b0307f4510 Thread exited: 0x000002b0307f4510
Event: 104.469 Thread 0x000002b02fe7bfb0 Thread added: 0x000002b02fe7bfb0
Event: 104.540 Thread 0x000002b0307f30d0 Thread added: 0x000002b0307f30d0


Dynamic libraries:
0x00007ff715c70000 - 0x00007ff715c7e000 	c:\Users\User\.vscode\extensions\redhat.java-1.28.1-win32-x64\jre\17.0.10-win32-x86_64\bin\java.exe
0x00007ffb099b0000 - 0x00007ffb09ba8000 	C:\WINDOWS\SYSTEM32\ntdll.dll
0x00007ffb07ad0000 - 0x00007ffb07b8d000 	C:\WINDOWS\System32\KERNEL32.DLL
0x00007ffb06fc0000 - 0x00007ffb072b6000 	C:\WINDOWS\System32\KERNELBASE.dll
0x00007ffb06ec0000 - 0x00007ffb06fc0000 	C:\WINDOWS\System32\ucrtbase.dll
0x00007ffb010a0000 - 0x00007ffb010b7000 	c:\Users\User\.vscode\extensions\redhat.java-1.28.1-win32-x64\jre\17.0.10-win32-x86_64\bin\jli.dll
0x00007ffb07730000 - 0x00007ffb078ce000 	C:\WINDOWS\System32\USER32.dll
0x00007ffb06bf0000 - 0x00007ffb06c12000 	C:\WINDOWS\System32\win32u.dll
0x00007ffb09810000 - 0x00007ffb0983b000 	C:\WINDOWS\System32\GDI32.dll
0x00007ffb06a50000 - 0x00007ffb06b67000 	C:\WINDOWS\System32\gdi32full.dll
0x00007ffb06cc0000 - 0x00007ffb06d5d000 	C:\WINDOWS\System32\msvcp_win.dll
0x00007ffb025a0000 - 0x00007ffb025bb000 	c:\Users\User\.vscode\extensions\redhat.java-1.28.1-win32-x64\jre\17.0.10-win32-x86_64\bin\VCRUNTIME140.dll
0x00007ffafa570000 - 0x00007ffafa80a000 	C:\WINDOWS\WinSxS\amd64_microsoft.windows.common-controls_6595b64144ccf1df_6.0.19041.3636_none_60b6a03d71f818d5\COMCTL32.dll
0x00007ffb08900000 - 0x00007ffb0899e000 	C:\WINDOWS\System32\msvcrt.dll
0x00007ffb08a30000 - 0x00007ffb08a62000 	C:\WINDOWS\System32\IMM32.DLL
0x00007ffb020d0000 - 0x00007ffb020dc000 	c:\Users\User\.vscode\extensions\redhat.java-1.28.1-win32-x64\jre\17.0.10-win32-x86_64\bin\vcruntime140_1.dll
0x00007ffafda30000 - 0x00007ffafdabd000 	c:\Users\User\.vscode\extensions\redhat.java-1.28.1-win32-x64\jre\17.0.10-win32-x86_64\bin\msvcp140.dll
0x00007ffacd8d0000 - 0x00007fface532000 	c:\Users\User\.vscode\extensions\redhat.java-1.28.1-win32-x64\jre\17.0.10-win32-x86_64\bin\server\jvm.dll
0x00007ffb07bb0000 - 0x00007ffb07c60000 	C:\WINDOWS\System32\ADVAPI32.dll
0x00007ffb08040000 - 0x00007ffb080e0000 	C:\WINDOWS\System32\sechost.dll
0x00007ffb078d0000 - 0x00007ffb079f5000 	C:\WINDOWS\System32\RPCRT4.dll
0x00007ffb07580000 - 0x00007ffb075a7000 	C:\WINDOWS\System32\bcrypt.dll
0x00007ffb07d10000 - 0x00007ffb07d19000 	C:\WINDOWS\System32\WSOCK32.dll
0x00007ffb09030000 - 0x00007ffb0909b000 	C:\WINDOWS\System32\WS2_32.dll
0x00007ffb07e20000 - 0x00007ffb07e2a000 	C:\WINDOWS\System32\VERSION.dll
0x00007ffb06930000 - 0x00007ffb0697b000 	C:\WINDOWS\SYSTEM32\POWRPROF.dll
0x00007ffafa370000 - 0x00007ffafa397000 	C:\WINDOWS\SYSTEM32\WINMM.dll
0x00007ffb06910000 - 0x00007ffb06922000 	C:\WINDOWS\SYSTEM32\UMPDC.dll
0x00007ffb04930000 - 0x00007ffb04942000 	C:\WINDOWS\SYSTEM32\kernel.appcore.dll
0x00007ffaffeb0000 - 0x00007ffaffeba000 	c:\Users\User\.vscode\extensions\redhat.java-1.28.1-win32-x64\jre\17.0.10-win32-x86_64\bin\jimage.dll
0x00007ffaf0b20000 - 0x00007ffaf0d04000 	C:\WINDOWS\SYSTEM32\DBGHELP.DLL
0x00007ffaf43f0000 - 0x00007ffaf4424000 	C:\WINDOWS\SYSTEM32\dbgcore.DLL
0x00007ffb06c20000 - 0x00007ffb06ca2000 	C:\WINDOWS\System32\bcryptPrimitives.dll
0x00007ffaffea0000 - 0x00007ffaffeae000 	c:\Users\User\.vscode\extensions\redhat.java-1.28.1-win32-x64\jre\17.0.10-win32-x86_64\bin\instrument.dll
0x00007ffafdc40000 - 0x00007ffafdc65000 	c:\Users\User\.vscode\extensions\redhat.java-1.28.1-win32-x64\jre\17.0.10-win32-x86_64\bin\java.dll
0x00007ffafda10000 - 0x00007ffafda28000 	c:\Users\User\.vscode\extensions\redhat.java-1.28.1-win32-x64\jre\17.0.10-win32-x86_64\bin\zip.dll
0x00007ffb090a0000 - 0x00007ffb0980b000 	C:\WINDOWS\System32\SHELL32.dll
0x00007ffb04b30000 - 0x00007ffb052ce000 	C:\WINDOWS\SYSTEM32\windows.storage.dll
0x00007ffb08340000 - 0x00007ffb08693000 	C:\WINDOWS\System32\combase.dll
0x00007ffb063b0000 - 0x00007ffb063de000 	C:\WINDOWS\SYSTEM32\Wldp.dll
0x00007ffb080e0000 - 0x00007ffb081ad000 	C:\WINDOWS\System32\OLEAUT32.dll
0x00007ffb08850000 - 0x00007ffb088fd000 	C:\WINDOWS\System32\SHCORE.dll
0x00007ffb082e0000 - 0x00007ffb08335000 	C:\WINDOWS\System32\shlwapi.dll
0x00007ffb06980000 - 0x00007ffb069a5000 	C:\WINDOWS\SYSTEM32\profapi.dll
0x00007ffafb590000 - 0x00007ffafb5a9000 	C:\Users\User\.vscode\extensions\redhat.java-1.28.1-win32-x64\jre\17.0.10-win32-x86_64\bin\net.dll
0x00007ffb00b60000 - 0x00007ffb00c6a000 	C:\WINDOWS\SYSTEM32\WINHTTP.dll
0x00007ffaf0360000 - 0x00007ffaf0504000 	C:\WINDOWS\system32\mwtsp.dll
0x00007ffb081b0000 - 0x00007ffb082db000 	C:\WINDOWS\System32\ole32.dll
0x00007ffb06890000 - 0x00007ffb068c2000 	C:\WINDOWS\SYSTEM32\SspiCli.dll
0x00007ffb06110000 - 0x00007ffb0617a000 	C:\WINDOWS\system32\mswsock.dll
0x00007ffafb570000 - 0x00007ffafb586000 	C:\Users\User\.vscode\extensions\redhat.java-1.28.1-win32-x64\jre\17.0.10-win32-x86_64\bin\nio.dll
0x00007ffaffe90000 - 0x00007ffaffea0000 	c:\Users\User\.vscode\extensions\redhat.java-1.28.1-win32-x64\jre\17.0.10-win32-x86_64\bin\verify.dll
0x00007ffaf9570000 - 0x00007ffaf95ae000 	C:\Users\User\AppData\Roaming\Code\User\globalStorage\redhat.java\1.28.1\config_win\org.eclipse.equinox.launcher\org.eclipse.equinox.launcher.win32.win32.x86_64_1.2.900.v20240129-1338\eclipse_11900.dll
0x00007ffb06300000 - 0x00007ffb06318000 	C:\WINDOWS\SYSTEM32\CRYPTSP.dll
0x00007ffb05a50000 - 0x00007ffb05a84000 	C:\WINDOWS\system32\rsaenh.dll
0x00007ffb068d0000 - 0x00007ffb068fe000 	C:\WINDOWS\SYSTEM32\USERENV.dll
0x00007ffb06320000 - 0x00007ffb0632c000 	C:\WINDOWS\SYSTEM32\CRYPTBASE.dll
0x00007ffb05e10000 - 0x00007ffb05e4b000 	C:\WINDOWS\SYSTEM32\IPHLPAPI.DLL
0x00007ffb07e40000 - 0x00007ffb07e48000 	C:\WINDOWS\System32\NSI.dll
0x00007ffb01010000 - 0x00007ffb01027000 	C:\WINDOWS\SYSTEM32\dhcpcsvc6.DLL
0x00007ffb01740000 - 0x00007ffb0175d000 	C:\WINDOWS\SYSTEM32\dhcpcsvc.DLL
0x00007ffb05e50000 - 0x00007ffb05f1b000 	C:\WINDOWS\SYSTEM32\DNSAPI.dll
0x00007ffaf8e30000 - 0x00007ffaf8e75000 	C:\Users\User\AppData\Local\Temp\jna-2645995\jna13723000571986303406.dll
0x00007ffb09960000 - 0x00007ffb09968000 	C:\WINDOWS\System32\PSAPI.DLL
0x00007ffb05b70000 - 0x00007ffb05ba3000 	C:\WINDOWS\SYSTEM32\ntmarta.dll

dbghelp: loaded successfully - version: 4.0.5 - missing functions: none
symbol engine: initialized successfully - sym options: 0x614 - pdb path: .;c:\Users\User\.vscode\extensions\redhat.java-1.28.1-win32-x64\jre\17.0.10-win32-x86_64\bin;C:\WINDOWS\SYSTEM32;C:\WINDOWS\WinSxS\amd64_microsoft.windows.common-controls_6595b64144ccf1df_6.0.19041.3636_none_60b6a03d71f818d5;c:\Users\User\.vscode\extensions\redhat.java-1.28.1-win32-x64\jre\17.0.10-win32-x86_64\bin\server;C:\Users\User\AppData\Roaming\Code\User\globalStorage\redhat.java\1.28.1\config_win\org.eclipse.equinox.launcher\org.eclipse.equinox.launcher.win32.win32.x86_64_1.2.900.v20240129-1338;C:\Users\User\AppData\Local\Temp\jna-2645995

VM Arguments:
jvm_args: --add-modules=ALL-SYSTEM --add-opens=java.base/java.util=ALL-UNNAMED --add-opens=java.base/java.lang=ALL-UNNAMED --add-opens=java.base/sun.nio.fs=ALL-UNNAMED -Declipse.application=org.eclipse.jdt.ls.core.id1 -Dosgi.bundles.defaultStartLevel=4 -Declipse.product=org.eclipse.jdt.ls.core.product -Djava.import.generatesMetadataFilesAtProjectRoot=false -DDetectVMInstallationsJob.disabled=true -Dfile.encoding=utf8 -XX:+UseParallelGC -XX:GCTimeRatio=4 -XX:AdaptiveSizePolicyWeight=90 -Dsun.zip.disableMemoryMapping=true -Xmx1G -Xms100m -Xlog:disable -javaagent:c:\Users\User\.vscode\extensions\redhat.java-1.28.1-win32-x64\lombok\lombok-1.18.31.jar -XX:+HeapDumpOnOutOfMemoryError -XX:HeapDumpPath=c:\Users\User\AppData\Roaming\Code\User\workspaceStorage\fa6277eb2518f508ced274ced3ce914a\redhat.java -Daether.dependencyCollector.impl=bf 
java_command: c:\Users\User\.vscode\extensions\redhat.java-1.28.1-win32-x64\server\plugins\org.eclipse.equinox.launcher_1.6.700.v20231214-2017.jar -configuration c:\Users\User\AppData\Roaming\Code\User\globalStorage\redhat.java\1.28.1\config_win -data c:\Users\User\AppData\Roaming\Code\User\workspaceStorage\fa6277eb2518f508ced274ced3ce914a\redhat.java\jdt_ws --stdio
java_class_path (initial): c:\Users\User\.vscode\extensions\redhat.java-1.28.1-win32-x64\server\plugins\org.eclipse.equinox.launcher_1.6.700.v20231214-2017.jar
Launcher Type: SUN_STANDARD

[Global flags]
    uintx AdaptiveSizePolicyWeight                 = 90                                        {product} {command line}
     intx CICompilerCount                          = 3                                         {product} {ergonomic}
    uintx GCTimeRatio                              = 4                                         {product} {command line}
     bool HeapDumpOnOutOfMemoryError               = true                                   {manageable} {command line}
    ccstr HeapDumpPath                             = c:\Users\User\AppData\Roaming\Code\User\workspaceStorage\fa6277eb2518f508ced274ced3ce914a\redhat.java         {manageable} {command line}
   size_t InitialHeapSize                          = 104857600                                 {product} {command line}
   size_t MaxHeapSize                              = 1073741824                                {product} {command line}
   size_t MaxNewSize                               = 357564416                                 {product} {ergonomic}
   size_t MinHeapDeltaBytes                        = 524288                                    {product} {ergonomic}
   size_t MinHeapSize                              = 104857600                                 {product} {command line}
   size_t NewSize                                  = 34603008                                  {product} {ergonomic}
    uintx NonNMethodCodeHeapSize                   = 5832780                                {pd product} {ergonomic}
    uintx NonProfiledCodeHeapSize                  = 122912730                              {pd product} {ergonomic}
   size_t OldSize                                  = 70254592                                  {product} {ergonomic}
    uintx ProfiledCodeHeapSize                     = 122912730                              {pd product} {ergonomic}
    uintx ReservedCodeCacheSize                    = 251658240                              {pd product} {ergonomic}
     bool SegmentedCodeCache                       = true                                      {product} {ergonomic}
   size_t SoftMaxHeapSize                          = 1073741824                             {manageable} {ergonomic}
     bool UseCompressedClassPointers               = true                           {product lp64_product} {ergonomic}
     bool UseCompressedOops                        = true                           {product lp64_product} {ergonomic}
     bool UseLargePagesIndividualAllocation        = false                                  {pd product} {ergonomic}
     bool UseParallelGC                            = true                                      {product} {command line}

Logging:
Log output configuration:
 #0: stdout all=off uptime,level,tags
 #1: stderr all=off uptime,level,tags

Environment Variables:
JAVA_HOME=C:\Program Files\Java\jdk-15.0.2
CLASSPATH=C:\mysql-connector-java-8.0.29.jar;.;
PATH=C:\WINDOWS\system32;C:\WINDOWS;C:\WINDOWS\system32\Wbem;C:\Program Files\Common Files\Oracle\Java\javapath;C:\Program Files\Java\jdk-15.0.2\bin;C:\Program Files\Git\cmd;C:\ProgramData\Microsoft VS Code\bin;C:\Users\User\AppData\Local\Microsoft\WindowsApps;%IntelliJ IDEA Community Edition%;
USERNAME=User
OS=Windows_NT
PROCESSOR_IDENTIFIER=Intel64 Family 6 Model 58 Stepping 9, GenuineIntel
TMP=C:\Users\User\AppData\Local\Temp
TEMP=C:\Users\User\AppData\Local\Temp



Periodic native trim disabled


---------------  S Y S T E M  ---------------

OS:
 Windows 10 , 64 bit Build 19041 (10.0.19041.3636)
OS uptime: 1 days 0:55 hours

CPU: total 4 (initial active 4) (2 cores per cpu, 2 threads per core) family 6 model 58 stepping 9 microcode 0x21, cx8, cmov, fxsr, ht, mmx, sse, sse2, sse3, ssse3, sse4.1, sse4.2, popcnt, tsc, tscinvbit, avx, erms, clmul, vzeroupper, clflush
Processor Information for all 4 processors :
  Max Mhz: 3300, Current Mhz: 3300, Mhz Limit: 3300

Memory: 4k page, system-wide physical 8082M (1314M free)
TotalPageFile size 11154M (AvailPageFile size 3153M)
current process WorkingSet (physical memory assigned to process): 446M, peak: 453M
current process commit charge ("private bytes"): 467M, peak: 505M

vm_info: OpenJDK 64-Bit Server VM (17.0.10+7) for windows-amd64 JRE (17.0.10+7), built on Jan 16 2024 23:25:11 by "admin" with MS VC++ 16.10 / 16.11 (VS2019)

END.
