#
# A fatal error has been detected by the Java Runtime Environment:
#
#  EXCEPTION_ACCESS_VIOLATION (0xc0000005) at pc=0x00007ff8c21ccac8, pid=13220, tid=8636
#
# JRE version: OpenJDK Runtime Environment Temurin-17.0.10+7 (17.0.10+7) (build 17.0.10+7)
# Java VM: OpenJDK 64-Bit Server VM Temurin-17.0.10+7 (17.0.10+7, mixed mode, tiered, compressed oops, compressed class ptrs, parallel gc, windows-amd64)
# Problematic frame:
# V  [jvm.dll+0xcac8]
#
# No core dump will be written. Minidumps are not enabled by default on client versions of Windows
#
# If you would like to submit a bug report, please visit:
#   https://github.com/adoptium/adoptium-support/issues
#

---------------  S U M M A R Y ------------

Command Line: --add-modules=ALL-SYSTEM --add-opens=java.base/java.util=ALL-UNNAMED --add-opens=java.base/java.lang=ALL-UNNAMED --add-opens=java.base/sun.nio.fs=ALL-UNNAMED -Declipse.application=org.eclipse.jdt.ls.core.id1 -Dosgi.bundles.defaultStartLevel=4 -Declipse.product=org.eclipse.jdt.ls.core.product -Djava.import.generatesMetadataFilesAtProjectRoot=false -DDetectVMInstallationsJob.disabled=true -Dfile.encoding=utf8 -XX:+UseParallelGC -XX:GCTimeRatio=4 -XX:AdaptiveSizePolicyWeight=90 -Dsun.zip.disableMemoryMapping=true -Xmx1G -Xms100m -Xlog:disable -javaagent:c:\Users\User\.vscode\extensions\redhat.java-1.28.1-win32-x64\lombok\lombok-1.18.31.jar -XX:+HeapDumpOnOutOfMemoryError -XX:HeapDumpPath=c:\Users\User\AppData\Roaming\Code\User\workspaceStorage\fa6277eb2518f508ced274ced3ce914a\redhat.java -Daether.dependencyCollector.impl=bf c:\Users\User\.vscode\extensions\redhat.java-1.28.1-win32-x64\server\plugins\org.eclipse.equinox.launcher_1.6.700.v20231214-2017.jar -configuration c:\Users\User\AppData\Roaming\Code\User\globalStorage\redhat.java\1.28.1\config_win -data c:\Users\User\AppData\Roaming\Code\User\workspaceStorage\fa6277eb2518f508ced274ced3ce914a\redhat.java\jdt_ws --stdio

Host: Intel(R) Core(TM) i3-3220 CPU @ 3.30GHz, 4 cores, 7G,  Windows 10 , 64 bit Build 19041 (10.0.19041.3636)
Time: Thu Mar  7 23:51:50 2024 India Standard Time elapsed time: 40.339294 seconds (0d 0h 0m 40s)

---------------  T H R E A D  ---------------

Current thread (0x0000018e5d5dedd0):  GCTaskThread "GC Thread#3" [stack: 0x000000326fd00000,0x000000326fe00000] [id=8636]

Stack: [0x000000326fd00000,0x000000326fe00000],  sp=0x000000326fdff7f8,  free space=1021k
Native frames: (J=compiled Java code, j=interpreted, Vv=VM code, C=native code)
V  [jvm.dll+0xcac8]


siginfo: EXCEPTION_ACCESS_VIOLATION (0xc0000005), reading address 0x0000000000000050


Registers:
RAX=0x0000000000000001, RBX=0x00000000c4848d00, RCX=0x0000000000000003, RDX=0x00000000c4848d00
RSP=0x000000326fdff7f8, RBP=0x000000326fdff8f0, RSI=0x00000000c4848d08, RDI=0x0000018e5754d000
R8 =0x0000000000000048, R9 =0x0000000000024246, R10=0x0000000000000052, R11=0x0000000000000003
R12=0x00000000000003d8, R13=0x000000326fdffa50, R14=0x0000000100041df0, R15=0x00000000c4848cf0
RIP=0x00007ff8c21ccac8, EFLAGS=0x0000000000010206


Register to memory mapping:

RIP=0x00007ff8c21ccac8 jvm.dll
RAX=0x0000000000000001 is an unknown value
RBX=0x00000000c4848d00 is pointing into object: java.lang.String 
{0x00000000c4848cf0} - klass: 'java/lang/String'

[error occurred during error reporting (printing register info), id 0xc0000005, EXCEPTION_ACCESS_VIOLATION (0xc0000005) at pc=0x00007ff8c25356e2]

Top of Stack: (sp=0x000000326fdff7f8)
0x000000326fdff7f8:   00007ff8c2870cc2 00000000c4848cf0
0x000000326fdff808:   0000000000000003 000000326fdff8f0
0x000000326fdff818:   00007ff8c286fad9 0000018e5754d000
0x000000326fdff828:   00007ff8c286e572 00000000c4848d00
0x000000326fdff838:   00007ff8c286e500 00000000c4a305f0
0x000000326fdff848:   00007ff8c286f81f 0000000100041de8
0x000000326fdff858:   00007ff8c286edee 00000000c4848d04
0x000000326fdff868:   00007ff8c287035e 00000000c4848048
0x000000326fdff878:   00000000c4848018 0000000000000000
0x000000326fdff888:   00007ff8c2cec7a0 0000000000002795
0x000000326fdff898:   00007ff8c28706a4 00007ff8c2b71158
0x000000326fdff8a8:   0000018e5754d000 00007ff8c2adbb90
0x000000326fdff8b8:   0000000000002788 0000000000000000
0x000000326fdff8c8:   0000003200000000 0000018e5dd75fb0
0x000000326fdff8d8:   00007ff8c29a0001 0000000000000001
0x000000326fdff8e8:   00000000c084c420 00007ff8c2b71158
0x000000326fdff8f8:   0000018e43764a10 0000018e00000003
0x000000326fdff908:   0000018e5754d000 0000000000000000
0x000000326fdff918:   0000000000000000 0000018e5dd75fb0
0x000000326fdff928:   0000018e575fc0f8 0000018e5d2759c0
0x000000326fdff938:   0000018e575fbd20 0000018e575fbd10
0x000000326fdff948:   00007ff8c2875218 0000018e5754d000
0x000000326fdff958:   0000018e575fbd10 0000018e575fbd20
0x000000326fdff968:   0000018e5754d000 00007ff8c2b71948
0x000000326fdff978:   0000018e5754d000 00007ff8c2b14ad0
0x000000326fdff988:   000000326fdff970 0000000000000000
0x000000326fdff998:   0000000000000218 0000000000000003
0x000000326fdff9a8:   0000000000000001 00007ff8c2b71948
0x000000326fdff9b8:   000000326edff0e0 0000018e60ab12f0
0x000000326fdff9c8:   00007ff8c29a81e8 000000000000006b
0x000000326fdff9d8:   0000018e60ab1398 000000326fdffa50
0x000000326fdff9e8:   000000000000001c 000000326edff220 

Instructions: (pc=0x00007ff8c21ccac8)
0x00007ff8c21cc9c8:   48 83 c4 20 5e c3 cc cc 48 8b 01 c3 cc cc cc cc
0x00007ff8c21cc9d8:   cc cc cc cc cc cc cc cc 4c 8b 01 4c 8b c9 48 8b
0x00007ff8c21cc9e8:   0d e3 60 b6 00 ba 44 60 08 00 e9 d9 f1 ff ff cc
0x00007ff8c21cc9f8:   cc cc cc cc cc cc cc cc 48 89 5c 24 08 57 48 83
0x00007ff8c21cca08:   ec 20 48 8b 39 48 8b d9 48 85 3d 01 4a bb 00 75
0x00007ff8c21cca18:   0e 48 8b c7 48 8b 5c 24 30 48 83 c4 20 5f c3 48
0x00007ff8c21cca28:   8b cf e8 41 98 85 00 48 8b d0 48 85 c0 74 20 48
0x00007ff8c21cca38:   8b c7 f0 48 0f b1 13 74 16 48 85 05 d0 49 bb 00
0x00007ff8c21cca48:   74 0d 48 8b c8 f0 48 0f b1 13 48 3b c1 75 ea 48
0x00007ff8c21cca58:   8b 5c 24 30 48 8b c2 48 83 c4 20 5f c3 cc cc cc
0x00007ff8c21cca68:   cc cc cc cc cc cc cc cc 4c 8b 01 4c 8b c9 48 8b
0x00007ff8c21cca78:   0d 53 60 b6 00 ba 64 60 08 00 e9 49 f1 ff ff cc
0x00007ff8c21cca88:   cc cc cc cc cc cc cc cc 8b 05 62 a8 b0 00 c3 cc
0x00007ff8c21cca98:   cc cc cc cc cc cc cc cc 0f b6 05 db 68 b7 00 48
0x00007ff8c21ccaa8:   8b d1 84 c0 74 16 44 8b 41 08 8b 0d 40 a8 b0 00
0x00007ff8c21ccab8:   49 d3 e0 4c 03 05 2e a8 b0 00 eb 04 4c 8b 41 08
0x00007ff8c21ccac8:   45 8b 50 08 45 85 d2 7e 0e 41 f6 c2 01 75 53 41
0x00007ff8c21ccad8:   c1 fa 03 41 8b c2 c3 79 49 84 c0 b9 10 00 00 00
0x00007ff8c21ccae8:   8b 05 46 b7 b0 00 41 b8 0c 00 00 00 41 0f 45 c8
0x00007ff8c21ccaf8:   ff c8 4c 63 c8 48 63 14 11 41 8b ca 83 e1 3f 48
0x00007ff8c21ccb08:   d3 e2 41 8b ca 48 c1 f9 10 0f b6 c1 49 8d 0c 11
0x00007ff8c21ccb18:   49 f7 d1 48 03 c1 49 c1 e9 03 48 c1 e8 03 41 23
0x00007ff8c21ccb28:   c1 c3 49 8b 00 49 8b c8 48 ff a0 00 01 00 00 cc
0x00007ff8c21ccb38:   cc cc cc cc cc cc cc cc 8b 44 24 30 45 03 c9 44
0x00007ff8c21ccb48:   2b 4c 24 28 83 c0 0b 44 03 ca 45 03 c8 41 03 c1
0x00007ff8c21ccb58:   c3 cc cc cc cc cc cc cc 4c 8b ca 48 8b d1 45 8b
0x00007ff8c21ccb68:   41 08 45 85 c0 7e 0e 41 f6 c0 01 75 56 41 c1 f8
0x00007ff8c21ccb78:   03 41 8b c0 c3 79 4c 80 3d fc 67 b7 00 00 b8 0c
0x00007ff8c21ccb88:   00 00 00 b9 10 00 00 00 0f 45 c8 8b 05 9b b6 b0
0x00007ff8c21ccb98:   00 ff c8 4c 63 c8 48 63 14 11 41 8b c8 83 e1 3f
0x00007ff8c21ccba8:   48 d3 e2 41 8b c8 48 c1 f9 10 0f b6 c1 49 8d 0c
0x00007ff8c21ccbb8:   11 49 f7 d1 48 03 c1 49 c1 e9 03 48 c1 e8 03 41 


Stack slot to memory mapping:
stack at sp + 0 slots: 0x00007ff8c2870cc2 jvm.dll
stack at sp + 1 slots: 0x00000000c4848cf0 is an oop: java.lang.String 
{0x00000000c4848cf0} - klass: 'java/lang/String'

[error occurred during error reporting (inspecting top of stack), id 0xc0000005, EXCEPTION_ACCESS_VIOLATION (0xc0000005) at pc=0x00007ff8c25356e2]


---------------  P R O C E S S  ---------------

Threads class SMR info:
_java_thread_list=0x0000018e61542950, length=37, elements={
0x0000018e43765070, 0x0000018e43819660, 0x0000018e4381ae30, 0x0000018e575c9260,
0x0000018e575ca0e0, 0x0000018e575cceb0, 0x0000018e575cfbd0, 0x0000018e575d6f10,
0x0000018e575db590, 0x0000018e575de2d0, 0x0000018e437c4770, 0x0000018e5caafe20,
0x0000018e5d8b7400, 0x0000018e5d98d3c0, 0x0000018e5d98e540, 0x0000018e5dad9dc0,
0x0000018e5dd75fb0, 0x0000018e5dad75d0, 0x0000018e5dad6190, 0x0000018e5dad8500,
0x0000018e5dad6bb0, 0x0000018e5dad4d50, 0x0000018e5dad5770, 0x0000018e5dad7ae0,
0x0000018e5ca29560, 0x0000018e5ca2bde0, 0x0000018e5ca271f0, 0x0000018e5ca29a70,
0x0000018e5ca2c800, 0x0000018e5ca258a0, 0x0000018e5ca25390, 0x0000018e5ca2aeb0,
0x0000018e5ca25db0, 0x0000018e5ca29f80, 0x0000018e5dee5180, 0x0000018e5ca2b8d0,
0x0000018e5ca267d0
}

Java Threads: ( => current thread )
  0x0000018e43765070 JavaThread "main" [_thread_blocked, id=6644, stack(0x000000326eb00000,0x000000326ec00000)]
  0x0000018e43819660 JavaThread "Reference Handler" daemon [_thread_blocked, id=13848, stack(0x000000326ee00000,0x000000326ef00000)]
  0x0000018e4381ae30 JavaThread "Finalizer" daemon [_thread_blocked, id=11740, stack(0x000000326ef00000,0x000000326f000000)]
  0x0000018e575c9260 JavaThread "Signal Dispatcher" daemon [_thread_blocked, id=13756, stack(0x000000326f000000,0x000000326f100000)]
  0x0000018e575ca0e0 JavaThread "Attach Listener" daemon [_thread_blocked, id=2236, stack(0x000000326f100000,0x000000326f200000)]
  0x0000018e575cceb0 JavaThread "Service Thread" daemon [_thread_blocked, id=11684, stack(0x000000326f200000,0x000000326f300000)]
  0x0000018e575cfbd0 JavaThread "Monitor Deflation Thread" daemon [_thread_blocked, id=13976, stack(0x000000326f300000,0x000000326f400000)]
  0x0000018e575d6f10 JavaThread "C2 CompilerThread0" daemon [_thread_blocked, id=12680, stack(0x000000326f400000,0x000000326f500000)]
  0x0000018e575db590 JavaThread "C1 CompilerThread0" daemon [_thread_blocked, id=8160, stack(0x000000326f500000,0x000000326f600000)]
  0x0000018e575de2d0 JavaThread "Sweeper thread" daemon [_thread_blocked, id=9576, stack(0x000000326f600000,0x000000326f700000)]
  0x0000018e437c4770 JavaThread "Common-Cleaner" daemon [_thread_blocked, id=7684, stack(0x000000326f700000,0x000000326f800000)]
  0x0000018e5caafe20 JavaThread "Notification Thread" daemon [_thread_blocked, id=8096, stack(0x000000326f800000,0x000000326f900000)]
  0x0000018e5d8b7400 JavaThread "Active Thread: Equinox Container: 5d52f977-703c-4c95-b7a3-0d82d5567138" [_thread_blocked, id=3840, stack(0x000000326fe00000,0x000000326ff00000)]
  0x0000018e5d98d3c0 JavaThread "Framework Event Dispatcher: Equinox Container: 5d52f977-703c-4c95-b7a3-0d82d5567138" daemon [_thread_blocked, id=9332, stack(0x000000326fa00000,0x000000326fb00000)]
  0x0000018e5d98e540 JavaThread "Start Level: Equinox Container: 5d52f977-703c-4c95-b7a3-0d82d5567138" daemon [_thread_blocked, id=9760, stack(0x000000326ff00000,0x0000003270000000)]
  0x0000018e5dad9dc0 JavaThread "Bundle File Closer" daemon [_thread_blocked, id=11764, stack(0x0000003270000000,0x0000003270100000)]
  0x0000018e5dd75fb0 JavaThread "SCR Component Actor" daemon [_thread_blocked, id=11004, stack(0x0000003270100000,0x0000003270200000)]
  0x0000018e5dad75d0 JavaThread "Worker-JM" [_thread_blocked, id=13552, stack(0x0000003270300000,0x0000003270400000)]
  0x0000018e5dad6190 JavaThread "Worker-0: Initialize workspace" [_thread_blocked, id=12080, stack(0x0000003270500000,0x0000003270600000)]
  0x0000018e5dad8500 JavaThread "Worker-1: Publish Diagnostics" [_thread_blocked, id=12636, stack(0x0000003270600000,0x0000003270700000)]
  0x0000018e5dad6bb0 JavaThread "Worker-2: Refreshing workspace" [_thread_blocked, id=5628, stack(0x0000003270700000,0x0000003270800000)]
  0x0000018e5dad4d50 JavaThread "Java indexing" daemon [_thread_blocked, id=7096, stack(0x0000003270800000,0x0000003270900000)]
  0x0000018e5dad5770 JavaThread "Worker-3: Synchronizing projects" [_thread_blocked, id=11644, stack(0x0000003270900000,0x0000003270a00000)]
  0x0000018e5dad7ae0 JavaThread "Worker-4: Update project SmartBillingSystem" [_thread_blocked, id=13068, stack(0x0000003270a00000,0x0000003270b00000)]
  0x0000018e5ca29560 JavaThread "JNA Cleaner" daemon [_thread_blocked, id=13992, stack(0x0000003270b00000,0x0000003270c00000)]
  0x0000018e5ca2bde0 JavaThread "pool-2-thread-1" [_thread_blocked, id=10700, stack(0x0000003270e00000,0x0000003270f00000)]
  0x0000018e5ca271f0 JavaThread "WorkspaceEventsHandler" [_thread_blocked, id=1308, stack(0x0000003270f00000,0x0000003271000000)]
  0x0000018e5ca29a70 JavaThread "pool-1-thread-1" [_thread_blocked, id=14148, stack(0x0000003271000000,0x0000003271100000)]
  0x0000018e5ca2c800 JavaThread "ForkJoinPool.commonPool-worker-1" daemon [_thread_blocked, id=9224, stack(0x0000003271200000,0x0000003271300000)]
  0x0000018e5ca258a0 JavaThread "ForkJoinPool.commonPool-worker-2" daemon [_thread_blocked, id=13836, stack(0x0000003271300000,0x0000003271400000)]
  0x0000018e5ca25390 JavaThread "ForkJoinPool.commonPool-worker-3" daemon [_thread_blocked, id=9860, stack(0x0000003271400000,0x0000003271500000)]
  0x0000018e5ca2aeb0 JavaThread "Worker-5: Updating project configurations" [_thread_blocked, id=13684, stack(0x0000003271500000,0x0000003271600000)]
  0x0000018e5ca25db0 JavaThread "Worker-6: Send Classpath Notifications" [_thread_blocked, id=11524, stack(0x0000003271600000,0x0000003271700000)]
  0x0000018e5ca29f80 JavaThread "Worker-7: Java indexing... " [_thread_blocked, id=10456, stack(0x0000003271100000,0x0000003271200000)]
  0x0000018e5dee5180 JavaThread "C2 CompilerThread1" daemon [_thread_blocked, id=11020, stack(0x0000003270400000,0x0000003270500000)]
  0x0000018e5ca2b8d0 JavaThread "Worker-8: Send Classpath Notifications" [_thread_blocked, id=2624, stack(0x0000003271700000,0x0000003271800000)]
  0x0000018e5ca267d0 JavaThread "Worker-9" [_thread_blocked, id=14308, stack(0x0000003271800000,0x0000003271900000)]

Other Threads:
  0x0000018e57591240 VMThread "VM Thread" [stack: 0x000000326ed00000,0x000000326ee00000] [id=744]
  0x0000018e5cab0710 WatcherThread [stack: 0x000000326f900000,0x000000326fa00000] [id=13316]
  0x0000018e43779ec0 GCTaskThread "GC Thread#0" [stack: 0x000000326ec00000,0x000000326ed00000] [id=188]
  0x0000018e5d720290 GCTaskThread "GC Thread#1" [stack: 0x000000326fb00000,0x000000326fc00000] [id=10188]
  0x0000018e5d5deb10 GCTaskThread "GC Thread#2" [stack: 0x000000326fc00000,0x000000326fd00000] [id=12812]
=>0x0000018e5d5dedd0 GCTaskThread "GC Thread#3" [stack: 0x000000326fd00000,0x000000326fe00000] [id=8636]

Threads with active compile tasks:
C2 CompilerThread0    40418 11784       4       java.util.TimSort::sort (229 bytes)
C1 CompilerThread0    40418 11829       3       org.eclipse.jdt.internal.compiler.lookup.LookupEnvironment::createBinaryTypeFrom (106 bytes)
C2 CompilerThread1    40418 11797       4       org.eclipse.jdt.internal.compiler.parser.Parser::consumeRule (7964 bytes)

VM state: at safepoint (normal execution)

VM Mutex/Monitor currently owned by a thread:  ([mutex/lock_event])
[0x0000018e43760e50] Threads_lock - owner thread: 0x0000018e57591240
[0x0000018e437611b0] Heap_lock - owner thread: 0x0000018e5dad8500

Heap address: 0x00000000c0000000, size: 1024 MB, Compressed Oops mode: 32-bit

CDS archive(s) not mapped
Compressed class space mapped at: 0x0000000100000000-0x0000000140000000, reserved size: 1073741824
Narrow klass base: 0x0000000000000000, Narrow klass shift: 3, Narrow klass range: 0x140000000

GC Precious Log:
 CPUs: 4 total, 4 available
 Memory: 8082M
 Large Page Support: Disabled
 NUMA Support: Disabled
 Compressed Oops: Enabled (32-bit)
 Alignments: Space 512K, Generation 512K, Heap 2M
 Heap Min Capacity: 100M
 Heap Initial Capacity: 100M
 Heap Max Capacity: 1G
 Pre-touch: Disabled
 Parallel Workers: 4

Heap:
 PSYoungGen      total 12288K, used 1017K [0x00000000eab00000, 0x00000000ebc00000, 0x0000000100000000)
  eden space 11264K, 0% used [0x00000000eab00000,0x00000000eab00000,0x00000000eb600000)
  from space 1024K, 99% used [0x00000000eb900000,0x00000000eb9fe410,0x00000000eba00000)
  to   space 3072K, 0% used [0x00000000eb600000,0x00000000eb600000,0x00000000eb900000)
 ParOldGen       total 83456K, used 83131K [0x00000000c0000000, 0x00000000c5180000, 0x00000000eab00000)
  object space 83456K, 99% used [0x00000000c0000000,0x00000000c512ec20,0x00000000c5180000)
 Metaspace       used 73905K, committed 75264K, reserved 1179648K
  class space    used 7846K, committed 8448K, reserved 1048576K

Card table byte_map: [0x0000018e43100000,0x0000018e43310000] _byte_map_base: 0x0000018e42b00000

Marking Bits: (ParMarkBitMap*) 0x00007ff8c2d5d7d0
 Begin Bits: [0x0000018e55400000, 0x0000018e56400000)
 End Bits:   [0x0000018e56400000, 0x0000018e57400000)

Polling page: 0x0000018e41620000

Metaspace:

Usage:
  Non-class:     64.51 MB used.
      Class:      7.66 MB used.
       Both:     72.17 MB used.

Virtual space:
  Non-class space:      128.00 MB reserved,      65.25 MB ( 51%) committed,  2 nodes.
      Class space:        1.00 GB reserved,       8.25 MB ( <1%) committed,  1 nodes.
             Both:        1.12 GB reserved,      73.50 MB (  6%) committed. 

Chunk freelists:
   Non-Class:  14.27 MB
       Class:  7.77 MB
        Both:  22.04 MB

MaxMetaspaceSize: unlimited
CompressedClassSpaceSize: 1.00 GB
Initial GC threshold: 21.00 MB
Current GC threshold: 115.62 MB
CDS: off
MetaspaceReclaimPolicy: balanced
 - commit_granule_bytes: 65536.
 - commit_granule_words: 8192.
 - virtual_space_node_default_size: 8388608.
 - enlarge_chunks_in_place: 1.
 - new_chunks_are_fully_committed: 0.
 - uncommit_free_chunks: 1.
 - use_allocation_guard: 0.
 - handle_deallocations: 1.


Internal statistics:

num_allocs_failed_limit: 9.
num_arena_births: 920.
num_arena_deaths: 14.
num_vsnodes_births: 3.
num_vsnodes_deaths: 0.
num_space_committed: 1176.
num_space_uncommitted: 0.
num_chunks_returned_to_freelist: 23.
num_chunks_taken_from_freelist: 3906.
num_chunk_merges: 14.
num_chunk_splits: 2374.
num_chunks_enlarged: 1308.
num_inconsistent_stats: 0.

CodeHeap 'non-profiled nmethods': size=120000Kb used=6231Kb max_used=6231Kb free=113768Kb
 bounds [0x0000018e4ded0000, 0x0000018e4e4f0000, 0x0000018e55400000]
CodeHeap 'profiled nmethods': size=120000Kb used=21108Kb max_used=21108Kb free=98891Kb
 bounds [0x0000018e46400000, 0x0000018e478b0000, 0x0000018e4d930000]
CodeHeap 'non-nmethods': size=5760Kb used=1383Kb max_used=1466Kb free=4376Kb
 bounds [0x0000018e4d930000, 0x0000018e4dba0000, 0x0000018e4ded0000]
 total_blobs=10497 nmethods=9768 adapters=642
 compilation: enabled
              stopped_count=0, restarted_count=0
 full_count=0

Compilation events (20 events):
Event: 40.263 Thread 0x0000018e5dee5180 nmethod 11789 0x0000018e4e4e2b10 code [0x0000018e4e4e2dc0, 0x0000018e4e4e4590]
Event: 40.263 Thread 0x0000018e5dee5180 11797       4       org.eclipse.jdt.internal.compiler.parser.Parser::consumeRule (7964 bytes)
Event: 40.271 Thread 0x0000018e575db590 nmethod 11817 0x0000018e4788c890 code [0x0000018e4788d1a0, 0x0000018e478936a8]
Event: 40.271 Thread 0x0000018e575db590 11818   !   3       org.eclipse.jdt.internal.core.NameLookup::seekTypes (278 bytes)
Event: 40.273 Thread 0x0000018e575db590 nmethod 11818 0x0000018e47895d10 code [0x0000018e478960c0, 0x0000018e47897838]
Event: 40.273 Thread 0x0000018e575db590 11820       3       org.eclipse.jdt.internal.compiler.lookup.BinaryTypeBinding::initializeTypeVariable (317 bytes)
Event: 40.275 Thread 0x0000018e575db590 nmethod 11820 0x0000018e47898210 code [0x0000018e47898520, 0x0000018e478999b8]
Event: 40.275 Thread 0x0000018e575db590 11819       3       org.eclipse.jdt.internal.compiler.lookup.TypeVariableBinding::<init> (66 bytes)
Event: 40.275 Thread 0x0000018e575db590 nmethod 11819 0x0000018e4789a210 code [0x0000018e4789a3e0, 0x0000018e4789a888]
Event: 40.275 Thread 0x0000018e575db590 11823       3       org.eclipse.jdt.internal.core.util.Util::isExcluded (39 bytes)
Event: 40.276 Thread 0x0000018e575db590 nmethod 11823 0x0000018e4789aa90 code [0x0000018e4789aca0, 0x0000018e4789b348]
Event: 40.276 Thread 0x0000018e575db590 11825       3       org.eclipse.jdt.internal.compiler.parser.TypeConverter::decodeType3 (599 bytes)
Event: 40.280 Thread 0x0000018e575db590 nmethod 11825 0x0000018e4789b610 code [0x0000018e4789bac0, 0x0000018e4789ec98]
Event: 40.280 Thread 0x0000018e575db590 11827       3       org.eclipse.jdt.internal.compiler.lookup.ReferenceBinding::hasRestrictedAccess (15 bytes)
Event: 40.280 Thread 0x0000018e575db590 nmethod 11827 0x0000018e4789fe90 code [0x0000018e478a0020, 0x0000018e478a0198]
Event: 40.280 Thread 0x0000018e575db590 11826       3       org.eclipse.jdt.internal.compiler.util.HashtableOfType::<init> (49 bytes)
Event: 40.280 Thread 0x0000018e575db590 nmethod 11826 0x0000018e478a0210 code [0x0000018e478a03e0, 0x0000018e478a0718]
Event: 40.280 Thread 0x0000018e575db590 11822       1       org.eclipse.jdt.internal.compiler.classfmt.ClassFileReader::getInterfaceNames (5 bytes)
Event: 40.280 Thread 0x0000018e575db590 nmethod 11822 0x0000018e4e4e5a10 code [0x0000018e4e4e5ba0, 0x0000018e4e4e5c78]
Event: 40.281 Thread 0x0000018e575db590 11829       3       org.eclipse.jdt.internal.compiler.lookup.LookupEnvironment::createBinaryTypeFrom (106 bytes)

GC Heap History (20 events):
Event: 38.771 GC heap after
{Heap after GC invocations=92 (full 4):
 PSYoungGen      total 12288K, used 992K [0x00000000eab00000, 0x00000000eb900000, 0x0000000100000000)
  eden space 11264K, 0% used [0x00000000eab00000,0x00000000eab00000,0x00000000eb600000)
  from space 1024K, 96% used [0x00000000eb600000,0x00000000eb6f8000,0x00000000eb700000)
  to   space 1536K, 0% used [0x00000000eb780000,0x00000000eb780000,0x00000000eb900000)
 ParOldGen       total 83456K, used 73732K [0x00000000c0000000, 0x00000000c5180000, 0x00000000eab00000)
  object space 83456K, 88% used [0x00000000c0000000,0x00000000c48011b0,0x00000000c5180000)
 Metaspace       used 73038K, committed 74368K, reserved 1179648K
  class space    used 7798K, committed 8384K, reserved 1048576K
}
Event: 38.946 GC heap before
{Heap before GC invocations=93 (full 4):
 PSYoungGen      total 12288K, used 12256K [0x00000000eab00000, 0x00000000eb900000, 0x0000000100000000)
  eden space 11264K, 100% used [0x00000000eab00000,0x00000000eb600000,0x00000000eb600000)
  from space 1024K, 96% used [0x00000000eb600000,0x00000000eb6f8000,0x00000000eb700000)
  to   space 1536K, 0% used [0x00000000eb780000,0x00000000eb780000,0x00000000eb900000)
 ParOldGen       total 83456K, used 73732K [0x00000000c0000000, 0x00000000c5180000, 0x00000000eab00000)
  object space 83456K, 88% used [0x00000000c0000000,0x00000000c48011b0,0x00000000c5180000)
 Metaspace       used 73139K, committed 74432K, reserved 1179648K
  class space    used 7799K, committed 8384K, reserved 1048576K
}
Event: 38.949 GC heap after
{Heap after GC invocations=93 (full 4):
 PSYoungGen      total 12800K, used 1152K [0x00000000eab00000, 0x00000000eb900000, 0x0000000100000000)
  eden space 11264K, 0% used [0x00000000eab00000,0x00000000eab00000,0x00000000eb600000)
  from space 1536K, 75% used [0x00000000eb780000,0x00000000eb8a0000,0x00000000eb900000)
  to   space 1536K, 0% used [0x00000000eb600000,0x00000000eb600000,0x00000000eb780000)
 ParOldGen       total 83456K, used 74668K [0x00000000c0000000, 0x00000000c5180000, 0x00000000eab00000)
  object space 83456K, 89% used [0x00000000c0000000,0x00000000c48eb1d0,0x00000000c5180000)
 Metaspace       used 73139K, committed 74432K, reserved 1179648K
  class space    used 7799K, committed 8384K, reserved 1048576K
}
Event: 39.151 GC heap before
{Heap before GC invocations=94 (full 4):
 PSYoungGen      total 12800K, used 12416K [0x00000000eab00000, 0x00000000eb900000, 0x0000000100000000)
  eden space 11264K, 100% used [0x00000000eab00000,0x00000000eb600000,0x00000000eb600000)
  from space 1536K, 75% used [0x00000000eb780000,0x00000000eb8a0000,0x00000000eb900000)
  to   space 1536K, 0% used [0x00000000eb600000,0x00000000eb600000,0x00000000eb780000)
 ParOldGen       total 83456K, used 74668K [0x00000000c0000000, 0x00000000c5180000, 0x00000000eab00000)
  object space 83456K, 89% used [0x00000000c0000000,0x00000000c48eb1d0,0x00000000c5180000)
 Metaspace       used 73207K, committed 74560K, reserved 1179648K
  class space    used 7802K, committed 8448K, reserved 1048576K
}
Event: 39.154 GC heap after
{Heap after GC invocations=94 (full 4):
 PSYoungGen      total 12288K, used 800K [0x00000000eab00000, 0x00000000eb800000, 0x0000000100000000)
  eden space 11264K, 0% used [0x00000000eab00000,0x00000000eab00000,0x00000000eb600000)
  from space 1024K, 78% used [0x00000000eb600000,0x00000000eb6c8000,0x00000000eb700000)
  to   space 1024K, 0% used [0x00000000eb700000,0x00000000eb700000,0x00000000eb800000)
 ParOldGen       total 83456K, used 75364K [0x00000000c0000000, 0x00000000c5180000, 0x00000000eab00000)
  object space 83456K, 90% used [0x00000000c0000000,0x00000000c49991d0,0x00000000c5180000)
 Metaspace       used 73207K, committed 74560K, reserved 1179648K
  class space    used 7802K, committed 8448K, reserved 1048576K
}
Event: 39.364 GC heap before
{Heap before GC invocations=95 (full 4):
 PSYoungGen      total 12288K, used 12064K [0x00000000eab00000, 0x00000000eb800000, 0x0000000100000000)
  eden space 11264K, 100% used [0x00000000eab00000,0x00000000eb600000,0x00000000eb600000)
  from space 1024K, 78% used [0x00000000eb600000,0x00000000eb6c8000,0x00000000eb700000)
  to   space 1024K, 0% used [0x00000000eb700000,0x00000000eb700000,0x00000000eb800000)
 ParOldGen       total 83456K, used 75364K [0x00000000c0000000, 0x00000000c5180000, 0x00000000eab00000)
  object space 83456K, 90% used [0x00000000c0000000,0x00000000c49991d0,0x00000000c5180000)
 Metaspace       used 73275K, committed 74688K, reserved 1179648K
  class space    used 7802K, committed 8448K, reserved 1048576K
}
Event: 39.366 GC heap after
{Heap after GC invocations=95 (full 4):
 PSYoungGen      total 12288K, used 640K [0x00000000eab00000, 0x00000000eb800000, 0x0000000100000000)
  eden space 11264K, 0% used [0x00000000eab00000,0x00000000eab00000,0x00000000eb600000)
  from space 1024K, 62% used [0x00000000eb700000,0x00000000eb7a0000,0x00000000eb800000)
  to   space 1024K, 0% used [0x00000000eb600000,0x00000000eb600000,0x00000000eb700000)
 ParOldGen       total 83456K, used 75932K [0x00000000c0000000, 0x00000000c5180000, 0x00000000eab00000)
  object space 83456K, 90% used [0x00000000c0000000,0x00000000c4a271d0,0x00000000c5180000)
 Metaspace       used 73275K, committed 74688K, reserved 1179648K
  class space    used 7802K, committed 8448K, reserved 1048576K
}
Event: 39.559 GC heap before
{Heap before GC invocations=96 (full 4):
 PSYoungGen      total 12288K, used 11899K [0x00000000eab00000, 0x00000000eb800000, 0x0000000100000000)
  eden space 11264K, 99% used [0x00000000eab00000,0x00000000eb5fef68,0x00000000eb600000)
  from space 1024K, 62% used [0x00000000eb700000,0x00000000eb7a0000,0x00000000eb800000)
  to   space 1024K, 0% used [0x00000000eb600000,0x00000000eb600000,0x00000000eb700000)
 ParOldGen       total 83456K, used 75932K [0x00000000c0000000, 0x00000000c5180000, 0x00000000eab00000)
  object space 83456K, 90% used [0x00000000c0000000,0x00000000c4a271d0,0x00000000c5180000)
 Metaspace       used 73316K, committed 74752K, reserved 1179648K
  class space    used 7803K, committed 8448K, reserved 1048576K
}
Event: 39.562 GC heap after
{Heap after GC invocations=96 (full 4):
 PSYoungGen      total 12288K, used 1008K [0x00000000eab00000, 0x00000000eba00000, 0x0000000100000000)
  eden space 11264K, 0% used [0x00000000eab00000,0x00000000eab00000,0x00000000eb600000)
  from space 1024K, 98% used [0x00000000eb600000,0x00000000eb6fc030,0x00000000eb700000)
  to   space 2048K, 0% used [0x00000000eb800000,0x00000000eb800000,0x00000000eba00000)
 ParOldGen       total 83456K, used 76500K [0x00000000c0000000, 0x00000000c5180000, 0x00000000eab00000)
  object space 83456K, 91% used [0x00000000c0000000,0x00000000c4ab51d0,0x00000000c5180000)
 Metaspace       used 73316K, committed 74752K, reserved 1179648K
  class space    used 7803K, committed 8448K, reserved 1048576K
}
Event: 39.763 GC heap before
{Heap before GC invocations=97 (full 4):
 PSYoungGen      total 12288K, used 12272K [0x00000000eab00000, 0x00000000eba00000, 0x0000000100000000)
  eden space 11264K, 100% used [0x00000000eab00000,0x00000000eb600000,0x00000000eb600000)
  from space 1024K, 98% used [0x00000000eb600000,0x00000000eb6fc030,0x00000000eb700000)
  to   space 2048K, 0% used [0x00000000eb800000,0x00000000eb800000,0x00000000eba00000)
 ParOldGen       total 83456K, used 76500K [0x00000000c0000000, 0x00000000c5180000, 0x00000000eab00000)
  object space 83456K, 91% used [0x00000000c0000000,0x00000000c4ab51d0,0x00000000c5180000)
 Metaspace       used 73439K, committed 74880K, reserved 1179648K
  class space    used 7803K, committed 8448K, reserved 1048576K
}
Event: 39.766 GC heap after
{Heap after GC invocations=97 (full 4):
 PSYoungGen      total 12800K, used 1408K [0x00000000eab00000, 0x00000000eb980000, 0x0000000100000000)
  eden space 11264K, 0% used [0x00000000eab00000,0x00000000eab00000,0x00000000eb600000)
  from space 1536K, 91% used [0x00000000eb800000,0x00000000eb960000,0x00000000eb980000)
  to   space 1536K, 0% used [0x00000000eb680000,0x00000000eb680000,0x00000000eb800000)
 ParOldGen       total 83456K, used 77228K [0x00000000c0000000, 0x00000000c5180000, 0x00000000eab00000)
  object space 83456K, 92% used [0x00000000c0000000,0x00000000c4b6b1d0,0x00000000c5180000)
 Metaspace       used 73439K, committed 74880K, reserved 1179648K
  class space    used 7803K, committed 8448K, reserved 1048576K
}
Event: 39.826 GC heap before
{Heap before GC invocations=98 (full 4):
 PSYoungGen      total 12800K, used 12652K [0x00000000eab00000, 0x00000000eb980000, 0x0000000100000000)
  eden space 11264K, 99% used [0x00000000eab00000,0x00000000eb5fb078,0x00000000eb600000)
  from space 1536K, 91% used [0x00000000eb800000,0x00000000eb960000,0x00000000eb980000)
  to   space 1536K, 0% used [0x00000000eb680000,0x00000000eb680000,0x00000000eb800000)
 ParOldGen       total 83456K, used 77228K [0x00000000c0000000, 0x00000000c5180000, 0x00000000eab00000)
  object space 83456K, 92% used [0x00000000c0000000,0x00000000c4b6b1d0,0x00000000c5180000)
 Metaspace       used 73440K, committed 74880K, reserved 1179648K
  class space    used 7803K, committed 8448K, reserved 1048576K
}
Event: 39.831 GC heap after
{Heap after GC invocations=98 (full 4):
 PSYoungGen      total 12800K, used 1504K [0x00000000eab00000, 0x00000000ebd00000, 0x0000000100000000)
  eden space 11264K, 0% used [0x00000000eab00000,0x00000000eab00000,0x00000000eb600000)
  from space 1536K, 97% used [0x00000000eb680000,0x00000000eb7f8018,0x00000000eb800000)
  to   space 3584K, 0% used [0x00000000eb980000,0x00000000eb980000,0x00000000ebd00000)
 ParOldGen       total 83456K, used 78798K [0x00000000c0000000, 0x00000000c5180000, 0x00000000eab00000)
  object space 83456K, 94% used [0x00000000c0000000,0x00000000c4cf39b8,0x00000000c5180000)
 Metaspace       used 73440K, committed 74880K, reserved 1179648K
  class space    used 7803K, committed 8448K, reserved 1048576K
}
Event: 39.869 GC heap before
{Heap before GC invocations=99 (full 4):
 PSYoungGen      total 12800K, used 12768K [0x00000000eab00000, 0x00000000ebd00000, 0x0000000100000000)
  eden space 11264K, 100% used [0x00000000eab00000,0x00000000eb600000,0x00000000eb600000)
  from space 1536K, 97% used [0x00000000eb680000,0x00000000eb7f8018,0x00000000eb800000)
  to   space 3584K, 0% used [0x00000000eb980000,0x00000000eb980000,0x00000000ebd00000)
 ParOldGen       total 83456K, used 78798K [0x00000000c0000000, 0x00000000c5180000, 0x00000000eab00000)
  object space 83456K, 94% used [0x00000000c0000000,0x00000000c4cf39b8,0x00000000c5180000)
 Metaspace       used 73442K, committed 74880K, reserved 1179648K
  class space    used 7803K, committed 8448K, reserved 1048576K
}
Event: 39.872 GC heap after
{Heap after GC invocations=99 (full 4):
 PSYoungGen      total 12800K, used 1056K [0x00000000eab00000, 0x00000000ebb00000, 0x0000000100000000)
  eden space 11264K, 0% used [0x00000000eab00000,0x00000000eab00000,0x00000000eb600000)
  from space 1536K, 68% used [0x00000000eb980000,0x00000000eba88000,0x00000000ebb00000)
  to   space 2048K, 0% used [0x00000000eb700000,0x00000000eb700000,0x00000000eb900000)
 ParOldGen       total 83456K, used 80363K [0x00000000c0000000, 0x00000000c5180000, 0x00000000eab00000)
  object space 83456K, 96% used [0x00000000c0000000,0x00000000c4e7ac00,0x00000000c5180000)
 Metaspace       used 73442K, committed 74880K, reserved 1179648K
  class space    used 7803K, committed 8448K, reserved 1048576K
}
Event: 39.976 GC heap before
{Heap before GC invocations=100 (full 4):
 PSYoungGen      total 12800K, used 12320K [0x00000000eab00000, 0x00000000ebb00000, 0x0000000100000000)
  eden space 11264K, 100% used [0x00000000eab00000,0x00000000eb600000,0x00000000eb600000)
  from space 1536K, 68% used [0x00000000eb980000,0x00000000eba88000,0x00000000ebb00000)
  to   space 2048K, 0% used [0x00000000eb700000,0x00000000eb700000,0x00000000eb900000)
 ParOldGen       total 83456K, used 80363K [0x00000000c0000000, 0x00000000c5180000, 0x00000000eab00000)
  object space 83456K, 96% used [0x00000000c0000000,0x00000000c4e7ac00,0x00000000c5180000)
 Metaspace       used 73545K, committed 74944K, reserved 1179648K
  class space    used 7816K, committed 8448K, reserved 1048576K
}
Event: 39.980 GC heap after
{Heap after GC invocations=100 (full 4):
 PSYoungGen      total 13312K, used 1760K [0x00000000eab00000, 0x00000000eba00000, 0x0000000100000000)
  eden space 11264K, 0% used [0x00000000eab00000,0x00000000eab00000,0x00000000eb600000)
  from space 2048K, 85% used [0x00000000eb700000,0x00000000eb8b8000,0x00000000eb900000)
  to   space 1024K, 0% used [0x00000000eb900000,0x00000000eb900000,0x00000000eba00000)
 ParOldGen       total 83456K, used 81363K [0x00000000c0000000, 0x00000000c5180000, 0x00000000eab00000)
  object space 83456K, 97% used [0x00000000c0000000,0x00000000c4f74c00,0x00000000c5180000)
 Metaspace       used 73545K, committed 74944K, reserved 1179648K
  class space    used 7816K, committed 8448K, reserved 1048576K
}
Event: 40.281 GC heap before
{Heap before GC invocations=101 (full 4):
 PSYoungGen      total 13312K, used 13024K [0x00000000eab00000, 0x00000000eba00000, 0x0000000100000000)
  eden space 11264K, 100% used [0x00000000eab00000,0x00000000eb600000,0x00000000eb600000)
  from space 2048K, 85% used [0x00000000eb700000,0x00000000eb8b8000,0x00000000eb900000)
  to   space 1024K, 0% used [0x00000000eb900000,0x00000000eb900000,0x00000000eba00000)
 ParOldGen       total 83456K, used 81363K [0x00000000c0000000, 0x00000000c5180000, 0x00000000eab00000)
  object space 83456K, 97% used [0x00000000c0000000,0x00000000c4f74c00,0x00000000c5180000)
 Metaspace       used 73905K, committed 75264K, reserved 1179648K
  class space    used 7846K, committed 8448K, reserved 1048576K
}
Event: 40.285 GC heap after
{Heap after GC invocations=101 (full 4):
 PSYoungGen      total 12288K, used 1017K [0x00000000eab00000, 0x00000000ebc00000, 0x0000000100000000)
  eden space 11264K, 0% used [0x00000000eab00000,0x00000000eab00000,0x00000000eb600000)
  from space 1024K, 99% used [0x00000000eb900000,0x00000000eb9fe410,0x00000000eba00000)
  to   space 3072K, 0% used [0x00000000eb600000,0x00000000eb600000,0x00000000eb900000)
 ParOldGen       total 83456K, used 83131K [0x00000000c0000000, 0x00000000c5180000, 0x00000000eab00000)
  object space 83456K, 99% used [0x00000000c0000000,0x00000000c512ec20,0x00000000c5180000)
 Metaspace       used 73905K, committed 75264K, reserved 1179648K
  class space    used 7846K, committed 8448K, reserved 1048576K
}
Event: 40.285 GC heap before
{Heap before GC invocations=102 (full 5):
 PSYoungGen      total 12288K, used 1017K [0x00000000eab00000, 0x00000000ebc00000, 0x0000000100000000)
  eden space 11264K, 0% used [0x00000000eab00000,0x00000000eab00000,0x00000000eb600000)
  from space 1024K, 99% used [0x00000000eb900000,0x00000000eb9fe410,0x00000000eba00000)
  to   space 3072K, 0% used [0x00000000eb600000,0x00000000eb600000,0x00000000eb900000)
 ParOldGen       total 83456K, used 83131K [0x00000000c0000000, 0x00000000c5180000, 0x00000000eab00000)
  object space 83456K, 99% used [0x00000000c0000000,0x00000000c512ec20,0x00000000c5180000)
 Metaspace       used 73905K, committed 75264K, reserved 1179648K
  class space    used 7846K, committed 8448K, reserved 1048576K
}

Dll operation events (12 events):
Event: 0.843 Loaded shared library c:\Users\User\.vscode\extensions\redhat.java-1.28.1-win32-x64\jre\17.0.10-win32-x86_64\bin\java.dll
Event: 1.027 Loaded shared library c:\Users\User\.vscode\extensions\redhat.java-1.28.1-win32-x64\jre\17.0.10-win32-x86_64\bin\zip.dll
Event: 1.180 Loaded shared library C:\Users\User\.vscode\extensions\redhat.java-1.28.1-win32-x64\jre\17.0.10-win32-x86_64\bin\instrument.dll
Event: 1.234 Loaded shared library C:\Users\User\.vscode\extensions\redhat.java-1.28.1-win32-x64\jre\17.0.10-win32-x86_64\bin\net.dll
Event: 1.306 Loaded shared library C:\Users\User\.vscode\extensions\redhat.java-1.28.1-win32-x64\jre\17.0.10-win32-x86_64\bin\nio.dll
Event: 1.340 Loaded shared library C:\Users\User\.vscode\extensions\redhat.java-1.28.1-win32-x64\jre\17.0.10-win32-x86_64\bin\zip.dll
Event: 1.366 Loaded shared library C:\Users\User\.vscode\extensions\redhat.java-1.28.1-win32-x64\jre\17.0.10-win32-x86_64\bin\jimage.dll
Event: 1.491 Loaded shared library c:\Users\User\.vscode\extensions\redhat.java-1.28.1-win32-x64\jre\17.0.10-win32-x86_64\bin\verify.dll
Event: 4.316 Loaded shared library C:\Users\User\AppData\Roaming\Code\User\globalStorage\redhat.java\1.28.1\config_win\org.eclipse.equinox.launcher\org.eclipse.equinox.launcher.win32.win32.x86_64_1.2.900.v20240129-1338\eclipse_11900.dll
Event: 23.153 Loaded shared library C:\Users\User\AppData\Local\Temp\jna-2645995\jna9741870618912125407.dll
Event: 24.828 Loaded shared library C:\Users\User\.vscode\extensions\redhat.java-1.28.1-win32-x64\jre\17.0.10-win32-x86_64\bin\sunmscapi.dll
Event: 24.976 Loaded shared library C:\Users\User\.vscode\extensions\redhat.java-1.28.1-win32-x64\jre\17.0.10-win32-x86_64\bin\extnet.dll

Deoptimization events (20 events):
Event: 40.036 Thread 0x0000018e5ca25390 Uncommon trap: trap_request=0xffffff45 fr.pc=0x0000018e4e2abe84 relative=0x0000000000000d04
Event: 40.036 Thread 0x0000018e5ca25390 Uncommon trap: reason=unstable_if action=reinterpret pc=0x0000018e4e2abe84 method=org.eclipse.core.runtime.Path.computeLength()I @ 92 c2
Event: 40.036 Thread 0x0000018e5ca25390 DEOPT PACKING pc=0x0000018e4e2abe84 sp=0x00000032714fe260
Event: 40.036 Thread 0x0000018e5ca25390 DEOPT UNPACKING pc=0x0000018e4d9866a3 sp=0x00000032714fe1a0 mode 2
Event: 40.038 Thread 0x0000018e5ca25390 Uncommon trap: trap_request=0xffffff45 fr.pc=0x0000018e4e09cdc8 relative=0x00000000000001a8
Event: 40.038 Thread 0x0000018e5ca25390 Uncommon trap: reason=unstable_if action=reinterpret pc=0x0000018e4e09cdc8 method=org.eclipse.core.runtime.Path.computeLength()I @ 92 c2
Event: 40.038 Thread 0x0000018e5ca25390 DEOPT PACKING pc=0x0000018e4e09cdc8 sp=0x00000032714fe490
Event: 40.038 Thread 0x0000018e5ca25390 DEOPT UNPACKING pc=0x0000018e4d9866a3 sp=0x00000032714fe410 mode 2
Event: 40.077 Thread 0x0000018e5ca25db0 Uncommon trap: trap_request=0xffffff45 fr.pc=0x0000018e4e0dc380 relative=0x0000000000001700
Event: 40.077 Thread 0x0000018e5ca25db0 Uncommon trap: reason=unstable_if action=reinterpret pc=0x0000018e4e0dc380 method=sun.nio.fs.WindowsPathParser.parse(Ljava/lang/String;Z)Lsun/nio/fs/WindowsPathParser$Result; @ 45 c2
Event: 40.077 Thread 0x0000018e5ca25db0 DEOPT PACKING pc=0x0000018e4e0dc380 sp=0x00000032716fedb0
Event: 40.077 Thread 0x0000018e5ca25db0 DEOPT UNPACKING pc=0x0000018e4d9866a3 sp=0x00000032716fed78 mode 2
Event: 40.078 Thread 0x0000018e5ca25db0 Uncommon trap: trap_request=0xffffff45 fr.pc=0x0000018e4df73ec0 relative=0x0000000000000040
Event: 40.078 Thread 0x0000018e5ca25db0 Uncommon trap: reason=unstable_if action=reinterpret pc=0x0000018e4df73ec0 method=sun.nio.fs.WindowsPathParser.isSlash(C)Z @ 9 c2
Event: 40.078 Thread 0x0000018e5ca25db0 DEOPT PACKING pc=0x0000018e4df73ec0 sp=0x00000032716fe900
Event: 40.078 Thread 0x0000018e5ca25db0 DEOPT UNPACKING pc=0x0000018e4d9866a3 sp=0x00000032716fe888 mode 2
Event: 40.258 Thread 0x0000018e5dad8500 Uncommon trap: trap_request=0xffffff45 fr.pc=0x0000018e4e4e0dcc relative=0x000000000000114c
Event: 40.258 Thread 0x0000018e5dad8500 Uncommon trap: reason=unstable_if action=reinterpret pc=0x0000018e4e4e0dcc method=org.eclipse.jdt.internal.core.NameLookup.seekTypes(Ljava/lang/String;Lorg/eclipse/jdt/core/IPackageFragment;ZILorg/eclipse/jdt/internal/core/IJavaElementRequestor;Z)V @ 126 
Event: 40.258 Thread 0x0000018e5dad8500 DEOPT PACKING pc=0x0000018e4e4e0dcc sp=0x00000032706fda20
Event: 40.258 Thread 0x0000018e5dad8500 DEOPT UNPACKING pc=0x0000018e4d9866a3 sp=0x00000032706fd9f0 mode 2

Classes unloaded (7 events):
Event: 21.286 Thread 0x0000018e57591240 Unloading class 0x0000000100252400 'java/lang/invoke/LambdaForm$MH+0x0000000100252400'
Event: 21.286 Thread 0x0000018e57591240 Unloading class 0x0000000100252000 'java/lang/invoke/LambdaForm$MH+0x0000000100252000'
Event: 21.286 Thread 0x0000018e57591240 Unloading class 0x0000000100251c00 'java/lang/invoke/LambdaForm$MH+0x0000000100251c00'
Event: 21.286 Thread 0x0000018e57591240 Unloading class 0x0000000100251800 'java/lang/invoke/LambdaForm$MH+0x0000000100251800'
Event: 21.286 Thread 0x0000018e57591240 Unloading class 0x0000000100251400 'java/lang/invoke/LambdaForm$BMH+0x0000000100251400'
Event: 21.286 Thread 0x0000018e57591240 Unloading class 0x0000000100251000 'java/lang/invoke/LambdaForm$DMH+0x0000000100251000'
Event: 21.286 Thread 0x0000018e57591240 Unloading class 0x000000010024c400 'java/lang/invoke/LambdaForm$DMH+0x000000010024c400'

Classes redefined (0 events):
No events

Internal exceptions (20 events):
Event: 33.542 Thread 0x0000018e5ca29a70 Exception <a 'java/io/FileNotFoundException'{0x00000000eaf96c38}> (0x00000000eaf96c38) 
thrown [s\src\hotspot\share\prims\jni.cpp, line 516]
Event: 33.808 Thread 0x0000018e5ca29a70 Exception <a 'java/lang/IncompatibleClassChangeError'{0x00000000eb9427e8}: Found class java.lang.Object, but interface was expected> (0x00000000eb9427e8) 
thrown [s\src\hotspot\share\interpreter\linkResolver.cpp, line 826]
Event: 33.910 Thread 0x0000018e5ca29a70 Exception <a 'java/lang/NoSuchMethodError'{0x00000000eb6e24a8}: 'int java.lang.invoke.DirectMethodHandle$Holder.invokeStatic(java.lang.Object, java.lang.Object, java.lang.Object, int)'> (0x00000000eb6e24a8) 
thrown [s\src\hotspot\share\interpreter\linkResolver.cpp, line 759]
Event: 34.009 Thread 0x0000018e5d8b7400 Implicit null exception at 0x0000018e4e1873fd to 0x0000018e4e1877d0
Event: 34.235 Thread 0x0000018e5ca25db0 Exception <a 'java/lang/NoSuchMethodError'{0x00000000eabf3eb0}: 'java.lang.Object java.lang.invoke.DirectMethodHandle$Holder.invokeSpecial(java.lang.Object, java.lang.Object, int, long)'> (0x00000000eabf3eb0) 
thrown [s\src\hotspot\share\interpreter\linkResolver.cpp, line 759]
Event: 36.592 Thread 0x0000018e5ca258a0 Exception <a 'java/io/FileNotFoundException'{0x00000000eaf9ee48}> (0x00000000eaf9ee48) 
thrown [s\src\hotspot\share\prims\jni.cpp, line 516]
Event: 36.593 Thread 0x0000018e5ca258a0 Exception <a 'java/io/FileNotFoundException'{0x00000000eafa00e0}> (0x00000000eafa00e0) 
thrown [s\src\hotspot\share\prims\jni.cpp, line 516]
Event: 36.619 Thread 0x0000018e5ca25390 Exception <a 'java/lang/LinkageError'{0x00000000eb13b260}: loader lombok.launch.ShadowClassLoader @677fc254 attempted duplicate class definition for lombok.launch.PatchFixesHider$PatchFixes. (lombok.launch.PatchFixesHider$PatchFixes is in unnamed module of loader lombok.launch.ShadowClassLoader @677fc254, parent loader org.eclipse.osgi.internal.loader.EquinoxClassLoader @29caad74)> (0x00000000eb13b260) 
thrown [s\src\hotspot\share\classfile\systemDictionary.cpp, line 1724]
Event: 36.620 Thread 0x0000018e5ca258a0 Exception <a 'java/lang/LinkageError'{0x00000000eb117f20}: loader lombok.launch.ShadowClassLoader @677fc254 attempted duplicate class definition for lombok.launch.PatchFixesHider$PatchFixes. (lombok.launch.PatchFixesHider$PatchFixes is in unnamed module of loader lombok.launch.ShadowClassLoader @677fc254, parent loader org.eclipse.osgi.internal.loader.EquinoxClassLoader @29caad74)> (0x00000000eb117f20) 
thrown [s\src\hotspot\share\classfile\systemDictionary.cpp, line 1724]
Event: 36.621 Thread 0x0000018e5ca2c800 Exception <a 'java/lang/LinkageError'{0x00000000eb188c58}: loader lombok.launch.ShadowClassLoader @677fc254 attempted duplicate class definition for lombok.launch.PatchFixesHider$PatchFixes. (lombok.launch.PatchFixesHider$PatchFixes is in unnamed module of loader lombok.launch.ShadowClassLoader @677fc254, parent loader org.eclipse.osgi.internal.loader.EquinoxClassLoader @29caad74)> (0x00000000eb188c58) 
thrown [s\src\hotspot\share\classfile\systemDictionary.cpp, line 1724]
Event: 36.775 Thread 0x0000018e5ca2aeb0 Implicit null exception at 0x0000018e4e2b38fb to 0x0000018e4e2b4c48
Event: 37.179 Thread 0x0000018e5ca29a70 Exception <a 'java/lang/LinkageError'{0x00000000ead52050}: loader lombok.launch.ShadowClassLoader @2c0e1526 attempted duplicate class definition for lombok.launch.PatchFixesHider$ExtensionMethod. (lombok.launch.PatchFixesHider$ExtensionMethod is in unnamed module of loader lombok.launch.ShadowClassLoader @2c0e1526, parent loader org.eclipse.osgi.internal.loader.EquinoxClassLoader @9ecc7d6)> (0x00000000ead52050) 
thrown [s\src\hotspot\share\classfile\systemDictionary.cpp, line 1724]
Event: 37.270 Thread 0x0000018e5ca29a70 Exception <a 'java/lang/NoSuchMethodError'{0x00000000eaf508d8}: 'int java.lang.invoke.DirectMethodHandle$Holder.invokeStatic(java.lang.Object, int, java.lang.Object)'> (0x00000000eaf508d8) 
thrown [s\src\hotspot\share\interpreter\linkResolver.cpp, line 759]
Event: 37.468 Thread 0x0000018e5ca2aeb0 Exception <a 'java/io/FileNotFoundException'{0x00000000eb2c36b0}> (0x00000000eb2c36b0) 
thrown [s\src\hotspot\share\prims\jni.cpp, line 516]
Event: 37.469 Thread 0x0000018e5ca2aeb0 Exception <a 'java/io/FileNotFoundException'{0x00000000eb2c4790}> (0x00000000eb2c4790) 
thrown [s\src\hotspot\share\prims\jni.cpp, line 516]
Event: 37.469 Thread 0x0000018e5ca2aeb0 Exception <a 'java/io/FileNotFoundException'{0x00000000eb2c5830}> (0x00000000eb2c5830) 
thrown [s\src\hotspot\share\prims\jni.cpp, line 516]
Event: 38.071 Thread 0x0000018e5ca29a70 Exception <a 'sun/nio/fs/WindowsException'{0x00000000eb298910}> (0x00000000eb298910) 
thrown [s\src\hotspot\share\prims\jni.cpp, line 516]
Event: 38.346 Thread 0x0000018e5ca29a70 Exception <a 'sun/nio/fs/WindowsException'{0x00000000eac385a8}> (0x00000000eac385a8) 
thrown [s\src\hotspot\share\prims\jni.cpp, line 516]
Event: 38.658 Thread 0x0000018e5ca29a70 Exception <a 'java/lang/NoSuchMethodError'{0x00000000eb030760}: 'java.lang.Object java.lang.invoke.DirectMethodHandle$Holder.invokeStatic(java.lang.Object, java.lang.Object, int, java.lang.Object)'> (0x00000000eb030760) 
thrown [s\src\hotspot\share\interpreter\linkResolver.cpp, line 759]
Event: 39.935 Thread 0x0000018e5ca258a0 Implicit null exception at 0x0000018e4e451cc7 to 0x0000018e4e452f60

VM Operations (20 events):
Event: 38.772 Executing VM operation: ParallelGCFailedAllocation done
Event: 38.946 Executing VM operation: ParallelGCFailedAllocation
Event: 38.951 Executing VM operation: ParallelGCFailedAllocation done
Event: 39.150 Executing VM operation: ParallelGCFailedAllocation
Event: 39.154 Executing VM operation: ParallelGCFailedAllocation done
Event: 39.364 Executing VM operation: ParallelGCFailedAllocation
Event: 39.366 Executing VM operation: ParallelGCFailedAllocation done
Event: 39.557 Executing VM operation: ParallelGCFailedAllocation
Event: 39.588 Executing VM operation: ParallelGCFailedAllocation done
Event: 39.742 Executing VM operation: HandshakeAllThreads
Event: 39.743 Executing VM operation: HandshakeAllThreads done
Event: 39.763 Executing VM operation: ParallelGCFailedAllocation
Event: 39.767 Executing VM operation: ParallelGCFailedAllocation done
Event: 39.826 Executing VM operation: ParallelGCFailedAllocation
Event: 39.841 Executing VM operation: ParallelGCFailedAllocation done
Event: 39.869 Executing VM operation: ParallelGCFailedAllocation
Event: 39.874 Executing VM operation: ParallelGCFailedAllocation done
Event: 39.976 Executing VM operation: ParallelGCFailedAllocation
Event: 39.980 Executing VM operation: ParallelGCFailedAllocation done
Event: 40.281 Executing VM operation: ParallelGCFailedAllocation

Events (20 events):
Event: 38.198 Thread 0x0000018e575de2d0 flushing nmethod 0x0000018e476b4f10
Event: 38.198 Thread 0x0000018e575de2d0 flushing nmethod 0x0000018e47705b10
Event: 38.666 loading class java/util/concurrent/CompletionException
Event: 38.671 loading class java/util/concurrent/CompletionException done
Event: 38.757 loading class java/util/zip/ZipError
Event: 38.757 loading class java/util/zip/ZipError done
Event: 39.652 Thread 0x0000018e5ca27700 Thread exited: 0x0000018e5ca27700
Event: 39.652 Thread 0x0000018e5ca267d0 Thread exited: 0x0000018e5ca267d0
Event: 39.652 Thread 0x0000018e5ca262c0 Thread exited: 0x0000018e5ca262c0
Event: 39.652 Thread 0x0000018e5ca26ce0 Thread exited: 0x0000018e5ca26ce0
Event: 39.652 Thread 0x0000018e5ca28630 Thread exited: 0x0000018e5ca28630
Event: 39.945 loading class java/util/HashMap$ValueSpliterator
Event: 39.945 loading class java/util/HashMap$ValueSpliterator done
Event: 40.086 loading class java/lang/invoke/BoundMethodHandle$Species_LLLLLLLLLL
Event: 40.086 loading class java/lang/invoke/BoundMethodHandle$Species_LLLLLLLLLL done
Event: 40.087 loading class java/lang/invoke/BoundMethodHandle$Species_LLLLLLLLLLL
Event: 40.088 loading class java/lang/invoke/BoundMethodHandle$Species_LLLLLLLLLLL done
Event: 40.141 loading class java/util/Hashtable$KeySet
Event: 40.141 loading class java/util/Hashtable$KeySet done
Event: 40.178 Thread 0x0000018e5ca267d0 Thread added: 0x0000018e5ca267d0


Dynamic libraries:
0x00007ff6c2ae0000 - 0x00007ff6c2aee000 	c:\Users\User\.vscode\extensions\redhat.java-1.28.1-win32-x64\jre\17.0.10-win32-x86_64\bin\java.exe
0x00007ff90d130000 - 0x00007ff90d328000 	C:\WINDOWS\SYSTEM32\ntdll.dll
0x00007ff90aed0000 - 0x00007ff90af8d000 	C:\WINDOWS\System32\KERNEL32.DLL
0x00007ff90a660000 - 0x00007ff90a956000 	C:\WINDOWS\System32\KERNELBASE.dll
0x00007ff90a420000 - 0x00007ff90a520000 	C:\WINDOWS\System32\ucrtbase.dll
0x00007ff8fa420000 - 0x00007ff8fa437000 	c:\Users\User\.vscode\extensions\redhat.java-1.28.1-win32-x64\jre\17.0.10-win32-x86_64\bin\jli.dll
0x00007ff8f60b0000 - 0x00007ff8f60cb000 	c:\Users\User\.vscode\extensions\redhat.java-1.28.1-win32-x64\jre\17.0.10-win32-x86_64\bin\VCRUNTIME140.dll
0x00007ff90cad0000 - 0x00007ff90cc6e000 	C:\WINDOWS\System32\USER32.dll
0x00007ff90ac50000 - 0x00007ff90ac72000 	C:\WINDOWS\System32\win32u.dll
0x00007ff90b610000 - 0x00007ff90b63b000 	C:\WINDOWS\System32\GDI32.dll
0x00007ff90ad30000 - 0x00007ff90ae47000 	C:\WINDOWS\System32\gdi32full.dll
0x00007ff90a5c0000 - 0x00007ff90a65d000 	C:\WINDOWS\System32\msvcp_win.dll
0x00007ff8fc820000 - 0x00007ff8fcaba000 	C:\WINDOWS\WinSxS\amd64_microsoft.windows.common-controls_6595b64144ccf1df_6.0.19041.3636_none_60b6a03d71f818d5\COMCTL32.dll
0x00007ff90b660000 - 0x00007ff90b6fe000 	C:\WINDOWS\System32\msvcrt.dll
0x00007ff90b5d0000 - 0x00007ff90b602000 	C:\WINDOWS\System32\IMM32.DLL
0x00007ff8f6230000 - 0x00007ff8f623c000 	c:\Users\User\.vscode\extensions\redhat.java-1.28.1-win32-x64\jre\17.0.10-win32-x86_64\bin\vcruntime140_1.dll
0x00007ff8f2e10000 - 0x00007ff8f2e9d000 	c:\Users\User\.vscode\extensions\redhat.java-1.28.1-win32-x64\jre\17.0.10-win32-x86_64\bin\msvcp140.dll
0x00007ff8c21c0000 - 0x00007ff8c2e22000 	c:\Users\User\.vscode\extensions\redhat.java-1.28.1-win32-x64\jre\17.0.10-win32-x86_64\bin\server\jvm.dll
0x00007ff90bca0000 - 0x00007ff90bd53000 	C:\WINDOWS\System32\ADVAPI32.dll
0x00007ff90be60000 - 0x00007ff90beff000 	C:\WINDOWS\System32\sechost.dll
0x00007ff90bac0000 - 0x00007ff90bbe6000 	C:\WINDOWS\System32\RPCRT4.dll
0x00007ff90a520000 - 0x00007ff90a547000 	C:\WINDOWS\System32\bcrypt.dll
0x00007ff90bd80000 - 0x00007ff90bd89000 	C:\WINDOWS\System32\WSOCK32.dll
0x00007ff90ca60000 - 0x00007ff90cacb000 	C:\WINDOWS\System32\WS2_32.dll
0x00007ff90b250000 - 0x00007ff90b25a000 	C:\WINDOWS\System32\VERSION.dll
0x00007ff90a0c0000 - 0x00007ff90a10b000 	C:\WINDOWS\SYSTEM32\POWRPROF.dll
0x00007ff8fc1b0000 - 0x00007ff8fc1d7000 	C:\WINDOWS\SYSTEM32\WINMM.dll
0x00007ff90a050000 - 0x00007ff90a062000 	C:\WINDOWS\SYSTEM32\UMPDC.dll
0x00007ff907fb0000 - 0x00007ff907fc2000 	C:\WINDOWS\SYSTEM32\kernel.appcore.dll
0x00007ff8f6090000 - 0x00007ff8f609a000 	c:\Users\User\.vscode\extensions\redhat.java-1.28.1-win32-x64\jre\17.0.10-win32-x86_64\bin\jimage.dll
0x00007ff8ea760000 - 0x00007ff8ea944000 	C:\WINDOWS\SYSTEM32\DBGHELP.DLL
0x00007ff8ea230000 - 0x00007ff8ea264000 	C:\WINDOWS\SYSTEM32\dbgcore.DLL
0x00007ff90a340000 - 0x00007ff90a3c2000 	C:\WINDOWS\System32\bcryptPrimitives.dll
0x00007ff907220000 - 0x00007ff90722e000 	c:\Users\User\.vscode\extensions\redhat.java-1.28.1-win32-x64\jre\17.0.10-win32-x86_64\bin\instrument.dll
0x00007ff8f4990000 - 0x00007ff8f49b5000 	c:\Users\User\.vscode\extensions\redhat.java-1.28.1-win32-x64\jre\17.0.10-win32-x86_64\bin\java.dll
0x00007ff8f4be0000 - 0x00007ff8f4bf8000 	c:\Users\User\.vscode\extensions\redhat.java-1.28.1-win32-x64\jre\17.0.10-win32-x86_64\bin\zip.dll
0x00007ff90bf10000 - 0x00007ff90c655000 	C:\WINDOWS\System32\SHELL32.dll
0x00007ff9082c0000 - 0x00007ff908a5c000 	C:\WINDOWS\SYSTEM32\windows.storage.dll
0x00007ff90b700000 - 0x00007ff90ba54000 	C:\WINDOWS\System32\combase.dll
0x00007ff909b40000 - 0x00007ff909b6e000 	C:\WINDOWS\SYSTEM32\Wldp.dll
0x00007ff90bd90000 - 0x00007ff90be5d000 	C:\WINDOWS\System32\OLEAUT32.dll
0x00007ff90bbf0000 - 0x00007ff90bc9d000 	C:\WINDOWS\System32\SHCORE.dll
0x00007ff90ca00000 - 0x00007ff90ca55000 	C:\WINDOWS\System32\shlwapi.dll
0x00007ff90a110000 - 0x00007ff90a135000 	C:\WINDOWS\SYSTEM32\profapi.dll
0x00007ff8f2df0000 - 0x00007ff8f2e09000 	C:\Users\User\.vscode\extensions\redhat.java-1.28.1-win32-x64\jre\17.0.10-win32-x86_64\bin\net.dll
0x00007ff904060000 - 0x00007ff90416a000 	C:\WINDOWS\SYSTEM32\WINHTTP.dll
0x00007ff8ee060000 - 0x00007ff8ee204000 	C:\WINDOWS\system32\mwtsp.dll
0x00007ff90b310000 - 0x00007ff90b43b000 	C:\WINDOWS\System32\ole32.dll
0x00007ff90a070000 - 0x00007ff90a0a2000 	C:\WINDOWS\SYSTEM32\SspiCli.dll
0x00007ff9098a0000 - 0x00007ff90990a000 	C:\WINDOWS\system32\mswsock.dll
0x00007ff8f2dd0000 - 0x00007ff8f2de6000 	C:\Users\User\.vscode\extensions\redhat.java-1.28.1-win32-x64\jre\17.0.10-win32-x86_64\bin\nio.dll
0x00007ff907150000 - 0x00007ff907160000 	c:\Users\User\.vscode\extensions\redhat.java-1.28.1-win32-x64\jre\17.0.10-win32-x86_64\bin\verify.dll
0x00007ff903290000 - 0x00007ff9032ce000 	C:\Users\User\AppData\Roaming\Code\User\globalStorage\redhat.java\1.28.1\config_win\org.eclipse.equinox.launcher\org.eclipse.equinox.launcher.win32.win32.x86_64_1.2.900.v20240129-1338\eclipse_11900.dll
0x00007ff909a90000 - 0x00007ff909aa8000 	C:\WINDOWS\SYSTEM32\CRYPTSP.dll
0x00007ff9091e0000 - 0x00007ff909214000 	C:\WINDOWS\system32\rsaenh.dll
0x00007ff90a020000 - 0x00007ff90a04e000 	C:\WINDOWS\SYSTEM32\USERENV.dll
0x00007ff909ab0000 - 0x00007ff909abc000 	C:\WINDOWS\SYSTEM32\CRYPTBASE.dll
0x00007ff9095a0000 - 0x00007ff9095db000 	C:\WINDOWS\SYSTEM32\IPHLPAPI.DLL
0x00007ff90aec0000 - 0x00007ff90aec8000 	C:\WINDOWS\System32\NSI.dll
0x00007ff9042a0000 - 0x00007ff9042b7000 	C:\WINDOWS\SYSTEM32\dhcpcsvc6.DLL
0x00007ff904830000 - 0x00007ff90484d000 	C:\WINDOWS\SYSTEM32\dhcpcsvc.DLL
0x00007ff9095e0000 - 0x00007ff9096ab000 	C:\WINDOWS\SYSTEM32\DNSAPI.dll
0x00007ff8ff270000 - 0x00007ff8ff2b5000 	C:\Users\User\AppData\Local\Temp\jna-2645995\jna9741870618912125407.dll
0x00007ff90bf00000 - 0x00007ff90bf08000 	C:\WINDOWS\System32\PSAPI.DLL
0x00007ff9071d0000 - 0x00007ff9071de000 	C:\Users\User\.vscode\extensions\redhat.java-1.28.1-win32-x64\jre\17.0.10-win32-x86_64\bin\sunmscapi.dll
0x00007ff90a1e0000 - 0x00007ff90a33d000 	C:\WINDOWS\System32\CRYPT32.dll
0x00007ff909bb0000 - 0x00007ff909bd8000 	C:\WINDOWS\SYSTEM32\ncrypt.dll
0x00007ff909b70000 - 0x00007ff909bab000 	C:\WINDOWS\SYSTEM32\NTASN1.dll
0x00007ff9035c0000 - 0x00007ff9035ca000 	C:\Windows\System32\rasadhlp.dll
0x00007ff9036d0000 - 0x00007ff903750000 	C:\WINDOWS\System32\fwpuclnt.dll
0x00007ff907120000 - 0x00007ff907129000 	C:\Users\User\.vscode\extensions\redhat.java-1.28.1-win32-x64\jre\17.0.10-win32-x86_64\bin\extnet.dll

dbghelp: loaded successfully - version: 4.0.5 - missing functions: none
symbol engine: initialized successfully - sym options: 0x614 - pdb path: .;c:\Users\User\.vscode\extensions\redhat.java-1.28.1-win32-x64\jre\17.0.10-win32-x86_64\bin;C:\WINDOWS\SYSTEM32;C:\WINDOWS\WinSxS\amd64_microsoft.windows.common-controls_6595b64144ccf1df_6.0.19041.3636_none_60b6a03d71f818d5;c:\Users\User\.vscode\extensions\redhat.java-1.28.1-win32-x64\jre\17.0.10-win32-x86_64\bin\server;C:\Users\User\AppData\Roaming\Code\User\globalStorage\redhat.java\1.28.1\config_win\org.eclipse.equinox.launcher\org.eclipse.equinox.launcher.win32.win32.x86_64_1.2.900.v20240129-1338;C:\Users\User\AppData\Local\Temp\jna-2645995

VM Arguments:
jvm_args: --add-modules=ALL-SYSTEM --add-opens=java.base/java.util=ALL-UNNAMED --add-opens=java.base/java.lang=ALL-UNNAMED --add-opens=java.base/sun.nio.fs=ALL-UNNAMED -Declipse.application=org.eclipse.jdt.ls.core.id1 -Dosgi.bundles.defaultStartLevel=4 -Declipse.product=org.eclipse.jdt.ls.core.product -Djava.import.generatesMetadataFilesAtProjectRoot=false -DDetectVMInstallationsJob.disabled=true -Dfile.encoding=utf8 -XX:+UseParallelGC -XX:GCTimeRatio=4 -XX:AdaptiveSizePolicyWeight=90 -Dsun.zip.disableMemoryMapping=true -Xmx1G -Xms100m -Xlog:disable -javaagent:c:\Users\User\.vscode\extensions\redhat.java-1.28.1-win32-x64\lombok\lombok-1.18.31.jar -XX:+HeapDumpOnOutOfMemoryError -XX:HeapDumpPath=c:\Users\User\AppData\Roaming\Code\User\workspaceStorage\fa6277eb2518f508ced274ced3ce914a\redhat.java -Daether.dependencyCollector.impl=bf 
java_command: c:\Users\User\.vscode\extensions\redhat.java-1.28.1-win32-x64\server\plugins\org.eclipse.equinox.launcher_1.6.700.v20231214-2017.jar -configuration c:\Users\User\AppData\Roaming\Code\User\globalStorage\redhat.java\1.28.1\config_win -data c:\Users\User\AppData\Roaming\Code\User\workspaceStorage\fa6277eb2518f508ced274ced3ce914a\redhat.java\jdt_ws --stdio
java_class_path (initial): c:\Users\User\.vscode\extensions\redhat.java-1.28.1-win32-x64\server\plugins\org.eclipse.equinox.launcher_1.6.700.v20231214-2017.jar
Launcher Type: SUN_STANDARD

[Global flags]
    uintx AdaptiveSizePolicyWeight                 = 90                                        {product} {command line}
     intx CICompilerCount                          = 3                                         {product} {ergonomic}
    uintx GCTimeRatio                              = 4                                         {product} {command line}
     bool HeapDumpOnOutOfMemoryError               = true                                   {manageable} {command line}
    ccstr HeapDumpPath                             = c:\Users\User\AppData\Roaming\Code\User\workspaceStorage\fa6277eb2518f508ced274ced3ce914a\redhat.java         {manageable} {command line}
   size_t InitialHeapSize                          = 104857600                                 {product} {command line}
   size_t MaxHeapSize                              = 1073741824                                {product} {command line}
   size_t MaxNewSize                               = 357564416                                 {product} {ergonomic}
   size_t MinHeapDeltaBytes                        = 524288                                    {product} {ergonomic}
   size_t MinHeapSize                              = 104857600                                 {product} {command line}
   size_t NewSize                                  = 34603008                                  {product} {ergonomic}
    uintx NonNMethodCodeHeapSize                   = 5832780                                {pd product} {ergonomic}
    uintx NonProfiledCodeHeapSize                  = 122912730                              {pd product} {ergonomic}
   size_t OldSize                                  = 70254592                                  {product} {ergonomic}
    uintx ProfiledCodeHeapSize                     = 122912730                              {pd product} {ergonomic}
    uintx ReservedCodeCacheSize                    = 251658240                              {pd product} {ergonomic}
     bool SegmentedCodeCache                       = true                                      {product} {ergonomic}
   size_t SoftMaxHeapSize                          = 1073741824                             {manageable} {ergonomic}
     bool UseCompressedClassPointers               = true                           {product lp64_product} {ergonomic}
     bool UseCompressedOops                        = true                           {product lp64_product} {ergonomic}
     bool UseLargePagesIndividualAllocation        = false                                  {pd product} {ergonomic}
     bool UseParallelGC                            = true                                      {product} {command line}

Logging:
Log output configuration:
 #0: stdout all=off uptime,level,tags
 #1: stderr all=off uptime,level,tags

Environment Variables:
JAVA_HOME=C:\Program Files\Java\jdk-15.0.2
CLASSPATH=C:\mysql-connector-java-8.0.29.jar;.;
PATH=C:\WINDOWS\system32;C:\WINDOWS;C:\WINDOWS\system32\Wbem;C:\Program Files\Common Files\Oracle\Java\javapath;C:\Program Files\Java\jdk-15.0.2\bin;C:\Program Files\Git\cmd;C:\ProgramData\Microsoft VS Code\bin;C:\Users\User\AppData\Local\Microsoft\WindowsApps;%IntelliJ IDEA Community Edition%;
USERNAME=User
OS=Windows_NT
PROCESSOR_IDENTIFIER=Intel64 Family 6 Model 58 Stepping 9, GenuineIntel
TMP=C:\Users\User\AppData\Local\Temp
TEMP=C:\Users\User\AppData\Local\Temp



Periodic native trim disabled


---------------  S Y S T E M  ---------------

OS:
 Windows 10 , 64 bit Build 19041 (10.0.19041.3636)
OS uptime: 0 days 1:29 hours

CPU: total 4 (initial active 4) (2 cores per cpu, 2 threads per core) family 6 model 58 stepping 9 microcode 0x21, cx8, cmov, fxsr, ht, mmx, sse, sse2, sse3, ssse3, sse4.1, sse4.2, popcnt, tsc, tscinvbit, avx, erms, clmul, vzeroupper, clflush
Processor Information for all 4 processors :
  Max Mhz: 3300, Current Mhz: 3300, Mhz Limit: 3300

Memory: 4k page, system-wide physical 8082M (2562M free)
TotalPageFile size 10770M (AvailPageFile size 2899M)
current process WorkingSet (physical memory assigned to process): 307M, peak: 307M
current process commit charge ("private bytes"): 333M, peak: 333M

vm_info: OpenJDK 64-Bit Server VM (17.0.10+7) for windows-amd64 JRE (17.0.10+7), built on Jan 16 2024 23:25:11 by "admin" with MS VC++ 16.10 / 16.11 (VS2019)

END.
