#
# A fatal error has been detected by the Java Runtime Environment:
#
#  EXCEPTION_ACCESS_VIOLATION (0xc0000005) at pc=0x00007ffaadc2c050, pid=7644, tid=1132
#
# JRE version: OpenJDK Runtime Environment Temurin-17.0.9+9 (17.0.9+9) (build 17.0.9+9)
# Java VM: OpenJDK 64-Bit Server VM Temurin-17.0.9+9 (17.0.9+9, mixed mode, tiered, compressed oops, compressed class ptrs, parallel gc, windows-amd64)
# Problematic frame:
# V  [jvm.dll+0x36c050]
#
# No core dump will be written. Minidumps are not enabled by default on client versions of Windows
#
# If you would like to submit a bug report, please visit:
#   https://github.com/adoptium/adoptium-support/issues
#

---------------  S U M M A R Y ------------

Command Line: --add-modules=ALL-SYSTEM --add-opens=java.base/java.util=ALL-UNNAMED --add-opens=java.base/java.lang=ALL-UNNAMED --add-opens=java.base/sun.nio.fs=ALL-UNNAMED -Declipse.application=org.eclipse.jdt.ls.core.id1 -Dosgi.bundles.defaultStartLevel=4 -Declipse.product=org.eclipse.jdt.ls.core.product -Djava.import.generatesMetadataFilesAtProjectRoot=false -DDetectVMInstallationsJob.disabled=true -Dfile.encoding=utf8 -XX:+UseParallelGC -XX:GCTimeRatio=4 -XX:AdaptiveSizePolicyWeight=90 -Dsun.zip.disableMemoryMapping=true -Xmx1G -Xms100m -Xlog:disable -javaagent:c:\Users\User\.vscode\extensions\redhat.java-1.26.0-win32-x64\lombok\lombok-1.18.31-3454.jar -XX:+HeapDumpOnOutOfMemoryError -XX:HeapDumpPath=c:\Users\User\AppData\Roaming\Code\User\workspaceStorage\fa6277eb2518f508ced274ced3ce914a\redhat.java -Daether.dependencyCollector.impl=bf c:\Users\User\.vscode\extensions\redhat.java-1.26.0-win32-x64\server\plugins\org.eclipse.equinox.launcher_1.6.700.v20231214-2017.jar -configuration c:\Users\User\AppData\Roaming\Code\User\globalStorage\redhat.java\1.26.0\config_win -data c:\Users\User\AppData\Roaming\Code\User\workspaceStorage\fa6277eb2518f508ced274ced3ce914a\redhat.java\jdt_ws --stdio

Host: Intel(R) Core(TM) i3-3220 CPU @ 3.30GHz, 4 cores, 7G,  Windows 10 , 64 bit Build 19041 (10.0.19041.3031)
Time: Mon Jan 22 19:10:32 2024 India Standard Time elapsed time: 3459.877938 seconds (0d 0h 57m 39s)

---------------  T H R E A D  ---------------

Current thread (0x000002709c4654d0):  JavaThread "C2 CompilerThread0" daemon [_thread_in_native, id=1132, stack(0x000000e999a00000,0x000000e999b00000)]


Current CompileTask:
C2:3459878 19941       4       org.eclipse.jdt.core.search.SearchPattern::findIndexMatches (13 bytes)

Stack: [0x000000e999a00000,0x000000e999b00000],  sp=0x000000e999afb9a0,  free space=1006k
Native frames: (J=compiled Java code, j=interpreted, Vv=VM code, C=native code)
V  [jvm.dll+0x36c050]
V  [jvm.dll+0x3652a8]
V  [jvm.dll+0x1bd768]
V  [jvm.dll+0x21a709]
V  [jvm.dll+0x2199d1]
V  [jvm.dll+0x1a57cd]
V  [jvm.dll+0x2297ae]
V  [jvm.dll+0x22797c]
V  [jvm.dll+0x7e9877]
V  [jvm.dll+0x7e3c3a]
V  [jvm.dll+0x67be35]
C  [ucrtbase.dll+0x21bb2]
C  [KERNEL32.DLL+0x17614]
C  [ntdll.dll+0x526f1]


siginfo: EXCEPTION_ACCESS_VIOLATION (0xc0000005), reading address 0x00007ff2ae443d48


Registers:
RAX=0x0000000000000000, RBX=0x000000e999afb9f0, RCX=0x0000000000000000, RDX=0x00007ff2ae443d48
RSP=0x000000e999afb9a0, RBP=0x000000e999afbb10, RSI=0x00007ffaae443d48, RDI=0x0000000000000026
R8 =0x0000000000002240, R9 =0x0000000000000004, R10=0x0000000000000003, R11=0x00000270a53176e0
R12=0x0000000000000001, R13=0x0000000000000000, R14=0x000000000000174b, R15=0x000000000000174b
RIP=0x00007ffaadc2c050, EFLAGS=0x0000000000010246


Register to memory mapping:

RIP=0x00007ffaadc2c050 jvm.dll
RAX=0x0 is NULL
RBX=0x000000e999afb9f0 is pointing into the stack for thread: 0x000002709c4654d0
RCX=0x0 is NULL
RDX=0x00007ff2ae443d48 is an unknown value
RSP=0x000000e999afb9a0 is pointing into the stack for thread: 0x000002709c4654d0
RBP=0x000000e999afbb10 is pointing into the stack for thread: 0x000002709c4654d0
RSI=0x00007ffaae443d48 jvm.dll
RDI=0x0000000000000026 is an unknown value
R8 =0x0000000000002240 is an unknown value
R9 =0x0000000000000004 is an unknown value
R10=0x0000000000000003 is an unknown value
R11=0x00000270a53176e0 points into unknown readable memory: 0x0000000000000000 | 00 00 00 00 00 00 00 00
R12=0x0000000000000001 is an unknown value
R13=0x0 is NULL
R14=0x000000000000174b is an unknown value
R15=0x000000000000174b is an unknown value


Top of Stack: (sp=0x000000e999afb9a0)
0x000000e999afb9a0:   000000000000430c 00007ffaadc2c1a4
0x000000e999afb9b0:   000002709c457470 00000270a5192f00
0x000000e999afb9c0:   0000000000000050 00007ffaadc252a8
0x000000e999afb9d0:   0000000000000002 0000000000000023
0x000000e999afb9e0:   00000270b7b44fd0 000000000000430c
0x000000e999afb9f0:   0000000000000000 0000000200002262
0x000000e999afba00:   0000003f00000023 00007ff2ae443d48
0x000000e999afba10:   00000270ae510bd0 00000270b7991f30
0x000000e999afba20:   00000000000003d8 00000270a5c1c3e0
0x000000e999afba30:   00000270a5c1c3d0 00000270a5c1c7b8
0x000000e999afba40:   000000e999afbb50 00007ffaada7d768
0x000000e999afba50:   000000e999afbea0 000000e999afbf80
0x000000e999afba60:   0000000000000000 00000270a5c1c3d0
0x000000e999afba70:   0000000000000000 00007ffaee94fde6
0x000000e999afba80:   0000000000000006 00000270a5c1c3d0
0x000000e999afba90:   00000270b6eb6000 00000270b6eb7990
0x000000e999afbaa0:   00000270b6ebdfe8 0000000001426828
0x000000e999afbab0:   0000000000000000 0000000000000000
0x000000e999afbac0:   0000000000000000 0000000000000000
0x000000e999afbad0:   0000000000000000 00007ffaae1f0ce8
0x000000e999afbae0:   0000000000000000 000000e999afe7f0
0x000000e999afbaf0:   0000000000000000 00007ffaae1f0ce8
0x000000e999afbb00:   0000000000000000 000000000000014c
0x000000e999afbb10:   000002700000000c 000000e999afe7f0
0x000000e999afbb20:   00000270b78a9050 0000000000000001
0x000000e999afbb30:   00000270b7b51050 000000000000430e
0x000000e999afbb40:   000000e999afba80 00000270a5c1c3e0
0x000000e999afbb50:   00007ffaae1f0cb8 000000000000000d
0x000000e999afbb60:   000000e999afe7f0 000000e999afbea0
0x000000e999afbb70:   0000000000002d88 000002709c457470
0x000000e999afbb80:   00007ffa0000000a 000000e999afe7f0
0x000000e999afbb90:   00000270b728c020 0000000000000000 

Instructions: (pc=0x00007ffaadc2c050)
0x00007ffaadc2bf50:   48 8b a8 80 00 00 00 48 8b 8d d0 08 00 00 48 85
0x00007ffaadc2bf60:   c9 75 0c e8 e8 0b 00 00 48 8b 8d d0 08 00 00 48
0x00007ffaadc2bf70:   8b 01 0f 57 c0 48 89 85 d0 08 00 00 0f 11 01 0f
0x00007ffaadc2bf80:   11 41 10 41 0f 10 06 0f 11 01 41 0f 10 4e 10 0f
0x00007ffaadc2bf90:   11 49 10 48 8b 43 08 48 89 0c 06 ff c7 ba 50 00
0x00007ffaadc2bfa0:   00 00 3b bb 90 00 00 00 0f 82 62 ff ff ff 4c 8b
0x00007ffaadc2bfb0:   74 24 60 4c 8b 6c 24 58 4c 8b 64 24 50 48 8b c3
0x00007ffaadc2bfc0:   48 83 c4 20 41 5f 5f 5e 5d 5b c3 cc cc cc cc cc
0x00007ffaadc2bfd0:   40 53 48 83 ec 20 8b 51 0c 48 8b d9 83 fa 04 73
0x00007ffaadc2bfe0:   2a 4c 8b 59 18 66 66 66 0f 1f 84 00 00 00 00 00
0x00007ffaadc2bff0:   44 8b d2 44 8d 4a 01 4b 83 3c d3 00 0f 85 8f 00
0x00007ffaadc2c000:   00 00 41 8b d1 41 83 f9 04 72 e5 48 89 74 24 30
0x00007ffaadc2c010:   48 89 7c 24 38 8b 79 10 3b 79 14 73 62 48 8d 35
0x00007ffaadc2c020:   24 7d 81 00 0f 1f 40 00 0f 1f 84 00 00 00 00 00
0x00007ffaadc2c030:   48 8b 43 20 8b cf 48 8b 14 c8 48 3b d6 74 39 33
0x00007ffaadc2c040:   c0 48 89 53 18 33 c9 66 0f 1f 84 00 00 00 00 00
0x00007ffaadc2c050:   48 83 3c 11 00 44 8d 48 01 75 6f 48 83 c1 08 41
0x00007ffaadc2c060:   8b c1 41 83 f9 04 72 e8 48 8b 4b 28 48 85 c9 74
0x00007ffaadc2c070:   07 8b d7 e8 58 01 00 00 ff c7 3b 7b 14 72 b1 48
0x00007ffaadc2c080:   8b 74 24 30 33 c0 48 8b 7c 24 38 48 83 c4 20 5b
0x00007ffaadc2c090:   c3 8b 41 10 44 8d 04 82 41 c1 e0 06 41 81 c0 00
0x00007ffaadc2c0a0:   ff ff ff 44 89 41 08 4b 8b 14 d3 48 0f bc c2 44
0x00007ffaadc2c0b0:   89 49 0c 8b c8 48 d3 ea 48 ff ca 41 03 c0 48 89
0x00007ffaadc2c0c0:   13 89 43 08 48 83 c4 20 5b c3 48 8b 74 24 30 44
0x00007ffaadc2c0d0:   8d 04 b8 8b c8 8d 47 01 48 8b 7c 24 38 41 c1 e0
0x00007ffaadc2c0e0:   06 44 89 43 08 48 8b 14 ca 89 43 10 48 0f bc c2
0x00007ffaadc2c0f0:   44 89 4b 0c 8b c8 48 d3 ea 48 ff ca 41 03 c0 48
0x00007ffaadc2c100:   89 13 89 43 08 48 83 c4 20 5b c3 cc cc cc cc cc
0x00007ffaadc2c110:   40 53 48 83 ec 20 65 48 8b 04 25 58 00 00 00 8b
0x00007ffaadc2c120:   0d d3 66 85 00 48 8b 1c c8 b8 50 00 00 00 80 3c
0x00007ffaadc2c130:   18 00 75 05 e8 cf 3c 52 00 b8 20 00 00 00 48 8b
0x00007ffaadc2c140:   04 18 48 8b 88 e0 04 00 00 48 8b 99 80 00 00 00 


Stack slot to memory mapping:
stack at sp + 0 slots: 0x000000000000430c is an unknown value
stack at sp + 1 slots: 0x00007ffaadc2c1a4 jvm.dll
stack at sp + 2 slots: 0x000002709c457470 points into unknown readable memory: 0x246c616e00000006 | 06 00 00 00 6e 61 6c 24
stack at sp + 3 slots: 0x00000270a5192f00 points into unknown readable memory: 0x0000000000000001 | 01 00 00 00 00 00 00 00
stack at sp + 4 slots: 0x0000000000000050 is an unknown value
stack at sp + 5 slots: 0x00007ffaadc252a8 jvm.dll
stack at sp + 6 slots: 0x0000000000000002 is an unknown value
stack at sp + 7 slots: 0x0000000000000023 is an unknown value


---------------  P R O C E S S  ---------------

Threads class SMR info:
_java_thread_list=0x00000270b75d75b0, length=35, elements={
0x00000270885eea40, 0x000002709c432020, 0x000002709c433030, 0x000002709c458550,
0x000002709c4592e0, 0x000002709c45c820, 0x000002709c460af0, 0x000002709c4654d0,
0x000002709c467590, 0x000002709c47b5f0, 0x00000270a1771000, 0x00000270a194c3f0,
0x00000270a1fbad70, 0x00000270a2a32c80, 0x00000270a271c7c0, 0x00000270a1880870,
0x00000270a2b32670, 0x00000270a17cabb0, 0x00000270a17cb5d0, 0x00000270a17cbae0,
0x00000270a17cc500, 0x00000270a17cca10, 0x00000270a4d9a410, 0x00000270a3dfe220,
0x00000270a3dfa560, 0x00000270a3dff660, 0x00000270a3dfbeb0, 0x00000270a3dfaa70,
0x00000270a3dffb70, 0x00000270a3e00080, 0x00000270a3dfaf80, 0x00000270a3dfd2f0,
0x00000270a3dfb490, 0x00000270a3dfb9a0, 0x00000270a3dfe730
}

Java Threads: ( => current thread )
  0x00000270885eea40 JavaThread "main" [_thread_blocked, id=12076, stack(0x000000e999100000,0x000000e999200000)]
  0x000002709c432020 JavaThread "Reference Handler" daemon [_thread_blocked, id=11344, stack(0x000000e999400000,0x000000e999500000)]
  0x000002709c433030 JavaThread "Finalizer" daemon [_thread_blocked, id=7860, stack(0x000000e999500000,0x000000e999600000)]
  0x000002709c458550 JavaThread "Signal Dispatcher" daemon [_thread_blocked, id=6984, stack(0x000000e999600000,0x000000e999700000)]
  0x000002709c4592e0 JavaThread "Attach Listener" daemon [_thread_blocked, id=7696, stack(0x000000e999700000,0x000000e999800000)]
  0x000002709c45c820 JavaThread "Service Thread" daemon [_thread_blocked, id=13576, stack(0x000000e999800000,0x000000e999900000)]
  0x000002709c460af0 JavaThread "Monitor Deflation Thread" daemon [_thread_blocked, id=14208, stack(0x000000e999900000,0x000000e999a00000)]
=>0x000002709c4654d0 JavaThread "C2 CompilerThread0" daemon [_thread_in_native, id=1132, stack(0x000000e999a00000,0x000000e999b00000)]
  0x000002709c467590 JavaThread "C1 CompilerThread0" daemon [_thread_blocked, id=7840, stack(0x000000e999b00000,0x000000e999c00000)]
  0x000002709c47b5f0 JavaThread "Sweeper thread" daemon [_thread_blocked, id=6928, stack(0x000000e999c00000,0x000000e999d00000)]
  0x00000270a1771000 JavaThread "Common-Cleaner" daemon [_thread_blocked, id=1888, stack(0x000000e999d00000,0x000000e999e00000)]
  0x00000270a194c3f0 JavaThread "Notification Thread" daemon [_thread_blocked, id=6204, stack(0x000000e999e00000,0x000000e999f00000)]
  0x00000270a1fbad70 JavaThread "Active Thread: Equinox Container: 90242d36-9b3b-4f88-983b-7ce381315100" [_thread_blocked, id=7336, stack(0x000000e99a300000,0x000000e99a400000)]
  0x00000270a2a32c80 JavaThread "Framework Event Dispatcher: Equinox Container: 90242d36-9b3b-4f88-983b-7ce381315100" daemon [_thread_blocked, id=10388, stack(0x000000e99a500000,0x000000e99a600000)]
  0x00000270a271c7c0 JavaThread "Start Level: Equinox Container: 90242d36-9b3b-4f88-983b-7ce381315100" daemon [_thread_blocked, id=6660, stack(0x000000e99a600000,0x000000e99a700000)]
  0x00000270a1880870 JavaThread "Bundle File Closer" daemon [_thread_blocked, id=5460, stack(0x000000e99a800000,0x000000e99a900000)]
  0x00000270a2b32670 JavaThread "SCR Component Actor" daemon [_thread_blocked, id=756, stack(0x000000e99a900000,0x000000e99aa00000)]
  0x00000270a17cabb0 JavaThread "Worker-JM" [_thread_blocked, id=8524, stack(0x000000e99ab00000,0x000000e99ac00000)]
  0x00000270a17cb5d0 JavaThread "Java indexing" daemon [_thread_blocked, id=8344, stack(0x000000e998f00000,0x000000e999000000)]
  0x00000270a17cbae0 JavaThread "JNA Cleaner" daemon [_thread_blocked, id=7896, stack(0x000000e998e00000,0x000000e998f00000)]
  0x00000270a17cc500 JavaThread "pool-2-thread-1" [_thread_blocked, id=9116, stack(0x000000e99b000000,0x000000e99b100000)]
  0x00000270a17cca10 JavaThread "WorkspaceEventsHandler" [_thread_blocked, id=3032, stack(0x000000e99b100000,0x000000e99b200000)]
  0x00000270a4d9a410 JavaThread "pool-1-thread-1" [_thread_in_native, id=6644, stack(0x000000e99b200000,0x000000e99b300000)]
  0x00000270a3dfe220 JavaThread "Worker-26" [_thread_blocked, id=792, stack(0x000000e99af00000,0x000000e99b000000)]
  0x00000270a3dfa560 JavaThread "Worker-27" [_thread_blocked, id=9512, stack(0x000000e99ad00000,0x000000e99ae00000)]
  0x00000270a3dff660 JavaThread "ForkJoinPool.commonPool-worker-18" daemon [_thread_blocked, id=10472, stack(0x000000e999000000,0x000000e999100000)]
  0x00000270a3dfbeb0 JavaThread "Worker-29" [_thread_blocked, id=4516, stack(0x000000e99a400000,0x000000e99a500000)]
  0x00000270a3dfaa70 JavaThread "Worker-30" [_thread_blocked, id=1516, stack(0x000000e99a700000,0x000000e99a800000)]
  0x00000270a3dffb70 JavaThread "ForkJoinPool.commonPool-worker-19" daemon [_thread_blocked, id=7388, stack(0x000000e99aa00000,0x000000e99ab00000)]
  0x00000270a3e00080 JavaThread "ForkJoinPool.commonPool-worker-20" daemon [_thread_blocked, id=4388, stack(0x000000e99ac00000,0x000000e99ad00000)]
  0x00000270a3dfaf80 JavaThread "Worker-31" [_thread_blocked, id=13020, stack(0x000000e99ae00000,0x000000e99af00000)]
  0x00000270a3dfd2f0 JavaThread "ForkJoinPool.commonPool-worker-21" daemon [_thread_blocked, id=2340, stack(0x000000e99b300000,0x000000e99b400000)]
  0x00000270a3dfb490 JavaThread "ForkJoinPool.commonPool-worker-22" daemon [_thread_blocked, id=14140, stack(0x000000e99b400000,0x000000e99b500000)]
  0x00000270a3dfb9a0 JavaThread "ForkJoinPool.commonPool-worker-23" daemon [_thread_blocked, id=860, stack(0x000000e99b500000,0x000000e99b600000)]
  0x00000270a3dfe730 JavaThread "pool-1-thread-4" [_thread_blocked, id=7380, stack(0x000000e99b700000,0x000000e99b800000)]

Other Threads:
  0x000002709c41c9a0 VMThread "VM Thread" [stack: 0x000000e999300000,0x000000e999400000] [id=10316]
  0x00000270a19f49e0 WatcherThread [stack: 0x000000e999f00000,0x000000e99a000000] [id=10828]
  0x00000270886041a0 GCTaskThread "GC Thread#0" [stack: 0x000000e999200000,0x000000e999300000] [id=12944]
  0x00000270a23bc860 GCTaskThread "GC Thread#1" [stack: 0x000000e99a000000,0x000000e99a100000] [id=460]
  0x00000270a2385cb0 GCTaskThread "GC Thread#2" [stack: 0x000000e99a100000,0x000000e99a200000] [id=9068]
  0x00000270a2385f70 GCTaskThread "GC Thread#3" [stack: 0x000000e99a200000,0x000000e99a300000] [id=3012]

Threads with active compile tasks:
C2 CompilerThread0  3459979 19941       4       org.eclipse.jdt.core.search.SearchPattern::findIndexMatches (13 bytes)

VM state: not at safepoint (normal execution)

VM Mutex/Monitor currently owned by a thread: None

Heap address: 0x00000000c0000000, size: 1024 MB, Compressed Oops mode: 32-bit

CDS archive(s) not mapped
Compressed class space mapped at: 0x0000000100000000-0x0000000140000000, reserved size: 1073741824
Narrow klass base: 0x0000000000000000, Narrow klass shift: 3, Narrow klass range: 0x140000000

GC Precious Log:
 CPUs: 4 total, 4 available
 Memory: 8082M
 Large Page Support: Disabled
 NUMA Support: Disabled
 Compressed Oops: Enabled (32-bit)
 Alignments: Space 512K, Generation 512K, Heap 2M
 Heap Min Capacity: 100M
 Heap Initial Capacity: 100M
 Heap Max Capacity: 1G
 Pre-touch: Disabled
 Parallel Workers: 4

Heap:
 PSYoungGen      total 4096K, used 1773K [0x00000000eab00000, 0x00000000eb100000, 0x0000000100000000)
  eden space 2048K, 11% used [0x00000000eab00000,0x00000000eab3b490,0x00000000ead00000)
  from space 2048K, 75% used [0x00000000eaf00000,0x00000000eb080000,0x00000000eb100000)
  to   space 2048K, 0% used [0x00000000ead00000,0x00000000ead00000,0x00000000eaf00000)
 ParOldGen       total 171008K, used 158880K [0x00000000c0000000, 0x00000000ca700000, 0x00000000eab00000)
  object space 171008K, 92% used [0x00000000c0000000,0x00000000c9b280f0,0x00000000ca700000)
 Metaspace       used 90071K, committed 91520K, reserved 1179648K
  class space    used 9169K, committed 9856K, reserved 1048576K

Card table byte_map: [0x0000027087f90000,0x00000270881a0000] _byte_map_base: 0x0000027087990000

Marking Bits: (ParMarkBitMap*) 0x00007ffaae45d0b0
 Begin Bits: [0x000002709a290000, 0x000002709b290000)
 End Bits:   [0x000002709b290000, 0x000002709c290000)

Polling page: 0x00000270865c0000

Metaspace:

Usage:
  Non-class:     79.01 MB used.
      Class:      8.95 MB used.
       Both:     87.96 MB used.

Virtual space:
  Non-class space:      128.00 MB reserved,      79.75 MB ( 62%) committed,  2 nodes.
      Class space:        1.00 GB reserved,       9.62 MB ( <1%) committed,  1 nodes.
             Both:        1.12 GB reserved,      89.38 MB (  8%) committed. 

Chunk freelists:
   Non-Class:  208.00 KB
       Class:  6.45 MB
        Both:  6.65 MB

MaxMetaspaceSize: unlimited
CompressedClassSpaceSize: 1.00 GB
Initial GC threshold: 21.00 MB
Current GC threshold: 149.00 MB
CDS: off
MetaspaceReclaimPolicy: balanced
 - commit_granule_bytes: 65536.
 - commit_granule_words: 8192.
 - virtual_space_node_default_size: 8388608.
 - enlarge_chunks_in_place: 1.
 - new_chunks_are_fully_committed: 0.
 - uncommit_free_chunks: 1.
 - use_allocation_guard: 0.
 - handle_deallocations: 1.


Internal statistics:

num_allocs_failed_limit: 9.
num_arena_births: 1342.
num_arena_deaths: 456.
num_vsnodes_births: 3.
num_vsnodes_deaths: 0.
num_space_committed: 1430.
num_space_uncommitted: 0.
num_chunks_returned_to_freelist: 567.
num_chunks_taken_from_freelist: 5352.
num_chunk_merges: 212.
num_chunk_splits: 3167.
num_chunks_enlarged: 1820.
num_inconsistent_stats: 0.

CodeHeap 'non-profiled nmethods': size=120000Kb used=15295Kb max_used=15295Kb free=104704Kb
 bounds [0x0000027092d60000, 0x0000027093c50000, 0x000002709a290000]
CodeHeap 'profiled nmethods': size=120000Kb used=34100Kb max_used=34624Kb free=85899Kb
 bounds [0x000002708b290000, 0x000002708d470000, 0x00000270927c0000]
CodeHeap 'non-nmethods': size=5760Kb used=1421Kb max_used=1500Kb free=4339Kb
 bounds [0x00000270927c0000, 0x0000027092a30000, 0x0000027092d60000]
 total_blobs=16261 nmethods=15491 adapters=680
 compilation: enabled
              stopped_count=0, restarted_count=0
 full_count=0

Compilation events (20 events):
Event: 3455.090 Thread 0x000002709c4654d0 nmethod 19930 0x0000027093c39510 code [0x0000027093c396a0, 0x0000027093c39788]
Event: 3455.090 Thread 0x000002709c4654d0 19931       4       org.eclipse.jdt.internal.core.search.PatternSearchJob$$Lambda$634/0x000000010072f800::<init> (10 bytes)
Event: 3455.091 Thread 0x000002709c4654d0 nmethod 19931 0x0000027093c39890 code [0x0000027093c39a00, 0x0000027093c39a98]
Event: 3455.326 Thread 0x000002709c467590 19933       3       java.util.Formatter$Flags::parse (70 bytes)
Event: 3455.327 Thread 0x000002709c467590 nmethod 19933 0x000002708d37c090 code [0x000002708d37c300, 0x000002708d37cd88]
Event: 3456.126 Thread 0x000002709c4654d0 19934   !   4       org.eclipse.jdt.internal.core.NameLookup::<init> (802 bytes)
Event: 3456.148 Thread 0x000002709c467590 19935       3       org.eclipse.jdt.internal.core.search.JavaSearchScope::indexOf (81 bytes)
Event: 3456.149 Thread 0x000002709c467590 nmethod 19935 0x000002708cd78290 code [0x000002708cd78480, 0x000002708cd788c8]
Event: 3456.241 Thread 0x000002709c467590 19938       3       org.eclipse.jdt.internal.codeassist.SelectionEngine::acceptType (731 bytes)
Event: 3456.243 Thread 0x000002709c467590 nmethod 19938 0x000002708cd3e990 code [0x000002708cd3ed80, 0x000002708cd41b38]
Event: 3456.568 Thread 0x000002709c4654d0 nmethod 19934 0x0000027093c39b90 code [0x0000027093c3a220, 0x0000027093c41220]
Event: 3456.568 Thread 0x000002709c4654d0 19937 %     4       org.eclipse.jdt.internal.core.index.DiskIndex::readChunk @ 28 (266 bytes)
Event: 3456.668 Thread 0x000002709c4654d0 nmethod 19937% 0x0000027093c46890 code [0x0000027093c46c00, 0x0000027093c4aed0]
Event: 3456.668 Thread 0x000002709c4654d0 19936       4       java.io.FileCleanable::register (49 bytes)
Event: 3456.673 Thread 0x000002709c4654d0 nmethod 19936 0x0000027093c4d490 code [0x0000027093c4d640, 0x0000027093c4dc98]
Event: 3459.248 Thread 0x000002709c4654d0 19939       4       org.eclipse.jdt.internal.compiler.parser.Parser::consumeSingleTypeImportDeclarationName (190 bytes)
Event: 3459.257 Thread 0x000002709c4654d0 nmethod 19939 0x0000027093c4e190 code [0x0000027093c4e360, 0x0000027093c4ecd8]
Event: 3459.257 Thread 0x000002709c4654d0 19940       4       org.eclipse.jdt.internal.compiler.parser.Parser::consumeMarkerAnnotation (152 bytes)
Event: 3459.264 Thread 0x000002709c4654d0 nmethod 19940 0x0000027093c4f290 code [0x0000027093c4f440, 0x0000027093c4fa18]
Event: 3459.264 Thread 0x000002709c4654d0 19941       4       org.eclipse.jdt.core.search.SearchPattern::findIndexMatches (13 bytes)

GC Heap History (20 events):
Event: 3459.233 GC heap before
{Heap before GC invocations=1140 (full 36):
 PSYoungGen      total 4608K, used 4064K [0x00000000eab00000, 0x00000000eb280000, 0x0000000100000000)
  eden space 2048K, 100% used [0x00000000eab00000,0x00000000ead00000,0x00000000ead00000)
  from space 2560K, 78% used [0x00000000eaf80000,0x00000000eb178000,0x00000000eb200000)
  to   space 2560K, 0% used [0x00000000ead00000,0x00000000ead00000,0x00000000eaf80000)
 ParOldGen       total 171008K, used 146517K [0x00000000c0000000, 0x00000000ca700000, 0x00000000eab00000)
  object space 171008K, 85% used [0x00000000c0000000,0x00000000c8f15700,0x00000000ca700000)
 Metaspace       used 90071K, committed 91520K, reserved 1179648K
  class space    used 9169K, committed 9856K, reserved 1048576K
}
Event: 3459.236 GC heap after
{Heap after GC invocations=1140 (full 36):
 PSYoungGen      total 4608K, used 2048K [0x00000000eab00000, 0x00000000eb280000, 0x0000000100000000)
  eden space 2048K, 0% used [0x00000000eab00000,0x00000000eab00000,0x00000000ead00000)
  from space 2560K, 80% used [0x00000000ead00000,0x00000000eaf00000,0x00000000eaf80000)
  to   space 2560K, 0% used [0x00000000eb000000,0x00000000eb000000,0x00000000eb280000)
 ParOldGen       total 171008K, used 148525K [0x00000000c0000000, 0x00000000ca700000, 0x00000000eab00000)
  object space 171008K, 86% used [0x00000000c0000000,0x00000000c910b700,0x00000000ca700000)
 Metaspace       used 90071K, committed 91520K, reserved 1179648K
  class space    used 9169K, committed 9856K, reserved 1048576K
}
Event: 3459.242 GC heap before
{Heap before GC invocations=1141 (full 36):
 PSYoungGen      total 4608K, used 4096K [0x00000000eab00000, 0x00000000eb280000, 0x0000000100000000)
  eden space 2048K, 100% used [0x00000000eab00000,0x00000000ead00000,0x00000000ead00000)
  from space 2560K, 80% used [0x00000000ead00000,0x00000000eaf00000,0x00000000eaf80000)
  to   space 2560K, 0% used [0x00000000eb000000,0x00000000eb000000,0x00000000eb280000)
 ParOldGen       total 171008K, used 148525K [0x00000000c0000000, 0x00000000ca700000, 0x00000000eab00000)
  object space 171008K, 86% used [0x00000000c0000000,0x00000000c910b700,0x00000000ca700000)
 Metaspace       used 90071K, committed 91520K, reserved 1179648K
  class space    used 9169K, committed 9856K, reserved 1048576K
}
Event: 3459.246 GC heap after
{Heap after GC invocations=1141 (full 36):
 PSYoungGen      total 4608K, used 1984K [0x00000000eab00000, 0x00000000eb200000, 0x0000000100000000)
  eden space 2560K, 0% used [0x00000000eab00000,0x00000000eab00000,0x00000000ead80000)
  from space 2048K, 96% used [0x00000000eb000000,0x00000000eb1f0000,0x00000000eb200000)
  to   space 2048K, 0% used [0x00000000eae00000,0x00000000eae00000,0x00000000eb000000)
 ParOldGen       total 171008K, used 150533K [0x00000000c0000000, 0x00000000ca700000, 0x00000000eab00000)
  object space 171008K, 88% used [0x00000000c0000000,0x00000000c9301700,0x00000000ca700000)
 Metaspace       used 90071K, committed 91520K, reserved 1179648K
  class space    used 9169K, committed 9856K, reserved 1048576K
}
Event: 3459.251 GC heap before
{Heap before GC invocations=1142 (full 36):
 PSYoungGen      total 4608K, used 4544K [0x00000000eab00000, 0x00000000eb200000, 0x0000000100000000)
  eden space 2560K, 100% used [0x00000000eab00000,0x00000000ead80000,0x00000000ead80000)
  from space 2048K, 96% used [0x00000000eb000000,0x00000000eb1f0000,0x00000000eb200000)
  to   space 2048K, 0% used [0x00000000eae00000,0x00000000eae00000,0x00000000eb000000)
 ParOldGen       total 171008K, used 150533K [0x00000000c0000000, 0x00000000ca700000, 0x00000000eab00000)
  object space 171008K, 88% used [0x00000000c0000000,0x00000000c9301700,0x00000000ca700000)
 Metaspace       used 90071K, committed 91520K, reserved 1179648K
  class space    used 9169K, committed 9856K, reserved 1048576K
}
Event: 3459.254 GC heap after
{Heap after GC invocations=1142 (full 36):
 PSYoungGen      total 3584K, used 506K [0x00000000eab00000, 0x00000000eb100000, 0x0000000100000000)
  eden space 3072K, 0% used [0x00000000eab00000,0x00000000eab00000,0x00000000eae00000)
  from space 512K, 98% used [0x00000000eae00000,0x00000000eae7e920,0x00000000eae80000)
  to   space 1536K, 0% used [0x00000000eaf80000,0x00000000eaf80000,0x00000000eb100000)
 ParOldGen       total 171008K, used 152469K [0x00000000c0000000, 0x00000000ca700000, 0x00000000eab00000)
  object space 171008K, 89% used [0x00000000c0000000,0x00000000c94e5700,0x00000000ca700000)
 Metaspace       used 90071K, committed 91520K, reserved 1179648K
  class space    used 9169K, committed 9856K, reserved 1048576K
}
Event: 3459.260 GC heap before
{Heap before GC invocations=1143 (full 36):
 PSYoungGen      total 3584K, used 3578K [0x00000000eab00000, 0x00000000eb100000, 0x0000000100000000)
  eden space 3072K, 100% used [0x00000000eab00000,0x00000000eae00000,0x00000000eae00000)
  from space 512K, 98% used [0x00000000eae00000,0x00000000eae7e920,0x00000000eae80000)
  to   space 1536K, 0% used [0x00000000eaf80000,0x00000000eaf80000,0x00000000eb100000)
 ParOldGen       total 171008K, used 152469K [0x00000000c0000000, 0x00000000ca700000, 0x00000000eab00000)
  object space 171008K, 89% used [0x00000000c0000000,0x00000000c94e5700,0x00000000ca700000)
 Metaspace       used 90071K, committed 91520K, reserved 1179648K
  class space    used 9169K, committed 9856K, reserved 1048576K
}
Event: 3459.263 GC heap after
{Heap after GC invocations=1143 (full 36):
 PSYoungGen      total 4096K, used 1406K [0x00000000eab00000, 0x00000000eb300000, 0x0000000100000000)
  eden space 2560K, 0% used [0x00000000eab00000,0x00000000eab00000,0x00000000ead80000)
  from space 1536K, 91% used [0x00000000eaf80000,0x00000000eb0df890,0x00000000eb100000)
  to   space 2048K, 0% used [0x00000000ead80000,0x00000000ead80000,0x00000000eaf80000)
 ParOldGen       total 171008K, used 152946K [0x00000000c0000000, 0x00000000ca700000, 0x00000000eab00000)
  object space 171008K, 89% used [0x00000000c0000000,0x00000000c955c920,0x00000000ca700000)
 Metaspace       used 90071K, committed 91520K, reserved 1179648K
  class space    used 9169K, committed 9856K, reserved 1048576K
}
Event: 3459.270 GC heap before
{Heap before GC invocations=1144 (full 36):
 PSYoungGen      total 4096K, used 3909K [0x00000000eab00000, 0x00000000eb300000, 0x0000000100000000)
  eden space 2560K, 97% used [0x00000000eab00000,0x00000000ead71f08,0x00000000ead80000)
  from space 1536K, 91% used [0x00000000eaf80000,0x00000000eb0df890,0x00000000eb100000)
  to   space 2048K, 0% used [0x00000000ead80000,0x00000000ead80000,0x00000000eaf80000)
 ParOldGen       total 171008K, used 152946K [0x00000000c0000000, 0x00000000ca700000, 0x00000000eab00000)
  object space 171008K, 89% used [0x00000000c0000000,0x00000000c955c920,0x00000000ca700000)
 Metaspace       used 90071K, committed 91520K, reserved 1179648K
  class space    used 9169K, committed 9856K, reserved 1048576K
}
Event: 3459.272 GC heap after
{Heap after GC invocations=1144 (full 36):
 PSYoungGen      total 3072K, used 128K [0x00000000eab00000, 0x00000000eb000000, 0x0000000100000000)
  eden space 2560K, 0% used [0x00000000eab00000,0x00000000eab00000,0x00000000ead80000)
  from space 512K, 25% used [0x00000000ead80000,0x00000000eada0000,0x00000000eae00000)
  to   space 1024K, 0% used [0x00000000eaf00000,0x00000000eaf00000,0x00000000eb000000)
 ParOldGen       total 171008K, used 153066K [0x00000000c0000000, 0x00000000ca700000, 0x00000000eab00000)
  object space 171008K, 89% used [0x00000000c0000000,0x00000000c957a920,0x00000000ca700000)
 Metaspace       used 90071K, committed 91520K, reserved 1179648K
  class space    used 9169K, committed 9856K, reserved 1048576K
}
Event: 3459.275 GC heap before
{Heap before GC invocations=1145 (full 36):
 PSYoungGen      total 3072K, used 2688K [0x00000000eab00000, 0x00000000eb000000, 0x0000000100000000)
  eden space 2560K, 100% used [0x00000000eab00000,0x00000000ead80000,0x00000000ead80000)
  from space 512K, 25% used [0x00000000ead80000,0x00000000eada0000,0x00000000eae00000)
  to   space 1024K, 0% used [0x00000000eaf00000,0x00000000eaf00000,0x00000000eb000000)
 ParOldGen       total 171008K, used 153066K [0x00000000c0000000, 0x00000000ca700000, 0x00000000eab00000)
  object space 171008K, 89% used [0x00000000c0000000,0x00000000c957a920,0x00000000ca700000)
 Metaspace       used 90071K, committed 91520K, reserved 1179648K
  class space    used 9169K, committed 9856K, reserved 1048576K
}
Event: 3459.277 GC heap after
{Heap after GC invocations=1145 (full 36):
 PSYoungGen      total 2048K, used 1021K [0x00000000eab00000, 0x00000000eb400000, 0x0000000100000000)
  eden space 1024K, 0% used [0x00000000eab00000,0x00000000eab00000,0x00000000eac00000)
  from space 1024K, 99% used [0x00000000eaf00000,0x00000000eafff7d0,0x00000000eb000000)
  to   space 3072K, 0% used [0x00000000eac00000,0x00000000eac00000,0x00000000eaf00000)
 ParOldGen       total 171008K, used 154426K [0x00000000c0000000, 0x00000000ca700000, 0x00000000eab00000)
  object space 171008K, 90% used [0x00000000c0000000,0x00000000c96ce920,0x00000000ca700000)
 Metaspace       used 90071K, committed 91520K, reserved 1179648K
  class space    used 9169K, committed 9856K, reserved 1048576K
}
Event: 3459.279 GC heap before
{Heap before GC invocations=1146 (full 36):
 PSYoungGen      total 2048K, used 2045K [0x00000000eab00000, 0x00000000eb400000, 0x0000000100000000)
  eden space 1024K, 100% used [0x00000000eab00000,0x00000000eac00000,0x00000000eac00000)
  from space 1024K, 99% used [0x00000000eaf00000,0x00000000eafff7d0,0x00000000eb000000)
  to   space 3072K, 0% used [0x00000000eac00000,0x00000000eac00000,0x00000000eaf00000)
 ParOldGen       total 171008K, used 154426K [0x00000000c0000000, 0x00000000ca700000, 0x00000000eab00000)
  object space 171008K, 90% used [0x00000000c0000000,0x00000000c96ce920,0x00000000ca700000)
 Metaspace       used 90071K, committed 91520K, reserved 1179648K
  class space    used 9169K, committed 9856K, reserved 1048576K
}
Event: 3459.281 GC heap after
{Heap after GC invocations=1146 (full 36):
 PSYoungGen      total 2048K, used 992K [0x00000000eab00000, 0x00000000eaf80000, 0x0000000100000000)
  eden space 1024K, 0% used [0x00000000eab00000,0x00000000eab00000,0x00000000eac00000)
  from space 1024K, 96% used [0x00000000eac00000,0x00000000eacf8000,0x00000000ead00000)
  to   space 1536K, 0% used [0x00000000eae00000,0x00000000eae00000,0x00000000eaf80000)
 ParOldGen       total 171008K, used 155480K [0x00000000c0000000, 0x00000000ca700000, 0x00000000eab00000)
  object space 171008K, 90% used [0x00000000c0000000,0x00000000c97d60f0,0x00000000ca700000)
 Metaspace       used 90071K, committed 91520K, reserved 1179648K
  class space    used 9169K, committed 9856K, reserved 1048576K
}
Event: 3459.283 GC heap before
{Heap before GC invocations=1147 (full 36):
 PSYoungGen      total 2048K, used 2015K [0x00000000eab00000, 0x00000000eaf80000, 0x0000000100000000)
  eden space 1024K, 99% used [0x00000000eab00000,0x00000000eabfffb8,0x00000000eac00000)
  from space 1024K, 96% used [0x00000000eac00000,0x00000000eacf8000,0x00000000ead00000)
  to   space 1536K, 0% used [0x00000000eae00000,0x00000000eae00000,0x00000000eaf80000)
 ParOldGen       total 171008K, used 155480K [0x00000000c0000000, 0x00000000ca700000, 0x00000000eab00000)
  object space 171008K, 90% used [0x00000000c0000000,0x00000000c97d60f0,0x00000000ca700000)
 Metaspace       used 90071K, committed 91520K, reserved 1179648K
  class space    used 9169K, committed 9856K, reserved 1048576K
}
Event: 3459.285 GC heap after
{Heap after GC invocations=1147 (full 36):
 PSYoungGen      total 3072K, used 992K [0x00000000eab00000, 0x00000000eaf80000, 0x0000000100000000)
  eden space 1536K, 0% used [0x00000000eab00000,0x00000000eab00000,0x00000000eac80000)
  from space 1536K, 64% used [0x00000000eae00000,0x00000000eaef8000,0x00000000eaf80000)
  to   space 1536K, 0% used [0x00000000eac80000,0x00000000eac80000,0x00000000eae00000)
 ParOldGen       total 171008K, used 156424K [0x00000000c0000000, 0x00000000ca700000, 0x00000000eab00000)
  object space 171008K, 91% used [0x00000000c0000000,0x00000000c98c20f0,0x00000000ca700000)
 Metaspace       used 90071K, committed 91520K, reserved 1179648K
  class space    used 9169K, committed 9856K, reserved 1048576K
}
Event: 3459.288 GC heap before
{Heap before GC invocations=1148 (full 36):
 PSYoungGen      total 3072K, used 2528K [0x00000000eab00000, 0x00000000eaf80000, 0x0000000100000000)
  eden space 1536K, 100% used [0x00000000eab00000,0x00000000eac80000,0x00000000eac80000)
  from space 1536K, 64% used [0x00000000eae00000,0x00000000eaef8000,0x00000000eaf80000)
  to   space 1536K, 0% used [0x00000000eac80000,0x00000000eac80000,0x00000000eae00000)
 ParOldGen       total 171008K, used 156424K [0x00000000c0000000, 0x00000000ca700000, 0x00000000eab00000)
  object space 171008K, 91% used [0x00000000c0000000,0x00000000c98c20f0,0x00000000ca700000)
 Metaspace       used 90071K, committed 91520K, reserved 1179648K
  class space    used 9169K, committed 9856K, reserved 1048576K
}
Event: 3459.291 GC heap after
{Heap after GC invocations=1148 (full 36):
 PSYoungGen      total 3072K, used 1504K [0x00000000eab00000, 0x00000000eb100000, 0x0000000100000000)
  eden space 1536K, 0% used [0x00000000eab00000,0x00000000eab00000,0x00000000eac80000)
  from space 1536K, 97% used [0x00000000eac80000,0x00000000eadf8000,0x00000000eae00000)
  to   space 2048K, 0% used [0x00000000eaf00000,0x00000000eaf00000,0x00000000eb100000)
 ParOldGen       total 171008K, used 157392K [0x00000000c0000000, 0x00000000ca700000, 0x00000000eab00000)
  object space 171008K, 92% used [0x00000000c0000000,0x00000000c99b40f0,0x00000000ca700000)
 Metaspace       used 90071K, committed 91520K, reserved 1179648K
  class space    used 9169K, committed 9856K, reserved 1048576K
}
Event: 3459.294 GC heap before
{Heap before GC invocations=1149 (full 36):
 PSYoungGen      total 3072K, used 3040K [0x00000000eab00000, 0x00000000eb100000, 0x0000000100000000)
  eden space 1536K, 100% used [0x00000000eab00000,0x00000000eac80000,0x00000000eac80000)
  from space 1536K, 97% used [0x00000000eac80000,0x00000000eadf8000,0x00000000eae00000)
  to   space 2048K, 0% used [0x00000000eaf00000,0x00000000eaf00000,0x00000000eb100000)
 ParOldGen       total 171008K, used 157392K [0x00000000c0000000, 0x00000000ca700000, 0x00000000eab00000)
  object space 171008K, 92% used [0x00000000c0000000,0x00000000c99b40f0,0x00000000ca700000)
 Metaspace       used 90071K, committed 91520K, reserved 1179648K
  class space    used 9169K, committed 9856K, reserved 1048576K
}
Event: 3459.297 GC heap after
{Heap after GC invocations=1149 (full 36):
 PSYoungGen      total 4096K, used 1536K [0x00000000eab00000, 0x00000000eb100000, 0x0000000100000000)
  eden space 2048K, 0% used [0x00000000eab00000,0x00000000eab00000,0x00000000ead00000)
  from space 2048K, 75% used [0x00000000eaf00000,0x00000000eb080000,0x00000000eb100000)
  to   space 2048K, 0% used [0x00000000ead00000,0x00000000ead00000,0x00000000eaf00000)
 ParOldGen       total 171008K, used 158880K [0x00000000c0000000, 0x00000000ca700000, 0x00000000eab00000)
  object space 171008K, 92% used [0x00000000c0000000,0x00000000c9b280f0,0x00000000ca700000)
 Metaspace       used 90071K, committed 91520K, reserved 1179648K
  class space    used 9169K, committed 9856K, reserved 1048576K
}

Dll operation events (11 events):
Event: 0.702 Loaded shared library c:\Users\User\.vscode\extensions\redhat.java-1.26.0-win32-x64\jre\17.0.9-win32-x86_64\bin\java.dll
Event: 1.584 Loaded shared library c:\Users\User\.vscode\extensions\redhat.java-1.26.0-win32-x64\jre\17.0.9-win32-x86_64\bin\zip.dll
Event: 2.301 Loaded shared library C:\Users\User\.vscode\extensions\redhat.java-1.26.0-win32-x64\jre\17.0.9-win32-x86_64\bin\instrument.dll
Event: 2.921 Loaded shared library C:\Users\User\.vscode\extensions\redhat.java-1.26.0-win32-x64\jre\17.0.9-win32-x86_64\bin\net.dll
Event: 2.981 Loaded shared library C:\Users\User\.vscode\extensions\redhat.java-1.26.0-win32-x64\jre\17.0.9-win32-x86_64\bin\nio.dll
Event: 3.145 Loaded shared library C:\Users\User\.vscode\extensions\redhat.java-1.26.0-win32-x64\jre\17.0.9-win32-x86_64\bin\zip.dll
Event: 3.793 Loaded shared library C:\Users\User\.vscode\extensions\redhat.java-1.26.0-win32-x64\jre\17.0.9-win32-x86_64\bin\jimage.dll
Event: 5.004 Loaded shared library c:\Users\User\.vscode\extensions\redhat.java-1.26.0-win32-x64\jre\17.0.9-win32-x86_64\bin\verify.dll
Event: 28.951 Loaded shared library C:\Users\User\AppData\Roaming\Code\User\globalStorage\redhat.java\1.26.0\config_win\org.eclipse.equinox.launcher\org.eclipse.equinox.launcher.win32.win32.x86_64_1.2.800.v20231003-1442\eclipse_11802.dll
Event: 56.625 Loaded shared library C:\Users\User\AppData\Local\Temp\jna-2645995\jna15233236032102016653.dll
Event: 60.093 Loaded shared library C:\Users\User\.vscode\extensions\redhat.java-1.26.0-win32-x64\jre\17.0.9-win32-x86_64\bin\sunmscapi.dll

Deoptimization events (20 events):
Event: 3449.174 Thread 0x00000270a3e00080 DEOPT PACKING pc=0x0000027093be8118 sp=0x000000e99acfe0c0
Event: 3449.174 Thread 0x00000270a3e00080 DEOPT UNPACKING pc=0x00000270928166a3 sp=0x000000e99acfe018 mode 2
Event: 3449.174 Thread 0x00000270a3e00080 Uncommon trap: trap_request=0xffffffbe fr.pc=0x0000027093be8118 relative=0x0000000000000378
Event: 3449.174 Thread 0x00000270a3e00080 Uncommon trap: reason=profile_predicate action=maybe_recompile pc=0x0000027093be8118 method=org.eclipse.jdt.core.compiler.CharOperation.match([CII[CIIZ)Z @ 41 c2
Event: 3449.174 Thread 0x00000270a3e00080 DEOPT PACKING pc=0x0000027093be8118 sp=0x000000e99acfe0c0
Event: 3449.174 Thread 0x00000270a3e00080 DEOPT UNPACKING pc=0x00000270928166a3 sp=0x000000e99acfe018 mode 2
Event: 3450.656 Thread 0x00000270a3dfbeb0 DEOPT PACKING pc=0x000002708bc9c583 sp=0x000000e99a4fde60
Event: 3450.656 Thread 0x00000270a3dfbeb0 DEOPT UNPACKING pc=0x0000027092816e43 sp=0x000000e99a4fd2d0 mode 0
Event: 3451.098 Thread 0x00000270a3dffb70 Uncommon trap: trap_request=0xffffff45 fr.pc=0x00000270930a9180 relative=0x0000000000000180
Event: 3451.098 Thread 0x00000270a3dffb70 Uncommon trap: reason=unstable_if action=reinterpret pc=0x00000270930a9180 method=java.util.Arrays.equals([C[C)Z @ 12 c2
Event: 3451.098 Thread 0x00000270a3dffb70 DEOPT PACKING pc=0x00000270930a9180 sp=0x000000e99aafda30
Event: 3451.098 Thread 0x00000270a3dffb70 DEOPT UNPACKING pc=0x00000270928166a3 sp=0x000000e99aafd9e8 mode 2
Event: 3451.181 Thread 0x00000270a3dffb70 DEOPT PACKING pc=0x000002708cce2589 sp=0x000000e99aafdf20
Event: 3451.181 Thread 0x00000270a3dffb70 DEOPT UNPACKING pc=0x0000027092816e43 sp=0x000000e99aafd4c0 mode 0
Event: 3456.126 Thread 0x00000270a3dffb70 DEOPT PACKING pc=0x000002708d0b42d7 sp=0x000000e99aafe5f0
Event: 3456.126 Thread 0x00000270a3dffb70 DEOPT UNPACKING pc=0x0000027092816e43 sp=0x000000e99aafdae8 mode 0
Event: 3456.138 Thread 0x00000270a3dfd2f0 Uncommon trap: trap_request=0xffffff45 fr.pc=0x000002709398c224 relative=0x00000000000008a4
Event: 3456.138 Thread 0x00000270a3dfd2f0 Uncommon trap: reason=unstable_if action=reinterpret pc=0x000002709398c224 method=org.eclipse.jdt.internal.core.search.JavaSearchScope.indexOf(Ljava/lang/String;Ljava/lang/String;)I @ 60 c2
Event: 3456.138 Thread 0x00000270a3dfd2f0 DEOPT PACKING pc=0x000002709398c224 sp=0x000000e99b3ff280
Event: 3456.138 Thread 0x00000270a3dfd2f0 DEOPT UNPACKING pc=0x00000270928166a3 sp=0x000000e99b3ff230 mode 2

Classes unloaded (20 events):
Event: 3434.791 Thread 0x000002709c41c9a0 Unloading class 0x0000000100942c00 'java/lang/invoke/LambdaForm$MH+0x0000000100942c00'
Event: 3434.791 Thread 0x000002709c41c9a0 Unloading class 0x0000000100942800 'java/lang/invoke/LambdaForm$MH+0x0000000100942800'
Event: 3434.791 Thread 0x000002709c41c9a0 Unloading class 0x0000000100942400 'java/lang/invoke/LambdaForm$MH+0x0000000100942400'
Event: 3434.791 Thread 0x000002709c41c9a0 Unloading class 0x0000000100942000 'java/lang/invoke/LambdaForm$MH+0x0000000100942000'
Event: 3434.791 Thread 0x000002709c41c9a0 Unloading class 0x0000000100941c00 'java/lang/invoke/LambdaForm$MH+0x0000000100941c00'
Event: 3434.791 Thread 0x000002709c41c9a0 Unloading class 0x0000000100941800 'java/lang/invoke/LambdaForm$MH+0x0000000100941800'
Event: 3434.791 Thread 0x000002709c41c9a0 Unloading class 0x0000000100941400 'java/lang/invoke/LambdaForm$MH+0x0000000100941400'
Event: 3434.791 Thread 0x000002709c41c9a0 Unloading class 0x0000000100941000 'java/lang/invoke/LambdaForm$MH+0x0000000100941000'
Event: 3434.791 Thread 0x000002709c41c9a0 Unloading class 0x0000000100940800 'java/lang/invoke/LambdaForm$MH+0x0000000100940800'
Event: 3434.791 Thread 0x000002709c41c9a0 Unloading class 0x0000000100940400 'java/lang/invoke/LambdaForm$MH+0x0000000100940400'
Event: 3434.791 Thread 0x000002709c41c9a0 Unloading class 0x0000000100940000 'java/lang/invoke/LambdaForm$MH+0x0000000100940000'
Event: 3434.791 Thread 0x000002709c41c9a0 Unloading class 0x000000010093bc00 'java/lang/invoke/LambdaForm$MH+0x000000010093bc00'
Event: 3434.791 Thread 0x000002709c41c9a0 Unloading class 0x000000010093b800 'java/lang/invoke/LambdaForm$MH+0x000000010093b800'
Event: 3434.791 Thread 0x000002709c41c9a0 Unloading class 0x000000010093b400 'java/lang/invoke/LambdaForm$MH+0x000000010093b400'
Event: 3434.791 Thread 0x000002709c41c9a0 Unloading class 0x000000010093b000 'java/lang/invoke/LambdaForm$MH+0x000000010093b000'
Event: 3434.791 Thread 0x000002709c41c9a0 Unloading class 0x000000010093ac00 'java/lang/invoke/LambdaForm$MH+0x000000010093ac00'
Event: 3434.791 Thread 0x000002709c41c9a0 Unloading class 0x000000010093a800 'java/lang/invoke/LambdaForm$MH+0x000000010093a800'
Event: 3434.791 Thread 0x000002709c41c9a0 Unloading class 0x000000010093a400 'java/lang/invoke/LambdaForm$MH+0x000000010093a400'
Event: 3434.791 Thread 0x000002709c41c9a0 Unloading class 0x00000001008c0c00 'java/lang/invoke/LambdaForm$MH+0x00000001008c0c00'
Event: 3434.791 Thread 0x000002709c41c9a0 Unloading class 0x00000001008c0800 'java/lang/invoke/LambdaForm$MH+0x00000001008c0800'

Classes redefined (0 events):
No events

Internal exceptions (20 events):
Event: 3419.090 Thread 0x00000270a3dfb9a0 Exception <a 'java/lang/ArrayIndexOutOfBoundsException'{0x00000000eac0e240}> (0x00000000eac0e240) 
thrown [s\src\hotspot\share\runtime\sharedRuntime.cpp, line 631]
Event: 3419.719 Thread 0x00000270a3dfb9a0 Exception <a 'java/lang/ArrayIndexOutOfBoundsException'{0x00000000eac805d8}> (0x00000000eac805d8) 
thrown [s\src\hotspot\share\runtime\sharedRuntime.cpp, line 631]
Event: 3423.306 Thread 0x00000270a3dfb9a0 Exception <a 'java/lang/ArrayIndexOutOfBoundsException'{0x00000000eab716c8}> (0x00000000eab716c8) 
thrown [s\src\hotspot\share\runtime\sharedRuntime.cpp, line 631]
Event: 3431.294 Thread 0x00000270a3dfb9a0 Exception <a 'java/lang/ArrayIndexOutOfBoundsException'{0x00000000eae76da8}> (0x00000000eae76da8) 
thrown [s\src\hotspot\share\runtime\sharedRuntime.cpp, line 631]
Event: 3433.007 Thread 0x00000270a4d9a410 Exception <a 'java/lang/ArrayIndexOutOfBoundsException'{0x00000000eacd6a40}> (0x00000000eacd6a40) 
thrown [s\src\hotspot\share\runtime\sharedRuntime.cpp, line 631]
Event: 3433.052 Thread 0x00000270a3dfe730 Exception <a 'java/lang/ClassNotFoundException'{0x00000000ead67248}: sun/net/www/protocol/jdt/Handler> (0x00000000ead67248) 
thrown [s\src\hotspot\share\classfile\systemDictionary.cpp, line 256]
Event: 3433.080 Thread 0x00000270a3dfb9a0 Exception <a 'java/lang/ArrayIndexOutOfBoundsException'{0x00000000eae95eb0}> (0x00000000eae95eb0) 
thrown [s\src\hotspot\share\runtime\sharedRuntime.cpp, line 631]
Event: 3435.256 Thread 0x00000270a3dfb9a0 Exception <a 'java/lang/ArrayIndexOutOfBoundsException'{0x00000000eaecf208}> (0x00000000eaecf208) 
thrown [s\src\hotspot\share\runtime\sharedRuntime.cpp, line 631]
Event: 3437.983 Thread 0x00000270a3dfb9a0 Exception <a 'java/lang/ArrayIndexOutOfBoundsException'{0x00000000eaea6a30}> (0x00000000eaea6a30) 
thrown [s\src\hotspot\share\runtime\sharedRuntime.cpp, line 631]
Event: 3440.224 Thread 0x00000270a3dfb9a0 Exception <a 'java/lang/ArrayIndexOutOfBoundsException'{0x00000000eabcde10}> (0x00000000eabcde10) 
thrown [s\src\hotspot\share\runtime\sharedRuntime.cpp, line 631]
Event: 3441.556 Thread 0x00000270a4d9a410 Exception <a 'java/lang/ArrayIndexOutOfBoundsException'{0x00000000eae1d4f0}> (0x00000000eae1d4f0) 
thrown [s\src\hotspot\share\runtime\sharedRuntime.cpp, line 631]
Event: 3441.668 Thread 0x00000270a3dfe730 Exception <a 'java/lang/ClassNotFoundException'{0x00000000eafd0a48}: sun/net/www/protocol/jdt/Handler> (0x00000000eafd0a48) 
thrown [s\src\hotspot\share\classfile\systemDictionary.cpp, line 256]
Event: 3441.668 Thread 0x00000270a3dfe730 Exception <a 'java/lang/ClassNotFoundException'{0x00000000eafd3cb8}: sun/net/www/protocol/jdt/Handler> (0x00000000eafd3cb8) 
thrown [s\src\hotspot\share\classfile\systemDictionary.cpp, line 256]
Event: 3441.910 Thread 0x00000270a3dff660 Exception <a 'java/lang/ArrayIndexOutOfBoundsException'{0x00000000eb133d90}> (0x00000000eb133d90) 
thrown [s\src\hotspot\share\runtime\sharedRuntime.cpp, line 631]
Event: 3447.094 Thread 0x00000270a3e00080 Implicit null exception at 0x00000270936519df to 0x0000027093655814
Event: 3447.094 Thread 0x00000270a3e00080 Implicit null exception at 0x00000270937be939 to 0x00000270937c0444
Event: 3447.623 Thread 0x00000270a3e00080 Exception <a 'java/lang/ArrayIndexOutOfBoundsException'{0x00000000eade6ac8}> (0x00000000eade6ac8) 
thrown [s\src\hotspot\share\runtime\sharedRuntime.cpp, line 631]
Event: 3448.787 Thread 0x00000270a4d9a410 Exception <a 'java/lang/ArrayIndexOutOfBoundsException'{0x00000000eac58c40}> (0x00000000eac58c40) 
thrown [s\src\hotspot\share\runtime\sharedRuntime.cpp, line 631]
Event: 3449.142 Thread 0x00000270a3e00080 Exception <a 'java/lang/ArrayIndexOutOfBoundsException'{0x00000000eab1ab58}> (0x00000000eab1ab58) 
thrown [s\src\hotspot\share\runtime\sharedRuntime.cpp, line 631]
Event: 3451.098 Thread 0x00000270a3dffb70 Implicit null exception at 0x00000270930a902a to 0x00000270930a9170

VM Operations (20 events):
Event: 3459.233 Executing VM operation: ParallelGCFailedAllocation
Event: 3459.236 Executing VM operation: ParallelGCFailedAllocation done
Event: 3459.242 Executing VM operation: ParallelGCFailedAllocation
Event: 3459.246 Executing VM operation: ParallelGCFailedAllocation done
Event: 3459.251 Executing VM operation: ParallelGCFailedAllocation
Event: 3459.254 Executing VM operation: ParallelGCFailedAllocation done
Event: 3459.260 Executing VM operation: ParallelGCFailedAllocation
Event: 3459.263 Executing VM operation: ParallelGCFailedAllocation done
Event: 3459.270 Executing VM operation: ParallelGCFailedAllocation
Event: 3459.272 Executing VM operation: ParallelGCFailedAllocation done
Event: 3459.275 Executing VM operation: ParallelGCFailedAllocation
Event: 3459.277 Executing VM operation: ParallelGCFailedAllocation done
Event: 3459.279 Executing VM operation: ParallelGCFailedAllocation
Event: 3459.281 Executing VM operation: ParallelGCFailedAllocation done
Event: 3459.283 Executing VM operation: ParallelGCFailedAllocation
Event: 3459.286 Executing VM operation: ParallelGCFailedAllocation done
Event: 3459.288 Executing VM operation: ParallelGCFailedAllocation
Event: 3459.291 Executing VM operation: ParallelGCFailedAllocation done
Event: 3459.294 Executing VM operation: ParallelGCFailedAllocation
Event: 3459.297 Executing VM operation: ParallelGCFailedAllocation done

Events (20 events):
Event: 3423.235 Thread 0x000002709c47b5f0 flushing nmethod 0x000002708d3db090
Event: 3423.235 Thread 0x000002709c47b5f0 flushing nmethod 0x000002708d3e7610
Event: 3423.235 Thread 0x000002709c47b5f0 flushing nmethod 0x000002708d3e8390
Event: 3423.235 Thread 0x000002709c47b5f0 flushing nmethod 0x000002708d401a90
Event: 3423.235 Thread 0x000002709c47b5f0 flushing nmethod 0x000002708d403990
Event: 3423.235 Thread 0x000002709c47b5f0 flushing nmethod 0x000002708d419890
Event: 3423.235 Thread 0x000002709c47b5f0 flushing nmethod 0x000002708d41b790
Event: 3438.015 Thread 0x00000270a482be40 Thread added: 0x00000270a482be40
Event: 3439.089 Thread 0x00000270a482be40 Thread exited: 0x00000270a482be40
Event: 3443.229 Thread 0x00000270a482be40 Thread added: 0x00000270a482be40
Event: 3445.312 Thread 0x00000270a482be40 Thread exited: 0x00000270a482be40
Event: 3447.687 Thread 0x00000270a482be40 Thread added: 0x00000270a482be40
Event: 3448.430 Thread 0x00000270a482be40 Thread exited: 0x00000270a482be40
Event: 3451.099 Thread 0x00000270a482ce30 Thread added: 0x00000270a482ce30
Event: 3451.366 Thread 0x000002709c47b5f0 flushing nmethod 0x000002708be67a10
Event: 3451.366 Thread 0x000002709c47b5f0 flushing nmethod 0x000002708bf28e90
Event: 3451.369 Thread 0x000002709c47b5f0 flushing nmethod 0x000002708c450710
Event: 3451.374 Thread 0x000002709c47b5f0 flushing nmethod 0x000002708cc31090
Event: 3451.374 Thread 0x000002709c47b5f0 flushing nmethod 0x000002708cd3e490
Event: 3452.718 Thread 0x00000270a482ce30 Thread exited: 0x00000270a482ce30


Dynamic libraries:
0x00007ff7764d0000 - 0x00007ff7764de000 	c:\Users\User\.vscode\extensions\redhat.java-1.26.0-win32-x64\jre\17.0.9-win32-x86_64\bin\java.exe
0x00007ffaf1370000 - 0x00007ffaf1568000 	C:\WINDOWS\SYSTEM32\ntdll.dll
0x00007ffaef8f0000 - 0x00007ffaef9af000 	C:\WINDOWS\System32\KERNEL32.DLL
0x00007ffaee640000 - 0x00007ffaee936000 	C:\WINDOWS\System32\KERNELBASE.dll
0x00007ffaee940000 - 0x00007ffaeea40000 	C:\WINDOWS\System32\ucrtbase.dll
0x00007ffac5700000 - 0x00007ffac5717000 	c:\Users\User\.vscode\extensions\redhat.java-1.26.0-win32-x64\jre\17.0.9-win32-x86_64\bin\jli.dll
0x00007ffac56e0000 - 0x00007ffac56fb000 	c:\Users\User\.vscode\extensions\redhat.java-1.26.0-win32-x64\jre\17.0.9-win32-x86_64\bin\VCRUNTIME140.dll
0x00007ffaf0a50000 - 0x00007ffaf0bed000 	C:\WINDOWS\System32\USER32.dll
0x00007ffaee440000 - 0x00007ffaee462000 	C:\WINDOWS\System32\win32u.dll
0x00007ffade2d0000 - 0x00007ffade56a000 	C:\WINDOWS\WinSxS\amd64_microsoft.windows.common-controls_6595b64144ccf1df_6.0.19041.1110_none_60b5254171f9507e\COMCTL32.dll
0x00007ffaef6f0000 - 0x00007ffaef71c000 	C:\WINDOWS\System32\GDI32.dll
0x00007ffaf0800000 - 0x00007ffaf089e000 	C:\WINDOWS\System32\msvcrt.dll
0x00007ffaee520000 - 0x00007ffaee635000 	C:\WINDOWS\System32\gdi32full.dll
0x00007ffaeea40000 - 0x00007ffaeeadd000 	C:\WINDOWS\System32\msvcp_win.dll
0x00007ffaef690000 - 0x00007ffaef6c0000 	C:\WINDOWS\System32\IMM32.DLL
0x00007ffadaf90000 - 0x00007ffadaf9c000 	c:\Users\User\.vscode\extensions\redhat.java-1.26.0-win32-x64\jre\17.0.9-win32-x86_64\bin\vcruntime140_1.dll
0x00007ffac5790000 - 0x00007ffac581d000 	c:\Users\User\.vscode\extensions\redhat.java-1.26.0-win32-x64\jre\17.0.9-win32-x86_64\bin\msvcp140.dll
0x00007ffaad8c0000 - 0x00007ffaae521000 	c:\Users\User\.vscode\extensions\redhat.java-1.26.0-win32-x64\jre\17.0.9-win32-x86_64\bin\server\jvm.dll
0x00007ffaf1220000 - 0x00007ffaf12cf000 	C:\WINDOWS\System32\ADVAPI32.dll
0x00007ffaef5f0000 - 0x00007ffaef68c000 	C:\WINDOWS\System32\sechost.dll
0x00007ffaef720000 - 0x00007ffaef846000 	C:\WINDOWS\System32\RPCRT4.dll
0x00007ffaf1170000 - 0x00007ffaf1179000 	C:\WINDOWS\System32\WSOCK32.dll
0x00007ffaef3d0000 - 0x00007ffaef43b000 	C:\WINDOWS\System32\WS2_32.dll
0x00007ffaef5d0000 - 0x00007ffaef5da000 	C:\WINDOWS\System32\VERSION.dll
0x00007ffaee330000 - 0x00007ffaee37b000 	C:\WINDOWS\SYSTEM32\POWRPROF.dll
0x00007ffaddde0000 - 0x00007ffadde07000 	C:\WINDOWS\SYSTEM32\WINMM.dll
0x00007ffaee310000 - 0x00007ffaee322000 	C:\WINDOWS\SYSTEM32\UMPDC.dll
0x00007ffaec320000 - 0x00007ffaec332000 	C:\WINDOWS\SYSTEM32\kernel.appcore.dll
0x00007ffad7d90000 - 0x00007ffad7d9a000 	c:\Users\User\.vscode\extensions\redhat.java-1.26.0-win32-x64\jre\17.0.9-win32-x86_64\bin\jimage.dll
0x00007ffad9ec0000 - 0x00007ffada0a4000 	C:\WINDOWS\SYSTEM32\DBGHELP.DLL
0x00007ffae9c20000 - 0x00007ffae9c54000 	C:\WINDOWS\SYSTEM32\dbgcore.DLL
0x00007ffaeedf0000 - 0x00007ffaeee72000 	C:\WINDOWS\System32\bcryptPrimitives.dll
0x00007ffad38a0000 - 0x00007ffad38ae000 	c:\Users\User\.vscode\extensions\redhat.java-1.26.0-win32-x64\jre\17.0.9-win32-x86_64\bin\instrument.dll
0x00007ffac6a40000 - 0x00007ffac6a65000 	c:\Users\User\.vscode\extensions\redhat.java-1.26.0-win32-x64\jre\17.0.9-win32-x86_64\bin\java.dll
0x00007ffac5770000 - 0x00007ffac5788000 	c:\Users\User\.vscode\extensions\redhat.java-1.26.0-win32-x64\jre\17.0.9-win32-x86_64\bin\zip.dll
0x00007ffaef9c0000 - 0x00007ffaf0104000 	C:\WINDOWS\System32\SHELL32.dll
0x00007ffaec520000 - 0x00007ffaeccb3000 	C:\WINDOWS\SYSTEM32\windows.storage.dll
0x00007ffaf01a0000 - 0x00007ffaf04f4000 	C:\WINDOWS\System32\combase.dll
0x00007ffaeddb0000 - 0x00007ffaeddde000 	C:\WINDOWS\SYSTEM32\Wldp.dll
0x00007ffaf10c0000 - 0x00007ffaf116d000 	C:\WINDOWS\System32\SHCORE.dll
0x00007ffaef1e0000 - 0x00007ffaef235000 	C:\WINDOWS\System32\shlwapi.dll
0x00007ffaee380000 - 0x00007ffaee39f000 	C:\WINDOWS\SYSTEM32\profapi.dll
0x00007ffac5720000 - 0x00007ffac5739000 	C:\Users\User\.vscode\extensions\redhat.java-1.26.0-win32-x64\jre\17.0.9-win32-x86_64\bin\net.dll
0x00007ffae7d40000 - 0x00007ffae7e4a000 	C:\WINDOWS\SYSTEM32\WINHTTP.dll
0x00007ffada180000 - 0x00007ffada324000 	C:\WINDOWS\system32\mwtsp.dll
0x00007ffaef440000 - 0x00007ffaef56a000 	C:\WINDOWS\System32\ole32.dll
0x00007ffaee290000 - 0x00007ffaee2c2000 	C:\WINDOWS\SYSTEM32\SspiCli.dll
0x00007ffaedb10000 - 0x00007ffaedb7a000 	C:\WINDOWS\system32\mswsock.dll
0x00007ffac3c10000 - 0x00007ffac3c26000 	C:\Users\User\.vscode\extensions\redhat.java-1.26.0-win32-x64\jre\17.0.9-win32-x86_64\bin\nio.dll
0x00007ffae52f0000 - 0x00007ffae5300000 	c:\Users\User\.vscode\extensions\redhat.java-1.26.0-win32-x64\jre\17.0.9-win32-x86_64\bin\verify.dll
0x00007ffacdf30000 - 0x00007ffacdf6e000 	C:\Users\User\AppData\Roaming\Code\User\globalStorage\redhat.java\1.26.0\config_win\org.eclipse.equinox.launcher\org.eclipse.equinox.launcher.win32.win32.x86_64_1.2.800.v20231003-1442\eclipse_11802.dll
0x00007ffaedd00000 - 0x00007ffaedd18000 	C:\WINDOWS\SYSTEM32\CRYPTSP.dll
0x00007ffaed440000 - 0x00007ffaed474000 	C:\WINDOWS\system32\rsaenh.dll
0x00007ffaeee80000 - 0x00007ffaeeea7000 	C:\WINDOWS\System32\bcrypt.dll
0x00007ffaee2d0000 - 0x00007ffaee2fe000 	C:\WINDOWS\SYSTEM32\USERENV.dll
0x00007ffaedd20000 - 0x00007ffaedd2c000 	C:\WINDOWS\SYSTEM32\CRYPTBASE.dll
0x00007ffaed810000 - 0x00007ffaed84c000 	C:\WINDOWS\SYSTEM32\IPHLPAPI.DLL
0x00007ffaf0500000 - 0x00007ffaf0508000 	C:\WINDOWS\System32\NSI.dll
0x00007ffae7f50000 - 0x00007ffae7f67000 	C:\WINDOWS\SYSTEM32\dhcpcsvc6.DLL
0x00007ffae83a0000 - 0x00007ffae83bd000 	C:\WINDOWS\SYSTEM32\dhcpcsvc.DLL
0x00007ffaed850000 - 0x00007ffaed91a000 	C:\WINDOWS\SYSTEM32\DNSAPI.dll
0x00007ffac6730000 - 0x00007ffac6775000 	C:\Users\User\AppData\Local\Temp\jna-2645995\jna15233236032102016653.dll
0x00007ffaf07f0000 - 0x00007ffaf07f8000 	C:\WINDOWS\System32\PSAPI.DLL
0x00007ffae1b10000 - 0x00007ffae1b1e000 	C:\Users\User\.vscode\extensions\redhat.java-1.26.0-win32-x64\jre\17.0.9-win32-x86_64\bin\sunmscapi.dll
0x00007ffaeeeb0000 - 0x00007ffaef00e000 	C:\WINDOWS\System32\CRYPT32.dll
0x00007ffaede20000 - 0x00007ffaede48000 	C:\WINDOWS\SYSTEM32\ncrypt.dll
0x00007ffaedde0000 - 0x00007ffaede1b000 	C:\WINDOWS\SYSTEM32\NTASN1.dll
0x00007ffae7c50000 - 0x00007ffae7c5a000 	C:\Windows\System32\rasadhlp.dll
0x00007ffaed560000 - 0x00007ffaed593000 	C:\WINDOWS\SYSTEM32\ntmarta.dll

dbghelp: loaded successfully - version: 4.0.5 - missing functions: none
symbol engine: initialized successfully - sym options: 0x614 - pdb path: .;c:\Users\User\.vscode\extensions\redhat.java-1.26.0-win32-x64\jre\17.0.9-win32-x86_64\bin;C:\WINDOWS\SYSTEM32;C:\WINDOWS\WinSxS\amd64_microsoft.windows.common-controls_6595b64144ccf1df_6.0.19041.1110_none_60b5254171f9507e;c:\Users\User\.vscode\extensions\redhat.java-1.26.0-win32-x64\jre\17.0.9-win32-x86_64\bin\server;C:\Users\User\AppData\Roaming\Code\User\globalStorage\redhat.java\1.26.0\config_win\org.eclipse.equinox.launcher\org.eclipse.equinox.launcher.win32.win32.x86_64_1.2.800.v20231003-1442;C:\Users\User\AppData\Local\Temp\jna-2645995

VM Arguments:
jvm_args: --add-modules=ALL-SYSTEM --add-opens=java.base/java.util=ALL-UNNAMED --add-opens=java.base/java.lang=ALL-UNNAMED --add-opens=java.base/sun.nio.fs=ALL-UNNAMED -Declipse.application=org.eclipse.jdt.ls.core.id1 -Dosgi.bundles.defaultStartLevel=4 -Declipse.product=org.eclipse.jdt.ls.core.product -Djava.import.generatesMetadataFilesAtProjectRoot=false -DDetectVMInstallationsJob.disabled=true -Dfile.encoding=utf8 -XX:+UseParallelGC -XX:GCTimeRatio=4 -XX:AdaptiveSizePolicyWeight=90 -Dsun.zip.disableMemoryMapping=true -Xmx1G -Xms100m -Xlog:disable -javaagent:c:\Users\User\.vscode\extensions\redhat.java-1.26.0-win32-x64\lombok\lombok-1.18.31-3454.jar -XX:+HeapDumpOnOutOfMemoryError -XX:HeapDumpPath=c:\Users\User\AppData\Roaming\Code\User\workspaceStorage\fa6277eb2518f508ced274ced3ce914a\redhat.java -Daether.dependencyCollector.impl=bf 
java_command: c:\Users\User\.vscode\extensions\redhat.java-1.26.0-win32-x64\server\plugins\org.eclipse.equinox.launcher_1.6.700.v20231214-2017.jar -configuration c:\Users\User\AppData\Roaming\Code\User\globalStorage\redhat.java\1.26.0\config_win -data c:\Users\User\AppData\Roaming\Code\User\workspaceStorage\fa6277eb2518f508ced274ced3ce914a\redhat.java\jdt_ws --stdio
java_class_path (initial): c:\Users\User\.vscode\extensions\redhat.java-1.26.0-win32-x64\server\plugins\org.eclipse.equinox.launcher_1.6.700.v20231214-2017.jar
Launcher Type: SUN_STANDARD

[Global flags]
    uintx AdaptiveSizePolicyWeight                 = 90                                        {product} {command line}
     intx CICompilerCount                          = 3                                         {product} {ergonomic}
    uintx GCTimeRatio                              = 4                                         {product} {command line}
     bool HeapDumpOnOutOfMemoryError               = true                                   {manageable} {command line}
    ccstr HeapDumpPath                             = c:\Users\User\AppData\Roaming\Code\User\workspaceStorage\fa6277eb2518f508ced274ced3ce914a\redhat.java         {manageable} {command line}
   size_t InitialHeapSize                          = 104857600                                 {product} {command line}
   size_t MaxHeapSize                              = 1073741824                                {product} {command line}
   size_t MaxNewSize                               = 357564416                                 {product} {ergonomic}
   size_t MinHeapDeltaBytes                        = 524288                                    {product} {ergonomic}
   size_t MinHeapSize                              = 104857600                                 {product} {command line}
   size_t NewSize                                  = 34603008                                  {product} {ergonomic}
    uintx NonNMethodCodeHeapSize                   = 5832780                                {pd product} {ergonomic}
    uintx NonProfiledCodeHeapSize                  = 122912730                              {pd product} {ergonomic}
   size_t OldSize                                  = 70254592                                  {product} {ergonomic}
    uintx ProfiledCodeHeapSize                     = 122912730                              {pd product} {ergonomic}
    uintx ReservedCodeCacheSize                    = 251658240                              {pd product} {ergonomic}
     bool SegmentedCodeCache                       = true                                      {product} {ergonomic}
   size_t SoftMaxHeapSize                          = 1073741824                             {manageable} {ergonomic}
     bool UseCompressedClassPointers               = true                           {product lp64_product} {ergonomic}
     bool UseCompressedOops                        = true                           {product lp64_product} {ergonomic}
     bool UseLargePagesIndividualAllocation        = false                                  {pd product} {ergonomic}
     bool UseParallelGC                            = true                                      {product} {command line}

Logging:
Log output configuration:
 #0: stdout all=off uptime,level,tags
 #1: stderr all=off uptime,level,tags

Environment Variables:
JAVA_HOME=C:\Program Files\Java\jdk-15.0.2
CLASSPATH=C:\mysql-connector-java-8.0.29.jar;.;
PATH=C:\WINDOWS\system32;C:\WINDOWS;C:\WINDOWS\system32\Wbem;C:\Program Files\Common Files\Oracle\Java\javapath;C:\Program Files\Java\jdk-15.0.2\bin;C:\Program Files\Git\cmd;C:\ProgramData\Microsoft VS Code\bin;C:\Users\User\AppData\Local\Microsoft\WindowsApps;%IntelliJ IDEA Community Edition%;
USERNAME=User
OS=Windows_NT
PROCESSOR_IDENTIFIER=Intel64 Family 6 Model 58 Stepping 9, GenuineIntel
TMP=C:\Users\User\AppData\Local\Temp
TEMP=C:\Users\User\AppData\Local\Temp



Periodic native trim disabled


---------------  S Y S T E M  ---------------

OS:
 Windows 10 , 64 bit Build 19041 (10.0.19041.3031)
OS uptime: 10 days 13:59 hours

CPU: total 4 (initial active 4) (2 cores per cpu, 2 threads per core) family 6 model 58 stepping 9 microcode 0x21, cx8, cmov, fxsr, ht, mmx, sse, sse2, sse3, ssse3, sse4.1, sse4.2, popcnt, tsc, tscinvbit, avx, erms, clmul, vzeroupper, clflush
Processor Information for all 4 processors :
  Max Mhz: 3300, Current Mhz: 3300, Mhz Limit: 3300

Memory: 4k page, system-wide physical 8082M (1838M free)
TotalPageFile size 10302M (AvailPageFile size 1668M)
current process WorkingSet (physical memory assigned to process): 441M, peak: 446M
current process commit charge ("private bytes"): 466M, peak: 489M

vm_info: OpenJDK 64-Bit Server VM (17.0.9+9) for windows-amd64 JRE (17.0.9+9), built on Oct 26 2023 14:01:42 by "admin" with MS VC++ 16.10 / 16.11 (VS2019)

END.
